[ 2015-07-08T00:03:56+08:00 ] 127.0.0.1 /ThinkPHP/__CONTROLLER_VIEW__/Css/css.css
INFO: [ app_init ] --START--
INFO: Run Behavior\BuildLiteBehavior [ RunTime:0.000037s ]
INFO: [ app_init ] --END-- [ RunTime:0.000942s ]
ERR: 无法加载模块:__CONTROLLER_VIEW__

[ 2015-07-08T00:03:56+08:00 ] 127.0.0.1 /ThinkPHP/__CONTROLLER_VIEW__/Js/js.js
INFO: [ app_init ] --START--
INFO: Run Behavior\BuildLiteBehavior [ RunTime:0.000022s ]
INFO: [ app_init ] --END-- [ RunTime:0.000485s ]
ERR: 无法加载模块:__CONTROLLER_VIEW__

[ 2015-07-08T00:03:56+08:00 ] 127.0.0.1 /ThinkPHP/%7B|U:%27Admin/Login/Code%27%7D
INFO: [ app_init ] --START--
INFO: Run Behavior\BuildLiteBehavior [ RunTime:0.000019s ]
INFO: [ app_init ] --END-- [ RunTime:0.000458s ]
ERR: 无法加载模块:{|U:'Admin

[ 2015-07-08T09:40:30+08:00 ] 127.0.0.1 /ThinkPHP/__STATIC__/Css/public.css
INFO: [ app_init ] --START--
INFO: Run Behavior\BuildLiteBehavior [ RunTime:0.000069s ]
INFO: [ app_init ] --END-- [ RunTime:0.001147s ]
ERR: 无法加载模块:__STATIC__

[ 2015-07-08T09:40:30+08:00 ] 127.0.0.1 /ThinkPHP/__STATIC__/Css/admin.css
INFO: [ app_init ] --START--
INFO: Run Behavior\BuildLiteBehavior [ RunTime:0.000022s ]
INFO: [ app_init ] --END-- [ RunTime:0.000581s ]
ERR: 无法加载模块:__STATIC__

[ 2015-07-08T09:59:16+08:00 ] 127.0.0.1 /erp/__CONTROLLER_VIEW__/Js/js.js
INFO: [ app_init ] --START--
INFO: Run Behavior\BuildLiteBehavior [ RunTime:0.000021s ]
INFO: [ app_init ] --END-- [ RunTime:0.000418s ]
ERR: 无法加载模块:__CONTROLLER_VIEW__

[ 2015-07-08T09:59:16+08:00 ] 127.0.0.1 /erp/__CONTROLLER_VIEW__/Css/css.css
INFO: [ app_init ] --START--
INFO: Run Behavior\BuildLiteBehavior [ RunTime:0.000030s ]
INFO: [ app_init ] --END-- [ RunTime:0.000564s ]
ERR: 无法加载模块:__CONTROLLER_VIEW__

[ 2015-07-08T09:59:16+08:00 ] 127.0.0.1 /erp/%7B|U:%27Admin/Login/Code%27%7D
INFO: [ app_init ] --START--
INFO: Run Behavior\BuildLiteBehavior [ RunTime:0.000034s ]
INFO: [ app_init ] --END-- [ RunTime:0.000614s ]
ERR: 无法加载模块:{|U:'Admin

[ 2015-07-08T10:45:12+08:00 ] 127.0.0.1 /erp/__CONTROLLER_VIEW__/Css/css.css
INFO: [ app_init ] --START--
INFO: Run Behavior\BuildLiteBehavior [ RunTime:0.000024s ]
INFO: [ app_init ] --END-- [ RunTime:0.000524s ]
ERR: 无法加载模块:__CONTROLLER_VIEW__

[ 2015-07-08T10:45:12+08:00 ] 127.0.0.1 /erp/__CONTROLLER_VIEW__/Js/js.js
INFO: [ app_init ] --START--
INFO: Run Behavior\BuildLiteBehavior [ RunTime:0.000040s ]
INFO: [ app_init ] --END-- [ RunTime:0.000917s ]
ERR: 无法加载模块:__CONTROLLER_VIEW__

[ 2015-07-08T10:45:12+08:00 ] 127.0.0.1 /erp/%7B|U:%27Admin/Login/Code%27%7D
INFO: [ app_init ] --START--
INFO: Run Behavior\BuildLiteBehavior [ RunTime:0.000049s ]
INFO: [ app_init ] --END-- [ RunTime:0.000683s ]
ERR: 无法加载模块:{|U:'Admin

[ 2015-07-08T10:45:13+08:00 ] 127.0.0.1 /erp/%7BU:%27Admin/Login/Index%27%7D
INFO: [ app_init ] --START--
INFO: Run Behavior\BuildLiteBehavior [ RunTime:0.000015s ]
INFO: [ app_init ] --END-- [ RunTime:0.000349s ]
ERR: 无法加载模块:{U:'Admin

[ 2015-07-08T10:45:25+08:00 ] 127.0.0.1 /erp/__CONTROLLER_VIEW__/Css/css.css
INFO: [ app_init ] --START--
INFO: Run Behavior\BuildLiteBehavior [ RunTime:0.000017s ]
INFO: [ app_init ] --END-- [ RunTime:0.000352s ]
ERR: 无法加载模块:__CONTROLLER_VIEW__

[ 2015-07-08T10:45:25+08:00 ] 127.0.0.1 /erp/__CONTROLLER_VIEW__/Js/js.js
INFO: [ app_init ] --START--
INFO: Run Behavior\BuildLiteBehavior [ RunTime:0.000021s ]
INFO: [ app_init ] --END-- [ RunTime:0.000468s ]
ERR: 无法加载模块:__CONTROLLER_VIEW__

[ 2015-07-08T10:45:25+08:00 ] 127.0.0.1 /erp/%7B|U:%27Admin/Login/Code%27%7D
INFO: [ app_init ] --START--
INFO: Run Behavior\BuildLiteBehavior [ RunTime:0.000017s ]
INFO: [ app_init ] --END-- [ RunTime:0.000355s ]
ERR: 无法加载模块:{|U:'Admin

[ 2015-07-08T10:45:28+08:00 ] 127.0.0.1 /erp/%7BU:%27Admin/Login/Index%27%7D
INFO: [ app_init ] --START--
INFO: Run Behavior\BuildLiteBehavior [ RunTime:0.000016s ]
INFO: [ app_init ] --END-- [ RunTime:0.000353s ]
ERR: 无法加载模块:{U:'Admin

[ 2015-07-08T10:45:40+08:00 ] 127.0.0.1 /erp/__CONTROLLER_VIEW__/Css/css.css
INFO: [ app_init ] --START--
INFO: Run Behavior\BuildLiteBehavior [ RunTime:0.000034s ]
INFO: [ app_init ] --END-- [ RunTime:0.000664s ]
ERR: 无法加载模块:__CONTROLLER_VIEW__

[ 2015-07-08T10:45:40+08:00 ] 127.0.0.1 /erp/__CONTROLLER_VIEW__/Js/js.js
INFO: [ app_init ] --START--
INFO: Run Behavior\BuildLiteBehavior [ RunTime:0.000050s ]
INFO: [ app_init ] --END-- [ RunTime:0.000608s ]
ERR: 无法加载模块:__CONTROLLER_VIEW__

[ 2015-07-08T10:45:40+08:00 ] 127.0.0.1 /erp/%7B|U:%27Admin/Login/Code%27%7D
INFO: [ app_init ] --START--
INFO: Run Behavior\BuildLiteBehavior [ RunTime:0.000017s ]
INFO: [ app_init ] --END-- [ RunTime:0.000371s ]
ERR: 无法加载模块:{|U:'Admin

[ 2015-07-08T10:45:42+08:00 ] 127.0.0.1 /erp/%7B|U:%27Admin/Login/Index%27%7D
INFO: [ app_init ] --START--
INFO: Run Behavior\BuildLiteBehavior [ RunTime:0.000013s ]
INFO: [ app_init ] --END-- [ RunTime:0.000301s ]
ERR: 无法加载模块:{|U:'Admin

[ 2015-07-08T10:46:04+08:00 ] 127.0.0.1 /erp/__CONTROLLER_VIEW__/Css/css.css
INFO: [ app_init ] --START--
INFO: Run Behavior\BuildLiteBehavior [ RunTime:0.000017s ]
INFO: [ app_init ] --END-- [ RunTime:0.000366s ]
ERR: 无法加载模块:__CONTROLLER_VIEW__

[ 2015-07-08T10:46:04+08:00 ] 127.0.0.1 /erp/__CONTROLLER_VIEW__/Js/js.js
INFO: [ app_init ] --START--
INFO: Run Behavior\BuildLiteBehavior [ RunTime:0.000022s ]
INFO: [ app_init ] --END-- [ RunTime:0.000522s ]
ERR: 无法加载模块:__CONTROLLER_VIEW__

[ 2015-07-08T10:46:04+08:00 ] 127.0.0.1 /erp/%7B|U:%27Admin/Login/Code%27%7D
INFO: [ app_init ] --START--
INFO: Run Behavior\BuildLiteBehavior [ RunTime:0.000019s ]
INFO: [ app_init ] --END-- [ RunTime:0.000354s ]
ERR: 无法加载模块:{|U:'Admin

[ 2015-07-08T10:46:05+08:00 ] 127.0.0.1 /erp/%7BU(%27Admin/Login/Index%27)%7D
INFO: [ app_init ] --START--
INFO: Run Behavior\BuildLiteBehavior [ RunTime:0.000024s ]
INFO: [ app_init ] --END-- [ RunTime:0.000367s ]
ERR: 无法加载模块:{U('Admin

[ 2015-07-08T10:47:24+08:00 ] 127.0.0.1 /erp/__CONTROLLER_VIEW__/Js/js.js
INFO: [ app_init ] --START--
INFO: Run Behavior\BuildLiteBehavior [ RunTime:0.000014s ]
INFO: [ app_init ] --END-- [ RunTime:0.000316s ]
ERR: 无法加载模块:__CONTROLLER_VIEW__

[ 2015-07-08T10:47:24+08:00 ] 127.0.0.1 /erp/__CONTROLLER_VIEW__/Css/css.css
INFO: [ app_init ] --START--
INFO: Run Behavior\BuildLiteBehavior [ RunTime:0.000016s ]
INFO: [ app_init ] --END-- [ RunTime:0.000328s ]
ERR: 无法加载模块:__CONTROLLER_VIEW__

[ 2015-07-08T10:47:24+08:00 ] 127.0.0.1 /erp/%7B|U:%27Admin/Login/Code%27%7D
INFO: [ app_init ] --START--
INFO: Run Behavior\BuildLiteBehavior [ RunTime:0.000028s ]
INFO: [ app_init ] --END-- [ RunTime:0.000704s ]
ERR: 无法加载模块:{|U:'Admin

[ 2015-07-08T10:48:09+08:00 ] 127.0.0.1 /erp/__CONTROLLER_VIEW__/Css/css.css
INFO: [ app_init ] --START--
INFO: Run Behavior\BuildLiteBehavior [ RunTime:0.000022s ]
INFO: [ app_init ] --END-- [ RunTime:0.000804s ]
ERR: 无法加载模块:__CONTROLLER_VIEW__

[ 2015-07-08T10:48:09+08:00 ] 127.0.0.1 /erp/__CONTROLLER_VIEW__/Js/js.js
INFO: [ app_init ] --START--
INFO: Run Behavior\BuildLiteBehavior [ RunTime:0.000042s ]
INFO: [ app_init ] --END-- [ RunTime:0.001267s ]
ERR: 无法加载模块:__CONTROLLER_VIEW__

[ 2015-07-08T10:50:20+08:00 ] 127.0.0.1 /erp/__CONTROLLER_VIEW__/Css/css.css
INFO: [ app_init ] --START--
INFO: Run Behavior\BuildLiteBehavior [ RunTime:0.000015s ]
INFO: [ app_init ] --END-- [ RunTime:0.000318s ]
ERR: 无法加载模块:__CONTROLLER_VIEW__

[ 2015-07-08T10:50:20+08:00 ] 127.0.0.1 /erp/__CONTROLLER_VIEW__/Js/js.js
INFO: [ app_init ] --START--
INFO: Run Behavior\BuildLiteBehavior [ RunTime:0.000014s ]
INFO: [ app_init ] --END-- [ RunTime:0.000305s ]
ERR: 无法加载模块:__CONTROLLER_VIEW__

[ 2015-07-08T15:35:51+08:00 ] 127.0.0.1 /erp/web/index.php/Index
INFO: [ app_init ] --START--
INFO: Run Behavior\BuildLiteBehavior [ RunTime:0.000016s ]
INFO: [ app_init ] --END-- [ RunTime:0.000354s ]
ERR: 无法加载模块:Index

[ 2015-07-08T22:02:35+08:00 ] 127.0.0.1 /erp/web/index.php/Css/css.css
INFO: [ app_init ] --START--
INFO: Run Behavior\BuildLiteBehavior [ RunTime:0.000035s ]
INFO: [ app_init ] --END-- [ RunTime:0.000632s ]
ERR: 无法加载模块:Css

