[ 2015-07-14T17:17:09+08:00 ] 127.0.0.1 /Project/erp/web/index.php/Brand/2015-07-14/55a4ce5f0280a.jpg
INFO: [ app_init ] --START--
INFO: Run Behavior\BuildLiteBehavior [ RunTime:0.000017s ]
INFO: [ app_init ] --END-- [ RunTime:0.000100s ]
ERR: 无法加载模块:Brand

[ 2015-07-14T17:17:09+08:00 ] 127.0.0.1 /Project/erp/web/index.php/Brand/2015-07-14/55a4ceec46a54.jpg
INFO: [ app_init ] --START--
INFO: Run Behavior\BuildLiteBehavior [ RunTime:0.000020s ]
INFO: [ app_init ] --END-- [ RunTime:0.000112s ]
ERR: 无法加载模块:Brand

[ 2015-07-14T17:17:09+08:00 ] 127.0.0.1 /Project/erp/web/index.php//2015-07-14/55a4d0b4763fe.jpg
INFO: [ app_init ] --START--
INFO: Run Behavior\BuildLiteBehavior [ RunTime:0.000022s ]
INFO: [ app_init ] --END-- [ RunTime:0.000115s ]
ERR: 无法加载模块:2015-07-14

[ 2015-07-14T17:22:43+08:00 ] 127.0.0.1 /Project/erp/web/index.php/Brand/2015-07-14/55a4ce5f0280a.jpg
INFO: [ app_init ] --START--
INFO: Run Behavior\BuildLiteBehavior [ RunTime:0.000020s ]
INFO: [ app_init ] --END-- [ RunTime:0.000108s ]
ERR: 无法加载模块:Brand

[ 2015-07-14T17:22:43+08:00 ] 127.0.0.1 /Project/erp/web/index.php/Brand/2015-07-14/55a4ceec46a54.jpg
INFO: [ app_init ] --START--
INFO: Run Behavior\BuildLiteBehavior [ RunTime:0.000020s ]
INFO: [ app_init ] --END-- [ RunTime:0.000116s ]
ERR: 无法加载模块:Brand

[ 2015-07-14T17:22:43+08:00 ] 127.0.0.1 /Project/erp/web/index.php//2015-07-14/55a4d0b4763fe.jpg
INFO: [ app_init ] --START--
INFO: Run Behavior\BuildLiteBehavior [ RunTime:0.000057s ]
INFO: [ app_init ] --END-- [ RunTime:0.000349s ]
ERR: 无法加载模块:2015-07-14

[ 2015-07-14T17:22:50+08:00 ] 127.0.0.1 /Project/erp/web/index.php/Brand/2015-07-14/55a4ce5f0280a.jpg
INFO: [ app_init ] --START--
INFO: Run Behavior\BuildLiteBehavior [ RunTime:0.000016s ]
INFO: [ app_init ] --END-- [ RunTime:0.000088s ]
ERR: 无法加载模块:Brand

