[ 2015-07-13T17:19:47+08:00 ] 127.0.0.1 /Project/erp/web/index.php/Product/Product/index.html
INFO: [ app_init ] --START--
INFO: Run Behavior\BuildLiteBehavior [ RunTime:0.000015s ]
INFO: [ app_init ] --END-- [ RunTime:0.000340s ]
INFO: [ app_begin ] --START--
INFO: Run Behavior\ReadHtmlCacheBehavior [ RunTime:0.000412s ]
INFO: [ app_begin ] --END-- [ RunTime:0.000466s ]
SQL: SHOW COLUMNS FROM `product` [ RunTime:0.0021s ]
SQL: SHOW COLUMNS FROM `product_details` [ RunTime:0.0034s ]
SQL: SHOW COLUMNS FROM `category` [ RunTime:0.0021s ]
SQL: SHOW COLUMNS FROM `brand` [ RunTime:0.0031s ]
SQL: SELECT * FROM `category`  [ RunTime:0.0004s ]
SQL: SELECT `id`,`name` FROM `brand` LIMIT 1000   [ RunTime:0.0003s ]
SQL: SELECT * FROM `product` WHERE ( 1  ) LIMIT 20   [ RunTime:0.0004s ]
SQL: SELECT `name` FROM `category` WHERE ( cid=19 ) LIMIT 1   [ RunTime:0.0004s ]
SQL: SELECT `name` FROM `brand` WHERE ( id=2 ) LIMIT 1   [ RunTime:0.0002s ]
SQL: SELECT `small` FROM `product_details` WHERE ( product_id=1 ) LIMIT 1   [ RunTime:0.0006s ]
SQL: SELECT `name` FROM `category` WHERE ( cid=17 ) LIMIT 1   [ RunTime:0.0006s ]
SQL: SELECT `name` FROM `brand` WHERE ( id=1 ) LIMIT 1   [ RunTime:0.0010s ]
SQL: SELECT `small` FROM `product_details` WHERE ( product_id=2 ) LIMIT 1   [ RunTime:0.0005s ]
SQL: SELECT `name` FROM `category` WHERE ( cid=14 ) LIMIT 1   [ RunTime:0.0003s ]
SQL: SELECT `name` FROM `brand` WHERE ( id=8 ) LIMIT 1   [ RunTime:0.0002s ]
SQL: SELECT `small` FROM `product_details` WHERE ( product_id=3 ) LIMIT 1   [ RunTime:0.0002s ]
SQL: SELECT `name` FROM `category` WHERE ( cid=1 ) LIMIT 1   [ RunTime:0.0002s ]
SQL: SELECT `name` FROM `brand` WHERE ( id=5 ) LIMIT 1   [ RunTime:0.0002s ]
SQL: SELECT `small` FROM `product_details` WHERE ( product_id=4 ) LIMIT 1   [ RunTime:0.0002s ]
SQL: SELECT `name` FROM `category` WHERE ( cid=4 ) LIMIT 1   [ RunTime:0.0002s ]
SQL: SELECT `name` FROM `brand` WHERE ( id=3 ) LIMIT 1   [ RunTime:0.0002s ]
SQL: SELECT `small` FROM `product_details` WHERE ( product_id=5 ) LIMIT 1   [ RunTime:0.0002s ]
SQL: SELECT `name` FROM `category` WHERE ( cid=5 ) LIMIT 1   [ RunTime:0.0002s ]
SQL: SELECT `name` FROM `brand` WHERE ( id=7 ) LIMIT 1   [ RunTime:0.0002s ]
SQL: SELECT `small` FROM `product_details` WHERE ( product_id=6 ) LIMIT 1   [ RunTime:0.0002s ]
SQL: SELECT `name` FROM `category` WHERE ( cid=21 ) LIMIT 1   [ RunTime:0.0001s ]
SQL: SELECT `name` FROM `brand` WHERE ( id=5 ) LIMIT 1   [ RunTime:0.0001s ]
SQL: SELECT `small` FROM `product_details` WHERE ( product_id=7 ) LIMIT 1   [ RunTime:0.0002s ]
SQL: SELECT `name` FROM `category` WHERE ( cid=17 ) LIMIT 1   [ RunTime:0.0002s ]
SQL: SELECT `name` FROM `brand` WHERE ( id=2 ) LIMIT 1   [ RunTime:0.0007s ]
SQL: SELECT `small` FROM `product_details` WHERE ( product_id=8 ) LIMIT 1   [ RunTime:0.0006s ]
INFO: [ view_parse ] --START--
INFO: [ template_filter ] --START--
INFO: Run Behavior\ContentReplaceBehavior [ RunTime:0.000090s ]
INFO: [ template_filter ] --END-- [ RunTime:0.000253s ]
INFO: Run Behavior\ParseTemplateBehavior [ RunTime:0.020022s ]
INFO: [ view_parse ] --END-- [ RunTime:0.020106s ]
INFO: [ view_filter ] --START--
INFO: Run Behavior\WriteHtmlCacheBehavior [ RunTime:0.000201s ]
INFO: [ view_filter ] --END-- [ RunTime:0.000257s ]
INFO: [ app_end ] --START--
INFO: Run Behavior\ShowPageTraceBehavior [ RunTime:0.000949s ]
INFO: [ app_end ] --END-- [ RunTime:0.001096s ]

[ 2015-07-13T17:19:48+08:00 ] 127.0.0.1 /Project/erp/web/index.php/Product/Product/import.html
INFO: [ app_init ] --START--
INFO: Run Behavior\BuildLiteBehavior [ RunTime:0.000057s ]
INFO: [ app_init ] --END-- [ RunTime:0.000821s ]
INFO: [ app_begin ] --START--
INFO: Run Behavior\ReadHtmlCacheBehavior [ RunTime:0.001060s ]
INFO: [ app_begin ] --END-- [ RunTime:0.001222s ]
SQL: SHOW COLUMNS FROM `product` [ RunTime:0.0020s ]
SQL: SHOW COLUMNS FROM `product_details` [ RunTime:0.0019s ]
SQL: SHOW COLUMNS FROM `category` [ RunTime:0.0047s ]
SQL: SHOW COLUMNS FROM `brand` [ RunTime:0.0034s ]
SQL: SELECT * FROM `category`  [ RunTime:0.0004s ]
SQL: SELECT `id`,`name` FROM `brand` LIMIT 1000   [ RunTime:0.0004s ]
INFO: [ view_parse ] --START--
INFO: [ template_filter ] --START--
INFO: Run Behavior\ContentReplaceBehavior [ RunTime:0.000151s ]
INFO: [ template_filter ] --END-- [ RunTime:0.000443s ]
INFO: Run Behavior\ParseTemplateBehavior [ RunTime:0.011506s ]
INFO: [ view_parse ] --END-- [ RunTime:0.011610s ]
INFO: [ view_filter ] --START--
INFO: Run Behavior\WriteHtmlCacheBehavior [ RunTime:0.000214s ]
INFO: [ view_filter ] --END-- [ RunTime:0.000276s ]
INFO: [ app_end ] --START--
INFO: Run Behavior\ShowPageTraceBehavior [ RunTime:0.000743s ]
INFO: [ app_end ] --END-- [ RunTime:0.000928s ]

[ 2015-07-13T17:19:48+08:00 ] 127.0.0.1 /Project/erp/web/index.php/Product/Product/picSize.html
INFO: [ app_init ] --START--
INFO: Run Behavior\BuildLiteBehavior [ RunTime:0.000015s ]
INFO: [ app_init ] --END-- [ RunTime:0.000341s ]
INFO: [ app_begin ] --START--
INFO: Run Behavior\ReadHtmlCacheBehavior [ RunTime:0.000462s ]
INFO: [ app_begin ] --END-- [ RunTime:0.000527s ]
SQL: SHOW COLUMNS FROM `product` [ RunTime:0.0019s ]
SQL: SHOW COLUMNS FROM `product_details` [ RunTime:0.0020s ]
SQL: SHOW COLUMNS FROM `category` [ RunTime:0.0026s ]
SQL: SHOW COLUMNS FROM `brand` [ RunTime:0.0018s ]
SQL: SELECT * FROM `category`  [ RunTime:0.0003s ]
SQL: SELECT `id`,`name` FROM `brand` LIMIT 1000   [ RunTime:0.0002s ]
ERR: 非法操作:picSize

[ 2015-07-13T17:19:49+08:00 ] 127.0.0.1 /Project/erp/web/index.php/Product/Category/index.html
INFO: [ app_init ] --START--
INFO: Run Behavior\BuildLiteBehavior [ RunTime:0.000016s ]
INFO: [ app_init ] --END-- [ RunTime:0.000330s ]
INFO: [ app_begin ] --START--
INFO: Run Behavior\ReadHtmlCacheBehavior [ RunTime:0.000416s ]
INFO: [ app_begin ] --END-- [ RunTime:0.000470s ]
SQL: SHOW COLUMNS FROM `category` [ RunTime:0.0018s ]
SQL: SHOW COLUMNS FROM `attribute` [ RunTime:0.0032s ]
SQL: SHOW COLUMNS FROM `category_attr` [ RunTime:0.0027s ]
SQL: SELECT * FROM `category`  [ RunTime:0.0006s ]
INFO: [ view_parse ] --START--
INFO: [ template_filter ] --START--
INFO: Run Behavior\ContentReplaceBehavior [ RunTime:0.000049s ]
INFO: [ template_filter ] --END-- [ RunTime:0.000142s ]
NOTIC: [8] Undefined index: id /Users/Liyn/Desktop/home/Project/erp/Application/Runtime/Cache/Product/86112a06863d9b7785599a645236f48d.php 第 49 行.
NOTIC: [8] Undefined index: id /Users/Liyn/Desktop/home/Project/erp/Application/Runtime/Cache/Product/86112a06863d9b7785599a645236f48d.php 第 49 行.
NOTIC: [8] Undefined index: id /Users/Liyn/Desktop/home/Project/erp/Application/Runtime/Cache/Product/86112a06863d9b7785599a645236f48d.php 第 49 行.
NOTIC: [8] Undefined index: id /Users/Liyn/Desktop/home/Project/erp/Application/Runtime/Cache/Product/86112a06863d9b7785599a645236f48d.php 第 49 行.
NOTIC: [8] Undefined index: id /Users/Liyn/Desktop/home/Project/erp/Application/Runtime/Cache/Product/86112a06863d9b7785599a645236f48d.php 第 49 行.
NOTIC: [8] Undefined index: id /Users/Liyn/Desktop/home/Project/erp/Application/Runtime/Cache/Product/86112a06863d9b7785599a645236f48d.php 第 49 行.
NOTIC: [8] Undefined index: id /Users/Liyn/Desktop/home/Project/erp/Application/Runtime/Cache/Product/86112a06863d9b7785599a645236f48d.php 第 49 行.
NOTIC: [8] Undefined index: id /Users/Liyn/Desktop/home/Project/erp/Application/Runtime/Cache/Product/86112a06863d9b7785599a645236f48d.php 第 49 行.
NOTIC: [8] Undefined index: id /Users/Liyn/Desktop/home/Project/erp/Application/Runtime/Cache/Product/86112a06863d9b7785599a645236f48d.php 第 49 行.
NOTIC: [8] Undefined index: id /Users/Liyn/Desktop/home/Project/erp/Application/Runtime/Cache/Product/86112a06863d9b7785599a645236f48d.php 第 49 行.
NOTIC: [8] Undefined index: id /Users/Liyn/Desktop/home/Project/erp/Application/Runtime/Cache/Product/86112a06863d9b7785599a645236f48d.php 第 49 行.
NOTIC: [8] Undefined index: id /Users/Liyn/Desktop/home/Project/erp/Application/Runtime/Cache/Product/86112a06863d9b7785599a645236f48d.php 第 49 行.
NOTIC: [8] Undefined index: id /Users/Liyn/Desktop/home/Project/erp/Application/Runtime/Cache/Product/86112a06863d9b7785599a645236f48d.php 第 49 行.
NOTIC: [8] Undefined index: id /Users/Liyn/Desktop/home/Project/erp/Application/Runtime/Cache/Product/86112a06863d9b7785599a645236f48d.php 第 49 行.
NOTIC: [8] Undefined index: id /Users/Liyn/Desktop/home/Project/erp/Application/Runtime/Cache/Product/86112a06863d9b7785599a645236f48d.php 第 49 行.
NOTIC: [8] Undefined index: id /Users/Liyn/Desktop/home/Project/erp/Application/Runtime/Cache/Product/86112a06863d9b7785599a645236f48d.php 第 49 行.
NOTIC: [8] Undefined index: id /Users/Liyn/Desktop/home/Project/erp/Application/Runtime/Cache/Product/86112a06863d9b7785599a645236f48d.php 第 49 行.
NOTIC: [8] Undefined index: id /Users/Liyn/Desktop/home/Project/erp/Application/Runtime/Cache/Product/86112a06863d9b7785599a645236f48d.php 第 49 行.
INFO: Run Behavior\ParseTemplateBehavior [ RunTime:0.019005s ]
INFO: [ view_parse ] --END-- [ RunTime:0.019170s ]
INFO: [ view_filter ] --START--
INFO: Run Behavior\WriteHtmlCacheBehavior [ RunTime:0.000220s ]
INFO: [ view_filter ] --END-- [ RunTime:0.000274s ]
INFO: [ app_end ] --START--
INFO: Run Behavior\ShowPageTraceBehavior [ RunTime:0.000919s ]
INFO: [ app_end ] --END-- [ RunTime:0.001023s ]

[ 2015-07-13T17:19:50+08:00 ] 127.0.0.1 /Project/erp/web/index.php/Product/Attribute/index.html
INFO: [ app_init ] --START--
INFO: Run Behavior\BuildLiteBehavior [ RunTime:0.000015s ]
INFO: [ app_init ] --END-- [ RunTime:0.000338s ]
INFO: [ app_begin ] --START--
INFO: Run Behavior\ReadHtmlCacheBehavior [ RunTime:0.000411s ]
INFO: [ app_begin ] --END-- [ RunTime:0.000464s ]
SQL: SHOW COLUMNS FROM `attribute` [ RunTime:0.0016s ]
SQL: SHOW COLUMNS FROM `category_attr` [ RunTime:0.0035s ]
SQL: SELECT * FROM `attribute`  [ RunTime:0.0008s ]
INFO: [ view_parse ] --START--
INFO: [ template_filter ] --START--
INFO: Run Behavior\ContentReplaceBehavior [ RunTime:0.000041s ]
INFO: [ template_filter ] --END-- [ RunTime:0.000114s ]
INFO: Run Behavior\ParseTemplateBehavior [ RunTime:0.011138s ]
INFO: [ view_parse ] --END-- [ RunTime:0.011208s ]
INFO: [ view_filter ] --START--
INFO: Run Behavior\WriteHtmlCacheBehavior [ RunTime:0.000154s ]
INFO: [ view_filter ] --END-- [ RunTime:0.000206s ]
INFO: [ app_end ] --START--
INFO: Run Behavior\ShowPageTraceBehavior [ RunTime:0.000490s ]
INFO: [ app_end ] --END-- [ RunTime:0.000547s ]

[ 2015-07-13T17:19:50+08:00 ] 127.0.0.1 /Project/erp/web/index.php/Product/Brand/index.html
INFO: [ app_init ] --START--
INFO: Run Behavior\BuildLiteBehavior [ RunTime:0.000017s ]
INFO: [ app_init ] --END-- [ RunTime:0.000368s ]
INFO: [ app_begin ] --START--
INFO: Run Behavior\ReadHtmlCacheBehavior [ RunTime:0.000446s ]
INFO: [ app_begin ] --END-- [ RunTime:0.000506s ]
SQL: SHOW COLUMNS FROM `brand` [ RunTime:0.0018s ]
SQL: SELECT * FROM `brand`  [ RunTime:0.0002s ]
INFO: [ view_parse ] --START--
INFO: [ template_filter ] --START--
INFO: Run Behavior\ContentReplaceBehavior [ RunTime:0.000158s ]
INFO: [ template_filter ] --END-- [ RunTime:0.000440s ]
INFO: Run Behavior\ParseTemplateBehavior [ RunTime:0.013570s ]
INFO: [ view_parse ] --END-- [ RunTime:0.013667s ]
INFO: [ view_filter ] --START--
INFO: Run Behavior\WriteHtmlCacheBehavior [ RunTime:0.000471s ]
INFO: [ view_filter ] --END-- [ RunTime:0.000568s ]
INFO: [ app_end ] --START--
INFO: Run Behavior\ShowPageTraceBehavior [ RunTime:0.000604s ]
INFO: [ app_end ] --END-- [ RunTime:0.000673s ]

[ 2015-07-13T17:19:50+08:00 ] 127.0.0.1 /Project/erp/web/index.php/Product/Brand/thumb_37651436777430.jpg
INFO: [ app_init ] --START--
INFO: Run Behavior\BuildLiteBehavior [ RunTime:0.000022s ]
INFO: [ app_init ] --END-- [ RunTime:0.000394s ]

[ 2015-07-13T17:19:55+08:00 ] 127.0.0.1 /Project/erp/web/index.php/Product/Brand/index.html
INFO: [ app_init ] --START--
INFO: Run Behavior\BuildLiteBehavior [ RunTime:0.000014s ]
INFO: [ app_init ] --END-- [ RunTime:0.000314s ]
INFO: [ app_begin ] --START--
INFO: Run Behavior\ReadHtmlCacheBehavior [ RunTime:0.000415s ]
INFO: [ app_begin ] --END-- [ RunTime:0.000472s ]
SQL: SHOW COLUMNS FROM `brand` [ RunTime:0.0038s ]
SQL: SELECT * FROM `brand`  [ RunTime:0.0005s ]
INFO: [ view_parse ] --START--
INFO: [ template_filter ] --START--
INFO: Run Behavior\ContentReplaceBehavior [ RunTime:0.000045s ]
INFO: [ template_filter ] --END-- [ RunTime:0.000125s ]
INFO: Run Behavior\ParseTemplateBehavior [ RunTime:0.008521s ]
INFO: [ view_parse ] --END-- [ RunTime:0.008623s ]
INFO: [ view_filter ] --START--
INFO: Run Behavior\WriteHtmlCacheBehavior [ RunTime:0.000270s ]
INFO: [ view_filter ] --END-- [ RunTime:0.000361s ]
INFO: [ app_end ] --START--
INFO: Run Behavior\ShowPageTraceBehavior [ RunTime:0.000515s ]
INFO: [ app_end ] --END-- [ RunTime:0.000572s ]

[ 2015-07-13T17:19:55+08:00 ] 127.0.0.1 /Project/erp/web/index.php/Product/Brand/thumb_37651436777430.jpg
INFO: [ app_init ] --START--
INFO: Run Behavior\BuildLiteBehavior [ RunTime:0.000024s ]
INFO: [ app_init ] --END-- [ RunTime:0.000415s ]

[ 2015-07-13T17:19:56+08:00 ] 127.0.0.1 /Project/erp/web/index.php/Product/Brand/index.html
INFO: [ app_init ] --START--
INFO: Run Behavior\BuildLiteBehavior [ RunTime:0.000015s ]
INFO: [ app_init ] --END-- [ RunTime:0.000345s ]
INFO: [ app_begin ] --START--
INFO: Run Behavior\ReadHtmlCacheBehavior [ RunTime:0.000512s ]
INFO: [ app_begin ] --END-- [ RunTime:0.000600s ]
SQL: SHOW COLUMNS FROM `brand` [ RunTime:0.0017s ]
SQL: SELECT * FROM `brand`  [ RunTime:0.0002s ]
INFO: [ view_parse ] --START--
INFO: [ template_filter ] --START--
INFO: Run Behavior\ContentReplaceBehavior [ RunTime:0.000048s ]
INFO: [ template_filter ] --END-- [ RunTime:0.000137s ]
INFO: Run Behavior\ParseTemplateBehavior [ RunTime:0.008875s ]
INFO: [ view_parse ] --END-- [ RunTime:0.008945s ]
INFO: [ view_filter ] --START--
INFO: Run Behavior\WriteHtmlCacheBehavior [ RunTime:0.000180s ]
INFO: [ view_filter ] --END-- [ RunTime:0.000228s ]
INFO: [ app_end ] --START--
INFO: Run Behavior\ShowPageTraceBehavior [ RunTime:0.000435s ]
INFO: [ app_end ] --END-- [ RunTime:0.000484s ]

[ 2015-07-13T17:19:56+08:00 ] 127.0.0.1 /Project/erp/web/index.php/Product/Brand/thumb_37651436777430.jpg
INFO: [ app_init ] --START--
INFO: Run Behavior\BuildLiteBehavior [ RunTime:0.000026s ]
INFO: [ app_init ] --END-- [ RunTime:0.000398s ]

[ 2015-07-13T17:19:57+08:00 ] 127.0.0.1 /Project/erp/web/index.php/Product/Brand/index.html
INFO: [ app_init ] --START--
INFO: Run Behavior\BuildLiteBehavior [ RunTime:0.000015s ]
INFO: [ app_init ] --END-- [ RunTime:0.000318s ]
INFO: [ app_begin ] --START--
INFO: Run Behavior\ReadHtmlCacheBehavior [ RunTime:0.000411s ]
INFO: [ app_begin ] --END-- [ RunTime:0.000467s ]
SQL: SHOW COLUMNS FROM `brand` [ RunTime:0.0045s ]
SQL: SELECT * FROM `brand`  [ RunTime:0.0005s ]
INFO: [ view_parse ] --START--
INFO: [ template_filter ] --START--
INFO: Run Behavior\ContentReplaceBehavior [ RunTime:0.000038s ]
INFO: [ template_filter ] --END-- [ RunTime:0.000107s ]
INFO: Run Behavior\ParseTemplateBehavior [ RunTime:0.008319s ]
INFO: [ view_parse ] --END-- [ RunTime:0.008403s ]
INFO: [ view_filter ] --START--
INFO: Run Behavior\WriteHtmlCacheBehavior [ RunTime:0.000145s ]
INFO: [ view_filter ] --END-- [ RunTime:0.000191s ]
INFO: [ app_end ] --START--
INFO: Run Behavior\ShowPageTraceBehavior [ RunTime:0.000430s ]
INFO: [ app_end ] --END-- [ RunTime:0.000479s ]

[ 2015-07-13T17:19:57+08:00 ] 127.0.0.1 /Project/erp/web/index.php/Product/Brand/thumb_37651436777430.jpg
INFO: [ app_init ] --START--
INFO: Run Behavior\BuildLiteBehavior [ RunTime:0.000014s ]
INFO: [ app_init ] --END-- [ RunTime:0.000303s ]

[ 2015-07-13T17:21:28+08:00 ] 127.0.0.1 /Project/erp/web/index.php/Product/Product/index.html
INFO: [ app_init ] --START--
INFO: Run Behavior\BuildLiteBehavior [ RunTime:0.000026s ]
INFO: [ app_init ] --END-- [ RunTime:0.000675s ]
INFO: [ app_begin ] --START--
INFO: Run Behavior\ReadHtmlCacheBehavior [ RunTime:0.000764s ]
INFO: [ app_begin ] --END-- [ RunTime:0.000865s ]
SQL: SHOW COLUMNS FROM `product` [ RunTime:0.0046s ]
SQL: SHOW COLUMNS FROM `product_details` [ RunTime:0.0039s ]
SQL: SHOW COLUMNS FROM `category` [ RunTime:0.0021s ]
SQL: SHOW COLUMNS FROM `brand` [ RunTime:0.0023s ]
SQL: SELECT * FROM `category`  [ RunTime:0.0002s ]
SQL: SELECT `id`,`name` FROM `brand` LIMIT 1000   [ RunTime:0.0002s ]
SQL: SELECT * FROM `product` WHERE ( 1  ) LIMIT 20   [ RunTime:0.0002s ]
INFO: [ view_parse ] --START--
INFO: [ template_filter ] --START--
INFO: Run Behavior\ContentReplaceBehavior [ RunTime:0.000051s ]
INFO: [ template_filter ] --END-- [ RunTime:0.000148s ]
INFO: Run Behavior\ParseTemplateBehavior [ RunTime:0.011811s ]
INFO: [ view_parse ] --END-- [ RunTime:0.011876s ]
INFO: [ view_filter ] --START--
INFO: Run Behavior\WriteHtmlCacheBehavior [ RunTime:0.000159s ]
INFO: [ view_filter ] --END-- [ RunTime:0.000205s ]
INFO: [ app_end ] --START--
INFO: Run Behavior\ShowPageTraceBehavior [ RunTime:0.000863s ]
INFO: [ app_end ] --END-- [ RunTime:0.000955s ]

[ 2015-07-13T17:21:29+08:00 ] 127.0.0.1 /Project/erp/web/index.php/Product/Product/import.html
INFO: [ app_init ] --START--
INFO: Run Behavior\BuildLiteBehavior [ RunTime:0.000014s ]
INFO: [ app_init ] --END-- [ RunTime:0.000319s ]
INFO: [ app_begin ] --START--
INFO: Run Behavior\ReadHtmlCacheBehavior [ RunTime:0.000424s ]
INFO: [ app_begin ] --END-- [ RunTime:0.000481s ]
SQL: SHOW COLUMNS FROM `product` [ RunTime:0.0036s ]
SQL: SHOW COLUMNS FROM `product_details` [ RunTime:0.0022s ]
SQL: SHOW COLUMNS FROM `category` [ RunTime:0.0017s ]
SQL: SHOW COLUMNS FROM `brand` [ RunTime:0.0023s ]
SQL: SELECT * FROM `category`  [ RunTime:0.0002s ]
SQL: SELECT `id`,`name` FROM `brand` LIMIT 1000   [ RunTime:0.0001s ]
INFO: [ view_parse ] --START--
INFO: [ template_filter ] --START--
INFO: Run Behavior\ContentReplaceBehavior [ RunTime:0.000037s ]
INFO: [ template_filter ] --END-- [ RunTime:0.000094s ]
INFO: Run Behavior\ParseTemplateBehavior [ RunTime:0.005613s ]
INFO: [ view_parse ] --END-- [ RunTime:0.005665s ]
INFO: [ view_filter ] --START--
INFO: Run Behavior\WriteHtmlCacheBehavior [ RunTime:0.000125s ]
INFO: [ view_filter ] --END-- [ RunTime:0.000171s ]
INFO: [ app_end ] --START--
INFO: Run Behavior\ShowPageTraceBehavior [ RunTime:0.000431s ]
INFO: [ app_end ] --END-- [ RunTime:0.000481s ]

[ 2015-07-13T17:21:30+08:00 ] 127.0.0.1 /Project/erp/web/index.php/Product/Product/picSize.html
INFO: [ app_init ] --START--
INFO: Run Behavior\BuildLiteBehavior [ RunTime:0.000016s ]
INFO: [ app_init ] --END-- [ RunTime:0.000345s ]
INFO: [ app_begin ] --START--
INFO: Run Behavior\ReadHtmlCacheBehavior [ RunTime:0.000903s ]
INFO: [ app_begin ] --END-- [ RunTime:0.001083s ]
SQL: SHOW COLUMNS FROM `product` [ RunTime:0.0035s ]
SQL: SHOW COLUMNS FROM `product_details` [ RunTime:0.0019s ]
SQL: SHOW COLUMNS FROM `category` [ RunTime:0.0028s ]
SQL: SHOW COLUMNS FROM `brand` [ RunTime:0.0026s ]
SQL: SELECT * FROM `category`  [ RunTime:0.0002s ]
SQL: SELECT `id`,`name` FROM `brand` LIMIT 1000   [ RunTime:0.0001s ]
ERR: 非法操作:picSize

[ 2015-07-13T17:21:31+08:00 ] 127.0.0.1 /Project/erp/web/index.php/Product/Category/index.html
INFO: [ app_init ] --START--
INFO: Run Behavior\BuildLiteBehavior [ RunTime:0.000014s ]
INFO: [ app_init ] --END-- [ RunTime:0.000306s ]
INFO: [ app_begin ] --START--
INFO: Run Behavior\ReadHtmlCacheBehavior [ RunTime:0.000889s ]
INFO: [ app_begin ] --END-- [ RunTime:0.001014s ]
SQL: SHOW COLUMNS FROM `category` [ RunTime:0.0018s ]
SQL: SHOW COLUMNS FROM `attribute` [ RunTime:0.0058s ]
SQL: SHOW COLUMNS FROM `category_attr` [ RunTime:0.0033s ]
SQL: SELECT * FROM `category`  [ RunTime:0.0003s ]
INFO: [ view_parse ] --START--
INFO: [ template_filter ] --START--
INFO: Run Behavior\ContentReplaceBehavior [ RunTime:0.000044s ]
INFO: [ template_filter ] --END-- [ RunTime:0.000112s ]
INFO: Run Behavior\ParseTemplateBehavior [ RunTime:0.008931s ]
INFO: [ view_parse ] --END-- [ RunTime:0.009007s ]
INFO: [ view_filter ] --START--
INFO: Run Behavior\WriteHtmlCacheBehavior [ RunTime:0.000166s ]
INFO: [ view_filter ] --END-- [ RunTime:0.000219s ]
INFO: [ app_end ] --START--
INFO: Run Behavior\ShowPageTraceBehavior [ RunTime:0.000490s ]
INFO: [ app_end ] --END-- [ RunTime:0.000544s ]

[ 2015-07-13T17:21:31+08:00 ] 127.0.0.1 /Project/erp/web/index.php/Product/Attribute/index.html
INFO: [ app_init ] --START--
INFO: Run Behavior\BuildLiteBehavior [ RunTime:0.000020s ]
INFO: [ app_init ] --END-- [ RunTime:0.000507s ]
INFO: [ app_begin ] --START--
INFO: Run Behavior\ReadHtmlCacheBehavior [ RunTime:0.000440s ]
INFO: [ app_begin ] --END-- [ RunTime:0.000496s ]
SQL: SHOW COLUMNS FROM `attribute` [ RunTime:0.0039s ]
SQL: SHOW COLUMNS FROM `category_attr` [ RunTime:0.0019s ]
SQL: SELECT * FROM `attribute`  [ RunTime:0.0002s ]
INFO: [ view_parse ] --START--
INFO: [ template_filter ] --START--
INFO: Run Behavior\ContentReplaceBehavior [ RunTime:0.000076s ]
INFO: [ template_filter ] --END-- [ RunTime:0.000226s ]
INFO: Run Behavior\ParseTemplateBehavior [ RunTime:0.010049s ]
INFO: [ view_parse ] --END-- [ RunTime:0.010238s ]
INFO: [ view_filter ] --START--
INFO: Run Behavior\WriteHtmlCacheBehavior [ RunTime:0.000779s ]
INFO: [ view_filter ] --END-- [ RunTime:0.001017s ]
INFO: [ app_end ] --START--
INFO: Run Behavior\ShowPageTraceBehavior [ RunTime:0.001069s ]
INFO: [ app_end ] --END-- [ RunTime:0.001163s ]

[ 2015-07-13T17:21:32+08:00 ] 127.0.0.1 /Project/erp/web/index.php/Product/Brand/index.html
INFO: [ app_init ] --START--
INFO: Run Behavior\BuildLiteBehavior [ RunTime:0.000015s ]
INFO: [ app_init ] --END-- [ RunTime:0.000352s ]
INFO: [ app_begin ] --START--
INFO: Run Behavior\ReadHtmlCacheBehavior [ RunTime:0.000465s ]
INFO: [ app_begin ] --END-- [ RunTime:0.000532s ]
SQL: SHOW COLUMNS FROM `brand` [ RunTime:0.0033s ]
SQL: SELECT * FROM `brand`  [ RunTime:0.0006s ]
INFO: [ view_parse ] --START--
INFO: [ template_filter ] --START--
INFO: Run Behavior\ContentReplaceBehavior [ RunTime:0.000154s ]
INFO: [ template_filter ] --END-- [ RunTime:0.000445s ]
INFO: Run Behavior\ParseTemplateBehavior [ RunTime:0.010456s ]
INFO: [ view_parse ] --END-- [ RunTime:0.010550s ]
INFO: [ view_filter ] --START--
INFO: Run Behavior\WriteHtmlCacheBehavior [ RunTime:0.000464s ]
INFO: [ view_filter ] --END-- [ RunTime:0.000596s ]
INFO: [ app_end ] --START--
INFO: Run Behavior\ShowPageTraceBehavior [ RunTime:0.001242s ]
INFO: [ app_end ] --END-- [ RunTime:0.001428s ]

[ 2015-07-13T17:21:34+08:00 ] 127.0.0.1 /Project/erp/web/index.php/Product/Product/index.html
INFO: [ app_init ] --START--
INFO: Run Behavior\BuildLiteBehavior [ RunTime:0.000026s ]
INFO: [ app_init ] --END-- [ RunTime:0.000721s ]
INFO: [ app_begin ] --START--
INFO: Run Behavior\ReadHtmlCacheBehavior [ RunTime:0.000760s ]
INFO: [ app_begin ] --END-- [ RunTime:0.000859s ]
SQL: SHOW COLUMNS FROM `product` [ RunTime:0.0042s ]
SQL: SHOW COLUMNS FROM `product_details` [ RunTime:0.0024s ]
SQL: SHOW COLUMNS FROM `category` [ RunTime:0.0020s ]
SQL: SHOW COLUMNS FROM `brand` [ RunTime:0.0040s ]
SQL: SELECT * FROM `category`  [ RunTime:0.0008s ]
SQL: SELECT `id`,`name` FROM `brand` LIMIT 1000   [ RunTime:0.0002s ]
SQL: SELECT * FROM `product` WHERE ( 1  ) LIMIT 20   [ RunTime:0.0002s ]
INFO: [ view_parse ] --START--
INFO: [ template_filter ] --START--
INFO: Run Behavior\ContentReplaceBehavior [ RunTime:0.000092s ]
INFO: [ template_filter ] --END-- [ RunTime:0.000251s ]
INFO: Run Behavior\ParseTemplateBehavior [ RunTime:0.014329s ]
INFO: [ view_parse ] --END-- [ RunTime:0.014393s ]
INFO: [ view_filter ] --START--
INFO: Run Behavior\WriteHtmlCacheBehavior [ RunTime:0.000162s ]
INFO: [ view_filter ] --END-- [ RunTime:0.000214s ]
INFO: [ app_end ] --START--
INFO: Run Behavior\ShowPageTraceBehavior [ RunTime:0.000506s ]
INFO: [ app_end ] --END-- [ RunTime:0.000561s ]

