[ 2015-07-12T10:03:02+08:00 ] 127.0.0.1 /Project/erp/web/index.php/Product/Product/index.html
INFO: [ app_init ] --START--
INFO: Run Behavior\BuildLiteBehavior [ RunTime:0.000025s ]
INFO: [ app_init ] --END-- [ RunTime:0.000578s ]
INFO: [ app_begin ] --START--
INFO: Run Behavior\ReadHtmlCacheBehavior [ RunTime:0.000846s ]
INFO: [ app_begin ] --END-- [ RunTime:0.000966s ]
SQL: SHOW COLUMNS FROM `product` [ RunTime:0.0039s ]
SQL: SHOW COLUMNS FROM `product_details` [ RunTime:0.0029s ]
SQL: SHOW COLUMNS FROM `category` [ RunTime:0.0031s ]
SQL: SHOW COLUMNS FROM `brand` [ RunTime:0.0032s ]
SQL: SELECT * FROM `category`  [ RunTime:0.0021s ]
SQL: SELECT `id`,`name` FROM `brand` LIMIT 1000   [ RunTime:0.0015s ]
SQL: SELECT * FROM `product` WHERE ( 1  ) LIMIT 20   [ RunTime:0.0016s ]
SQL: SELECT `name` FROM `category` WHERE ( cid=19 ) LIMIT 1   [ RunTime:0.0002s ]
SQL: SELECT `name` FROM `brand` WHERE ( id=2 ) LIMIT 1   [ RunTime:0.0002s ]
SQL: SELECT `small` FROM `product_details` WHERE ( product_id=1 ) LIMIT 1   [ RunTime:0.0003s ]
SQL: SELECT `name` FROM `category` WHERE ( cid=17 ) LIMIT 1   [ RunTime:0.0002s ]
SQL: SELECT `name` FROM `brand` WHERE ( id=1 ) LIMIT 1   [ RunTime:0.0002s ]
SQL: SELECT `small` FROM `product_details` WHERE ( product_id=2 ) LIMIT 1   [ RunTime:0.0002s ]
SQL: SELECT `name` FROM `category` WHERE ( cid=14 ) LIMIT 1   [ RunTime:0.0002s ]
SQL: SELECT `name` FROM `brand` WHERE ( id=8 ) LIMIT 1   [ RunTime:0.0002s ]
SQL: SELECT `small` FROM `product_details` WHERE ( product_id=3 ) LIMIT 1   [ RunTime:0.0003s ]
SQL: SELECT `name` FROM `category` WHERE ( cid=1 ) LIMIT 1   [ RunTime:0.0006s ]
SQL: SELECT `name` FROM `brand` WHERE ( id=5 ) LIMIT 1   [ RunTime:0.0004s ]
SQL: SELECT `small` FROM `product_details` WHERE ( product_id=4 ) LIMIT 1   [ RunTime:0.0016s ]
SQL: SELECT `name` FROM `category` WHERE ( cid=4 ) LIMIT 1   [ RunTime:0.0005s ]
SQL: SELECT `name` FROM `brand` WHERE ( id=3 ) LIMIT 1   [ RunTime:0.0005s ]
SQL: SELECT `small` FROM `product_details` WHERE ( product_id=5 ) LIMIT 1   [ RunTime:0.0007s ]
SQL: SELECT `name` FROM `category` WHERE ( cid=5 ) LIMIT 1   [ RunTime:0.0007s ]
SQL: SELECT `name` FROM `brand` WHERE ( id=7 ) LIMIT 1   [ RunTime:0.0007s ]
SQL: SELECT `small` FROM `product_details` WHERE ( product_id=6 ) LIMIT 1   [ RunTime:0.0007s ]
SQL: SELECT `name` FROM `category` WHERE ( cid=21 ) LIMIT 1   [ RunTime:0.0002s ]
SQL: SELECT `name` FROM `brand` WHERE ( id=5 ) LIMIT 1   [ RunTime:0.0001s ]
SQL: SELECT `small` FROM `product_details` WHERE ( product_id=7 ) LIMIT 1   [ RunTime:0.0002s ]
SQL: SELECT `name` FROM `category` WHERE ( cid=17 ) LIMIT 1   [ RunTime:0.0002s ]
SQL: SELECT `name` FROM `brand` WHERE ( id=2 ) LIMIT 1   [ RunTime:0.0002s ]
SQL: SELECT `small` FROM `product_details` WHERE ( product_id=8 ) LIMIT 1   [ RunTime:0.0002s ]
INFO: [ view_parse ] --START--
INFO: [ template_filter ] --START--
INFO: Run Behavior\ContentReplaceBehavior [ RunTime:0.000047s ]
INFO: [ template_filter ] --END-- [ RunTime:0.000122s ]
INFO: Run Behavior\ParseTemplateBehavior [ RunTime:0.019983s ]
INFO: [ view_parse ] --END-- [ RunTime:0.020055s ]
INFO: [ view_filter ] --START--
INFO: Run Behavior\WriteHtmlCacheBehavior [ RunTime:0.000164s ]
INFO: [ view_filter ] --END-- [ RunTime:0.000213s ]
INFO: [ app_end ] --START--
INFO: Run Behavior\ShowPageTraceBehavior [ RunTime:0.000971s ]
INFO: [ app_end ] --END-- [ RunTime:0.001328s ]

[ 2015-07-12T10:03:05+08:00 ] 127.0.0.1 /Project/erp/web/index.php/Product/Product/edit/id/1.html
INFO: [ app_init ] --START--
INFO: Run Behavior\BuildLiteBehavior [ RunTime:0.000014s ]
INFO: [ app_init ] --END-- [ RunTime:0.000300s ]
INFO: [ app_begin ] --START--
INFO: Run Behavior\ReadHtmlCacheBehavior [ RunTime:0.000406s ]
INFO: [ app_begin ] --END-- [ RunTime:0.000459s ]
SQL: SHOW COLUMNS FROM `product` [ RunTime:0.0019s ]
SQL: SHOW COLUMNS FROM `product_details` [ RunTime:0.0034s ]
SQL: SHOW COLUMNS FROM `category` [ RunTime:0.0019s ]
SQL: SHOW COLUMNS FROM `brand` [ RunTime:0.0018s ]
SQL: SELECT * FROM `category`  [ RunTime:0.0003s ]
SQL: SELECT `id`,`name` FROM `brand` LIMIT 1000   [ RunTime:0.0007s ]
SQL: SELECT * FROM `product` WHERE ( id=1 ) LIMIT 1   [ RunTime:0.0009s ]
SQL: SELECT `small` FROM `product_details` WHERE ( product_id=1 ) LIMIT 1   [ RunTime:0.0007s ]
INFO: [ view_parse ] --START--
INFO: [ template_filter ] --START--
INFO: Run Behavior\ContentReplaceBehavior [ RunTime:0.000081s ]
INFO: [ template_filter ] --END-- [ RunTime:0.000211s ]
INFO: Run Behavior\ParseTemplateBehavior [ RunTime:0.015731s ]
INFO: [ view_parse ] --END-- [ RunTime:0.015870s ]
INFO: [ view_filter ] --START--
INFO: Run Behavior\WriteHtmlCacheBehavior [ RunTime:0.000212s ]
INFO: [ view_filter ] --END-- [ RunTime:0.000266s ]
INFO: [ app_end ] --START--
INFO: Run Behavior\ShowPageTraceBehavior [ RunTime:0.000468s ]
INFO: [ app_end ] --END-- [ RunTime:0.000519s ]

[ 2015-07-12T10:03:07+08:00 ] 127.0.0.1 /Project/erp/web/index.php/Product/Product/index.html
INFO: [ app_init ] --START--
INFO: Run Behavior\BuildLiteBehavior [ RunTime:0.000026s ]
INFO: [ app_init ] --END-- [ RunTime:0.000580s ]
INFO: [ app_begin ] --START--
INFO: Run Behavior\ReadHtmlCacheBehavior [ RunTime:0.000535s ]
INFO: [ app_begin ] --END-- [ RunTime:0.000633s ]
SQL: SHOW COLUMNS FROM `product` [ RunTime:0.0023s ]
SQL: SHOW COLUMNS FROM `product_details` [ RunTime:0.0017s ]
SQL: SHOW COLUMNS FROM `category` [ RunTime:0.0019s ]
SQL: SHOW COLUMNS FROM `brand` [ RunTime:0.0019s ]
SQL: SELECT * FROM `category`  [ RunTime:0.0002s ]
SQL: SELECT `id`,`name` FROM `brand` LIMIT 1000   [ RunTime:0.0002s ]
SQL: SELECT * FROM `product` WHERE ( 1  ) LIMIT 20   [ RunTime:0.0002s ]
SQL: SELECT `name` FROM `category` WHERE ( cid=19 ) LIMIT 1   [ RunTime:0.0002s ]
SQL: SELECT `name` FROM `brand` WHERE ( id=2 ) LIMIT 1   [ RunTime:0.0001s ]
SQL: SELECT `small` FROM `product_details` WHERE ( product_id=1 ) LIMIT 1   [ RunTime:0.0002s ]
SQL: SELECT `name` FROM `category` WHERE ( cid=17 ) LIMIT 1   [ RunTime:0.0001s ]
SQL: SELECT `name` FROM `brand` WHERE ( id=1 ) LIMIT 1   [ RunTime:0.0001s ]
SQL: SELECT `small` FROM `product_details` WHERE ( product_id=2 ) LIMIT 1   [ RunTime:0.0002s ]
SQL: SELECT `name` FROM `category` WHERE ( cid=14 ) LIMIT 1   [ RunTime:0.0002s ]
SQL: SELECT `name` FROM `brand` WHERE ( id=8 ) LIMIT 1   [ RunTime:0.0002s ]
SQL: SELECT `small` FROM `product_details` WHERE ( product_id=3 ) LIMIT 1   [ RunTime:0.0002s ]
SQL: SELECT `name` FROM `category` WHERE ( cid=1 ) LIMIT 1   [ RunTime:0.0002s ]
SQL: SELECT `name` FROM `brand` WHERE ( id=5 ) LIMIT 1   [ RunTime:0.0002s ]
SQL: SELECT `small` FROM `product_details` WHERE ( product_id=4 ) LIMIT 1   [ RunTime:0.0002s ]
SQL: SELECT `name` FROM `category` WHERE ( cid=4 ) LIMIT 1   [ RunTime:0.0002s ]
SQL: SELECT `name` FROM `brand` WHERE ( id=3 ) LIMIT 1   [ RunTime:0.0001s ]
SQL: SELECT `small` FROM `product_details` WHERE ( product_id=5 ) LIMIT 1   [ RunTime:0.0001s ]
SQL: SELECT `name` FROM `category` WHERE ( cid=5 ) LIMIT 1   [ RunTime:0.0002s ]
SQL: SELECT `name` FROM `brand` WHERE ( id=7 ) LIMIT 1   [ RunTime:0.0001s ]
SQL: SELECT `small` FROM `product_details` WHERE ( product_id=6 ) LIMIT 1   [ RunTime:0.0002s ]
SQL: SELECT `name` FROM `category` WHERE ( cid=21 ) LIMIT 1   [ RunTime:0.0001s ]
SQL: SELECT `name` FROM `brand` WHERE ( id=5 ) LIMIT 1   [ RunTime:0.0001s ]
SQL: SELECT `small` FROM `product_details` WHERE ( product_id=7 ) LIMIT 1   [ RunTime:0.0001s ]
SQL: SELECT `name` FROM `category` WHERE ( cid=17 ) LIMIT 1   [ RunTime:0.0001s ]
SQL: SELECT `name` FROM `brand` WHERE ( id=2 ) LIMIT 1   [ RunTime:0.0001s ]
SQL: SELECT `small` FROM `product_details` WHERE ( product_id=8 ) LIMIT 1   [ RunTime:0.0001s ]
INFO: [ view_parse ] --START--
INFO: [ template_filter ] --START--
INFO: Run Behavior\ContentReplaceBehavior [ RunTime:0.000045s ]
INFO: [ template_filter ] --END-- [ RunTime:0.000106s ]
INFO: Run Behavior\ParseTemplateBehavior [ RunTime:0.011113s ]
INFO: [ view_parse ] --END-- [ RunTime:0.011167s ]
INFO: [ view_filter ] --START--
INFO: Run Behavior\WriteHtmlCacheBehavior [ RunTime:0.000138s ]
INFO: [ view_filter ] --END-- [ RunTime:0.000184s ]
INFO: [ app_end ] --START--
INFO: Run Behavior\ShowPageTraceBehavior [ RunTime:0.000578s ]
INFO: [ app_end ] --END-- [ RunTime:0.000654s ]

[ 2015-07-12T10:10:13+08:00 ] 127.0.0.1 /Project/erp/web/index.php/Product/Product/edit/id/2.html
INFO: [ app_init ] --START--
INFO: Run Behavior\BuildLiteBehavior [ RunTime:0.000019s ]
INFO: [ app_init ] --END-- [ RunTime:0.000455s ]
INFO: [ app_begin ] --START--
INFO: Run Behavior\ReadHtmlCacheBehavior [ RunTime:0.000491s ]
INFO: [ app_begin ] --END-- [ RunTime:0.000552s ]
SQL: SHOW COLUMNS FROM `product` [ RunTime:0.0022s ]
SQL: SHOW COLUMNS FROM `product_details` [ RunTime:0.0017s ]
SQL: SHOW COLUMNS FROM `category` [ RunTime:0.0038s ]
SQL: SHOW COLUMNS FROM `brand` [ RunTime:0.0034s ]
SQL: SELECT * FROM `category`  [ RunTime:0.0005s ]
SQL: SELECT `id`,`name` FROM `brand` LIMIT 1000   [ RunTime:0.0006s ]
SQL: SELECT * FROM `product` WHERE ( id=2 ) LIMIT 1   [ RunTime:0.0006s ]
SQL: SELECT `small` FROM `product_details` WHERE ( product_id=2 ) LIMIT 1   [ RunTime:0.0005s ]
INFO: [ view_parse ] --START--
INFO: [ template_filter ] --START--
INFO: Run Behavior\ContentReplaceBehavior [ RunTime:0.000078s ]
INFO: [ template_filter ] --END-- [ RunTime:0.000180s ]
INFO: Run Behavior\ParseTemplateBehavior [ RunTime:0.016280s ]
INFO: [ view_parse ] --END-- [ RunTime:0.016488s ]
INFO: [ view_filter ] --START--
INFO: Run Behavior\WriteHtmlCacheBehavior [ RunTime:0.000499s ]
INFO: [ view_filter ] --END-- [ RunTime:0.000582s ]
INFO: [ app_end ] --START--
INFO: Run Behavior\ShowPageTraceBehavior [ RunTime:0.000676s ]
INFO: [ app_end ] --END-- [ RunTime:0.000746s ]

[ 2015-07-12T10:10:14+08:00 ] 127.0.0.1 /Project/erp/web/index.php/Product/Product/operate.html
INFO: [ app_init ] --START--
INFO: Run Behavior\BuildLiteBehavior [ RunTime:0.000015s ]
INFO: [ app_init ] --END-- [ RunTime:0.000311s ]
INFO: [ app_begin ] --START--
INFO: Run Behavior\ReadHtmlCacheBehavior [ RunTime:0.000436s ]
INFO: [ app_begin ] --END-- [ RunTime:0.000497s ]
SQL: SHOW COLUMNS FROM `product` [ RunTime:0.0017s ]
SQL: SHOW COLUMNS FROM `product_details` [ RunTime:0.0045s ]
SQL: SHOW COLUMNS FROM `category` [ RunTime:0.0060s ]
SQL: SHOW COLUMNS FROM `brand` [ RunTime:0.0017s ]
SQL: SELECT * FROM `category`  [ RunTime:0.0002s ]
SQL: SELECT `id`,`name` FROM `brand` LIMIT 1000   [ RunTime:0.0005s ]
SQL: SELECT `name`,`goods`,`manuf_date`,`marked_price`,`brand_id`,`category_cid` FROM `product` WHERE ( id=2 ) LIMIT 1   [ RunTime:0.0005s ]

[ 2015-07-12T10:10:20+08:00 ] 127.0.0.1 /Project/erp/web/index.php/Product/Product/index.html
INFO: [ app_init ] --START--
INFO: Run Behavior\BuildLiteBehavior [ RunTime:0.000022s ]
INFO: [ app_init ] --END-- [ RunTime:0.000477s ]
INFO: [ app_begin ] --START--
INFO: Run Behavior\ReadHtmlCacheBehavior [ RunTime:0.000621s ]
INFO: [ app_begin ] --END-- [ RunTime:0.000698s ]
SQL: SHOW COLUMNS FROM `product` [ RunTime:0.0018s ]
SQL: SHOW COLUMNS FROM `product_details` [ RunTime:0.0012s ]
SQL: SHOW COLUMNS FROM `category` [ RunTime:0.0013s ]
SQL: SHOW COLUMNS FROM `brand` [ RunTime:0.0011s ]
SQL: SELECT * FROM `category`  [ RunTime:0.0002s ]
SQL: SELECT `id`,`name` FROM `brand` LIMIT 1000   [ RunTime:0.0002s ]
SQL: SELECT * FROM `product` WHERE ( 1  ) LIMIT 20   [ RunTime:0.0010s ]
SQL: SELECT `name` FROM `category` WHERE ( cid=19 ) LIMIT 1   [ RunTime:0.0009s ]
SQL: SELECT `name` FROM `brand` WHERE ( id=2 ) LIMIT 1   [ RunTime:0.0005s ]
SQL: SELECT `small` FROM `product_details` WHERE ( product_id=1 ) LIMIT 1   [ RunTime:0.0003s ]
SQL: SELECT `name` FROM `category` WHERE ( cid=17 ) LIMIT 1   [ RunTime:0.0002s ]
SQL: SELECT `name` FROM `brand` WHERE ( id=1 ) LIMIT 1   [ RunTime:0.0002s ]
SQL: SELECT `small` FROM `product_details` WHERE ( product_id=2 ) LIMIT 1   [ RunTime:0.0002s ]
SQL: SELECT `name` FROM `category` WHERE ( cid=14 ) LIMIT 1   [ RunTime:0.0002s ]
SQL: SELECT `name` FROM `brand` WHERE ( id=8 ) LIMIT 1   [ RunTime:0.0002s ]
SQL: SELECT `small` FROM `product_details` WHERE ( product_id=3 ) LIMIT 1   [ RunTime:0.0002s ]
SQL: SELECT `name` FROM `category` WHERE ( cid=1 ) LIMIT 1   [ RunTime:0.0002s ]
SQL: SELECT `name` FROM `brand` WHERE ( id=5 ) LIMIT 1   [ RunTime:0.0004s ]
SQL: SELECT `small` FROM `product_details` WHERE ( product_id=4 ) LIMIT 1   [ RunTime:0.0005s ]
SQL: SELECT `name` FROM `category` WHERE ( cid=4 ) LIMIT 1   [ RunTime:0.0004s ]
SQL: SELECT `name` FROM `brand` WHERE ( id=3 ) LIMIT 1   [ RunTime:0.0004s ]
SQL: SELECT `small` FROM `product_details` WHERE ( product_id=5 ) LIMIT 1   [ RunTime:0.0004s ]
SQL: SELECT `name` FROM `category` WHERE ( cid=5 ) LIMIT 1   [ RunTime:0.0004s ]
SQL: SELECT `name` FROM `brand` WHERE ( id=7 ) LIMIT 1   [ RunTime:0.0005s ]
SQL: SELECT `small` FROM `product_details` WHERE ( product_id=6 ) LIMIT 1   [ RunTime:0.0002s ]
SQL: SELECT `name` FROM `category` WHERE ( cid=21 ) LIMIT 1   [ RunTime:0.0002s ]
SQL: SELECT `name` FROM `brand` WHERE ( id=5 ) LIMIT 1   [ RunTime:0.0002s ]
SQL: SELECT `small` FROM `product_details` WHERE ( product_id=7 ) LIMIT 1   [ RunTime:0.0002s ]
SQL: SELECT `name` FROM `category` WHERE ( cid=17 ) LIMIT 1   [ RunTime:0.0002s ]
SQL: SELECT `name` FROM `brand` WHERE ( id=2 ) LIMIT 1   [ RunTime:0.0002s ]
SQL: SELECT `small` FROM `product_details` WHERE ( product_id=8 ) LIMIT 1   [ RunTime:0.0002s ]
INFO: [ view_parse ] --START--
INFO: [ template_filter ] --START--
INFO: Run Behavior\ContentReplaceBehavior [ RunTime:0.000054s ]
INFO: [ template_filter ] --END-- [ RunTime:0.000126s ]
INFO: Run Behavior\ParseTemplateBehavior [ RunTime:0.012637s ]
INFO: [ view_parse ] --END-- [ RunTime:0.012703s ]
INFO: [ view_filter ] --START--
INFO: Run Behavior\WriteHtmlCacheBehavior [ RunTime:0.000160s ]
INFO: [ view_filter ] --END-- [ RunTime:0.000208s ]
INFO: [ app_end ] --START--
INFO: Run Behavior\ShowPageTraceBehavior [ RunTime:0.000592s ]
INFO: [ app_end ] --END-- [ RunTime:0.000674s ]

[ 2015-07-12T10:10:22+08:00 ] 127.0.0.1 /Project/erp/web/index.php/Product/Product/edit/id/1.html
INFO: [ app_init ] --START--
INFO: Run Behavior\BuildLiteBehavior [ RunTime:0.000015s ]
INFO: [ app_init ] --END-- [ RunTime:0.000306s ]
INFO: [ app_begin ] --START--
INFO: Run Behavior\ReadHtmlCacheBehavior [ RunTime:0.000405s ]
INFO: [ app_begin ] --END-- [ RunTime:0.000458s ]
SQL: SHOW COLUMNS FROM `product` [ RunTime:0.0017s ]
SQL: SHOW COLUMNS FROM `product_details` [ RunTime:0.0020s ]
SQL: SHOW COLUMNS FROM `category` [ RunTime:0.0025s ]
SQL: SHOW COLUMNS FROM `brand` [ RunTime:0.0018s ]
SQL: SELECT * FROM `category`  [ RunTime:0.0003s ]
SQL: SELECT `id`,`name` FROM `brand` LIMIT 1000   [ RunTime:0.0002s ]
SQL: SELECT * FROM `product` WHERE ( id=1 ) LIMIT 1   [ RunTime:0.0008s ]
SQL: SELECT `small` FROM `product_details` WHERE ( product_id=1 ) LIMIT 1   [ RunTime:0.0009s ]
INFO: [ view_parse ] --START--
INFO: [ template_filter ] --START--
INFO: Run Behavior\ContentReplaceBehavior [ RunTime:0.000048s ]
INFO: [ template_filter ] --END-- [ RunTime:0.000116s ]
INFO: Run Behavior\ParseTemplateBehavior [ RunTime:0.013097s ]
INFO: [ view_parse ] --END-- [ RunTime:0.013221s ]
INFO: [ view_filter ] --START--
INFO: Run Behavior\WriteHtmlCacheBehavior [ RunTime:0.000167s ]
INFO: [ view_filter ] --END-- [ RunTime:0.000216s ]
INFO: [ app_end ] --START--
INFO: Run Behavior\ShowPageTraceBehavior [ RunTime:0.000448s ]
INFO: [ app_end ] --END-- [ RunTime:0.000498s ]

[ 2015-07-12T10:10:23+08:00 ] 127.0.0.1 /Project/erp/web/index.php/Product/Product/operate.html
INFO: [ app_init ] --START--
INFO: Run Behavior\BuildLiteBehavior [ RunTime:0.000020s ]
INFO: [ app_init ] --END-- [ RunTime:0.000465s ]
INFO: [ app_begin ] --START--
INFO: Run Behavior\ReadHtmlCacheBehavior [ RunTime:0.000614s ]
INFO: [ app_begin ] --END-- [ RunTime:0.000705s ]
SQL: SHOW COLUMNS FROM `product` [ RunTime:0.0042s ]
SQL: SHOW COLUMNS FROM `product_details` [ RunTime:0.0019s ]
SQL: SHOW COLUMNS FROM `category` [ RunTime:0.0019s ]
SQL: SHOW COLUMNS FROM `brand` [ RunTime:0.0018s ]
SQL: SELECT * FROM `category`  [ RunTime:0.0002s ]
SQL: SELECT `id`,`name` FROM `brand` LIMIT 1000   [ RunTime:0.0002s ]
SQL: SELECT `name`,`goods`,`manuf_date`,`marked_price`,`brand_id`,`category_cid` FROM `product` WHERE ( id=1 ) LIMIT 1   [ RunTime:0.0002s ]

[ 2015-07-12T10:10:26+08:00 ] 127.0.0.1 /Project/erp/web/index.php/Product/Product/index.html
INFO: [ app_init ] --START--
INFO: Run Behavior\BuildLiteBehavior [ RunTime:0.000015s ]
INFO: [ app_init ] --END-- [ RunTime:0.000339s ]
INFO: [ app_begin ] --START--
INFO: Run Behavior\ReadHtmlCacheBehavior [ RunTime:0.000490s ]
INFO: [ app_begin ] --END-- [ RunTime:0.000557s ]
SQL: SHOW COLUMNS FROM `product` [ RunTime:0.0040s ]
SQL: SHOW COLUMNS FROM `product_details` [ RunTime:0.0019s ]
SQL: SHOW COLUMNS FROM `category` [ RunTime:0.0038s ]
SQL: SHOW COLUMNS FROM `brand` [ RunTime:0.0024s ]
SQL: SELECT * FROM `category`  [ RunTime:0.0004s ]
SQL: SELECT `id`,`name` FROM `brand` LIMIT 1000   [ RunTime:0.0009s ]
SQL: SELECT * FROM `product` WHERE ( 1  ) LIMIT 20   [ RunTime:0.0009s ]
SQL: SELECT `name` FROM `category` WHERE ( cid=19 ) LIMIT 1   [ RunTime:0.0007s ]
SQL: SELECT `name` FROM `brand` WHERE ( id=2 ) LIMIT 1   [ RunTime:0.0003s ]
SQL: SELECT `small` FROM `product_details` WHERE ( product_id=1 ) LIMIT 1   [ RunTime:0.0002s ]
SQL: SELECT `name` FROM `category` WHERE ( cid=17 ) LIMIT 1   [ RunTime:0.0002s ]
SQL: SELECT `name` FROM `brand` WHERE ( id=1 ) LIMIT 1   [ RunTime:0.0001s ]
SQL: SELECT `small` FROM `product_details` WHERE ( product_id=2 ) LIMIT 1   [ RunTime:0.0001s ]
SQL: SELECT `name` FROM `category` WHERE ( cid=14 ) LIMIT 1   [ RunTime:0.0001s ]
SQL: SELECT `name` FROM `brand` WHERE ( id=8 ) LIMIT 1   [ RunTime:0.0001s ]
SQL: SELECT `small` FROM `product_details` WHERE ( product_id=3 ) LIMIT 1   [ RunTime:0.0001s ]
SQL: SELECT `name` FROM `category` WHERE ( cid=1 ) LIMIT 1   [ RunTime:0.0001s ]
SQL: SELECT `name` FROM `brand` WHERE ( id=5 ) LIMIT 1   [ RunTime:0.0001s ]
SQL: SELECT `small` FROM `product_details` WHERE ( product_id=4 ) LIMIT 1   [ RunTime:0.0002s ]
SQL: SELECT `name` FROM `category` WHERE ( cid=4 ) LIMIT 1   [ RunTime:0.0002s ]
SQL: SELECT `name` FROM `brand` WHERE ( id=3 ) LIMIT 1   [ RunTime:0.0001s ]
SQL: SELECT `small` FROM `product_details` WHERE ( product_id=5 ) LIMIT 1   [ RunTime:0.0002s ]
SQL: SELECT `name` FROM `category` WHERE ( cid=5 ) LIMIT 1   [ RunTime:0.0002s ]
SQL: SELECT `name` FROM `brand` WHERE ( id=7 ) LIMIT 1   [ RunTime:0.0002s ]
SQL: SELECT `small` FROM `product_details` WHERE ( product_id=6 ) LIMIT 1   [ RunTime:0.0002s ]
SQL: SELECT `name` FROM `category` WHERE ( cid=21 ) LIMIT 1   [ RunTime:0.0002s ]
SQL: SELECT `name` FROM `brand` WHERE ( id=5 ) LIMIT 1   [ RunTime:0.0002s ]
SQL: SELECT `small` FROM `product_details` WHERE ( product_id=7 ) LIMIT 1   [ RunTime:0.0002s ]
SQL: SELECT `name` FROM `category` WHERE ( cid=17 ) LIMIT 1   [ RunTime:0.0002s ]
SQL: SELECT `name` FROM `brand` WHERE ( id=2 ) LIMIT 1   [ RunTime:0.0002s ]
SQL: SELECT `small` FROM `product_details` WHERE ( product_id=8 ) LIMIT 1   [ RunTime:0.0002s ]
INFO: [ view_parse ] --START--
INFO: [ template_filter ] --START--
INFO: Run Behavior\ContentReplaceBehavior [ RunTime:0.000049s ]
INFO: [ template_filter ] --END-- [ RunTime:0.000120s ]
INFO: Run Behavior\ParseTemplateBehavior [ RunTime:0.011688s ]
INFO: [ view_parse ] --END-- [ RunTime:0.011750s ]
INFO: [ view_filter ] --START--
INFO: Run Behavior\WriteHtmlCacheBehavior [ RunTime:0.000168s ]
INFO: [ view_filter ] --END-- [ RunTime:0.000217s ]
INFO: [ app_end ] --START--
INFO: Run Behavior\ShowPageTraceBehavior [ RunTime:0.000571s ]
INFO: [ app_end ] --END-- [ RunTime:0.000651s ]

[ 2015-07-12T10:10:43+08:00 ] 127.0.0.1 /Project/erp/web/index.php/Product/Product/edit/id/1.html
INFO: [ app_init ] --START--
INFO: Run Behavior\BuildLiteBehavior [ RunTime:0.000017s ]
INFO: [ app_init ] --END-- [ RunTime:0.000395s ]
INFO: [ app_begin ] --START--
INFO: Run Behavior\ReadHtmlCacheBehavior [ RunTime:0.000478s ]
INFO: [ app_begin ] --END-- [ RunTime:0.000542s ]
SQL: SHOW COLUMNS FROM `product` [ RunTime:0.0018s ]
SQL: SHOW COLUMNS FROM `product_details` [ RunTime:0.0023s ]
SQL: SHOW COLUMNS FROM `category` [ RunTime:0.0038s ]
SQL: SHOW COLUMNS FROM `brand` [ RunTime:0.0039s ]
SQL: SELECT * FROM `category`  [ RunTime:0.0002s ]
SQL: SELECT `id`,`name` FROM `brand` LIMIT 1000   [ RunTime:0.0013s ]
SQL: SELECT * FROM `product` WHERE ( id=1 ) LIMIT 1   [ RunTime:0.0002s ]
SQL: SELECT `small` FROM `product_details` WHERE ( product_id=1 ) LIMIT 1   [ RunTime:0.0002s ]
INFO: [ view_parse ] --START--
INFO: [ template_filter ] --START--
INFO: Run Behavior\ContentReplaceBehavior [ RunTime:0.000044s ]
INFO: [ template_filter ] --END-- [ RunTime:0.000108s ]
INFO: Run Behavior\ParseTemplateBehavior [ RunTime:0.013855s ]
INFO: [ view_parse ] --END-- [ RunTime:0.013917s ]
INFO: [ view_filter ] --START--
INFO: Run Behavior\WriteHtmlCacheBehavior [ RunTime:0.000143s ]
INFO: [ view_filter ] --END-- [ RunTime:0.000189s ]
INFO: [ app_end ] --START--
INFO: Run Behavior\ShowPageTraceBehavior [ RunTime:0.000427s ]
INFO: [ app_end ] --END-- [ RunTime:0.000476s ]

[ 2015-07-12T10:10:45+08:00 ] 127.0.0.1 /Project/erp/web/index.php/Product/Product/operate.html
INFO: [ app_init ] --START--
INFO: Run Behavior\BuildLiteBehavior [ RunTime:0.000015s ]
INFO: [ app_init ] --END-- [ RunTime:0.000344s ]
INFO: [ app_begin ] --START--
INFO: Run Behavior\ReadHtmlCacheBehavior [ RunTime:0.000501s ]
INFO: [ app_begin ] --END-- [ RunTime:0.000587s ]
SQL: SHOW COLUMNS FROM `product` [ RunTime:0.0019s ]
SQL: SHOW COLUMNS FROM `product_details` [ RunTime:0.0031s ]
SQL: SHOW COLUMNS FROM `category` [ RunTime:0.0045s ]
SQL: SHOW COLUMNS FROM `brand` [ RunTime:0.0033s ]
SQL: SELECT * FROM `category`  [ RunTime:0.0005s ]
SQL: SELECT `id`,`name` FROM `brand` LIMIT 1000   [ RunTime:0.0003s ]
SQL: SELECT `name`,`goods`,`manuf_date`,`marked_price`,`brand_id`,`category_cid` FROM `product` WHERE ( id=1 ) LIMIT 1   [ RunTime:0.0005s ]
INFO: [ view_parse ] --START--
INFO: [ template_filter ] --START--
INFO: Run Behavior\ContentReplaceBehavior [ RunTime:0.000036s ]
INFO: [ template_filter ] --END-- [ RunTime:0.000101s ]
INFO: Run Behavior\ParseTemplateBehavior [ RunTime:0.008733s ]
INFO: [ view_parse ] --END-- [ RunTime:0.008837s ]
INFO: [ view_filter ] --START--
INFO: Run Behavior\WriteHtmlCacheBehavior [ RunTime:0.000188s ]
INFO: [ view_filter ] --END-- [ RunTime:0.000240s ]

[ 2015-07-12T10:10:46+08:00 ] 127.0.0.1 /Project/erp/web/index.php/Product/Product/index.html
INFO: [ app_init ] --START--
INFO: Run Behavior\BuildLiteBehavior [ RunTime:0.000014s ]
INFO: [ app_init ] --END-- [ RunTime:0.000318s ]
INFO: [ app_begin ] --START--
INFO: Run Behavior\ReadHtmlCacheBehavior [ RunTime:0.000420s ]
INFO: [ app_begin ] --END-- [ RunTime:0.000476s ]
SQL: SHOW COLUMNS FROM `product` [ RunTime:0.0039s ]
SQL: SHOW COLUMNS FROM `product_details` [ RunTime:0.0036s ]
SQL: SHOW COLUMNS FROM `category` [ RunTime:0.0022s ]
SQL: SHOW COLUMNS FROM `brand` [ RunTime:0.0036s ]
SQL: SELECT * FROM `category`  [ RunTime:0.0005s ]
SQL: SELECT `id`,`name` FROM `brand` LIMIT 1000   [ RunTime:0.0005s ]
SQL: SELECT * FROM `product` WHERE ( 1  ) LIMIT 20   [ RunTime:0.0004s ]
SQL: SELECT `name` FROM `category` WHERE ( cid=19 ) LIMIT 1   [ RunTime:0.0002s ]
SQL: SELECT `name` FROM `brand` WHERE ( id=2 ) LIMIT 1   [ RunTime:0.0001s ]
SQL: SELECT `small` FROM `product_details` WHERE ( product_id=1 ) LIMIT 1   [ RunTime:0.0002s ]
SQL: SELECT `name` FROM `category` WHERE ( cid=17 ) LIMIT 1   [ RunTime:0.0001s ]
SQL: SELECT `name` FROM `brand` WHERE ( id=1 ) LIMIT 1   [ RunTime:0.0002s ]
SQL: SELECT `small` FROM `product_details` WHERE ( product_id=2 ) LIMIT 1   [ RunTime:0.0002s ]
SQL: SELECT `name` FROM `category` WHERE ( cid=14 ) LIMIT 1   [ RunTime:0.0002s ]
SQL: SELECT `name` FROM `brand` WHERE ( id=8 ) LIMIT 1   [ RunTime:0.0001s ]
SQL: SELECT `small` FROM `product_details` WHERE ( product_id=3 ) LIMIT 1   [ RunTime:0.0002s ]
SQL: SELECT `name` FROM `category` WHERE ( cid=1 ) LIMIT 1   [ RunTime:0.0003s ]
SQL: SELECT `name` FROM `brand` WHERE ( id=5 ) LIMIT 1   [ RunTime:0.0002s ]
SQL: SELECT `small` FROM `product_details` WHERE ( product_id=4 ) LIMIT 1   [ RunTime:0.0002s ]
SQL: SELECT `name` FROM `category` WHERE ( cid=4 ) LIMIT 1   [ RunTime:0.0002s ]
SQL: SELECT `name` FROM `brand` WHERE ( id=3 ) LIMIT 1   [ RunTime:0.0001s ]
SQL: SELECT `small` FROM `product_details` WHERE ( product_id=5 ) LIMIT 1   [ RunTime:0.0002s ]
SQL: SELECT `name` FROM `category` WHERE ( cid=5 ) LIMIT 1   [ RunTime:0.0002s ]
SQL: SELECT `name` FROM `brand` WHERE ( id=7 ) LIMIT 1   [ RunTime:0.0002s ]
SQL: SELECT `small` FROM `product_details` WHERE ( product_id=6 ) LIMIT 1   [ RunTime:0.0005s ]
SQL: SELECT `name` FROM `category` WHERE ( cid=21 ) LIMIT 1   [ RunTime:0.0007s ]
SQL: SELECT `name` FROM `brand` WHERE ( id=5 ) LIMIT 1   [ RunTime:0.0009s ]
SQL: SELECT `small` FROM `product_details` WHERE ( product_id=7 ) LIMIT 1   [ RunTime:0.0006s ]
SQL: SELECT `name` FROM `category` WHERE ( cid=17 ) LIMIT 1   [ RunTime:0.0007s ]
SQL: SELECT `name` FROM `brand` WHERE ( id=2 ) LIMIT 1   [ RunTime:0.0007s ]
SQL: SELECT `small` FROM `product_details` WHERE ( product_id=8 ) LIMIT 1   [ RunTime:0.0006s ]
INFO: [ view_parse ] --START--
INFO: [ template_filter ] --START--
INFO: Run Behavior\ContentReplaceBehavior [ RunTime:0.000174s ]
INFO: [ template_filter ] --END-- [ RunTime:0.000496s ]
INFO: Run Behavior\ParseTemplateBehavior [ RunTime:0.015653s ]
INFO: [ view_parse ] --END-- [ RunTime:0.015747s ]
INFO: [ view_filter ] --START--
INFO: Run Behavior\WriteHtmlCacheBehavior [ RunTime:0.000171s ]
INFO: [ view_filter ] --END-- [ RunTime:0.000219s ]
INFO: [ app_end ] --START--
INFO: Run Behavior\ShowPageTraceBehavior [ RunTime:0.000569s ]
INFO: [ app_end ] --END-- [ RunTime:0.000646s ]

[ 2015-07-12T10:10:57+08:00 ] 127.0.0.1 /Project/erp/web/index.php/Product/Product/edit/id/2.html
INFO: [ app_init ] --START--
INFO: Run Behavior\BuildLiteBehavior [ RunTime:0.000034s ]
INFO: [ app_init ] --END-- [ RunTime:0.000670s ]
INFO: [ app_begin ] --START--
INFO: Run Behavior\ReadHtmlCacheBehavior [ RunTime:0.001003s ]
INFO: [ app_begin ] --END-- [ RunTime:0.001159s ]
SQL: SHOW COLUMNS FROM `product` [ RunTime:0.0024s ]
SQL: SHOW COLUMNS FROM `product_details` [ RunTime:0.0027s ]
SQL: SHOW COLUMNS FROM `category` [ RunTime:0.0040s ]
SQL: SHOW COLUMNS FROM `brand` [ RunTime:0.0018s ]
SQL: SELECT * FROM `category`  [ RunTime:0.0002s ]
SQL: SELECT `id`,`name` FROM `brand` LIMIT 1000   [ RunTime:0.0002s ]
SQL: SELECT * FROM `product` WHERE ( id=2 ) LIMIT 1   [ RunTime:0.0002s ]
SQL: SELECT `small` FROM `product_details` WHERE ( product_id=2 ) LIMIT 1   [ RunTime:0.0002s ]
INFO: [ view_parse ] --START--
INFO: [ template_filter ] --START--
INFO: Run Behavior\ContentReplaceBehavior [ RunTime:0.000059s ]
INFO: [ template_filter ] --END-- [ RunTime:0.000134s ]
INFO: Run Behavior\ParseTemplateBehavior [ RunTime:0.016499s ]
INFO: [ view_parse ] --END-- [ RunTime:0.016688s ]
INFO: [ view_filter ] --START--
INFO: Run Behavior\WriteHtmlCacheBehavior [ RunTime:0.000511s ]
INFO: [ view_filter ] --END-- [ RunTime:0.000629s ]
INFO: [ app_end ] --START--
INFO: Run Behavior\ShowPageTraceBehavior [ RunTime:0.001561s ]
INFO: [ app_end ] --END-- [ RunTime:0.001733s ]

[ 2015-07-12T10:10:59+08:00 ] 127.0.0.1 /Project/erp/web/index.php/Product/Product/operate.html
INFO: [ app_init ] --START--
INFO: Run Behavior\BuildLiteBehavior [ RunTime:0.000024s ]
INFO: [ app_init ] --END-- [ RunTime:0.000522s ]
INFO: [ app_begin ] --START--
INFO: Run Behavior\ReadHtmlCacheBehavior [ RunTime:0.000815s ]
INFO: [ app_begin ] --END-- [ RunTime:0.000912s ]
SQL: SHOW COLUMNS FROM `product` [ RunTime:0.0020s ]
SQL: SHOW COLUMNS FROM `product_details` [ RunTime:0.0033s ]
SQL: SHOW COLUMNS FROM `category` [ RunTime:0.0019s ]
SQL: SHOW COLUMNS FROM `brand` [ RunTime:0.0026s ]
SQL: SELECT * FROM `category`  [ RunTime:0.0003s ]
SQL: SELECT `id`,`name` FROM `brand` LIMIT 1000   [ RunTime:0.0007s ]
SQL: SELECT `name`,`goods`,`manuf_date`,`marked_price`,`brand_id`,`category_cid` FROM `product` WHERE ( id=2 ) LIMIT 1   [ RunTime:0.0007s ]
INFO: [ view_parse ] --START--
INFO: [ template_filter ] --START--
INFO: Run Behavior\ContentReplaceBehavior [ RunTime:0.000040s ]
INFO: [ template_filter ] --END-- [ RunTime:0.000113s ]
INFO: Run Behavior\ParseTemplateBehavior [ RunTime:0.008129s ]
INFO: [ view_parse ] --END-- [ RunTime:0.008235s ]
INFO: [ view_filter ] --START--
INFO: Run Behavior\WriteHtmlCacheBehavior [ RunTime:0.000192s ]
INFO: [ view_filter ] --END-- [ RunTime:0.000254s ]

[ 2015-07-12T10:11:00+08:00 ] 127.0.0.1 /Project/erp/web/index.php/Product/Product/index.html
INFO: [ app_init ] --START--
INFO: Run Behavior\BuildLiteBehavior [ RunTime:0.000019s ]
INFO: [ app_init ] --END-- [ RunTime:0.000738s ]
INFO: [ app_begin ] --START--
INFO: Run Behavior\ReadHtmlCacheBehavior [ RunTime:0.000777s ]
INFO: [ app_begin ] --END-- [ RunTime:0.000857s ]
SQL: SHOW COLUMNS FROM `product` [ RunTime:0.0034s ]
SQL: SHOW COLUMNS FROM `product_details` [ RunTime:0.0019s ]
SQL: SHOW COLUMNS FROM `category` [ RunTime:0.0019s ]
SQL: SHOW COLUMNS FROM `brand` [ RunTime:0.0016s ]
SQL: SELECT * FROM `category`  [ RunTime:0.0002s ]
SQL: SELECT `id`,`name` FROM `brand` LIMIT 1000   [ RunTime:0.0002s ]
SQL: SELECT * FROM `product` WHERE ( 1  ) LIMIT 20   [ RunTime:0.0002s ]
SQL: SELECT `name` FROM `category` WHERE ( cid=19 ) LIMIT 1   [ RunTime:0.0002s ]
SQL: SELECT `name` FROM `brand` WHERE ( id=2 ) LIMIT 1   [ RunTime:0.0001s ]
SQL: SELECT `small` FROM `product_details` WHERE ( product_id=1 ) LIMIT 1   [ RunTime:0.0001s ]
SQL: SELECT `name` FROM `category` WHERE ( cid=17 ) LIMIT 1   [ RunTime:0.0002s ]
SQL: SELECT `name` FROM `brand` WHERE ( id=1 ) LIMIT 1   [ RunTime:0.0004s ]
SQL: SELECT `small` FROM `product_details` WHERE ( product_id=2 ) LIMIT 1   [ RunTime:0.0004s ]
SQL: SELECT `name` FROM `category` WHERE ( cid=14 ) LIMIT 1   [ RunTime:0.0004s ]
SQL: SELECT `name` FROM `brand` WHERE ( id=8 ) LIMIT 1   [ RunTime:0.0002s ]
SQL: SELECT `small` FROM `product_details` WHERE ( product_id=3 ) LIMIT 1   [ RunTime:0.0003s ]
SQL: SELECT `name` FROM `category` WHERE ( cid=1 ) LIMIT 1   [ RunTime:0.0003s ]
SQL: SELECT `name` FROM `brand` WHERE ( id=5 ) LIMIT 1   [ RunTime:0.0002s ]
SQL: SELECT `small` FROM `product_details` WHERE ( product_id=4 ) LIMIT 1   [ RunTime:0.0003s ]
SQL: SELECT `name` FROM `category` WHERE ( cid=4 ) LIMIT 1   [ RunTime:0.0003s ]
SQL: SELECT `name` FROM `brand` WHERE ( id=3 ) LIMIT 1   [ RunTime:0.0003s ]
SQL: SELECT `small` FROM `product_details` WHERE ( product_id=5 ) LIMIT 1   [ RunTime:0.0006s ]
SQL: SELECT `name` FROM `category` WHERE ( cid=5 ) LIMIT 1   [ RunTime:0.0009s ]
SQL: SELECT `name` FROM `brand` WHERE ( id=7 ) LIMIT 1   [ RunTime:0.0007s ]
SQL: SELECT `small` FROM `product_details` WHERE ( product_id=6 ) LIMIT 1   [ RunTime:0.0010s ]
SQL: SELECT `name` FROM `category` WHERE ( cid=21 ) LIMIT 1   [ RunTime:0.0002s ]
SQL: SELECT `name` FROM `brand` WHERE ( id=5 ) LIMIT 1   [ RunTime:0.0002s ]
SQL: SELECT `small` FROM `product_details` WHERE ( product_id=7 ) LIMIT 1   [ RunTime:0.0002s ]
SQL: SELECT `name` FROM `category` WHERE ( cid=17 ) LIMIT 1   [ RunTime:0.0002s ]
SQL: SELECT `name` FROM `brand` WHERE ( id=2 ) LIMIT 1   [ RunTime:0.0002s ]
SQL: SELECT `small` FROM `product_details` WHERE ( product_id=8 ) LIMIT 1   [ RunTime:0.0002s ]
INFO: [ view_parse ] --START--
INFO: [ template_filter ] --START--
INFO: Run Behavior\ContentReplaceBehavior [ RunTime:0.000048s ]
INFO: [ template_filter ] --END-- [ RunTime:0.000122s ]
INFO: Run Behavior\ParseTemplateBehavior [ RunTime:0.014233s ]
INFO: [ view_parse ] --END-- [ RunTime:0.014304s ]
INFO: [ view_filter ] --START--
INFO: Run Behavior\WriteHtmlCacheBehavior [ RunTime:0.000167s ]
INFO: [ view_filter ] --END-- [ RunTime:0.000219s ]
INFO: [ app_end ] --START--
INFO: Run Behavior\ShowPageTraceBehavior [ RunTime:0.000578s ]
INFO: [ app_end ] --END-- [ RunTime:0.000665s ]

[ 2015-07-12T10:11:08+08:00 ] 127.0.0.1 /Project/erp/web/index.php/Product/Product/edit/id/1.html
INFO: [ app_init ] --START--
INFO: Run Behavior\BuildLiteBehavior [ RunTime:0.000041s ]
INFO: [ app_init ] --END-- [ RunTime:0.000545s ]
INFO: [ app_begin ] --START--
INFO: Run Behavior\ReadHtmlCacheBehavior [ RunTime:0.000886s ]
INFO: [ app_begin ] --END-- [ RunTime:0.001026s ]
SQL: SHOW COLUMNS FROM `product` [ RunTime:0.0018s ]
SQL: SHOW COLUMNS FROM `product_details` [ RunTime:0.0012s ]
SQL: SHOW COLUMNS FROM `category` [ RunTime:0.0013s ]
SQL: SHOW COLUMNS FROM `brand` [ RunTime:0.0020s ]
SQL: SELECT * FROM `category`  [ RunTime:0.0002s ]
SQL: SELECT `id`,`name` FROM `brand` LIMIT 1000   [ RunTime:0.0002s ]
SQL: SELECT * FROM `product` WHERE ( id=1 ) LIMIT 1   [ RunTime:0.0002s ]
SQL: SELECT `small` FROM `product_details` WHERE ( product_id=1 ) LIMIT 1   [ RunTime:0.0002s ]
INFO: [ view_parse ] --START--
INFO: [ template_filter ] --START--
INFO: Run Behavior\ContentReplaceBehavior [ RunTime:0.000042s ]
INFO: [ template_filter ] --END-- [ RunTime:0.000105s ]
INFO: Run Behavior\ParseTemplateBehavior [ RunTime:0.012594s ]
INFO: [ view_parse ] --END-- [ RunTime:0.012660s ]
INFO: [ view_filter ] --START--
INFO: Run Behavior\WriteHtmlCacheBehavior [ RunTime:0.000146s ]
INFO: [ view_filter ] --END-- [ RunTime:0.000191s ]
INFO: [ app_end ] --START--
INFO: Run Behavior\ShowPageTraceBehavior [ RunTime:0.000439s ]
INFO: [ app_end ] --END-- [ RunTime:0.000487s ]

[ 2015-07-12T10:11:09+08:00 ] 127.0.0.1 /Project/erp/web/index.php/Product/Product/operate.html
INFO: [ app_init ] --START--
INFO: Run Behavior\BuildLiteBehavior [ RunTime:0.000025s ]
INFO: [ app_init ] --END-- [ RunTime:0.000528s ]
INFO: [ app_begin ] --START--
INFO: Run Behavior\ReadHtmlCacheBehavior [ RunTime:0.000615s ]
INFO: [ app_begin ] --END-- [ RunTime:0.000790s ]
SQL: SHOW COLUMNS FROM `product` [ RunTime:0.0028s ]
SQL: SHOW COLUMNS FROM `product_details` [ RunTime:0.0040s ]
SQL: SHOW COLUMNS FROM `category` [ RunTime:0.0020s ]
SQL: SHOW COLUMNS FROM `brand` [ RunTime:0.0020s ]
SQL: SELECT * FROM `category`  [ RunTime:0.0002s ]
SQL: SELECT `id`,`name` FROM `brand` LIMIT 1000   [ RunTime:0.0002s ]
SQL: SELECT `name`,`goods`,`manuf_date`,`marked_price`,`brand_id`,`category_cid` FROM `product` WHERE ( id=1 ) LIMIT 1   [ RunTime:0.0005s ]
INFO: [ view_parse ] --START--
INFO: [ template_filter ] --START--
INFO: Run Behavior\ContentReplaceBehavior [ RunTime:0.000040s ]
INFO: [ template_filter ] --END-- [ RunTime:0.000108s ]
INFO: Run Behavior\ParseTemplateBehavior [ RunTime:0.007536s ]
INFO: [ view_parse ] --END-- [ RunTime:0.007609s ]
INFO: [ view_filter ] --START--
INFO: Run Behavior\WriteHtmlCacheBehavior [ RunTime:0.000161s ]
INFO: [ view_filter ] --END-- [ RunTime:0.000208s ]

[ 2015-07-12T10:11:10+08:00 ] 127.0.0.1 /Project/erp/web/index.php/Product/Product/index.html
INFO: [ app_init ] --START--
INFO: Run Behavior\BuildLiteBehavior [ RunTime:0.000019s ]
INFO: [ app_init ] --END-- [ RunTime:0.000406s ]
INFO: [ app_begin ] --START--
INFO: Run Behavior\ReadHtmlCacheBehavior [ RunTime:0.000479s ]
INFO: [ app_begin ] --END-- [ RunTime:0.000542s ]
SQL: SHOW COLUMNS FROM `product` [ RunTime:0.0037s ]
SQL: SHOW COLUMNS FROM `product_details` [ RunTime:0.0019s ]
SQL: SHOW COLUMNS FROM `category` [ RunTime:0.0022s ]
SQL: SHOW COLUMNS FROM `brand` [ RunTime:0.0034s ]
SQL: SELECT * FROM `category`  [ RunTime:0.0003s ]
SQL: SELECT `id`,`name` FROM `brand` LIMIT 1000   [ RunTime:0.0002s ]
SQL: SELECT * FROM `product` WHERE ( 1  ) LIMIT 20   [ RunTime:0.0002s ]
SQL: SELECT `name` FROM `category` WHERE ( cid=19 ) LIMIT 1   [ RunTime:0.0002s ]
SQL: SELECT `name` FROM `brand` WHERE ( id=2 ) LIMIT 1   [ RunTime:0.0001s ]
SQL: SELECT `small` FROM `product_details` WHERE ( product_id=1 ) LIMIT 1   [ RunTime:0.0002s ]
SQL: SELECT `name` FROM `category` WHERE ( cid=17 ) LIMIT 1   [ RunTime:0.0001s ]
SQL: SELECT `name` FROM `brand` WHERE ( id=1 ) LIMIT 1   [ RunTime:0.0001s ]
SQL: SELECT `small` FROM `product_details` WHERE ( product_id=2 ) LIMIT 1   [ RunTime:0.0002s ]
SQL: SELECT `name` FROM `category` WHERE ( cid=14 ) LIMIT 1   [ RunTime:0.0002s ]
SQL: SELECT `name` FROM `brand` WHERE ( id=8 ) LIMIT 1   [ RunTime:0.0001s ]
SQL: SELECT `small` FROM `product_details` WHERE ( product_id=3 ) LIMIT 1   [ RunTime:0.0002s ]
SQL: SELECT `name` FROM `category` WHERE ( cid=1 ) LIMIT 1   [ RunTime:0.0001s ]
SQL: SELECT `name` FROM `brand` WHERE ( id=5 ) LIMIT 1   [ RunTime:0.0002s ]
SQL: SELECT `small` FROM `product_details` WHERE ( product_id=4 ) LIMIT 1   [ RunTime:0.0001s ]
SQL: SELECT `name` FROM `category` WHERE ( cid=4 ) LIMIT 1   [ RunTime:0.0001s ]
SQL: SELECT `name` FROM `brand` WHERE ( id=3 ) LIMIT 1   [ RunTime:0.0001s ]
SQL: SELECT `small` FROM `product_details` WHERE ( product_id=5 ) LIMIT 1   [ RunTime:0.0001s ]
SQL: SELECT `name` FROM `category` WHERE ( cid=5 ) LIMIT 1   [ RunTime:0.0001s ]
SQL: SELECT `name` FROM `brand` WHERE ( id=7 ) LIMIT 1   [ RunTime:0.0001s ]
SQL: SELECT `small` FROM `product_details` WHERE ( product_id=6 ) LIMIT 1   [ RunTime:0.0002s ]
SQL: SELECT `name` FROM `category` WHERE ( cid=21 ) LIMIT 1   [ RunTime:0.0001s ]
SQL: SELECT `name` FROM `brand` WHERE ( id=5 ) LIMIT 1   [ RunTime:0.0002s ]
SQL: SELECT `small` FROM `product_details` WHERE ( product_id=7 ) LIMIT 1   [ RunTime:0.0001s ]
SQL: SELECT `name` FROM `category` WHERE ( cid=17 ) LIMIT 1   [ RunTime:0.0001s ]
SQL: SELECT `name` FROM `brand` WHERE ( id=2 ) LIMIT 1   [ RunTime:0.0002s ]
SQL: SELECT `small` FROM `product_details` WHERE ( product_id=8 ) LIMIT 1   [ RunTime:0.0002s ]
INFO: [ view_parse ] --START--
INFO: [ template_filter ] --START--
INFO: Run Behavior\ContentReplaceBehavior [ RunTime:0.000052s ]
INFO: [ template_filter ] --END-- [ RunTime:0.000125s ]
INFO: Run Behavior\ParseTemplateBehavior [ RunTime:0.013199s ]
INFO: [ view_parse ] --END-- [ RunTime:0.013272s ]
INFO: [ view_filter ] --START--
INFO: Run Behavior\WriteHtmlCacheBehavior [ RunTime:0.000149s ]
INFO: [ view_filter ] --END-- [ RunTime:0.000197s ]
INFO: [ app_end ] --START--
INFO: Run Behavior\ShowPageTraceBehavior [ RunTime:0.000577s ]
INFO: [ app_end ] --END-- [ RunTime:0.000649s ]

[ 2015-07-12T10:33:42+08:00 ] 127.0.0.1 /Project/erp/web/index.php/Product/Product/add.html
INFO: [ app_init ] --START--
INFO: Run Behavior\BuildLiteBehavior [ RunTime:0.000052s ]
INFO: [ app_init ] --END-- [ RunTime:0.001280s ]
INFO: [ app_begin ] --START--
INFO: Run Behavior\ReadHtmlCacheBehavior [ RunTime:0.000825s ]
INFO: [ app_begin ] --END-- [ RunTime:0.000929s ]
SQL: SHOW COLUMNS FROM `product` [ RunTime:0.0041s ]
SQL: SHOW COLUMNS FROM `product_details` [ RunTime:0.0019s ]
SQL: SHOW COLUMNS FROM `category` [ RunTime:0.0013s ]
SQL: SHOW COLUMNS FROM `brand` [ RunTime:0.0034s ]
SQL: SELECT * FROM `category`  [ RunTime:0.0005s ]
SQL: SELECT `id`,`name` FROM `brand` LIMIT 1000   [ RunTime:0.0006s ]
INFO: [ view_parse ] --START--
INFO: [ template_filter ] --START--
INFO: Run Behavior\ContentReplaceBehavior [ RunTime:0.000105s ]
INFO: [ template_filter ] --END-- [ RunTime:0.000260s ]
INFO: Run Behavior\ParseTemplateBehavior [ RunTime:0.015291s ]
INFO: [ view_parse ] --END-- [ RunTime:0.015431s ]
INFO: [ view_filter ] --START--
INFO: Run Behavior\WriteHtmlCacheBehavior [ RunTime:0.000226s ]
INFO: [ view_filter ] --END-- [ RunTime:0.000287s ]
INFO: [ app_end ] --START--
INFO: Run Behavior\ShowPageTraceBehavior [ RunTime:0.000884s ]
INFO: [ app_end ] --END-- [ RunTime:0.001000s ]

[ 2015-07-12T10:33:46+08:00 ] 127.0.0.1 /Project/erp/web/index.php/Product/Product/add.html
INFO: [ app_init ] --START--
INFO: Run Behavior\BuildLiteBehavior [ RunTime:0.000021s ]
INFO: [ app_init ] --END-- [ RunTime:0.000426s ]
INFO: [ app_begin ] --START--
INFO: Run Behavior\ReadHtmlCacheBehavior [ RunTime:0.000462s ]
INFO: [ app_begin ] --END-- [ RunTime:0.000524s ]
SQL: SHOW COLUMNS FROM `product` [ RunTime:0.0021s ]
SQL: SHOW COLUMNS FROM `product_details` [ RunTime:0.0020s ]
SQL: SHOW COLUMNS FROM `category` [ RunTime:0.0018s ]
SQL: SHOW COLUMNS FROM `brand` [ RunTime:0.0041s ]
SQL: SELECT * FROM `category`  [ RunTime:0.0008s ]
SQL: SELECT `id`,`name` FROM `brand` LIMIT 1000   [ RunTime:0.0005s ]
INFO: [ view_parse ] --START--
INFO: [ template_filter ] --START--
INFO: Run Behavior\ContentReplaceBehavior [ RunTime:0.000068s ]
INFO: [ template_filter ] --END-- [ RunTime:0.000178s ]
INFO: Run Behavior\ParseTemplateBehavior [ RunTime:0.015077s ]
INFO: [ view_parse ] --END-- [ RunTime:0.015182s ]
INFO: [ view_filter ] --START--
INFO: Run Behavior\WriteHtmlCacheBehavior [ RunTime:0.000209s ]
INFO: [ view_filter ] --END-- [ RunTime:0.000264s ]
INFO: [ app_end ] --START--
INFO: Run Behavior\ShowPageTraceBehavior [ RunTime:0.000512s ]
INFO: [ app_end ] --END-- [ RunTime:0.000572s ]

[ 2015-07-12T10:33:49+08:00 ] 127.0.0.1 /Project/erp/web/index.php/Product/Product/ajax_getAttr.html
INFO: [ app_init ] --START--
INFO: Run Behavior\BuildLiteBehavior [ RunTime:0.000026s ]
INFO: [ app_init ] --END-- [ RunTime:0.000602s ]
INFO: [ app_begin ] --START--
INFO: Run Behavior\ReadHtmlCacheBehavior [ RunTime:0.000905s ]
INFO: [ app_begin ] --END-- [ RunTime:0.001054s ]
SQL: SHOW COLUMNS FROM `product` [ RunTime:0.0040s ]
SQL: SHOW COLUMNS FROM `product_details` [ RunTime:0.0018s ]
SQL: SHOW COLUMNS FROM `category` [ RunTime:0.0020s ]
SQL: SHOW COLUMNS FROM `brand` [ RunTime:0.0020s ]
SQL: SELECT * FROM `category`  [ RunTime:0.0002s ]
SQL: SELECT `id`,`name` FROM `brand` LIMIT 1000   [ RunTime:0.0002s ]
SQL: SHOW COLUMNS FROM `attribute` [ RunTime:0.0027s ]
ERR: SQLSTATE[42000]: Syntax error or access violation: 1103 Incorrect table name ''

[ 2015-07-12T10:33:50+08:00 ] 127.0.0.1 /Project/erp/web/index.php/Product/Product/ajax_getAttr.html
INFO: [ app_init ] --START--
INFO: Run Behavior\BuildLiteBehavior [ RunTime:0.000015s ]
INFO: [ app_init ] --END-- [ RunTime:0.000355s ]
INFO: [ app_begin ] --START--
INFO: Run Behavior\ReadHtmlCacheBehavior [ RunTime:0.000456s ]
INFO: [ app_begin ] --END-- [ RunTime:0.000512s ]
SQL: SHOW COLUMNS FROM `product` [ RunTime:0.0019s ]
SQL: SHOW COLUMNS FROM `product_details` [ RunTime:0.0013s ]
SQL: SHOW COLUMNS FROM `category` [ RunTime:0.0021s ]
SQL: SHOW COLUMNS FROM `brand` [ RunTime:0.0043s ]
SQL: SELECT * FROM `category`  [ RunTime:0.0004s ]
SQL: SELECT `id`,`name` FROM `brand` LIMIT 1000   [ RunTime:0.0002s ]
SQL: SHOW COLUMNS FROM `attribute` [ RunTime:0.0017s ]
ERR: SQLSTATE[42000]: Syntax error or access violation: 1103 Incorrect table name ''

[ 2015-07-12T10:33:51+08:00 ] 127.0.0.1 /Project/erp/web/index.php/Product/Product/ajax_getAttr.html
INFO: [ app_init ] --START--
INFO: Run Behavior\BuildLiteBehavior [ RunTime:0.000013s ]
INFO: [ app_init ] --END-- [ RunTime:0.000298s ]
INFO: [ app_begin ] --START--
INFO: Run Behavior\ReadHtmlCacheBehavior [ RunTime:0.000388s ]
INFO: [ app_begin ] --END-- [ RunTime:0.000437s ]
SQL: SHOW COLUMNS FROM `product` [ RunTime:0.0022s ]
SQL: SHOW COLUMNS FROM `product_details` [ RunTime:0.0017s ]
SQL: SHOW COLUMNS FROM `category` [ RunTime:0.0017s ]
SQL: SHOW COLUMNS FROM `brand` [ RunTime:0.0019s ]
SQL: SELECT * FROM `category`  [ RunTime:0.0002s ]
SQL: SELECT `id`,`name` FROM `brand` LIMIT 1000   [ RunTime:0.0002s ]
SQL: SHOW COLUMNS FROM `attribute` [ RunTime:0.0018s ]
ERR: SQLSTATE[42000]: Syntax error or access violation: 1103 Incorrect table name ''

[ 2015-07-12T10:33:54+08:00 ] 127.0.0.1 /Project/erp/web/index.php/Product/Product/add.html
INFO: [ app_init ] --START--
INFO: Run Behavior\BuildLiteBehavior [ RunTime:0.000025s ]
INFO: [ app_init ] --END-- [ RunTime:0.000575s ]
INFO: [ app_begin ] --START--
INFO: Run Behavior\ReadHtmlCacheBehavior [ RunTime:0.000619s ]
INFO: [ app_begin ] --END-- [ RunTime:0.000742s ]
SQL: SHOW COLUMNS FROM `product` [ RunTime:0.0019s ]
SQL: SHOW COLUMNS FROM `product_details` [ RunTime:0.0017s ]
SQL: SHOW COLUMNS FROM `category` [ RunTime:0.0018s ]
SQL: SHOW COLUMNS FROM `brand` [ RunTime:0.0017s ]
SQL: SELECT * FROM `category`  [ RunTime:0.0002s ]
SQL: SELECT `id`,`name` FROM `brand` LIMIT 1000   [ RunTime:0.0002s ]
INFO: [ view_parse ] --START--
INFO: [ template_filter ] --START--
INFO: Run Behavior\ContentReplaceBehavior [ RunTime:0.000040s ]
INFO: [ template_filter ] --END-- [ RunTime:0.000099s ]
INFO: Run Behavior\ParseTemplateBehavior [ RunTime:0.009616s ]
INFO: [ view_parse ] --END-- [ RunTime:0.009684s ]
INFO: [ view_filter ] --START--
INFO: Run Behavior\WriteHtmlCacheBehavior [ RunTime:0.000137s ]
INFO: [ view_filter ] --END-- [ RunTime:0.000182s ]
INFO: [ app_end ] --START--
INFO: Run Behavior\ShowPageTraceBehavior [ RunTime:0.000441s ]
INFO: [ app_end ] --END-- [ RunTime:0.000488s ]

[ 2015-07-12T10:33:57+08:00 ] 127.0.0.1 /Project/erp/web/index.php/Product/Product/add.html
INFO: [ app_init ] --START--
INFO: Run Behavior\BuildLiteBehavior [ RunTime:0.000015s ]
INFO: [ app_init ] --END-- [ RunTime:0.000334s ]
INFO: [ app_begin ] --START--
INFO: Run Behavior\ReadHtmlCacheBehavior [ RunTime:0.000457s ]
INFO: [ app_begin ] --END-- [ RunTime:0.000518s ]
SQL: SHOW COLUMNS FROM `product` [ RunTime:0.0036s ]
SQL: SHOW COLUMNS FROM `product_details` [ RunTime:0.0032s ]
SQL: SHOW COLUMNS FROM `category` [ RunTime:0.0037s ]
SQL: SHOW COLUMNS FROM `brand` [ RunTime:0.0042s ]
SQL: SELECT * FROM `category`  [ RunTime:0.0003s ]
SQL: SELECT `id`,`name` FROM `brand` LIMIT 1000   [ RunTime:0.0002s ]
INFO: [ view_parse ] --START--
INFO: [ template_filter ] --START--
INFO: Run Behavior\ContentReplaceBehavior [ RunTime:0.000119s ]
INFO: [ template_filter ] --END-- [ RunTime:0.000327s ]
INFO: Run Behavior\ParseTemplateBehavior [ RunTime:0.014057s ]
INFO: [ view_parse ] --END-- [ RunTime:0.014170s ]
INFO: [ view_filter ] --START--
INFO: Run Behavior\WriteHtmlCacheBehavior [ RunTime:0.000247s ]
INFO: [ view_filter ] --END-- [ RunTime:0.000305s ]
INFO: [ app_end ] --START--
INFO: Run Behavior\ShowPageTraceBehavior [ RunTime:0.000594s ]
INFO: [ app_end ] --END-- [ RunTime:0.000715s ]

[ 2015-07-12T10:34:12+08:00 ] 127.0.0.1 /Project/erp/web/index.php/Product/Product/ajax_getAttr.html
INFO: [ app_init ] --START--
INFO: Run Behavior\BuildLiteBehavior [ RunTime:0.000021s ]
INFO: [ app_init ] --END-- [ RunTime:0.000411s ]
INFO: [ app_begin ] --START--
INFO: Run Behavior\ReadHtmlCacheBehavior [ RunTime:0.000651s ]
INFO: [ app_begin ] --END-- [ RunTime:0.000746s ]
SQL: SHOW COLUMNS FROM `product` [ RunTime:0.0017s ]
SQL: SHOW COLUMNS FROM `product_details` [ RunTime:0.0019s ]
SQL: SHOW COLUMNS FROM `category` [ RunTime:0.0018s ]
SQL: SHOW COLUMNS FROM `brand` [ RunTime:0.0046s ]
SQL: SELECT * FROM `category`  [ RunTime:0.0006s ]
SQL: SELECT `id`,`name` FROM `brand` LIMIT 1000   [ RunTime:0.0004s ]
SQL: SHOW COLUMNS FROM `attribute` [ RunTime:0.0023s ]
ERR: SQLSTATE[42000]: Syntax error or access violation: 1103 Incorrect table name ''

[ 2015-07-12T10:37:17+08:00 ] 127.0.0.1 /Project/erp/web/index.php/Product/Category/index.html
INFO: [ app_init ] --START--
INFO: Run Behavior\BuildLiteBehavior [ RunTime:0.000015s ]
INFO: [ app_init ] --END-- [ RunTime:0.000327s ]
INFO: [ app_begin ] --START--
INFO: Run Behavior\ReadHtmlCacheBehavior [ RunTime:0.000437s ]
INFO: [ app_begin ] --END-- [ RunTime:0.000495s ]
SQL: SHOW COLUMNS FROM `category` [ RunTime:0.0019s ]
SQL: SHOW COLUMNS FROM `attribute` [ RunTime:0.0019s ]
SQL: SHOW COLUMNS FROM `category_attr` [ RunTime:0.0029s ]
SQL: SELECT * FROM `category`  [ RunTime:0.0008s ]
INFO: [ view_parse ] --START--
INFO: [ template_filter ] --START--
INFO: Run Behavior\ContentReplaceBehavior [ RunTime:0.000044s ]
INFO: [ template_filter ] --END-- [ RunTime:0.000113s ]
NOTIC: [8] Undefined index: id /Users/Liyn/Desktop/home/Project/erp/Application/Runtime/Cache/Product/86112a06863d9b7785599a645236f48d.php 第 49 行.
NOTIC: [8] Undefined index: id /Users/Liyn/Desktop/home/Project/erp/Application/Runtime/Cache/Product/86112a06863d9b7785599a645236f48d.php 第 49 行.
NOTIC: [8] Undefined index: id /Users/Liyn/Desktop/home/Project/erp/Application/Runtime/Cache/Product/86112a06863d9b7785599a645236f48d.php 第 49 行.
NOTIC: [8] Undefined index: id /Users/Liyn/Desktop/home/Project/erp/Application/Runtime/Cache/Product/86112a06863d9b7785599a645236f48d.php 第 49 行.
NOTIC: [8] Undefined index: id /Users/Liyn/Desktop/home/Project/erp/Application/Runtime/Cache/Product/86112a06863d9b7785599a645236f48d.php 第 49 行.
NOTIC: [8] Undefined index: id /Users/Liyn/Desktop/home/Project/erp/Application/Runtime/Cache/Product/86112a06863d9b7785599a645236f48d.php 第 49 行.
NOTIC: [8] Undefined index: id /Users/Liyn/Desktop/home/Project/erp/Application/Runtime/Cache/Product/86112a06863d9b7785599a645236f48d.php 第 49 行.
NOTIC: [8] Undefined index: id /Users/Liyn/Desktop/home/Project/erp/Application/Runtime/Cache/Product/86112a06863d9b7785599a645236f48d.php 第 49 行.
NOTIC: [8] Undefined index: id /Users/Liyn/Desktop/home/Project/erp/Application/Runtime/Cache/Product/86112a06863d9b7785599a645236f48d.php 第 49 行.
NOTIC: [8] Undefined index: id /Users/Liyn/Desktop/home/Project/erp/Application/Runtime/Cache/Product/86112a06863d9b7785599a645236f48d.php 第 49 行.
NOTIC: [8] Undefined index: id /Users/Liyn/Desktop/home/Project/erp/Application/Runtime/Cache/Product/86112a06863d9b7785599a645236f48d.php 第 49 行.
NOTIC: [8] Undefined index: id /Users/Liyn/Desktop/home/Project/erp/Application/Runtime/Cache/Product/86112a06863d9b7785599a645236f48d.php 第 49 行.
NOTIC: [8] Undefined index: id /Users/Liyn/Desktop/home/Project/erp/Application/Runtime/Cache/Product/86112a06863d9b7785599a645236f48d.php 第 49 行.
NOTIC: [8] Undefined index: id /Users/Liyn/Desktop/home/Project/erp/Application/Runtime/Cache/Product/86112a06863d9b7785599a645236f48d.php 第 49 行.
NOTIC: [8] Undefined index: id /Users/Liyn/Desktop/home/Project/erp/Application/Runtime/Cache/Product/86112a06863d9b7785599a645236f48d.php 第 49 行.
NOTIC: [8] Undefined index: id /Users/Liyn/Desktop/home/Project/erp/Application/Runtime/Cache/Product/86112a06863d9b7785599a645236f48d.php 第 49 行.
NOTIC: [8] Undefined index: id /Users/Liyn/Desktop/home/Project/erp/Application/Runtime/Cache/Product/86112a06863d9b7785599a645236f48d.php 第 49 行.
NOTIC: [8] Undefined index: id /Users/Liyn/Desktop/home/Project/erp/Application/Runtime/Cache/Product/86112a06863d9b7785599a645236f48d.php 第 49 行.
NOTIC: [8] Undefined index: id /Users/Liyn/Desktop/home/Project/erp/Application/Runtime/Cache/Product/86112a06863d9b7785599a645236f48d.php 第 49 行.
NOTIC: [8] Undefined index: id /Users/Liyn/Desktop/home/Project/erp/Application/Runtime/Cache/Product/86112a06863d9b7785599a645236f48d.php 第 49 行.
NOTIC: [8] Undefined index: id /Users/Liyn/Desktop/home/Project/erp/Application/Runtime/Cache/Product/86112a06863d9b7785599a645236f48d.php 第 49 行.
INFO: Run Behavior\ParseTemplateBehavior [ RunTime:0.017953s ]
INFO: [ view_parse ] --END-- [ RunTime:0.018048s ]
INFO: [ view_filter ] --START--
INFO: Run Behavior\WriteHtmlCacheBehavior [ RunTime:0.000175s ]
INFO: [ view_filter ] --END-- [ RunTime:0.000223s ]
INFO: [ app_end ] --START--
INFO: Run Behavior\ShowPageTraceBehavior [ RunTime:0.000543s ]
INFO: [ app_end ] --END-- [ RunTime:0.000619s ]

[ 2015-07-12T10:37:18+08:00 ] 127.0.0.1 /Project/erp/web/index.php/Product/Attribute/index.html
INFO: [ app_init ] --START--
INFO: Run Behavior\BuildLiteBehavior [ RunTime:0.000017s ]
INFO: [ app_init ] --END-- [ RunTime:0.000355s ]
INFO: [ app_begin ] --START--
INFO: Run Behavior\ReadHtmlCacheBehavior [ RunTime:0.000463s ]
INFO: [ app_begin ] --END-- [ RunTime:0.000524s ]
SQL: SHOW COLUMNS FROM `attribute` [ RunTime:0.0032s ]
SQL: SHOW COLUMNS FROM `category_attr` [ RunTime:0.0018s ]
SQL: SELECT * FROM `attribute`  [ RunTime:0.0016s ]
INFO: [ view_parse ] --START--
INFO: [ template_filter ] --START--
INFO: Run Behavior\ContentReplaceBehavior [ RunTime:0.000038s ]
INFO: [ template_filter ] --END-- [ RunTime:0.000104s ]
INFO: Run Behavior\ParseTemplateBehavior [ RunTime:0.011669s ]
INFO: [ view_parse ] --END-- [ RunTime:0.011741s ]
INFO: [ view_filter ] --START--
INFO: Run Behavior\WriteHtmlCacheBehavior [ RunTime:0.000182s ]
INFO: [ view_filter ] --END-- [ RunTime:0.000233s ]
INFO: [ app_end ] --START--
INFO: Run Behavior\ShowPageTraceBehavior [ RunTime:0.000564s ]
INFO: [ app_end ] --END-- [ RunTime:0.000629s ]

[ 2015-07-12T10:37:19+08:00 ] 127.0.0.1 /Project/erp/web/index.php/Product/Category/index.html
INFO: [ app_init ] --START--
INFO: Run Behavior\BuildLiteBehavior [ RunTime:0.000014s ]
INFO: [ app_init ] --END-- [ RunTime:0.000301s ]
INFO: [ app_begin ] --START--
INFO: Run Behavior\ReadHtmlCacheBehavior [ RunTime:0.000399s ]
INFO: [ app_begin ] --END-- [ RunTime:0.000453s ]
SQL: SHOW COLUMNS FROM `category` [ RunTime:0.0021s ]
SQL: SHOW COLUMNS FROM `attribute` [ RunTime:0.0021s ]
SQL: SHOW COLUMNS FROM `category_attr` [ RunTime:0.0022s ]
SQL: SELECT * FROM `category`  [ RunTime:0.0003s ]
INFO: [ view_parse ] --START--
INFO: [ template_filter ] --START--
INFO: Run Behavior\ContentReplaceBehavior [ RunTime:0.000041s ]
INFO: [ template_filter ] --END-- [ RunTime:0.000109s ]
NOTIC: [8] Undefined index: id /Users/Liyn/Desktop/home/Project/erp/Application/Runtime/Cache/Product/86112a06863d9b7785599a645236f48d.php 第 49 行.
NOTIC: [8] Undefined index: id /Users/Liyn/Desktop/home/Project/erp/Application/Runtime/Cache/Product/86112a06863d9b7785599a645236f48d.php 第 49 行.
NOTIC: [8] Undefined index: id /Users/Liyn/Desktop/home/Project/erp/Application/Runtime/Cache/Product/86112a06863d9b7785599a645236f48d.php 第 49 行.
NOTIC: [8] Undefined index: id /Users/Liyn/Desktop/home/Project/erp/Application/Runtime/Cache/Product/86112a06863d9b7785599a645236f48d.php 第 49 行.
NOTIC: [8] Undefined index: id /Users/Liyn/Desktop/home/Project/erp/Application/Runtime/Cache/Product/86112a06863d9b7785599a645236f48d.php 第 49 行.
NOTIC: [8] Undefined index: id /Users/Liyn/Desktop/home/Project/erp/Application/Runtime/Cache/Product/86112a06863d9b7785599a645236f48d.php 第 49 行.
NOTIC: [8] Undefined index: id /Users/Liyn/Desktop/home/Project/erp/Application/Runtime/Cache/Product/86112a06863d9b7785599a645236f48d.php 第 49 行.
NOTIC: [8] Undefined index: id /Users/Liyn/Desktop/home/Project/erp/Application/Runtime/Cache/Product/86112a06863d9b7785599a645236f48d.php 第 49 行.
NOTIC: [8] Undefined index: id /Users/Liyn/Desktop/home/Project/erp/Application/Runtime/Cache/Product/86112a06863d9b7785599a645236f48d.php 第 49 行.
NOTIC: [8] Undefined index: id /Users/Liyn/Desktop/home/Project/erp/Application/Runtime/Cache/Product/86112a06863d9b7785599a645236f48d.php 第 49 行.
NOTIC: [8] Undefined index: id /Users/Liyn/Desktop/home/Project/erp/Application/Runtime/Cache/Product/86112a06863d9b7785599a645236f48d.php 第 49 行.
NOTIC: [8] Undefined index: id /Users/Liyn/Desktop/home/Project/erp/Application/Runtime/Cache/Product/86112a06863d9b7785599a645236f48d.php 第 49 行.
NOTIC: [8] Undefined index: id /Users/Liyn/Desktop/home/Project/erp/Application/Runtime/Cache/Product/86112a06863d9b7785599a645236f48d.php 第 49 行.
NOTIC: [8] Undefined index: id /Users/Liyn/Desktop/home/Project/erp/Application/Runtime/Cache/Product/86112a06863d9b7785599a645236f48d.php 第 49 行.
NOTIC: [8] Undefined index: id /Users/Liyn/Desktop/home/Project/erp/Application/Runtime/Cache/Product/86112a06863d9b7785599a645236f48d.php 第 49 行.
NOTIC: [8] Undefined index: id /Users/Liyn/Desktop/home/Project/erp/Application/Runtime/Cache/Product/86112a06863d9b7785599a645236f48d.php 第 49 行.
NOTIC: [8] Undefined index: id /Users/Liyn/Desktop/home/Project/erp/Application/Runtime/Cache/Product/86112a06863d9b7785599a645236f48d.php 第 49 行.
NOTIC: [8] Undefined index: id /Users/Liyn/Desktop/home/Project/erp/Application/Runtime/Cache/Product/86112a06863d9b7785599a645236f48d.php 第 49 行.
NOTIC: [8] Undefined index: id /Users/Liyn/Desktop/home/Project/erp/Application/Runtime/Cache/Product/86112a06863d9b7785599a645236f48d.php 第 49 行.
NOTIC: [8] Undefined index: id /Users/Liyn/Desktop/home/Project/erp/Application/Runtime/Cache/Product/86112a06863d9b7785599a645236f48d.php 第 49 行.
NOTIC: [8] Undefined index: id /Users/Liyn/Desktop/home/Project/erp/Application/Runtime/Cache/Product/86112a06863d9b7785599a645236f48d.php 第 49 行.
INFO: Run Behavior\ParseTemplateBehavior [ RunTime:0.012795s ]
INFO: [ view_parse ] --END-- [ RunTime:0.012853s ]
INFO: [ view_filter ] --START--
INFO: Run Behavior\WriteHtmlCacheBehavior [ RunTime:0.000139s ]
INFO: [ view_filter ] --END-- [ RunTime:0.000185s ]
INFO: [ app_end ] --START--
INFO: Run Behavior\ShowPageTraceBehavior [ RunTime:0.000513s ]
INFO: [ app_end ] --END-- [ RunTime:0.000582s ]

[ 2015-07-12T10:37:23+08:00 ] 127.0.0.1 /Project/erp/web/index.php/Product/Product/index.html
INFO: [ app_init ] --START--
INFO: Run Behavior\BuildLiteBehavior [ RunTime:0.000015s ]
INFO: [ app_init ] --END-- [ RunTime:0.000308s ]
INFO: [ app_begin ] --START--
INFO: Run Behavior\ReadHtmlCacheBehavior [ RunTime:0.000657s ]
INFO: [ app_begin ] --END-- [ RunTime:0.000749s ]
SQL: SHOW COLUMNS FROM `product` [ RunTime:0.0018s ]
SQL: SHOW COLUMNS FROM `product_details` [ RunTime:0.0017s ]
SQL: SHOW COLUMNS FROM `category` [ RunTime:0.0035s ]
SQL: SHOW COLUMNS FROM `brand` [ RunTime:0.0037s ]
SQL: SELECT * FROM `category`  [ RunTime:0.0004s ]
SQL: SELECT `id`,`name` FROM `brand` LIMIT 1000   [ RunTime:0.0002s ]
SQL: SELECT * FROM `product` WHERE ( 1  ) LIMIT 20   [ RunTime:0.0002s ]
SQL: SELECT `name` FROM `category` WHERE ( cid=19 ) LIMIT 1   [ RunTime:0.0002s ]
SQL: SELECT `name` FROM `brand` WHERE ( id=2 ) LIMIT 1   [ RunTime:0.0001s ]
SQL: SELECT `small` FROM `product_details` WHERE ( product_id=1 ) LIMIT 1   [ RunTime:0.0002s ]
SQL: SELECT `name` FROM `category` WHERE ( cid=17 ) LIMIT 1   [ RunTime:0.0002s ]
SQL: SELECT `name` FROM `brand` WHERE ( id=1 ) LIMIT 1   [ RunTime:0.0002s ]
SQL: SELECT `small` FROM `product_details` WHERE ( product_id=2 ) LIMIT 1   [ RunTime:0.0002s ]
SQL: SELECT `name` FROM `category` WHERE ( cid=14 ) LIMIT 1   [ RunTime:0.0002s ]
SQL: SELECT `name` FROM `brand` WHERE ( id=8 ) LIMIT 1   [ RunTime:0.0002s ]
SQL: SELECT `small` FROM `product_details` WHERE ( product_id=3 ) LIMIT 1   [ RunTime:0.0002s ]
SQL: SELECT `name` FROM `category` WHERE ( cid=1 ) LIMIT 1   [ RunTime:0.0002s ]
SQL: SELECT `name` FROM `brand` WHERE ( id=5 ) LIMIT 1   [ RunTime:0.0001s ]
SQL: SELECT `small` FROM `product_details` WHERE ( product_id=4 ) LIMIT 1   [ RunTime:0.0002s ]
SQL: SELECT `name` FROM `category` WHERE ( cid=4 ) LIMIT 1   [ RunTime:0.0001s ]
SQL: SELECT `name` FROM `brand` WHERE ( id=3 ) LIMIT 1   [ RunTime:0.0002s ]
SQL: SELECT `small` FROM `product_details` WHERE ( product_id=5 ) LIMIT 1   [ RunTime:0.0002s ]
SQL: SELECT `name` FROM `category` WHERE ( cid=5 ) LIMIT 1   [ RunTime:0.0003s ]
SQL: SELECT `name` FROM `brand` WHERE ( id=7 ) LIMIT 1   [ RunTime:0.0003s ]
SQL: SELECT `small` FROM `product_details` WHERE ( product_id=6 ) LIMIT 1   [ RunTime:0.0004s ]
SQL: SELECT `name` FROM `category` WHERE ( cid=21 ) LIMIT 1   [ RunTime:0.0004s ]
SQL: SELECT `name` FROM `brand` WHERE ( id=5 ) LIMIT 1   [ RunTime:0.0003s ]
SQL: SELECT `small` FROM `product_details` WHERE ( product_id=7 ) LIMIT 1   [ RunTime:0.0003s ]
SQL: SELECT `name` FROM `category` WHERE ( cid=17 ) LIMIT 1   [ RunTime:0.0003s ]
SQL: SELECT `name` FROM `brand` WHERE ( id=2 ) LIMIT 1   [ RunTime:0.0003s ]
SQL: SELECT `small` FROM `product_details` WHERE ( product_id=8 ) LIMIT 1   [ RunTime:0.0003s ]
INFO: [ view_parse ] --START--
INFO: [ template_filter ] --START--
INFO: Run Behavior\ContentReplaceBehavior [ RunTime:0.000052s ]
INFO: [ template_filter ] --END-- [ RunTime:0.000127s ]
INFO: Run Behavior\ParseTemplateBehavior [ RunTime:0.013186s ]
INFO: [ view_parse ] --END-- [ RunTime:0.013248s ]
INFO: [ view_filter ] --START--
INFO: Run Behavior\WriteHtmlCacheBehavior [ RunTime:0.000161s ]
INFO: [ view_filter ] --END-- [ RunTime:0.000211s ]
INFO: [ app_end ] --START--
INFO: Run Behavior\ShowPageTraceBehavior [ RunTime:0.000581s ]
INFO: [ app_end ] --END-- [ RunTime:0.000678s ]

[ 2015-07-12T10:37:24+08:00 ] 127.0.0.1 /Project/erp/web/index.php/Product/Product/import.html
INFO: [ app_init ] --START--
INFO: Run Behavior\BuildLiteBehavior [ RunTime:0.000015s ]
INFO: [ app_init ] --END-- [ RunTime:0.000334s ]
INFO: [ app_begin ] --START--
INFO: Run Behavior\ReadHtmlCacheBehavior [ RunTime:0.000440s ]
INFO: [ app_begin ] --END-- [ RunTime:0.000494s ]
SQL: SHOW COLUMNS FROM `product` [ RunTime:0.0037s ]
SQL: SHOW COLUMNS FROM `product_details` [ RunTime:0.0018s ]
SQL: SHOW COLUMNS FROM `category` [ RunTime:0.0017s ]
SQL: SHOW COLUMNS FROM `brand` [ RunTime:0.0020s ]
SQL: SELECT * FROM `category`  [ RunTime:0.0002s ]
SQL: SELECT `id`,`name` FROM `brand` LIMIT 1000   [ RunTime:0.0002s ]
INFO: [ view_parse ] --START--
INFO: [ template_filter ] --START--
INFO: Run Behavior\ContentReplaceBehavior [ RunTime:0.000043s ]
INFO: [ template_filter ] --END-- [ RunTime:0.000140s ]
INFO: Run Behavior\ParseTemplateBehavior [ RunTime:0.007771s ]
INFO: [ view_parse ] --END-- [ RunTime:0.007837s ]
INFO: [ view_filter ] --START--
INFO: Run Behavior\WriteHtmlCacheBehavior [ RunTime:0.000138s ]
INFO: [ view_filter ] --END-- [ RunTime:0.000181s ]
INFO: [ app_end ] --START--
INFO: Run Behavior\ShowPageTraceBehavior [ RunTime:0.000457s ]
INFO: [ app_end ] --END-- [ RunTime:0.000507s ]

[ 2015-07-12T10:37:26+08:00 ] 127.0.0.1 /Project/erp/web/index.php/Product/Product/import.html
INFO: [ app_init ] --START--
INFO: Run Behavior\BuildLiteBehavior [ RunTime:0.000014s ]
INFO: [ app_init ] --END-- [ RunTime:0.000329s ]
INFO: [ app_begin ] --START--
INFO: Run Behavior\ReadHtmlCacheBehavior [ RunTime:0.000497s ]
INFO: [ app_begin ] --END-- [ RunTime:0.000559s ]
SQL: SHOW COLUMNS FROM `product` [ RunTime:0.0036s ]
SQL: SHOW COLUMNS FROM `product_details` [ RunTime:0.0020s ]
SQL: SHOW COLUMNS FROM `category` [ RunTime:0.0013s ]
SQL: SHOW COLUMNS FROM `brand` [ RunTime:0.0014s ]
SQL: SELECT * FROM `category`  [ RunTime:0.0002s ]
SQL: SELECT `id`,`name` FROM `brand` LIMIT 1000   [ RunTime:0.0002s ]
INFO: [ view_parse ] --START--
INFO: [ template_filter ] --START--
INFO: Run Behavior\ContentReplaceBehavior [ RunTime:0.000065s ]
INFO: [ template_filter ] --END-- [ RunTime:0.000191s ]
INFO: Run Behavior\ParseTemplateBehavior [ RunTime:0.009291s ]
INFO: [ view_parse ] --END-- [ RunTime:0.009446s ]
INFO: [ view_filter ] --START--
INFO: Run Behavior\WriteHtmlCacheBehavior [ RunTime:0.000240s ]
INFO: [ view_filter ] --END-- [ RunTime:0.000339s ]
INFO: [ app_end ] --START--
INFO: Run Behavior\ShowPageTraceBehavior [ RunTime:0.000536s ]
INFO: [ app_end ] --END-- [ RunTime:0.000594s ]

[ 2015-07-12T15:11:04+08:00 ] 127.0.0.1 /Project/erp/web/index.php/Product/Brand/index.html
INFO: [ app_init ] --START--
INFO: Run Behavior\BuildLiteBehavior [ RunTime:0.000017s ]
INFO: [ app_init ] --END-- [ RunTime:0.000446s ]
INFO: [ app_begin ] --START--
INFO: Run Behavior\ReadHtmlCacheBehavior [ RunTime:0.000439s ]
INFO: [ app_begin ] --END-- [ RunTime:0.000498s ]
SQL: SHOW COLUMNS FROM `brand` [ RunTime:0.0017s ]
SQL: SELECT * FROM `brand`  [ RunTime:0.0015s ]
INFO: [ view_parse ] --START--
INFO: [ template_filter ] --START--
INFO: Run Behavior\ContentReplaceBehavior [ RunTime:0.000057s ]
INFO: [ template_filter ] --END-- [ RunTime:0.000162s ]
INFO: Run Behavior\ParseTemplateBehavior [ RunTime:0.012738s ]
INFO: [ view_parse ] --END-- [ RunTime:0.012839s ]
INFO: [ view_filter ] --START--
INFO: Run Behavior\WriteHtmlCacheBehavior [ RunTime:0.000215s ]
INFO: [ view_filter ] --END-- [ RunTime:0.000278s ]
INFO: [ app_end ] --START--
INFO: Run Behavior\ShowPageTraceBehavior [ RunTime:0.000701s ]
INFO: [ app_end ] --END-- [ RunTime:0.000817s ]

[ 2015-07-12T15:11:06+08:00 ] 127.0.0.1 /Project/erp/web/index.php/Product/Brand/add.html
INFO: [ app_init ] --START--
INFO: Run Behavior\BuildLiteBehavior [ RunTime:0.000015s ]
INFO: [ app_init ] --END-- [ RunTime:0.000321s ]
INFO: [ app_begin ] --START--
INFO: Run Behavior\ReadHtmlCacheBehavior [ RunTime:0.000571s ]
INFO: [ app_begin ] --END-- [ RunTime:0.000634s ]
SQL: SHOW COLUMNS FROM `brand` [ RunTime:0.0017s ]
INFO: [ view_parse ] --START--
INFO: [ template_filter ] --START--
INFO: Run Behavior\ContentReplaceBehavior [ RunTime:0.000050s ]
INFO: [ template_filter ] --END-- [ RunTime:0.000159s ]
INFO: Run Behavior\ParseTemplateBehavior [ RunTime:0.008104s ]
INFO: [ view_parse ] --END-- [ RunTime:0.008235s ]
INFO: [ view_filter ] --START--
INFO: Run Behavior\WriteHtmlCacheBehavior [ RunTime:0.000634s ]
INFO: [ view_filter ] --END-- [ RunTime:0.000765s ]
INFO: [ app_end ] --START--
INFO: Run Behavior\ShowPageTraceBehavior [ RunTime:0.001013s ]
INFO: [ app_end ] --END-- [ RunTime:0.001162s ]

[ 2015-07-12T15:11:08+08:00 ] 127.0.0.1 /Project/erp/web/index.php/Product/Attribute/index.html
INFO: [ app_init ] --START--
INFO: Run Behavior\BuildLiteBehavior [ RunTime:0.000027s ]
INFO: [ app_init ] --END-- [ RunTime:0.000480s ]
INFO: [ app_begin ] --START--
INFO: Run Behavior\ReadHtmlCacheBehavior [ RunTime:0.000663s ]
INFO: [ app_begin ] --END-- [ RunTime:0.000778s ]
SQL: SHOW COLUMNS FROM `attribute` [ RunTime:0.0017s ]
SQL: SHOW COLUMNS FROM `category_attr` [ RunTime:0.0021s ]
SQL: SELECT * FROM `attribute`  [ RunTime:0.0016s ]
INFO: [ view_parse ] --START--
INFO: [ template_filter ] --START--
INFO: Run Behavior\ContentReplaceBehavior [ RunTime:0.000037s ]
INFO: [ template_filter ] --END-- [ RunTime:0.000106s ]
INFO: Run Behavior\ParseTemplateBehavior [ RunTime:0.013709s ]
INFO: [ view_parse ] --END-- [ RunTime:0.013789s ]
INFO: [ view_filter ] --START--
INFO: Run Behavior\WriteHtmlCacheBehavior [ RunTime:0.000136s ]
INFO: [ view_filter ] --END-- [ RunTime:0.000183s ]
INFO: [ app_end ] --START--
INFO: Run Behavior\ShowPageTraceBehavior [ RunTime:0.000696s ]
INFO: [ app_end ] --END-- [ RunTime:0.000783s ]

[ 2015-07-12T16:11:09+08:00 ] 127.0.0.1 /Project/erp/web/index.php/Product/Product/index.html
INFO: [ app_init ] --START--
INFO: Run Behavior\BuildLiteBehavior [ RunTime:0.000016s ]
INFO: [ app_init ] --END-- [ RunTime:0.000356s ]
INFO: [ app_begin ] --START--
INFO: Run Behavior\ReadHtmlCacheBehavior [ RunTime:0.000494s ]
INFO: [ app_begin ] --END-- [ RunTime:0.000562s ]
SQL: SHOW COLUMNS FROM `product` [ RunTime:0.0018s ]
SQL: SHOW COLUMNS FROM `product_details` [ RunTime:0.0036s ]
SQL: SHOW COLUMNS FROM `category` [ RunTime:0.0023s ]
SQL: SHOW COLUMNS FROM `brand` [ RunTime:0.0022s ]
SQL: SELECT * FROM `category`  [ RunTime:0.0019s ]
SQL: SELECT `id`,`name` FROM `brand` LIMIT 1000   [ RunTime:0.0002s ]
SQL: SELECT * FROM `product` WHERE ( 1  ) LIMIT 20   [ RunTime:0.0012s ]
SQL: SELECT `name` FROM `category` WHERE ( cid=19 ) LIMIT 1   [ RunTime:0.0002s ]
SQL: SELECT `name` FROM `brand` WHERE ( id=2 ) LIMIT 1   [ RunTime:0.0002s ]
SQL: SELECT `small` FROM `product_details` WHERE ( product_id=1 ) LIMIT 1   [ RunTime:0.0002s ]
SQL: SELECT `name` FROM `category` WHERE ( cid=17 ) LIMIT 1   [ RunTime:0.0002s ]
SQL: SELECT `name` FROM `brand` WHERE ( id=1 ) LIMIT 1   [ RunTime:0.0002s ]
SQL: SELECT `small` FROM `product_details` WHERE ( product_id=2 ) LIMIT 1   [ RunTime:0.0002s ]
SQL: SELECT `name` FROM `category` WHERE ( cid=14 ) LIMIT 1   [ RunTime:0.0002s ]
SQL: SELECT `name` FROM `brand` WHERE ( id=8 ) LIMIT 1   [ RunTime:0.0002s ]
SQL: SELECT `small` FROM `product_details` WHERE ( product_id=3 ) LIMIT 1   [ RunTime:0.0002s ]
SQL: SELECT `name` FROM `category` WHERE ( cid=1 ) LIMIT 1   [ RunTime:0.0002s ]
SQL: SELECT `name` FROM `brand` WHERE ( id=5 ) LIMIT 1   [ RunTime:0.0002s ]
SQL: SELECT `small` FROM `product_details` WHERE ( product_id=4 ) LIMIT 1   [ RunTime:0.0018s ]
SQL: SELECT `name` FROM `category` WHERE ( cid=4 ) LIMIT 1   [ RunTime:0.0002s ]
SQL: SELECT `name` FROM `brand` WHERE ( id=3 ) LIMIT 1   [ RunTime:0.0002s ]
SQL: SELECT `small` FROM `product_details` WHERE ( product_id=5 ) LIMIT 1   [ RunTime:0.0002s ]
SQL: SELECT `name` FROM `category` WHERE ( cid=5 ) LIMIT 1   [ RunTime:0.0001s ]
SQL: SELECT `name` FROM `brand` WHERE ( id=7 ) LIMIT 1   [ RunTime:0.0002s ]
SQL: SELECT `small` FROM `product_details` WHERE ( product_id=6 ) LIMIT 1   [ RunTime:0.0002s ]
SQL: SELECT `name` FROM `category` WHERE ( cid=21 ) LIMIT 1   [ RunTime:0.0002s ]
SQL: SELECT `name` FROM `brand` WHERE ( id=5 ) LIMIT 1   [ RunTime:0.0006s ]
SQL: SELECT `small` FROM `product_details` WHERE ( product_id=7 ) LIMIT 1   [ RunTime:0.0006s ]
SQL: SELECT `name` FROM `category` WHERE ( cid=17 ) LIMIT 1   [ RunTime:0.0006s ]
SQL: SELECT `name` FROM `brand` WHERE ( id=2 ) LIMIT 1   [ RunTime:0.0008s ]
SQL: SELECT `small` FROM `product_details` WHERE ( product_id=8 ) LIMIT 1   [ RunTime:0.0004s ]
INFO: [ view_parse ] --START--
INFO: [ template_filter ] --START--
INFO: Run Behavior\ContentReplaceBehavior [ RunTime:0.000056s ]
INFO: [ template_filter ] --END-- [ RunTime:0.000153s ]
INFO: Run Behavior\ParseTemplateBehavior [ RunTime:0.012078s ]
INFO: [ view_parse ] --END-- [ RunTime:0.012229s ]
INFO: [ view_filter ] --START--
INFO: Run Behavior\WriteHtmlCacheBehavior [ RunTime:0.000431s ]
INFO: [ view_filter ] --END-- [ RunTime:0.000530s ]
INFO: [ app_end ] --START--
INFO: Run Behavior\ShowPageTraceBehavior [ RunTime:0.001114s ]
INFO: [ app_end ] --END-- [ RunTime:0.001323s ]

[ 2015-07-12T16:11:10+08:00 ] 127.0.0.1 /Project/erp/web/index.php/Product/Product/import.html
INFO: [ app_init ] --START--
INFO: Run Behavior\BuildLiteBehavior [ RunTime:0.000027s ]
INFO: [ app_init ] --END-- [ RunTime:0.000504s ]
INFO: [ app_begin ] --START--
INFO: Run Behavior\ReadHtmlCacheBehavior [ RunTime:0.000676s ]
INFO: [ app_begin ] --END-- [ RunTime:0.000800s ]
SQL: SHOW COLUMNS FROM `product` [ RunTime:0.0027s ]
SQL: SHOW COLUMNS FROM `product_details` [ RunTime:0.0021s ]
SQL: SHOW COLUMNS FROM `category` [ RunTime:0.0020s ]
SQL: SHOW COLUMNS FROM `brand` [ RunTime:0.0014s ]
SQL: SELECT * FROM `category`  [ RunTime:0.0007s ]
SQL: SELECT `id`,`name` FROM `brand` LIMIT 1000   [ RunTime:0.0010s ]
INFO: [ view_parse ] --START--
INFO: [ template_filter ] --START--
INFO: Run Behavior\ContentReplaceBehavior [ RunTime:0.000061s ]
INFO: [ template_filter ] --END-- [ RunTime:0.000159s ]
INFO: Run Behavior\ParseTemplateBehavior [ RunTime:0.010859s ]
INFO: [ view_parse ] --END-- [ RunTime:0.011019s ]
INFO: [ view_filter ] --START--
INFO: Run Behavior\WriteHtmlCacheBehavior [ RunTime:0.000182s ]
INFO: [ view_filter ] --END-- [ RunTime:0.000231s ]
INFO: [ app_end ] --START--
INFO: Run Behavior\ShowPageTraceBehavior [ RunTime:0.000549s ]
INFO: [ app_end ] --END-- [ RunTime:0.000614s ]

[ 2015-07-12T16:11:10+08:00 ] 127.0.0.1 /Project/erp/web/index.php/Product/Product/picSize.html
INFO: [ app_init ] --START--
INFO: Run Behavior\BuildLiteBehavior [ RunTime:0.000023s ]
INFO: [ app_init ] --END-- [ RunTime:0.000466s ]
INFO: [ app_begin ] --START--
INFO: Run Behavior\ReadHtmlCacheBehavior [ RunTime:0.000542s ]
INFO: [ app_begin ] --END-- [ RunTime:0.000606s ]
SQL: SHOW COLUMNS FROM `product` [ RunTime:0.0032s ]
SQL: SHOW COLUMNS FROM `product_details` [ RunTime:0.0013s ]
SQL: SHOW COLUMNS FROM `category` [ RunTime:0.0043s ]
SQL: SHOW COLUMNS FROM `brand` [ RunTime:0.0035s ]
SQL: SELECT * FROM `category`  [ RunTime:0.0005s ]
SQL: SELECT `id`,`name` FROM `brand` LIMIT 1000   [ RunTime:0.0004s ]
ERR: 非法操作:picSize

[ 2015-07-12T16:11:11+08:00 ] 127.0.0.1 /Project/erp/web/index.php/Product/Category/index.html
INFO: [ app_init ] --START--
INFO: Run Behavior\BuildLiteBehavior [ RunTime:0.000021s ]
INFO: [ app_init ] --END-- [ RunTime:0.000457s ]
INFO: [ app_begin ] --START--
INFO: Run Behavior\ReadHtmlCacheBehavior [ RunTime:0.001012s ]
INFO: [ app_begin ] --END-- [ RunTime:0.001326s ]
SQL: SHOW COLUMNS FROM `category` [ RunTime:0.0041s ]
SQL: SHOW COLUMNS FROM `attribute` [ RunTime:0.0016s ]
SQL: SHOW COLUMNS FROM `category_attr` [ RunTime:0.0016s ]
SQL: SELECT * FROM `category`  [ RunTime:0.0003s ]
INFO: [ view_parse ] --START--
INFO: [ template_filter ] --START--
INFO: Run Behavior\ContentReplaceBehavior [ RunTime:0.000056s ]
INFO: [ template_filter ] --END-- [ RunTime:0.000149s ]
NOTIC: [8] Undefined index: id /Users/Liyn/Desktop/home/Project/erp/Application/Runtime/Cache/Product/86112a06863d9b7785599a645236f48d.php 第 49 行.
NOTIC: [8] Undefined index: id /Users/Liyn/Desktop/home/Project/erp/Application/Runtime/Cache/Product/86112a06863d9b7785599a645236f48d.php 第 49 行.
NOTIC: [8] Undefined index: id /Users/Liyn/Desktop/home/Project/erp/Application/Runtime/Cache/Product/86112a06863d9b7785599a645236f48d.php 第 49 行.
NOTIC: [8] Undefined index: id /Users/Liyn/Desktop/home/Project/erp/Application/Runtime/Cache/Product/86112a06863d9b7785599a645236f48d.php 第 49 行.
NOTIC: [8] Undefined index: id /Users/Liyn/Desktop/home/Project/erp/Application/Runtime/Cache/Product/86112a06863d9b7785599a645236f48d.php 第 49 行.
NOTIC: [8] Undefined index: id /Users/Liyn/Desktop/home/Project/erp/Application/Runtime/Cache/Product/86112a06863d9b7785599a645236f48d.php 第 49 行.
NOTIC: [8] Undefined index: id /Users/Liyn/Desktop/home/Project/erp/Application/Runtime/Cache/Product/86112a06863d9b7785599a645236f48d.php 第 49 行.
NOTIC: [8] Undefined index: id /Users/Liyn/Desktop/home/Project/erp/Application/Runtime/Cache/Product/86112a06863d9b7785599a645236f48d.php 第 49 行.
NOTIC: [8] Undefined index: id /Users/Liyn/Desktop/home/Project/erp/Application/Runtime/Cache/Product/86112a06863d9b7785599a645236f48d.php 第 49 行.
NOTIC: [8] Undefined index: id /Users/Liyn/Desktop/home/Project/erp/Application/Runtime/Cache/Product/86112a06863d9b7785599a645236f48d.php 第 49 行.
NOTIC: [8] Undefined index: id /Users/Liyn/Desktop/home/Project/erp/Application/Runtime/Cache/Product/86112a06863d9b7785599a645236f48d.php 第 49 行.
NOTIC: [8] Undefined index: id /Users/Liyn/Desktop/home/Project/erp/Application/Runtime/Cache/Product/86112a06863d9b7785599a645236f48d.php 第 49 行.
NOTIC: [8] Undefined index: id /Users/Liyn/Desktop/home/Project/erp/Application/Runtime/Cache/Product/86112a06863d9b7785599a645236f48d.php 第 49 行.
NOTIC: [8] Undefined index: id /Users/Liyn/Desktop/home/Project/erp/Application/Runtime/Cache/Product/86112a06863d9b7785599a645236f48d.php 第 49 行.
NOTIC: [8] Undefined index: id /Users/Liyn/Desktop/home/Project/erp/Application/Runtime/Cache/Product/86112a06863d9b7785599a645236f48d.php 第 49 行.
NOTIC: [8] Undefined index: id /Users/Liyn/Desktop/home/Project/erp/Application/Runtime/Cache/Product/86112a06863d9b7785599a645236f48d.php 第 49 行.
NOTIC: [8] Undefined index: id /Users/Liyn/Desktop/home/Project/erp/Application/Runtime/Cache/Product/86112a06863d9b7785599a645236f48d.php 第 49 行.
NOTIC: [8] Undefined index: id /Users/Liyn/Desktop/home/Project/erp/Application/Runtime/Cache/Product/86112a06863d9b7785599a645236f48d.php 第 49 行.
NOTIC: [8] Undefined index: id /Users/Liyn/Desktop/home/Project/erp/Application/Runtime/Cache/Product/86112a06863d9b7785599a645236f48d.php 第 49 行.
NOTIC: [8] Undefined index: id /Users/Liyn/Desktop/home/Project/erp/Application/Runtime/Cache/Product/86112a06863d9b7785599a645236f48d.php 第 49 行.
NOTIC: [8] Undefined index: id /Users/Liyn/Desktop/home/Project/erp/Application/Runtime/Cache/Product/86112a06863d9b7785599a645236f48d.php 第 49 行.
INFO: Run Behavior\ParseTemplateBehavior [ RunTime:0.022054s ]
INFO: [ view_parse ] --END-- [ RunTime:0.022152s ]
INFO: [ view_filter ] --START--
INFO: Run Behavior\WriteHtmlCacheBehavior [ RunTime:0.000409s ]
INFO: [ view_filter ] --END-- [ RunTime:0.000488s ]
INFO: [ app_end ] --START--
INFO: Run Behavior\ShowPageTraceBehavior [ RunTime:0.000729s ]
INFO: [ app_end ] --END-- [ RunTime:0.000826s ]

[ 2015-07-12T16:11:12+08:00 ] 127.0.0.1 /Project/erp/web/index.php/Product/Attribute/index.html
INFO: [ app_init ] --START--
INFO: Run Behavior\BuildLiteBehavior [ RunTime:0.000017s ]
INFO: [ app_init ] --END-- [ RunTime:0.000356s ]
INFO: [ app_begin ] --START--
INFO: Run Behavior\ReadHtmlCacheBehavior [ RunTime:0.000464s ]
INFO: [ app_begin ] --END-- [ RunTime:0.000532s ]
SQL: SHOW COLUMNS FROM `attribute` [ RunTime:0.0017s ]
SQL: SHOW COLUMNS FROM `category_attr` [ RunTime:0.0014s ]
SQL: SELECT * FROM `attribute`  [ RunTime:0.0002s ]
INFO: [ view_parse ] --START--
INFO: [ template_filter ] --START--
INFO: Run Behavior\ContentReplaceBehavior [ RunTime:0.000046s ]
INFO: [ template_filter ] --END-- [ RunTime:0.000135s ]
INFO: Run Behavior\ParseTemplateBehavior [ RunTime:0.010400s ]
INFO: [ view_parse ] --END-- [ RunTime:0.010466s ]
INFO: [ view_filter ] --START--
INFO: Run Behavior\WriteHtmlCacheBehavior [ RunTime:0.000167s ]
INFO: [ view_filter ] --END-- [ RunTime:0.000217s ]
INFO: [ app_end ] --START--
INFO: Run Behavior\ShowPageTraceBehavior [ RunTime:0.000480s ]
INFO: [ app_end ] --END-- [ RunTime:0.000531s ]

[ 2015-07-12T16:11:13+08:00 ] 127.0.0.1 /Project/erp/web/index.php/Product/Brand/index.html
INFO: [ app_init ] --START--
INFO: Run Behavior\BuildLiteBehavior [ RunTime:0.000017s ]
INFO: [ app_init ] --END-- [ RunTime:0.000387s ]
INFO: [ app_begin ] --START--
INFO: Run Behavior\ReadHtmlCacheBehavior [ RunTime:0.000464s ]
INFO: [ app_begin ] --END-- [ RunTime:0.000532s ]
SQL: SHOW COLUMNS FROM `brand` [ RunTime:0.0017s ]
SQL: SELECT * FROM `brand`  [ RunTime:0.0002s ]
INFO: [ view_parse ] --START--
INFO: [ template_filter ] --START--
INFO: Run Behavior\ContentReplaceBehavior [ RunTime:0.000089s ]
INFO: [ template_filter ] --END-- [ RunTime:0.000302s ]
INFO: Run Behavior\ParseTemplateBehavior [ RunTime:0.011992s ]
INFO: [ view_parse ] --END-- [ RunTime:0.012196s ]
INFO: [ view_filter ] --START--
INFO: Run Behavior\WriteHtmlCacheBehavior [ RunTime:0.000537s ]
INFO: [ view_filter ] --END-- [ RunTime:0.000681s ]
INFO: [ app_end ] --START--
INFO: Run Behavior\ShowPageTraceBehavior [ RunTime:0.000676s ]
INFO: [ app_end ] --END-- [ RunTime:0.000764s ]

