[ 2015-07-16T12:07:50+08:00 ] 127.0.0.1 /Project/erp/web/index.php/Product/Product/index.html
INFO: [ app_init ] --START--
INFO: Run Behavior\BuildLiteBehavior [ RunTime:0.000104s ]
INFO: [ app_init ] --END-- [ RunTime:0.000289s ]
INFO: [ app_begin ] --START--
INFO: Run Behavior\ReadHtmlCacheBehavior [ RunTime:0.001192s ]
INFO: [ app_begin ] --END-- [ RunTime:0.001366s ]
SQL: SHOW COLUMNS FROM `product` [ RunTime:0.0028s ]
SQL: SHOW COLUMNS FROM `product_details` [ RunTime:0.0047s ]
SQL: SHOW COLUMNS FROM `category` [ RunTime:0.0031s ]
SQL: SHOW COLUMNS FROM `brand` [ RunTime:0.0025s ]
SQL: SELECT * FROM `category`  [ RunTime:0.0014s ]
SQL: SELECT `id`,`name` FROM `brand` LIMIT 1000   [ RunTime:0.0020s ]
SQL: SELECT * FROM `product` WHERE ( 1  ) LIMIT 20   [ RunTime:0.0007s ]
INFO: [ view_parse ] --START--
INFO: [ template_filter ] --START--
INFO: Run Behavior\ContentReplaceBehavior [ RunTime:0.000053s ]
INFO: [ template_filter ] --END-- [ RunTime:0.000140s ]
INFO: Run Behavior\ParseTemplateBehavior [ RunTime:0.018224s ]
INFO: [ view_parse ] --END-- [ RunTime:0.018339s ]
INFO: [ view_filter ] --START--
INFO: Run Behavior\WriteHtmlCacheBehavior [ RunTime:0.000261s ]
INFO: [ view_filter ] --END-- [ RunTime:0.000323s ]
INFO: [ app_end ] --START--
INFO: Run Behavior\ShowPageTraceBehavior [ RunTime:0.000605s ]
INFO: [ app_end ] --END-- [ RunTime:0.000686s ]

[ 2015-07-16T13:31:50+08:00 ] 127.0.0.1 /Project/erp/web/index.php/Product/Product/edit/id/1.html
INFO: [ app_init ] --START--
INFO: Run Behavior\BuildLiteBehavior [ RunTime:0.000013s ]
INFO: [ app_init ] --END-- [ RunTime:0.000073s ]
INFO: [ app_begin ] --START--
INFO: Run Behavior\ReadHtmlCacheBehavior [ RunTime:0.000439s ]
INFO: [ app_begin ] --END-- [ RunTime:0.000494s ]
SQL: SHOW COLUMNS FROM `product` [ RunTime:0.0016s ]
SQL: SHOW COLUMNS FROM `product_details` [ RunTime:0.0020s ]
SQL: SHOW COLUMNS FROM `category` [ RunTime:0.0040s ]
SQL: SHOW COLUMNS FROM `brand` [ RunTime:0.0018s ]
SQL: SELECT * FROM `category`  [ RunTime:0.0002s ]
SQL: SELECT `id`,`name` FROM `brand` LIMIT 1000   [ RunTime:0.0001s ]
SQL: SELECT * FROM `product` WHERE ( id=1 ) LIMIT 1   [ RunTime:0.0002s ]
INFO: [ view_parse ] --START--
INFO: [ template_filter ] --START--
INFO: Run Behavior\ContentReplaceBehavior [ RunTime:0.000037s ]
INFO: [ template_filter ] --END-- [ RunTime:0.000096s ]
INFO: Run Behavior\ParseTemplateBehavior [ RunTime:0.005334s ]
INFO: [ view_parse ] --END-- [ RunTime:0.005394s ]
INFO: [ view_filter ] --START--
INFO: Run Behavior\WriteHtmlCacheBehavior [ RunTime:0.000132s ]
INFO: [ view_filter ] --END-- [ RunTime:0.000176s ]

[ 2015-07-16T13:31:52+08:00 ] 127.0.0.1 /Project/erp/web/index.php/Product/Product/edit/id/index
INFO: [ app_init ] --START--
INFO: Run Behavior\BuildLiteBehavior [ RunTime:0.000023s ]
INFO: [ app_init ] --END-- [ RunTime:0.000132s ]
INFO: [ app_begin ] --START--
INFO: Run Behavior\ReadHtmlCacheBehavior [ RunTime:0.000770s ]
INFO: [ app_begin ] --END-- [ RunTime:0.000871s ]
SQL: SHOW COLUMNS FROM `product` [ RunTime:0.0016s ]
SQL: SHOW COLUMNS FROM `product_details` [ RunTime:0.0013s ]
SQL: SHOW COLUMNS FROM `category` [ RunTime:0.0025s ]
SQL: SHOW COLUMNS FROM `brand` [ RunTime:0.0017s ]
SQL: SELECT * FROM `category`  [ RunTime:0.0002s ]
SQL: SELECT `id`,`name` FROM `brand` LIMIT 1000   [ RunTime:0.0001s ]
SQL: SELECT * FROM `product` WHERE ( id=0 ) LIMIT 1   [ RunTime:0.0002s ]
INFO: [ view_parse ] --START--
INFO: [ template_filter ] --START--
INFO: Run Behavior\ContentReplaceBehavior [ RunTime:0.000053s ]
INFO: [ template_filter ] --END-- [ RunTime:0.000150s ]
INFO: Run Behavior\ParseTemplateBehavior [ RunTime:0.006503s ]
INFO: [ view_parse ] --END-- [ RunTime:0.006578s ]
INFO: [ view_filter ] --START--
INFO: Run Behavior\WriteHtmlCacheBehavior [ RunTime:0.000158s ]
INFO: [ view_filter ] --END-- [ RunTime:0.000206s ]

[ 2015-07-16T13:31:54+08:00 ] 127.0.0.1 /Project/erp/web/index.php/Product/Product/edit/id/index
INFO: [ app_init ] --START--
INFO: Run Behavior\BuildLiteBehavior [ RunTime:0.000036s ]
INFO: [ app_init ] --END-- [ RunTime:0.000202s ]
INFO: [ app_begin ] --START--
INFO: Run Behavior\ReadHtmlCacheBehavior [ RunTime:0.001080s ]
INFO: [ app_begin ] --END-- [ RunTime:0.001264s ]
SQL: SHOW COLUMNS FROM `product` [ RunTime:0.0034s ]
SQL: SHOW COLUMNS FROM `product_details` [ RunTime:0.0020s ]
SQL: SHOW COLUMNS FROM `category` [ RunTime:0.0034s ]
SQL: SHOW COLUMNS FROM `brand` [ RunTime:0.0036s ]
SQL: SELECT * FROM `category`  [ RunTime:0.0003s ]
SQL: SELECT `id`,`name` FROM `brand` LIMIT 1000   [ RunTime:0.0004s ]
SQL: SELECT * FROM `product` WHERE ( id=0 ) LIMIT 1   [ RunTime:0.0003s ]
INFO: [ view_parse ] --START--
INFO: [ template_filter ] --START--
INFO: Run Behavior\ContentReplaceBehavior [ RunTime:0.000059s ]
INFO: [ template_filter ] --END-- [ RunTime:0.000171s ]
INFO: Run Behavior\ParseTemplateBehavior [ RunTime:0.007023s ]
INFO: [ view_parse ] --END-- [ RunTime:0.007111s ]
INFO: [ view_filter ] --START--
INFO: Run Behavior\WriteHtmlCacheBehavior [ RunTime:0.000177s ]
INFO: [ view_filter ] --END-- [ RunTime:0.000227s ]

[ 2015-07-16T13:31:58+08:00 ] 127.0.0.1 /Project/erp/web/index.php/Product/Product/edit/id/index
INFO: [ app_init ] --START--
INFO: Run Behavior\BuildLiteBehavior [ RunTime:0.000016s ]
INFO: [ app_init ] --END-- [ RunTime:0.000138s ]
INFO: [ app_begin ] --START--
INFO: Run Behavior\ReadHtmlCacheBehavior [ RunTime:0.001091s ]
INFO: [ app_begin ] --END-- [ RunTime:0.001240s ]
SQL: SHOW COLUMNS FROM `product` [ RunTime:0.0037s ]
SQL: SHOW COLUMNS FROM `product_details` [ RunTime:0.0018s ]
SQL: SHOW COLUMNS FROM `category` [ RunTime:0.0025s ]
SQL: SHOW COLUMNS FROM `brand` [ RunTime:0.0022s ]
SQL: SELECT * FROM `category`  [ RunTime:0.0002s ]
SQL: SELECT `id`,`name` FROM `brand` LIMIT 1000   [ RunTime:0.0001s ]
SQL: SELECT * FROM `product` WHERE ( id=0 ) LIMIT 1   [ RunTime:0.0002s ]
INFO: [ view_parse ] --START--
INFO: [ template_filter ] --START--
INFO: Run Behavior\ContentReplaceBehavior [ RunTime:0.000061s ]
INFO: [ template_filter ] --END-- [ RunTime:0.000174s ]
INFO: Run Behavior\ParseTemplateBehavior [ RunTime:0.009701s ]
INFO: [ view_parse ] --END-- [ RunTime:0.009810s ]
INFO: [ view_filter ] --START--
INFO: Run Behavior\WriteHtmlCacheBehavior [ RunTime:0.000297s ]
INFO: [ view_filter ] --END-- [ RunTime:0.000375s ]

[ 2015-07-16T13:31:58+08:00 ] 127.0.0.1 /Project/erp/web/index.php/Product/Product/
INFO: [ app_init ] --START--
INFO: Run Behavior\BuildLiteBehavior [ RunTime:0.000030s ]
INFO: [ app_init ] --END-- [ RunTime:0.000156s ]
INFO: [ app_begin ] --START--
INFO: Run Behavior\ReadHtmlCacheBehavior [ RunTime:0.000998s ]
INFO: [ app_begin ] --END-- [ RunTime:0.001150s ]
SQL: SHOW COLUMNS FROM `product` [ RunTime:0.0036s ]
SQL: SHOW COLUMNS FROM `product_details` [ RunTime:0.0017s ]
SQL: SHOW COLUMNS FROM `category` [ RunTime:0.0023s ]
SQL: SHOW COLUMNS FROM `brand` [ RunTime:0.0028s ]
SQL: SELECT * FROM `category`  [ RunTime:0.0004s ]
SQL: SELECT `id`,`name` FROM `brand` LIMIT 1000   [ RunTime:0.0004s ]
SQL: SELECT * FROM `product` WHERE ( 1  ) LIMIT 20   [ RunTime:0.0003s ]
INFO: [ view_parse ] --START--
INFO: [ template_filter ] --START--
INFO: Run Behavior\ContentReplaceBehavior [ RunTime:0.000069s ]
INFO: [ template_filter ] --END-- [ RunTime:0.000186s ]
INFO: Run Behavior\ParseTemplateBehavior [ RunTime:0.014643s ]
INFO: [ view_parse ] --END-- [ RunTime:0.014733s ]
INFO: [ view_filter ] --START--
INFO: Run Behavior\WriteHtmlCacheBehavior [ RunTime:0.000153s ]
INFO: [ view_filter ] --END-- [ RunTime:0.000203s ]
INFO: [ app_end ] --START--
INFO: Run Behavior\ShowPageTraceBehavior [ RunTime:0.000475s ]
INFO: [ app_end ] --END-- [ RunTime:0.000554s ]

[ 2015-07-16T14:03:37+08:00 ] 127.0.0.1 /Project/erp/web/index.php/Product/Product/index.html
INFO: [ app_init ] --START--
INFO: Run Behavior\BuildLiteBehavior [ RunTime:0.000023s ]
INFO: [ app_init ] --END-- [ RunTime:0.000130s ]
INFO: [ app_begin ] --START--
INFO: Run Behavior\ReadHtmlCacheBehavior [ RunTime:0.000445s ]
INFO: [ app_begin ] --END-- [ RunTime:0.000505s ]
SQL: SHOW COLUMNS FROM `product` [ RunTime:0.0046s ]
SQL: SHOW COLUMNS FROM `product_details` [ RunTime:0.0017s ]
SQL: SHOW COLUMNS FROM `category` [ RunTime:0.0015s ]
SQL: SHOW COLUMNS FROM `brand` [ RunTime:0.0040s ]
SQL: SELECT * FROM `category`  [ RunTime:0.0008s ]
SQL: SELECT `id`,`name` FROM `brand` LIMIT 1000   [ RunTime:0.0003s ]
SQL: SELECT * FROM `product` WHERE ( 1  ) LIMIT 20   [ RunTime:0.0006s ]
INFO: [ view_parse ] --START--
INFO: [ template_filter ] --START--
INFO: Run Behavior\ContentReplaceBehavior [ RunTime:0.000102s ]
INFO: [ template_filter ] --END-- [ RunTime:0.000272s ]
INFO: Run Behavior\ParseTemplateBehavior [ RunTime:0.013988s ]
INFO: [ view_parse ] --END-- [ RunTime:0.014088s ]
INFO: [ view_filter ] --START--
INFO: Run Behavior\WriteHtmlCacheBehavior [ RunTime:0.000201s ]
INFO: [ view_filter ] --END-- [ RunTime:0.000254s ]
INFO: [ app_end ] --START--
INFO: Run Behavior\ShowPageTraceBehavior [ RunTime:0.000477s ]
INFO: [ app_end ] --END-- [ RunTime:0.000534s ]

[ 2015-07-16T14:03:39+08:00 ] 127.0.0.1 /Project/erp/web/index.php/Product/Product/add.html
INFO: [ app_init ] --START--
INFO: Run Behavior\BuildLiteBehavior [ RunTime:0.000028s ]
INFO: [ app_init ] --END-- [ RunTime:0.000132s ]
INFO: [ app_begin ] --START--
INFO: Run Behavior\ReadHtmlCacheBehavior [ RunTime:0.000621s ]
INFO: [ app_begin ] --END-- [ RunTime:0.000726s ]
SQL: SHOW COLUMNS FROM `product` [ RunTime:0.0034s ]
SQL: SHOW COLUMNS FROM `product_details` [ RunTime:0.0021s ]
SQL: SHOW COLUMNS FROM `category` [ RunTime:0.0036s ]
SQL: SHOW COLUMNS FROM `brand` [ RunTime:0.0021s ]
SQL: SELECT * FROM `category`  [ RunTime:0.0003s ]
SQL: SELECT `id`,`name` FROM `brand` LIMIT 1000   [ RunTime:0.0002s ]
INFO: [ view_parse ] --START--
INFO: [ template_filter ] --START--
INFO: Run Behavior\ContentReplaceBehavior [ RunTime:0.000092s ]
INFO: [ template_filter ] --END-- [ RunTime:0.000242s ]
INFO: Run Behavior\ParseTemplateBehavior [ RunTime:0.011861s ]
INFO: [ view_parse ] --END-- [ RunTime:0.011942s ]
INFO: [ view_filter ] --START--
INFO: Run Behavior\WriteHtmlCacheBehavior [ RunTime:0.000137s ]
INFO: [ view_filter ] --END-- [ RunTime:0.000182s ]
INFO: [ app_end ] --START--
INFO: Run Behavior\ShowPageTraceBehavior [ RunTime:0.000552s ]
INFO: [ app_end ] --END-- [ RunTime:0.000619s ]

[ 2015-07-16T14:04:39+08:00 ] 127.0.0.1 /Project/erp/web/index.php/Product/Product/operate.html
INFO: [ app_init ] --START--
INFO: Run Behavior\BuildLiteBehavior [ RunTime:0.000021s ]
INFO: [ app_init ] --END-- [ RunTime:0.000116s ]
INFO: [ app_begin ] --START--
INFO: Run Behavior\ReadHtmlCacheBehavior [ RunTime:0.000694s ]
INFO: [ app_begin ] --END-- [ RunTime:0.000787s ]
SQL: SHOW COLUMNS FROM `product` [ RunTime:0.0022s ]
SQL: SHOW COLUMNS FROM `product_details` [ RunTime:0.0015s ]
SQL: SHOW COLUMNS FROM `category` [ RunTime:0.0020s ]
SQL: SHOW COLUMNS FROM `brand` [ RunTime:0.0020s ]
SQL: SELECT * FROM `category`  [ RunTime:0.0006s ]
SQL: SELECT `id`,`name` FROM `brand` LIMIT 1000   [ RunTime:0.0004s ]
SQL: SELECT * FROM `product` WHERE ( name = '测试商品ABC-1'  ) LIMIT 1   [ RunTime:0.0004s ]
SQL: INSERT INTO `product` (`name`,`goods`,`manuf_date`,`marked_price`,`brand_id`,`category_cid`) VALUES ('测试商品ABC-1','ABC','1438185600','600.000','1','6') [ RunTime:0.0008s ]

[ 2015-07-16T14:04:47+08:00 ] 127.0.0.1 /Project/erp/web/index.php/Product/Product/index.html
INFO: [ app_init ] --START--
INFO: Run Behavior\BuildLiteBehavior [ RunTime:0.000023s ]
INFO: [ app_init ] --END-- [ RunTime:0.000130s ]
INFO: [ app_begin ] --START--
INFO: Run Behavior\ReadHtmlCacheBehavior [ RunTime:0.000770s ]
INFO: [ app_begin ] --END-- [ RunTime:0.000870s ]
SQL: SHOW COLUMNS FROM `product` [ RunTime:0.0023s ]
SQL: SHOW COLUMNS FROM `product_details` [ RunTime:0.0020s ]
SQL: SHOW COLUMNS FROM `category` [ RunTime:0.0019s ]
SQL: SHOW COLUMNS FROM `brand` [ RunTime:0.0037s ]
SQL: SELECT * FROM `category`  [ RunTime:0.0005s ]
SQL: SELECT `id`,`name` FROM `brand` LIMIT 1000   [ RunTime:0.0003s ]
SQL: SELECT * FROM `product` WHERE ( 1  ) LIMIT 20   [ RunTime:0.0003s ]
SQL: SELECT `name` FROM `category` WHERE ( cid=6 ) LIMIT 1   [ RunTime:0.0003s ]
SQL: SELECT `name` FROM `brand` WHERE ( id=1 ) LIMIT 1   [ RunTime:0.0003s ]
SQL: SELECT `small` FROM `product_details` WHERE ( product_id=1 ) LIMIT 1   [ RunTime:0.0007s ]
INFO: [ view_parse ] --START--
INFO: [ template_filter ] --START--
INFO: Run Behavior\ContentReplaceBehavior [ RunTime:0.000063s ]
INFO: [ template_filter ] --END-- [ RunTime:0.000163s ]
INFO: Run Behavior\ParseTemplateBehavior [ RunTime:0.013808s ]
INFO: [ view_parse ] --END-- [ RunTime:0.013933s ]
INFO: [ view_filter ] --START--
INFO: Run Behavior\WriteHtmlCacheBehavior [ RunTime:0.000147s ]
INFO: [ view_filter ] --END-- [ RunTime:0.000197s ]
INFO: [ app_end ] --START--
INFO: Run Behavior\ShowPageTraceBehavior [ RunTime:0.000774s ]
INFO: [ app_end ] --END-- [ RunTime:0.000873s ]

[ 2015-07-16T14:04:48+08:00 ] 127.0.0.1 /Project/erp/web/index.php/Product/Product/add.html
INFO: [ app_init ] --START--
INFO: Run Behavior\BuildLiteBehavior [ RunTime:0.000013s ]
INFO: [ app_init ] --END-- [ RunTime:0.000070s ]
INFO: [ app_begin ] --START--
INFO: Run Behavior\ReadHtmlCacheBehavior [ RunTime:0.000395s ]
INFO: [ app_begin ] --END-- [ RunTime:0.000447s ]
SQL: SHOW COLUMNS FROM `product` [ RunTime:0.0022s ]
SQL: SHOW COLUMNS FROM `product_details` [ RunTime:0.0017s ]
SQL: SHOW COLUMNS FROM `category` [ RunTime:0.0020s ]
SQL: SHOW COLUMNS FROM `brand` [ RunTime:0.0038s ]
SQL: SELECT * FROM `category`  [ RunTime:0.0004s ]
SQL: SELECT `id`,`name` FROM `brand` LIMIT 1000   [ RunTime:0.0002s ]
INFO: [ view_parse ] --START--
INFO: [ template_filter ] --START--
INFO: Run Behavior\ContentReplaceBehavior [ RunTime:0.000044s ]
INFO: [ template_filter ] --END-- [ RunTime:0.000114s ]
INFO: Run Behavior\ParseTemplateBehavior [ RunTime:0.010903s ]
INFO: [ view_parse ] --END-- [ RunTime:0.011011s ]
INFO: [ view_filter ] --START--
INFO: Run Behavior\WriteHtmlCacheBehavior [ RunTime:0.000233s ]
INFO: [ view_filter ] --END-- [ RunTime:0.000290s ]
INFO: [ app_end ] --START--
INFO: Run Behavior\ShowPageTraceBehavior [ RunTime:0.000539s ]
INFO: [ app_end ] --END-- [ RunTime:0.000610s ]

[ 2015-07-16T14:04:49+08:00 ] 127.0.0.1 /Project/erp/web/index.php/Product/Product/index.html
INFO: [ app_init ] --START--
INFO: Run Behavior\BuildLiteBehavior [ RunTime:0.000033s ]
INFO: [ app_init ] --END-- [ RunTime:0.000168s ]
INFO: [ app_begin ] --START--
INFO: Run Behavior\ReadHtmlCacheBehavior [ RunTime:0.000963s ]
INFO: [ app_begin ] --END-- [ RunTime:0.001147s ]
SQL: SHOW COLUMNS FROM `product` [ RunTime:0.0036s ]
SQL: SHOW COLUMNS FROM `product_details` [ RunTime:0.0035s ]
SQL: SHOW COLUMNS FROM `category` [ RunTime:0.0017s ]
SQL: SHOW COLUMNS FROM `brand` [ RunTime:0.0020s ]
SQL: SELECT * FROM `category`  [ RunTime:0.0002s ]
SQL: SELECT `id`,`name` FROM `brand` LIMIT 1000   [ RunTime:0.0005s ]
SQL: SELECT * FROM `product` WHERE ( 1  ) LIMIT 20   [ RunTime:0.0005s ]
SQL: SELECT `name` FROM `category` WHERE ( cid=6 ) LIMIT 1   [ RunTime:0.0004s ]
SQL: SELECT `name` FROM `brand` WHERE ( id=1 ) LIMIT 1   [ RunTime:0.0004s ]
SQL: SELECT `small` FROM `product_details` WHERE ( product_id=1 ) LIMIT 1   [ RunTime:0.0005s ]
INFO: [ view_parse ] --START--
INFO: [ template_filter ] --START--
INFO: Run Behavior\ContentReplaceBehavior [ RunTime:0.000064s ]
INFO: [ template_filter ] --END-- [ RunTime:0.000173s ]
INFO: Run Behavior\ParseTemplateBehavior [ RunTime:0.016871s ]
INFO: [ view_parse ] --END-- [ RunTime:0.016991s ]
INFO: [ view_filter ] --START--
INFO: Run Behavior\WriteHtmlCacheBehavior [ RunTime:0.000185s ]
INFO: [ view_filter ] --END-- [ RunTime:0.000232s ]
INFO: [ app_end ] --START--
INFO: Run Behavior\ShowPageTraceBehavior [ RunTime:0.000867s ]
INFO: [ app_end ] --END-- [ RunTime:0.001002s ]

[ 2015-07-16T14:09:28+08:00 ] 127.0.0.1 /Project/erp/web/index.php/Product/Product/index.html
INFO: [ app_init ] --START--
INFO: Run Behavior\BuildLiteBehavior [ RunTime:0.000014s ]
INFO: [ app_init ] --END-- [ RunTime:0.000070s ]
INFO: [ app_begin ] --START--
INFO: Run Behavior\ReadHtmlCacheBehavior [ RunTime:0.000730s ]
INFO: [ app_begin ] --END-- [ RunTime:0.000819s ]
SQL: SHOW COLUMNS FROM `product` [ RunTime:0.0036s ]
SQL: SHOW COLUMNS FROM `product_details` [ RunTime:0.0017s ]
SQL: SHOW COLUMNS FROM `category` [ RunTime:0.0024s ]
SQL: SHOW COLUMNS FROM `brand` [ RunTime:0.0023s ]
SQL: SELECT * FROM `category`  [ RunTime:0.0003s ]
SQL: SELECT `id`,`name` FROM `brand` LIMIT 1000   [ RunTime:0.0002s ]
SQL: SELECT * FROM `product` WHERE ( 1  ) LIMIT 20   [ RunTime:0.0002s ]
SQL: SELECT `name` FROM `category` WHERE ( cid=6 ) LIMIT 1   [ RunTime:0.0002s ]
SQL: SELECT `name` FROM `brand` WHERE ( id=1 ) LIMIT 1   [ RunTime:0.0002s ]
SQL: SELECT `small` FROM `product_details` WHERE ( product_id=1 ) LIMIT 1   [ RunTime:0.0001s ]
INFO: [ view_parse ] --START--
INFO: [ template_filter ] --START--
INFO: Run Behavior\ContentReplaceBehavior [ RunTime:0.000046s ]
INFO: [ template_filter ] --END-- [ RunTime:0.000109s ]
INFO: Run Behavior\ParseTemplateBehavior [ RunTime:0.010408s ]
INFO: [ view_parse ] --END-- [ RunTime:0.010477s ]
INFO: [ view_filter ] --START--
INFO: Run Behavior\WriteHtmlCacheBehavior [ RunTime:0.000165s ]
INFO: [ view_filter ] --END-- [ RunTime:0.000213s ]
INFO: [ app_end ] --START--
INFO: Run Behavior\ShowPageTraceBehavior [ RunTime:0.000485s ]
INFO: [ app_end ] --END-- [ RunTime:0.000545s ]

[ 2015-07-16T14:09:31+08:00 ] 127.0.0.1 /Project/erp/web/index.php/Product/Product/index.html
INFO: [ app_init ] --START--
INFO: Run Behavior\BuildLiteBehavior [ RunTime:0.000013s ]
INFO: [ app_init ] --END-- [ RunTime:0.000073s ]
INFO: [ app_begin ] --START--
INFO: Run Behavior\ReadHtmlCacheBehavior [ RunTime:0.000773s ]
INFO: [ app_begin ] --END-- [ RunTime:0.000873s ]
SQL: SHOW COLUMNS FROM `product` [ RunTime:0.0020s ]
SQL: SHOW COLUMNS FROM `product_details` [ RunTime:0.0015s ]
SQL: SHOW COLUMNS FROM `category` [ RunTime:0.0020s ]
SQL: SHOW COLUMNS FROM `brand` [ RunTime:0.0020s ]
SQL: SELECT * FROM `category`  [ RunTime:0.0004s ]
SQL: SELECT `id`,`name` FROM `brand` LIMIT 1000   [ RunTime:0.0004s ]
SQL: SELECT * FROM `product` WHERE ( 1  ) LIMIT 20   [ RunTime:0.0003s ]
SQL: SELECT `name` FROM `category` WHERE ( cid=6 ) LIMIT 1   [ RunTime:0.0004s ]
SQL: SELECT `name` FROM `brand` WHERE ( id=1 ) LIMIT 1   [ RunTime:0.0003s ]
SQL: SELECT `small` FROM `product_details` WHERE ( product_id=1 ) LIMIT 1   [ RunTime:0.0002s ]
INFO: [ view_parse ] --START--
INFO: [ template_filter ] --START--
INFO: Run Behavior\ContentReplaceBehavior [ RunTime:0.000047s ]
INFO: [ template_filter ] --END-- [ RunTime:0.000111s ]
INFO: Run Behavior\ParseTemplateBehavior [ RunTime:0.010375s ]
INFO: [ view_parse ] --END-- [ RunTime:0.010437s ]
INFO: [ view_filter ] --START--
INFO: Run Behavior\WriteHtmlCacheBehavior [ RunTime:0.000136s ]
INFO: [ view_filter ] --END-- [ RunTime:0.000182s ]
INFO: [ app_end ] --START--
INFO: Run Behavior\ShowPageTraceBehavior [ RunTime:0.000423s ]
INFO: [ app_end ] --END-- [ RunTime:0.000471s ]

[ 2015-07-16T14:09:32+08:00 ] 127.0.0.1 /Project/erp/web/index.php/Product/Product/import.html
INFO: [ app_init ] --START--
INFO: Run Behavior\BuildLiteBehavior [ RunTime:0.000013s ]
INFO: [ app_init ] --END-- [ RunTime:0.000074s ]
INFO: [ app_begin ] --START--
INFO: Run Behavior\ReadHtmlCacheBehavior [ RunTime:0.000415s ]
INFO: [ app_begin ] --END-- [ RunTime:0.000469s ]
SQL: SHOW COLUMNS FROM `product` [ RunTime:0.0020s ]
SQL: SHOW COLUMNS FROM `product_details` [ RunTime:0.0017s ]
SQL: SHOW COLUMNS FROM `category` [ RunTime:0.0024s ]
SQL: SHOW COLUMNS FROM `brand` [ RunTime:0.0029s ]
SQL: SELECT * FROM `category`  [ RunTime:0.0003s ]
SQL: SELECT `id`,`name` FROM `brand` LIMIT 1000   [ RunTime:0.0002s ]
INFO: [ view_parse ] --START--
INFO: [ template_filter ] --START--
INFO: Run Behavior\ContentReplaceBehavior [ RunTime:0.000040s ]
INFO: [ template_filter ] --END-- [ RunTime:0.000113s ]
INFO: Run Behavior\ParseTemplateBehavior [ RunTime:0.008193s ]
INFO: [ view_parse ] --END-- [ RunTime:0.008265s ]
INFO: [ view_filter ] --START--
INFO: Run Behavior\WriteHtmlCacheBehavior [ RunTime:0.000136s ]
INFO: [ view_filter ] --END-- [ RunTime:0.000181s ]
INFO: [ app_end ] --START--
INFO: Run Behavior\ShowPageTraceBehavior [ RunTime:0.000585s ]
INFO: [ app_end ] --END-- [ RunTime:0.000637s ]

[ 2015-07-16T14:09:33+08:00 ] 127.0.0.1 /Project/erp/web/index.php/Product/Category/index.html
INFO: [ app_init ] --START--
INFO: Run Behavior\BuildLiteBehavior [ RunTime:0.000026s ]
INFO: [ app_init ] --END-- [ RunTime:0.000143s ]
INFO: [ app_begin ] --START--
INFO: Run Behavior\ReadHtmlCacheBehavior [ RunTime:0.000663s ]
INFO: [ app_begin ] --END-- [ RunTime:0.000776s ]
SQL: SHOW COLUMNS FROM `category` [ RunTime:0.0017s ]
SQL: SHOW COLUMNS FROM `attribute` [ RunTime:0.0040s ]
SQL: SHOW COLUMNS FROM `category_attr` [ RunTime:0.0032s ]
SQL: SELECT * FROM `category`  [ RunTime:0.0003s ]
INFO: [ view_parse ] --START--
INFO: [ template_filter ] --START--
INFO: Run Behavior\ContentReplaceBehavior [ RunTime:0.000044s ]
INFO: [ template_filter ] --END-- [ RunTime:0.000115s ]
NOTIC: [8] Undefined index: id /Users/Liyn/Desktop/home/Project/erp/Application/Runtime/Cache/Product/86112a06863d9b7785599a645236f48d.php 第 49 行.
NOTIC: [8] Undefined index: id /Users/Liyn/Desktop/home/Project/erp/Application/Runtime/Cache/Product/86112a06863d9b7785599a645236f48d.php 第 49 行.
NOTIC: [8] Undefined index: id /Users/Liyn/Desktop/home/Project/erp/Application/Runtime/Cache/Product/86112a06863d9b7785599a645236f48d.php 第 49 行.
NOTIC: [8] Undefined index: id /Users/Liyn/Desktop/home/Project/erp/Application/Runtime/Cache/Product/86112a06863d9b7785599a645236f48d.php 第 49 行.
NOTIC: [8] Undefined index: id /Users/Liyn/Desktop/home/Project/erp/Application/Runtime/Cache/Product/86112a06863d9b7785599a645236f48d.php 第 49 行.
NOTIC: [8] Undefined index: id /Users/Liyn/Desktop/home/Project/erp/Application/Runtime/Cache/Product/86112a06863d9b7785599a645236f48d.php 第 49 行.
NOTIC: [8] Undefined index: id /Users/Liyn/Desktop/home/Project/erp/Application/Runtime/Cache/Product/86112a06863d9b7785599a645236f48d.php 第 49 行.
INFO: Run Behavior\ParseTemplateBehavior [ RunTime:0.012278s ]
INFO: [ view_parse ] --END-- [ RunTime:0.012350s ]
INFO: [ view_filter ] --START--
INFO: Run Behavior\WriteHtmlCacheBehavior [ RunTime:0.000186s ]
INFO: [ view_filter ] --END-- [ RunTime:0.000233s ]
INFO: [ app_end ] --START--
INFO: Run Behavior\ShowPageTraceBehavior [ RunTime:0.000443s ]
INFO: [ app_end ] --END-- [ RunTime:0.000494s ]

[ 2015-07-16T14:09:33+08:00 ] 127.0.0.1 /Project/erp/web/index.php/Product/Attribute/index.html
INFO: [ app_init ] --START--
INFO: Run Behavior\BuildLiteBehavior [ RunTime:0.000012s ]
INFO: [ app_init ] --END-- [ RunTime:0.000071s ]
INFO: [ app_begin ] --START--
INFO: Run Behavior\ReadHtmlCacheBehavior [ RunTime:0.000395s ]
INFO: [ app_begin ] --END-- [ RunTime:0.000448s ]
SQL: SHOW COLUMNS FROM `attribute` [ RunTime:0.0017s ]
SQL: SHOW COLUMNS FROM `category_attr` [ RunTime:0.0017s ]
SQL: SELECT * FROM `attribute`  [ RunTime:0.0002s ]
INFO: [ view_parse ] --START--
INFO: [ template_filter ] --START--
INFO: Run Behavior\ContentReplaceBehavior [ RunTime:0.000039s ]
INFO: [ template_filter ] --END-- [ RunTime:0.000108s ]
INFO: Run Behavior\ParseTemplateBehavior [ RunTime:0.009688s ]
INFO: [ view_parse ] --END-- [ RunTime:0.009745s ]
INFO: [ view_filter ] --START--
INFO: Run Behavior\WriteHtmlCacheBehavior [ RunTime:0.000137s ]
INFO: [ view_filter ] --END-- [ RunTime:0.000183s ]
INFO: [ app_end ] --START--
INFO: Run Behavior\ShowPageTraceBehavior [ RunTime:0.000436s ]
INFO: [ app_end ] --END-- [ RunTime:0.000485s ]

[ 2015-07-16T14:09:35+08:00 ] 127.0.0.1 /Project/erp/web/index.php/Product/Brand/index.html
INFO: [ app_init ] --START--
INFO: Run Behavior\BuildLiteBehavior [ RunTime:0.000015s ]
INFO: [ app_init ] --END-- [ RunTime:0.000080s ]
INFO: [ app_begin ] --START--
INFO: Run Behavior\ReadHtmlCacheBehavior [ RunTime:0.000602s ]
INFO: [ app_begin ] --END-- [ RunTime:0.000709s ]
SQL: SHOW COLUMNS FROM `brand` [ RunTime:0.0016s ]
SQL: SELECT * FROM `brand`  [ RunTime:0.0003s ]
INFO: [ view_parse ] --START--
INFO: [ template_filter ] --START--
INFO: Run Behavior\ContentReplaceBehavior [ RunTime:0.000076s ]
INFO: [ template_filter ] --END-- [ RunTime:0.000224s ]
INFO: Run Behavior\ParseTemplateBehavior [ RunTime:0.011260s ]
INFO: [ view_parse ] --END-- [ RunTime:0.011319s ]
INFO: [ view_filter ] --START--
INFO: Run Behavior\WriteHtmlCacheBehavior [ RunTime:0.000151s ]
INFO: [ view_filter ] --END-- [ RunTime:0.000201s ]
INFO: [ app_end ] --START--
INFO: Run Behavior\ShowPageTraceBehavior [ RunTime:0.000466s ]
INFO: [ app_end ] --END-- [ RunTime:0.000520s ]

[ 2015-07-16T14:10:35+08:00 ] 127.0.0.1 /Project/erp/web/index.php/Product/Product/index.html
INFO: [ app_init ] --START--
INFO: Run Behavior\BuildLiteBehavior [ RunTime:0.000031s ]
INFO: [ app_init ] --END-- [ RunTime:0.000223s ]
INFO: [ app_begin ] --START--
INFO: Run Behavior\ReadHtmlCacheBehavior [ RunTime:0.001215s ]
INFO: [ app_begin ] --END-- [ RunTime:0.001410s ]
SQL: SHOW COLUMNS FROM `product` [ RunTime:0.0019s ]
SQL: SHOW COLUMNS FROM `product_details` [ RunTime:0.0021s ]
SQL: SHOW COLUMNS FROM `category` [ RunTime:0.0018s ]
SQL: SHOW COLUMNS FROM `brand` [ RunTime:0.0020s ]
SQL: SELECT * FROM `category`  [ RunTime:0.0002s ]
SQL: SELECT `id`,`name` FROM `brand` LIMIT 1000   [ RunTime:0.0003s ]
SQL: SELECT * FROM `product` WHERE ( 1  ) LIMIT 20   [ RunTime:0.0002s ]
SQL: SELECT `name` FROM `category` WHERE ( cid=6 ) LIMIT 1   [ RunTime:0.0002s ]
SQL: SELECT `name` FROM `brand` WHERE ( id=1 ) LIMIT 1   [ RunTime:0.0002s ]
SQL: SELECT `small` FROM `product_details` WHERE ( product_id=1 ) LIMIT 1   [ RunTime:0.0001s ]
INFO: [ view_parse ] --START--
INFO: [ template_filter ] --START--
INFO: Run Behavior\ContentReplaceBehavior [ RunTime:0.000047s ]
INFO: [ template_filter ] --END-- [ RunTime:0.000118s ]
INFO: Run Behavior\ParseTemplateBehavior [ RunTime:0.011004s ]
INFO: [ view_parse ] --END-- [ RunTime:0.011077s ]
INFO: [ view_filter ] --START--
INFO: Run Behavior\WriteHtmlCacheBehavior [ RunTime:0.000153s ]
INFO: [ view_filter ] --END-- [ RunTime:0.000202s ]
INFO: [ app_end ] --START--
INFO: Run Behavior\ShowPageTraceBehavior [ RunTime:0.000456s ]
INFO: [ app_end ] --END-- [ RunTime:0.000508s ]

[ 2015-07-16T14:10:36+08:00 ] 127.0.0.1 /Project/erp/web/index.php/Product/Product/import.html
INFO: [ app_init ] --START--
INFO: Run Behavior\BuildLiteBehavior [ RunTime:0.000012s ]
INFO: [ app_init ] --END-- [ RunTime:0.000070s ]
INFO: [ app_begin ] --START--
INFO: Run Behavior\ReadHtmlCacheBehavior [ RunTime:0.000394s ]
INFO: [ app_begin ] --END-- [ RunTime:0.000447s ]
SQL: SHOW COLUMNS FROM `product` [ RunTime:0.0018s ]
SQL: SHOW COLUMNS FROM `product_details` [ RunTime:0.0018s ]
SQL: SHOW COLUMNS FROM `category` [ RunTime:0.0023s ]
SQL: SHOW COLUMNS FROM `brand` [ RunTime:0.0018s ]
SQL: SELECT * FROM `category`  [ RunTime:0.0002s ]
SQL: SELECT `id`,`name` FROM `brand` LIMIT 1000   [ RunTime:0.0002s ]
INFO: [ view_parse ] --START--
INFO: [ template_filter ] --START--
INFO: Run Behavior\ContentReplaceBehavior [ RunTime:0.000037s ]
INFO: [ template_filter ] --END-- [ RunTime:0.000097s ]
INFO: Run Behavior\ParseTemplateBehavior [ RunTime:0.005582s ]
INFO: [ view_parse ] --END-- [ RunTime:0.005639s ]
INFO: [ view_filter ] --START--
INFO: Run Behavior\WriteHtmlCacheBehavior [ RunTime:0.000126s ]
INFO: [ view_filter ] --END-- [ RunTime:0.000170s ]
INFO: [ app_end ] --START--
INFO: Run Behavior\ShowPageTraceBehavior [ RunTime:0.000509s ]
INFO: [ app_end ] --END-- [ RunTime:0.000562s ]

[ 2015-07-16T14:10:38+08:00 ] 127.0.0.1 /Project/erp/web/index.php/Product/Product/picSize.html
INFO: [ app_init ] --START--
INFO: Run Behavior\BuildLiteBehavior [ RunTime:0.000013s ]
INFO: [ app_init ] --END-- [ RunTime:0.000070s ]
INFO: [ app_begin ] --START--
INFO: Run Behavior\ReadHtmlCacheBehavior [ RunTime:0.000393s ]
INFO: [ app_begin ] --END-- [ RunTime:0.000444s ]
SQL: SHOW COLUMNS FROM `product` [ RunTime:0.0021s ]
SQL: SHOW COLUMNS FROM `product_details` [ RunTime:0.0017s ]
SQL: SHOW COLUMNS FROM `category` [ RunTime:0.0016s ]
SQL: SHOW COLUMNS FROM `brand` [ RunTime:0.0017s ]
SQL: SELECT * FROM `category`  [ RunTime:0.0002s ]
SQL: SELECT `id`,`name` FROM `brand` LIMIT 1000   [ RunTime:0.0002s ]
ERR: 非法操作:picSize

[ 2015-07-16T14:10:38+08:00 ] 127.0.0.1 /Project/erp/web/index.php/Product/Category/index.html
INFO: [ app_init ] --START--
INFO: Run Behavior\BuildLiteBehavior [ RunTime:0.000014s ]
INFO: [ app_init ] --END-- [ RunTime:0.000074s ]
INFO: [ app_begin ] --START--
INFO: Run Behavior\ReadHtmlCacheBehavior [ RunTime:0.000453s ]
INFO: [ app_begin ] --END-- [ RunTime:0.000516s ]
SQL: SHOW COLUMNS FROM `category` [ RunTime:0.0016s ]
SQL: SHOW COLUMNS FROM `attribute` [ RunTime:0.0031s ]
SQL: SHOW COLUMNS FROM `category_attr` [ RunTime:0.0021s ]
SQL: SELECT * FROM `category`  [ RunTime:0.0002s ]
INFO: [ view_parse ] --START--
INFO: [ template_filter ] --START--
INFO: Run Behavior\ContentReplaceBehavior [ RunTime:0.000037s ]
INFO: [ template_filter ] --END-- [ RunTime:0.000096s ]
NOTIC: [8] Undefined index: id /Users/Liyn/Desktop/home/Project/erp/Application/Runtime/Cache/Product/86112a06863d9b7785599a645236f48d.php 第 49 行.
NOTIC: [8] Undefined index: id /Users/Liyn/Desktop/home/Project/erp/Application/Runtime/Cache/Product/86112a06863d9b7785599a645236f48d.php 第 49 行.
NOTIC: [8] Undefined index: id /Users/Liyn/Desktop/home/Project/erp/Application/Runtime/Cache/Product/86112a06863d9b7785599a645236f48d.php 第 49 行.
NOTIC: [8] Undefined index: id /Users/Liyn/Desktop/home/Project/erp/Application/Runtime/Cache/Product/86112a06863d9b7785599a645236f48d.php 第 49 行.
NOTIC: [8] Undefined index: id /Users/Liyn/Desktop/home/Project/erp/Application/Runtime/Cache/Product/86112a06863d9b7785599a645236f48d.php 第 49 行.
NOTIC: [8] Undefined index: id /Users/Liyn/Desktop/home/Project/erp/Application/Runtime/Cache/Product/86112a06863d9b7785599a645236f48d.php 第 49 行.
NOTIC: [8] Undefined index: id /Users/Liyn/Desktop/home/Project/erp/Application/Runtime/Cache/Product/86112a06863d9b7785599a645236f48d.php 第 49 行.
INFO: Run Behavior\ParseTemplateBehavior [ RunTime:0.009069s ]
INFO: [ view_parse ] --END-- [ RunTime:0.009123s ]
INFO: [ view_filter ] --START--
INFO: Run Behavior\WriteHtmlCacheBehavior [ RunTime:0.000131s ]
INFO: [ view_filter ] --END-- [ RunTime:0.000177s ]
INFO: [ app_end ] --START--
INFO: Run Behavior\ShowPageTraceBehavior [ RunTime:0.000424s ]
INFO: [ app_end ] --END-- [ RunTime:0.000471s ]

[ 2015-07-16T14:10:39+08:00 ] 127.0.0.1 /Project/erp/web/index.php/Product/Attribute/index.html
INFO: [ app_init ] --START--
INFO: Run Behavior\BuildLiteBehavior [ RunTime:0.000015s ]
INFO: [ app_init ] --END-- [ RunTime:0.000083s ]
INFO: [ app_begin ] --START--
INFO: Run Behavior\ReadHtmlCacheBehavior [ RunTime:0.000493s ]
INFO: [ app_begin ] --END-- [ RunTime:0.000558s ]
SQL: SHOW COLUMNS FROM `attribute` [ RunTime:0.0032s ]
SQL: SHOW COLUMNS FROM `category_attr` [ RunTime:0.0018s ]
SQL: SELECT * FROM `attribute`  [ RunTime:0.0002s ]
INFO: [ view_parse ] --START--
INFO: [ template_filter ] --START--
INFO: Run Behavior\ContentReplaceBehavior [ RunTime:0.000054s ]
INFO: [ template_filter ] --END-- [ RunTime:0.000161s ]
INFO: Run Behavior\ParseTemplateBehavior [ RunTime:0.007833s ]
INFO: [ view_parse ] --END-- [ RunTime:0.007895s ]
INFO: [ view_filter ] --START--
INFO: Run Behavior\WriteHtmlCacheBehavior [ RunTime:0.000143s ]
INFO: [ view_filter ] --END-- [ RunTime:0.000189s ]
INFO: [ app_end ] --START--
INFO: Run Behavior\ShowPageTraceBehavior [ RunTime:0.000447s ]
INFO: [ app_end ] --END-- [ RunTime:0.000496s ]

[ 2015-07-16T14:10:41+08:00 ] 127.0.0.1 /Project/erp/web/index.php/Product/Category/index.html
INFO: [ app_init ] --START--
INFO: Run Behavior\BuildLiteBehavior [ RunTime:0.000014s ]
INFO: [ app_init ] --END-- [ RunTime:0.000073s ]
INFO: [ app_begin ] --START--
INFO: Run Behavior\ReadHtmlCacheBehavior [ RunTime:0.000417s ]
INFO: [ app_begin ] --END-- [ RunTime:0.000472s ]
SQL: SHOW COLUMNS FROM `category` [ RunTime:0.0022s ]
SQL: SHOW COLUMNS FROM `attribute` [ RunTime:0.0012s ]
SQL: SHOW COLUMNS FROM `category_attr` [ RunTime:0.0014s ]
SQL: SELECT * FROM `category`  [ RunTime:0.0002s ]
INFO: [ view_parse ] --START--
INFO: [ template_filter ] --START--
INFO: Run Behavior\ContentReplaceBehavior [ RunTime:0.000060s ]
INFO: [ template_filter ] --END-- [ RunTime:0.000174s ]
NOTIC: [8] Undefined index: id /Users/Liyn/Desktop/home/Project/erp/Application/Runtime/Cache/Product/86112a06863d9b7785599a645236f48d.php 第 49 行.
NOTIC: [8] Undefined index: id /Users/Liyn/Desktop/home/Project/erp/Application/Runtime/Cache/Product/86112a06863d9b7785599a645236f48d.php 第 49 行.
NOTIC: [8] Undefined index: id /Users/Liyn/Desktop/home/Project/erp/Application/Runtime/Cache/Product/86112a06863d9b7785599a645236f48d.php 第 49 行.
NOTIC: [8] Undefined index: id /Users/Liyn/Desktop/home/Project/erp/Application/Runtime/Cache/Product/86112a06863d9b7785599a645236f48d.php 第 49 行.
NOTIC: [8] Undefined index: id /Users/Liyn/Desktop/home/Project/erp/Application/Runtime/Cache/Product/86112a06863d9b7785599a645236f48d.php 第 49 行.
NOTIC: [8] Undefined index: id /Users/Liyn/Desktop/home/Project/erp/Application/Runtime/Cache/Product/86112a06863d9b7785599a645236f48d.php 第 49 行.
NOTIC: [8] Undefined index: id /Users/Liyn/Desktop/home/Project/erp/Application/Runtime/Cache/Product/86112a06863d9b7785599a645236f48d.php 第 49 行.
INFO: Run Behavior\ParseTemplateBehavior [ RunTime:0.013308s ]
INFO: [ view_parse ] --END-- [ RunTime:0.013380s ]
INFO: [ view_filter ] --START--
INFO: Run Behavior\WriteHtmlCacheBehavior [ RunTime:0.000263s ]
INFO: [ view_filter ] --END-- [ RunTime:0.000337s ]
INFO: [ app_end ] --START--
INFO: Run Behavior\ShowPageTraceBehavior [ RunTime:0.000501s ]
INFO: [ app_end ] --END-- [ RunTime:0.000559s ]

[ 2015-07-16T14:12:30+08:00 ] 127.0.0.1 /Project/erp/web/index.php/Product/Category/add.html
INFO: [ app_init ] --START--
INFO: Run Behavior\BuildLiteBehavior [ RunTime:0.000023s ]
INFO: [ app_init ] --END-- [ RunTime:0.000122s ]
INFO: [ app_begin ] --START--
INFO: Run Behavior\ReadHtmlCacheBehavior [ RunTime:0.000767s ]
INFO: [ app_begin ] --END-- [ RunTime:0.001051s ]
SQL: SHOW COLUMNS FROM `category` [ RunTime:0.0017s ]
SQL: SHOW COLUMNS FROM `attribute` [ RunTime:0.0034s ]
SQL: SHOW COLUMNS FROM `category_attr` [ RunTime:0.0039s ]
SQL: SELECT * FROM `category`  [ RunTime:0.0002s ]
INFO: [ view_parse ] --START--
INFO: [ template_filter ] --START--
INFO: Run Behavior\ContentReplaceBehavior [ RunTime:0.000050s ]
INFO: [ template_filter ] --END-- [ RunTime:0.000145s ]
INFO: Run Behavior\ParseTemplateBehavior [ RunTime:0.009027s ]
INFO: [ view_parse ] --END-- [ RunTime:0.009106s ]
INFO: [ view_filter ] --START--
INFO: Run Behavior\WriteHtmlCacheBehavior [ RunTime:0.000275s ]
INFO: [ view_filter ] --END-- [ RunTime:0.000331s ]
INFO: [ app_end ] --START--
INFO: Run Behavior\ShowPageTraceBehavior [ RunTime:0.000567s ]
INFO: [ app_end ] --END-- [ RunTime:0.000645s ]

[ 2015-07-16T14:12:31+08:00 ] 127.0.0.1 /Project/erp/web/index.php/Product/Category/index.html
INFO: [ app_init ] --START--
INFO: Run Behavior\BuildLiteBehavior [ RunTime:0.000015s ]
INFO: [ app_init ] --END-- [ RunTime:0.000080s ]
INFO: [ app_begin ] --START--
INFO: Run Behavior\ReadHtmlCacheBehavior [ RunTime:0.000460s ]
INFO: [ app_begin ] --END-- [ RunTime:0.000518s ]
SQL: SHOW COLUMNS FROM `category` [ RunTime:0.0023s ]
SQL: SHOW COLUMNS FROM `attribute` [ RunTime:0.0017s ]
SQL: SHOW COLUMNS FROM `category_attr` [ RunTime:0.0039s ]
SQL: SELECT * FROM `category`  [ RunTime:0.0010s ]
INFO: [ view_parse ] --START--
INFO: [ template_filter ] --START--
INFO: Run Behavior\ContentReplaceBehavior [ RunTime:0.000042s ]
INFO: [ template_filter ] --END-- [ RunTime:0.000116s ]
NOTIC: [8] Undefined index: id /Users/Liyn/Desktop/home/Project/erp/Application/Runtime/Cache/Product/86112a06863d9b7785599a645236f48d.php 第 49 行.
NOTIC: [8] Undefined index: id /Users/Liyn/Desktop/home/Project/erp/Application/Runtime/Cache/Product/86112a06863d9b7785599a645236f48d.php 第 49 行.
NOTIC: [8] Undefined index: id /Users/Liyn/Desktop/home/Project/erp/Application/Runtime/Cache/Product/86112a06863d9b7785599a645236f48d.php 第 49 行.
NOTIC: [8] Undefined index: id /Users/Liyn/Desktop/home/Project/erp/Application/Runtime/Cache/Product/86112a06863d9b7785599a645236f48d.php 第 49 行.
NOTIC: [8] Undefined index: id /Users/Liyn/Desktop/home/Project/erp/Application/Runtime/Cache/Product/86112a06863d9b7785599a645236f48d.php 第 49 行.
NOTIC: [8] Undefined index: id /Users/Liyn/Desktop/home/Project/erp/Application/Runtime/Cache/Product/86112a06863d9b7785599a645236f48d.php 第 49 行.
NOTIC: [8] Undefined index: id /Users/Liyn/Desktop/home/Project/erp/Application/Runtime/Cache/Product/86112a06863d9b7785599a645236f48d.php 第 49 行.
INFO: Run Behavior\ParseTemplateBehavior [ RunTime:0.011485s ]
INFO: [ view_parse ] --END-- [ RunTime:0.011554s ]
INFO: [ view_filter ] --START--
INFO: Run Behavior\WriteHtmlCacheBehavior [ RunTime:0.000227s ]
INFO: [ view_filter ] --END-- [ RunTime:0.000276s ]
INFO: [ app_end ] --START--
INFO: Run Behavior\ShowPageTraceBehavior [ RunTime:0.000469s ]
INFO: [ app_end ] --END-- [ RunTime:0.000519s ]

[ 2015-07-16T14:12:36+08:00 ] 127.0.0.1 /Project/erp/web/index.php/Product/Attribute/index.html
INFO: [ app_init ] --START--
INFO: Run Behavior\BuildLiteBehavior [ RunTime:0.000013s ]
INFO: [ app_init ] --END-- [ RunTime:0.000073s ]
INFO: [ app_begin ] --START--
INFO: Run Behavior\ReadHtmlCacheBehavior [ RunTime:0.000685s ]
INFO: [ app_begin ] --END-- [ RunTime:0.000793s ]
SQL: SHOW COLUMNS FROM `attribute` [ RunTime:0.0019s ]
SQL: SHOW COLUMNS FROM `category_attr` [ RunTime:0.0038s ]
SQL: SELECT * FROM `attribute`  [ RunTime:0.0003s ]
INFO: [ view_parse ] --START--
INFO: [ template_filter ] --START--
INFO: Run Behavior\ContentReplaceBehavior [ RunTime:0.000042s ]
INFO: [ template_filter ] --END-- [ RunTime:0.000116s ]
INFO: Run Behavior\ParseTemplateBehavior [ RunTime:0.010311s ]
INFO: [ view_parse ] --END-- [ RunTime:0.010380s ]
INFO: [ view_filter ] --START--
INFO: Run Behavior\WriteHtmlCacheBehavior [ RunTime:0.000143s ]
INFO: [ view_filter ] --END-- [ RunTime:0.000190s ]
INFO: [ app_end ] --START--
INFO: Run Behavior\ShowPageTraceBehavior [ RunTime:0.000443s ]
INFO: [ app_end ] --END-- [ RunTime:0.000492s ]

[ 2015-07-16T14:12:44+08:00 ] 127.0.0.1 /Project/erp/web/index.php/Product/Product/edit/id/1.html
INFO: [ app_init ] --START--
INFO: Run Behavior\BuildLiteBehavior [ RunTime:0.000025s ]
INFO: [ app_init ] --END-- [ RunTime:0.000083s ]
INFO: [ app_begin ] --START--
INFO: Run Behavior\ReadHtmlCacheBehavior [ RunTime:0.000397s ]
INFO: [ app_begin ] --END-- [ RunTime:0.000451s ]
SQL: SHOW COLUMNS FROM `product` [ RunTime:0.0034s ]
SQL: SHOW COLUMNS FROM `product_details` [ RunTime:0.0034s ]
SQL: SHOW COLUMNS FROM `category` [ RunTime:0.0020s ]
SQL: SHOW COLUMNS FROM `brand` [ RunTime:0.0024s ]
SQL: SELECT * FROM `category`  [ RunTime:0.0002s ]
SQL: SELECT `id`,`name` FROM `brand` LIMIT 1000   [ RunTime:0.0002s ]
SQL: SELECT * FROM `product` WHERE ( id=1 ) LIMIT 1   [ RunTime:0.0002s ]
SQL: SELECT `small` FROM `product_details` WHERE ( product_id=1 ) LIMIT 1   [ RunTime:0.0002s ]
INFO: [ view_parse ] --START--
INFO: [ template_filter ] --START--
INFO: Run Behavior\ContentReplaceBehavior [ RunTime:0.000046s ]
INFO: [ template_filter ] --END-- [ RunTime:0.000111s ]
INFO: Run Behavior\ParseTemplateBehavior [ RunTime:0.011923s ]
INFO: [ view_parse ] --END-- [ RunTime:0.012002s ]
INFO: [ view_filter ] --START--
INFO: Run Behavior\WriteHtmlCacheBehavior [ RunTime:0.000148s ]
INFO: [ view_filter ] --END-- [ RunTime:0.000195s ]
INFO: [ app_end ] --START--
INFO: Run Behavior\ShowPageTraceBehavior [ RunTime:0.000435s ]
INFO: [ app_end ] --END-- [ RunTime:0.000483s ]

[ 2015-07-16T14:12:47+08:00 ] 127.0.0.1 /Project/erp/web/index.php/Product/Product/index.html
INFO: [ app_init ] --START--
INFO: Run Behavior\BuildLiteBehavior [ RunTime:0.000013s ]
INFO: [ app_init ] --END-- [ RunTime:0.000074s ]
INFO: [ app_begin ] --START--
INFO: Run Behavior\ReadHtmlCacheBehavior [ RunTime:0.000435s ]
INFO: [ app_begin ] --END-- [ RunTime:0.000488s ]
SQL: SHOW COLUMNS FROM `product` [ RunTime:0.0018s ]
SQL: SHOW COLUMNS FROM `product_details` [ RunTime:0.0019s ]
SQL: SHOW COLUMNS FROM `category` [ RunTime:0.0021s ]
SQL: SHOW COLUMNS FROM `brand` [ RunTime:0.0021s ]
SQL: SELECT * FROM `category`  [ RunTime:0.0006s ]
SQL: SELECT `id`,`name` FROM `brand` LIMIT 1000   [ RunTime:0.0004s ]
SQL: SELECT * FROM `product` WHERE ( 1  ) LIMIT 20   [ RunTime:0.0002s ]
SQL: SELECT `name` FROM `category` WHERE ( cid=6 ) LIMIT 1   [ RunTime:0.0002s ]
SQL: SELECT `name` FROM `brand` WHERE ( id=1 ) LIMIT 1   [ RunTime:0.0001s ]
SQL: SELECT `small` FROM `product_details` WHERE ( product_id=1 ) LIMIT 1   [ RunTime:0.0002s ]
INFO: [ view_parse ] --START--
INFO: [ template_filter ] --START--
INFO: Run Behavior\ContentReplaceBehavior [ RunTime:0.000057s ]
INFO: [ template_filter ] --END-- [ RunTime:0.000122s ]
INFO: Run Behavior\ParseTemplateBehavior [ RunTime:0.010558s ]
INFO: [ view_parse ] --END-- [ RunTime:0.010623s ]
INFO: [ view_filter ] --START--
INFO: Run Behavior\WriteHtmlCacheBehavior [ RunTime:0.000166s ]
INFO: [ view_filter ] --END-- [ RunTime:0.000213s ]
INFO: [ app_end ] --START--
INFO: Run Behavior\ShowPageTraceBehavior [ RunTime:0.000456s ]
INFO: [ app_end ] --END-- [ RunTime:0.000585s ]

[ 2015-07-16T14:15:18+08:00 ] 127.0.0.1 /Project/erp/web/index.php/Product/Product/index.html
INFO: [ app_init ] --START--
INFO: Run Behavior\BuildLiteBehavior [ RunTime:0.000014s ]
INFO: [ app_init ] --END-- [ RunTime:0.000072s ]
INFO: [ app_begin ] --START--
INFO: Run Behavior\ReadHtmlCacheBehavior [ RunTime:0.000414s ]
INFO: [ app_begin ] --END-- [ RunTime:0.000466s ]
SQL: SHOW COLUMNS FROM `product` [ RunTime:0.0021s ]
SQL: SHOW COLUMNS FROM `product_details` [ RunTime:0.0016s ]
SQL: SHOW COLUMNS FROM `category` [ RunTime:0.0022s ]
SQL: SHOW COLUMNS FROM `brand` [ RunTime:0.0023s ]
SQL: SELECT * FROM `category`  [ RunTime:0.0006s ]
SQL: SELECT `id`,`name` FROM `brand` LIMIT 1000   [ RunTime:0.0003s ]
SQL: SELECT * FROM `product` WHERE ( 1  ) LIMIT 20   [ RunTime:0.0002s ]
SQL: SELECT `name` FROM `category` WHERE ( cid=6 ) LIMIT 1   [ RunTime:0.0002s ]
SQL: SELECT `name` FROM `brand` WHERE ( id=1 ) LIMIT 1   [ RunTime:0.0002s ]
SQL: SELECT `small` FROM `product_details` WHERE ( product_id=1 ) LIMIT 1   [ RunTime:0.0001s ]
INFO: [ view_parse ] --START--
INFO: [ template_filter ] --START--
INFO: Run Behavior\ContentReplaceBehavior [ RunTime:0.000052s ]
INFO: [ template_filter ] --END-- [ RunTime:0.000127s ]
INFO: Run Behavior\ParseTemplateBehavior [ RunTime:0.012848s ]
INFO: [ view_parse ] --END-- [ RunTime:0.012919s ]
INFO: [ view_filter ] --START--
INFO: Run Behavior\WriteHtmlCacheBehavior [ RunTime:0.000236s ]
INFO: [ view_filter ] --END-- [ RunTime:0.000294s ]
INFO: [ app_end ] --START--
INFO: Run Behavior\ShowPageTraceBehavior [ RunTime:0.000482s ]
INFO: [ app_end ] --END-- [ RunTime:0.000540s ]

[ 2015-07-16T14:15:18+08:00 ] 127.0.0.1 /Project/erp/web/index.php/Product/Product/add.html
INFO: [ app_init ] --START--
INFO: Run Behavior\BuildLiteBehavior [ RunTime:0.000015s ]
INFO: [ app_init ] --END-- [ RunTime:0.000078s ]
INFO: [ app_begin ] --START--
INFO: Run Behavior\ReadHtmlCacheBehavior [ RunTime:0.000818s ]
INFO: [ app_begin ] --END-- [ RunTime:0.000920s ]
SQL: SHOW COLUMNS FROM `product` [ RunTime:0.0018s ]
SQL: SHOW COLUMNS FROM `product_details` [ RunTime:0.0012s ]
SQL: SHOW COLUMNS FROM `category` [ RunTime:0.0030s ]
SQL: SHOW COLUMNS FROM `brand` [ RunTime:0.0019s ]
SQL: SELECT * FROM `category`  [ RunTime:0.0003s ]
SQL: SELECT `id`,`name` FROM `brand` LIMIT 1000   [ RunTime:0.0002s ]
INFO: [ view_parse ] --START--
INFO: [ template_filter ] --START--
INFO: Run Behavior\ContentReplaceBehavior [ RunTime:0.000110s ]
INFO: [ template_filter ] --END-- [ RunTime:0.000268s ]
INFO: Run Behavior\ParseTemplateBehavior [ RunTime:0.011972s ]
INFO: [ view_parse ] --END-- [ RunTime:0.012088s ]
INFO: [ view_filter ] --START--
INFO: Run Behavior\WriteHtmlCacheBehavior [ RunTime:0.000329s ]
INFO: [ view_filter ] --END-- [ RunTime:0.000399s ]
INFO: [ app_end ] --START--
INFO: Run Behavior\ShowPageTraceBehavior [ RunTime:0.000846s ]
INFO: [ app_end ] --END-- [ RunTime:0.000950s ]

[ 2015-07-16T14:15:27+08:00 ] 127.0.0.1 /Project/erp/web/index.php/Product/Product/edit/id/1.html
INFO: [ app_init ] --START--
INFO: Run Behavior\BuildLiteBehavior [ RunTime:0.000014s ]
INFO: [ app_init ] --END-- [ RunTime:0.000078s ]
INFO: [ app_begin ] --START--
INFO: Run Behavior\ReadHtmlCacheBehavior [ RunTime:0.000527s ]
INFO: [ app_begin ] --END-- [ RunTime:0.000597s ]
SQL: SHOW COLUMNS FROM `product` [ RunTime:0.0035s ]
SQL: SHOW COLUMNS FROM `product_details` [ RunTime:0.0020s ]
SQL: SHOW COLUMNS FROM `category` [ RunTime:0.0019s ]
SQL: SHOW COLUMNS FROM `brand` [ RunTime:0.0020s ]
SQL: SELECT * FROM `category`  [ RunTime:0.0002s ]
SQL: SELECT `id`,`name` FROM `brand` LIMIT 1000   [ RunTime:0.0002s ]
SQL: SELECT * FROM `product` WHERE ( id=1 ) LIMIT 1   [ RunTime:0.0002s ]
SQL: SELECT `small` FROM `product_details` WHERE ( product_id=1 ) LIMIT 1   [ RunTime:0.0002s ]
INFO: [ view_parse ] --START--
INFO: [ template_filter ] --START--
INFO: Run Behavior\ContentReplaceBehavior [ RunTime:0.000046s ]
INFO: [ template_filter ] --END-- [ RunTime:0.000118s ]
INFO: Run Behavior\ParseTemplateBehavior [ RunTime:0.015980s ]
INFO: [ view_parse ] --END-- [ RunTime:0.016048s ]
INFO: [ view_filter ] --START--
INFO: Run Behavior\WriteHtmlCacheBehavior [ RunTime:0.000196s ]
INFO: [ view_filter ] --END-- [ RunTime:0.000245s ]
INFO: [ app_end ] --START--
INFO: Run Behavior\ShowPageTraceBehavior [ RunTime:0.000474s ]
INFO: [ app_end ] --END-- [ RunTime:0.000526s ]

[ 2015-07-16T14:15:28+08:00 ] 127.0.0.1 /Project/erp/web/index.php/Product/Product/index.html
INFO: [ app_init ] --START--
INFO: Run Behavior\BuildLiteBehavior [ RunTime:0.000013s ]
INFO: [ app_init ] --END-- [ RunTime:0.000074s ]
INFO: [ app_begin ] --START--
INFO: Run Behavior\ReadHtmlCacheBehavior [ RunTime:0.000414s ]
INFO: [ app_begin ] --END-- [ RunTime:0.000465s ]
SQL: SHOW COLUMNS FROM `product` [ RunTime:0.0018s ]
SQL: SHOW COLUMNS FROM `product_details` [ RunTime:0.0017s ]
SQL: SHOW COLUMNS FROM `category` [ RunTime:0.0019s ]
SQL: SHOW COLUMNS FROM `brand` [ RunTime:0.0041s ]
SQL: SELECT * FROM `category`  [ RunTime:0.0005s ]
SQL: SELECT `id`,`name` FROM `brand` LIMIT 1000   [ RunTime:0.0004s ]
SQL: SELECT * FROM `product` WHERE ( 1  ) LIMIT 20   [ RunTime:0.0004s ]
SQL: SELECT `name` FROM `category` WHERE ( cid=6 ) LIMIT 1   [ RunTime:0.0004s ]
SQL: SELECT `name` FROM `brand` WHERE ( id=1 ) LIMIT 1   [ RunTime:0.0003s ]
SQL: SELECT `small` FROM `product_details` WHERE ( product_id=1 ) LIMIT 1   [ RunTime:0.0003s ]
INFO: [ view_parse ] --START--
INFO: [ template_filter ] --START--
INFO: Run Behavior\ContentReplaceBehavior [ RunTime:0.000081s ]
INFO: [ template_filter ] --END-- [ RunTime:0.000180s ]
INFO: Run Behavior\ParseTemplateBehavior [ RunTime:0.016036s ]
INFO: [ view_parse ] --END-- [ RunTime:0.016134s ]
INFO: [ view_filter ] --START--
INFO: Run Behavior\WriteHtmlCacheBehavior [ RunTime:0.000279s ]
INFO: [ view_filter ] --END-- [ RunTime:0.000339s ]
INFO: [ app_end ] --START--
INFO: Run Behavior\ShowPageTraceBehavior [ RunTime:0.000599s ]
INFO: [ app_end ] --END-- [ RunTime:0.000695s ]

[ 2015-07-16T16:18:59+08:00 ] 127.0.0.1 /Project/erp/web/index.php/Product/Brand/index.html
INFO: [ app_init ] --START--
INFO: Run Behavior\BuildLiteBehavior [ RunTime:0.000014s ]
INFO: [ app_init ] --END-- [ RunTime:0.000299s ]
INFO: [ app_begin ] --START--
INFO: Run Behavior\ReadHtmlCacheBehavior [ RunTime:0.000390s ]
INFO: [ app_begin ] --END-- [ RunTime:0.000442s ]
SQL: SHOW COLUMNS FROM `brand` [ RunTime:0.0035s ]
SQL: SELECT * FROM `brand`  [ RunTime:0.0003s ]
INFO: [ view_parse ] --START--
INFO: [ template_filter ] --START--
INFO: Run Behavior\ContentReplaceBehavior [ RunTime:0.000040s ]
INFO: [ template_filter ] --END-- [ RunTime:0.000110s ]
INFO: Run Behavior\ParseTemplateBehavior [ RunTime:0.008560s ]
INFO: [ view_parse ] --END-- [ RunTime:0.008746s ]
INFO: [ view_filter ] --START--
INFO: Run Behavior\WriteHtmlCacheBehavior [ RunTime:0.000523s ]
INFO: [ view_filter ] --END-- [ RunTime:0.000665s ]
INFO: [ app_end ] --START--
INFO: Run Behavior\ShowPageTraceBehavior [ RunTime:0.001237s ]
INFO: [ app_end ] --END-- [ RunTime:0.001390s ]

[ 2015-07-16T16:19:00+08:00 ] 127.0.0.1 /Project/erp/web/index.php/Product/Brand/add.html
INFO: [ app_init ] --START--
INFO: Run Behavior\BuildLiteBehavior [ RunTime:0.000025s ]
INFO: [ app_init ] --END-- [ RunTime:0.000582s ]
INFO: [ app_begin ] --START--
INFO: Run Behavior\ReadHtmlCacheBehavior [ RunTime:0.000749s ]
INFO: [ app_begin ] --END-- [ RunTime:0.000850s ]
SQL: SHOW COLUMNS FROM `brand` [ RunTime:0.0023s ]
INFO: [ view_parse ] --START--
INFO: [ template_filter ] --START--
INFO: Run Behavior\ContentReplaceBehavior [ RunTime:0.000044s ]
INFO: [ template_filter ] --END-- [ RunTime:0.000118s ]
INFO: Run Behavior\ParseTemplateBehavior [ RunTime:0.008662s ]
INFO: [ view_parse ] --END-- [ RunTime:0.008726s ]
INFO: [ view_filter ] --START--
INFO: Run Behavior\WriteHtmlCacheBehavior [ RunTime:0.000288s ]
INFO: [ view_filter ] --END-- [ RunTime:0.000402s ]
INFO: [ app_end ] --START--
INFO: Run Behavior\ShowPageTraceBehavior [ RunTime:0.000734s ]
INFO: [ app_end ] --END-- [ RunTime:0.000819s ]

[ 2015-07-16T16:20:54+08:00 ] 127.0.0.1 /Project/erp/web/index.php/Product/Brand/operate.html
INFO: [ app_init ] --START--
INFO: Run Behavior\BuildLiteBehavior [ RunTime:0.000019s ]
INFO: [ app_init ] --END-- [ RunTime:0.000556s ]
INFO: [ app_begin ] --START--
INFO: Run Behavior\ReadHtmlCacheBehavior [ RunTime:0.000480s ]
INFO: [ app_begin ] --END-- [ RunTime:0.000554s ]
SQL: SHOW COLUMNS FROM `brand` [ RunTime:0.0035s ]
SQL: SELECT * FROM `brand` WHERE ( name = '优衣库'  ) LIMIT 1   [ RunTime:0.0002s ]
NOTIC: [2] call_user_func() expects parameter 1 to be a valid callback, no array or string given /Users/Liyn/Desktop/home/Project/erp/ThinkPHP/Library/Think/Upload.class.php 第 170 行.
SQL: INSERT INTO `brand` (`name`,`en_name`,`logo`) VALUES ('优衣库','UNIQLO','Brand/2015-07-16/55a7696623106.jpg') [ RunTime:0.0003s ]
INFO: [ view_parse ] --START--
INFO: [ template_filter ] --START--
INFO: Run Behavior\ContentReplaceBehavior [ RunTime:0.000037s ]
INFO: [ template_filter ] --END-- [ RunTime:0.000103s ]
INFO: Run Behavior\ParseTemplateBehavior [ RunTime:0.006031s ]
INFO: [ view_parse ] --END-- [ RunTime:0.006090s ]
INFO: [ view_filter ] --START--
INFO: Run Behavior\WriteHtmlCacheBehavior [ RunTime:0.000137s ]
INFO: [ view_filter ] --END-- [ RunTime:0.000186s ]
INFO: [ app_end ] --START--
INFO: Run Behavior\ShowPageTraceBehavior [ RunTime:0.000529s ]
INFO: [ app_end ] --END-- [ RunTime:0.000591s ]

[ 2015-07-16T16:20:55+08:00 ] 127.0.0.1 /Project/erp/web/index.php/Product/Brand/index.html
INFO: [ app_init ] --START--
INFO: Run Behavior\BuildLiteBehavior [ RunTime:0.000016s ]
INFO: [ app_init ] --END-- [ RunTime:0.000339s ]
INFO: [ app_begin ] --START--
INFO: Run Behavior\ReadHtmlCacheBehavior [ RunTime:0.000509s ]
INFO: [ app_begin ] --END-- [ RunTime:0.000586s ]
SQL: SHOW COLUMNS FROM `brand` [ RunTime:0.0023s ]
SQL: SELECT * FROM `brand`  [ RunTime:0.0005s ]
INFO: [ view_parse ] --START--
INFO: [ template_filter ] --START--
INFO: Run Behavior\ContentReplaceBehavior [ RunTime:0.000043s ]
INFO: [ template_filter ] --END-- [ RunTime:0.000117s ]
INFO: Run Behavior\ParseTemplateBehavior [ RunTime:0.010227s ]
INFO: [ view_parse ] --END-- [ RunTime:0.010340s ]
INFO: [ view_filter ] --START--
INFO: Run Behavior\WriteHtmlCacheBehavior [ RunTime:0.000140s ]
INFO: [ view_filter ] --END-- [ RunTime:0.000185s ]
INFO: [ app_end ] --START--
INFO: Run Behavior\ShowPageTraceBehavior [ RunTime:0.000470s ]
INFO: [ app_end ] --END-- [ RunTime:0.000519s ]

[ 2015-07-16T16:23:07+08:00 ] 127.0.0.1 /Project/erp/web/index.php/Product/Brand/index.html
INFO: [ app_init ] --START--
INFO: Run Behavior\BuildLiteBehavior [ RunTime:0.000014s ]
INFO: [ app_init ] --END-- [ RunTime:0.000303s ]
INFO: [ app_begin ] --START--
INFO: Run Behavior\ReadHtmlCacheBehavior [ RunTime:0.000406s ]
INFO: [ app_begin ] --END-- [ RunTime:0.000458s ]
SQL: SHOW COLUMNS FROM `brand` [ RunTime:0.0035s ]
SQL: SELECT * FROM `brand`  [ RunTime:0.0002s ]
INFO: [ view_parse ] --START--
INFO: [ template_filter ] --START--
INFO: Run Behavior\ContentReplaceBehavior [ RunTime:0.000037s ]
INFO: [ template_filter ] --END-- [ RunTime:0.000096s ]
INFO: Run Behavior\ParseTemplateBehavior [ RunTime:0.007598s ]
INFO: [ view_parse ] --END-- [ RunTime:0.007704s ]
INFO: [ view_filter ] --START--
INFO: Run Behavior\WriteHtmlCacheBehavior [ RunTime:0.000201s ]
INFO: [ view_filter ] --END-- [ RunTime:0.000250s ]
INFO: [ app_end ] --START--
INFO: Run Behavior\ShowPageTraceBehavior [ RunTime:0.000855s ]
INFO: [ app_end ] --END-- [ RunTime:0.000936s ]

[ 2015-07-16T16:23:50+08:00 ] 127.0.0.1 /Project/erp/web/index.php/Product/Brand/index.html
INFO: [ app_init ] --START--
INFO: Run Behavior\BuildLiteBehavior [ RunTime:0.000031s ]
INFO: [ app_init ] --END-- [ RunTime:0.000645s ]
INFO: [ app_begin ] --START--
INFO: Run Behavior\ReadHtmlCacheBehavior [ RunTime:0.000659s ]
INFO: [ app_begin ] --END-- [ RunTime:0.000758s ]
SQL: SHOW COLUMNS FROM `brand` [ RunTime:0.0034s ]
SQL: SELECT * FROM `brand`  [ RunTime:0.0006s ]
INFO: [ view_parse ] --START--
INFO: [ template_filter ] --START--
INFO: Run Behavior\ContentReplaceBehavior [ RunTime:0.000040s ]
INFO: [ template_filter ] --END-- [ RunTime:0.000106s ]
INFO: Run Behavior\ParseTemplateBehavior [ RunTime:0.010520s ]
INFO: [ view_parse ] --END-- [ RunTime:0.010589s ]
INFO: [ view_filter ] --START--
INFO: Run Behavior\WriteHtmlCacheBehavior [ RunTime:0.000147s ]
INFO: [ view_filter ] --END-- [ RunTime:0.000195s ]
INFO: [ app_end ] --START--
INFO: Run Behavior\ShowPageTraceBehavior [ RunTime:0.000567s ]
INFO: [ app_end ] --END-- [ RunTime:0.000622s ]

[ 2015-07-16T16:23:51+08:00 ] 127.0.0.1 /Project/erp/web/index.php/Product/Brand/add.html
INFO: [ app_init ] --START--
INFO: Run Behavior\BuildLiteBehavior [ RunTime:0.000016s ]
INFO: [ app_init ] --END-- [ RunTime:0.000356s ]
INFO: [ app_begin ] --START--
INFO: Run Behavior\ReadHtmlCacheBehavior [ RunTime:0.000466s ]
INFO: [ app_begin ] --END-- [ RunTime:0.000527s ]
SQL: SHOW COLUMNS FROM `brand` [ RunTime:0.0018s ]
INFO: [ view_parse ] --START--
INFO: [ template_filter ] --START--
INFO: Run Behavior\ContentReplaceBehavior [ RunTime:0.000044s ]
INFO: [ template_filter ] --END-- [ RunTime:0.000124s ]
INFO: Run Behavior\ParseTemplateBehavior [ RunTime:0.007979s ]
INFO: [ view_parse ] --END-- [ RunTime:0.008039s ]
INFO: [ view_filter ] --START--
INFO: Run Behavior\WriteHtmlCacheBehavior [ RunTime:0.000151s ]
INFO: [ view_filter ] --END-- [ RunTime:0.000199s ]
INFO: [ app_end ] --START--
INFO: Run Behavior\ShowPageTraceBehavior [ RunTime:0.000487s ]
INFO: [ app_end ] --END-- [ RunTime:0.000542s ]

[ 2015-07-16T16:23:59+08:00 ] 127.0.0.1 /Project/erp/web/index.php/Product/Brand/operate.html
INFO: [ app_init ] --START--
INFO: Run Behavior\BuildLiteBehavior [ RunTime:0.000018s ]
INFO: [ app_init ] --END-- [ RunTime:0.000388s ]
INFO: [ app_begin ] --START--
INFO: Run Behavior\ReadHtmlCacheBehavior [ RunTime:0.000501s ]
INFO: [ app_begin ] --END-- [ RunTime:0.000580s ]
SQL: SHOW COLUMNS FROM `brand` [ RunTime:0.0030s ]
SQL: SELECT * FROM `brand` WHERE ( name = '优衣库'  ) LIMIT 1   [ RunTime:0.0005s ]
NOTIC: [2] call_user_func() expects parameter 1 to be a valid callback, no array or string given /Users/Liyn/Desktop/home/Project/erp/ThinkPHP/Library/Think/Upload.class.php 第 170 行.
SQL: INSERT INTO `brand` (`name`,`en_name`,`logo`) VALUES ('优衣库','UNIQLO','Brand/2015-07-16/55a76a1f9b915.jpg') [ RunTime:0.0006s ]
INFO: [ view_parse ] --START--
INFO: [ template_filter ] --START--
INFO: Run Behavior\ContentReplaceBehavior [ RunTime:0.000035s ]
INFO: [ template_filter ] --END-- [ RunTime:0.000096s ]
INFO: Run Behavior\ParseTemplateBehavior [ RunTime:0.005608s ]
INFO: [ view_parse ] --END-- [ RunTime:0.005677s ]
INFO: [ view_filter ] --START--
INFO: Run Behavior\WriteHtmlCacheBehavior [ RunTime:0.000131s ]
INFO: [ view_filter ] --END-- [ RunTime:0.000177s ]
INFO: [ app_end ] --START--
INFO: Run Behavior\ShowPageTraceBehavior [ RunTime:0.000461s ]
INFO: [ app_end ] --END-- [ RunTime:0.000516s ]

[ 2015-07-16T16:24:00+08:00 ] 127.0.0.1 /Project/erp/web/index.php/Product/Brand/index.html
INFO: [ app_init ] --START--
INFO: Run Behavior\BuildLiteBehavior [ RunTime:0.000046s ]
INFO: [ app_init ] --END-- [ RunTime:0.001521s ]
INFO: [ app_begin ] --START--
INFO: Run Behavior\ReadHtmlCacheBehavior [ RunTime:0.001672s ]
INFO: [ app_begin ] --END-- [ RunTime:0.001894s ]
SQL: SHOW COLUMNS FROM `brand` [ RunTime:0.0047s ]
SQL: SELECT * FROM `brand`  [ RunTime:0.0006s ]
INFO: [ view_parse ] --START--
INFO: [ template_filter ] --START--
INFO: Run Behavior\ContentReplaceBehavior [ RunTime:0.000200s ]
INFO: [ template_filter ] --END-- [ RunTime:0.000513s ]
INFO: Run Behavior\ParseTemplateBehavior [ RunTime:0.012695s ]
INFO: [ view_parse ] --END-- [ RunTime:0.012841s ]
INFO: [ view_filter ] --START--
INFO: Run Behavior\WriteHtmlCacheBehavior [ RunTime:0.000392s ]
INFO: [ view_filter ] --END-- [ RunTime:0.000534s ]
INFO: [ app_end ] --START--
INFO: Run Behavior\ShowPageTraceBehavior [ RunTime:0.000537s ]
INFO: [ app_end ] --END-- [ RunTime:0.000602s ]

[ 2015-07-16T16:24:00+08:00 ] 127.0.0.1 /Project/erp/web/index.php/Product/Brand/index.html
INFO: [ app_init ] --START--
INFO: Run Behavior\BuildLiteBehavior [ RunTime:0.000020s ]
INFO: [ app_init ] --END-- [ RunTime:0.000499s ]
INFO: [ app_begin ] --START--
INFO: Run Behavior\ReadHtmlCacheBehavior [ RunTime:0.000613s ]
INFO: [ app_begin ] --END-- [ RunTime:0.000715s ]
SQL: SHOW COLUMNS FROM `brand` [ RunTime:0.0030s ]
SQL: SELECT * FROM `brand`  [ RunTime:0.0002s ]
INFO: [ view_parse ] --START--
INFO: [ template_filter ] --START--
INFO: Run Behavior\ContentReplaceBehavior [ RunTime:0.000070s ]
INFO: [ template_filter ] --END-- [ RunTime:0.000195s ]
INFO: Run Behavior\ParseTemplateBehavior [ RunTime:0.008705s ]
INFO: [ view_parse ] --END-- [ RunTime:0.008830s ]
INFO: [ view_filter ] --START--
INFO: Run Behavior\WriteHtmlCacheBehavior [ RunTime:0.000609s ]
INFO: [ view_filter ] --END-- [ RunTime:0.000733s ]
INFO: [ app_end ] --START--
INFO: Run Behavior\ShowPageTraceBehavior [ RunTime:0.001098s ]
INFO: [ app_end ] --END-- [ RunTime:0.001232s ]

[ 2015-07-16T16:24:08+08:00 ] 127.0.0.1 /Project/erp/web/index.php/Product/Category/index.html
INFO: [ app_init ] --START--
INFO: Run Behavior\BuildLiteBehavior [ RunTime:0.000014s ]
INFO: [ app_init ] --END-- [ RunTime:0.000301s ]
INFO: [ app_begin ] --START--
INFO: Run Behavior\ReadHtmlCacheBehavior [ RunTime:0.000394s ]
INFO: [ app_begin ] --END-- [ RunTime:0.000446s ]
SQL: SHOW COLUMNS FROM `category` [ RunTime:0.0036s ]
SQL: SHOW COLUMNS FROM `attribute` [ RunTime:0.0022s ]
SQL: SHOW COLUMNS FROM `category_attr` [ RunTime:0.0020s ]
SQL: SELECT * FROM `category`  [ RunTime:0.0002s ]
INFO: [ view_parse ] --START--
INFO: [ template_filter ] --START--
INFO: Run Behavior\ContentReplaceBehavior [ RunTime:0.000042s ]
INFO: [ template_filter ] --END-- [ RunTime:0.000111s ]
INFO: Run Behavior\ParseTemplateBehavior [ RunTime:0.009218s ]
INFO: [ view_parse ] --END-- [ RunTime:0.009284s ]
INFO: [ view_filter ] --START--
INFO: Run Behavior\WriteHtmlCacheBehavior [ RunTime:0.000170s ]
INFO: [ view_filter ] --END-- [ RunTime:0.000226s ]
INFO: [ app_end ] --START--
INFO: Run Behavior\ShowPageTraceBehavior [ RunTime:0.000554s ]
INFO: [ app_end ] --END-- [ RunTime:0.000612s ]

[ 2015-07-16T16:24:09+08:00 ] 127.0.0.1 /Project/erp/web/index.php/Product/Category/add.html
INFO: [ app_init ] --START--
INFO: Run Behavior\BuildLiteBehavior [ RunTime:0.000172s ]
INFO: [ app_init ] --END-- [ RunTime:0.000793s ]
INFO: [ app_begin ] --START--
INFO: Run Behavior\ReadHtmlCacheBehavior [ RunTime:0.001045s ]
INFO: [ app_begin ] --END-- [ RunTime:0.001241s ]
SQL: SHOW COLUMNS FROM `category` [ RunTime:0.0022s ]
SQL: SHOW COLUMNS FROM `attribute` [ RunTime:0.0018s ]
SQL: SHOW COLUMNS FROM `category_attr` [ RunTime:0.0017s ]
SQL: SELECT * FROM `category`  [ RunTime:0.0002s ]
INFO: [ view_parse ] --START--
INFO: [ template_filter ] --START--
INFO: Run Behavior\ContentReplaceBehavior [ RunTime:0.000093s ]
INFO: [ template_filter ] --END-- [ RunTime:0.000269s ]
INFO: Run Behavior\ParseTemplateBehavior [ RunTime:0.010776s ]
INFO: [ view_parse ] --END-- [ RunTime:0.010955s ]
INFO: [ view_filter ] --START--
INFO: Run Behavior\WriteHtmlCacheBehavior [ RunTime:0.000218s ]
INFO: [ view_filter ] --END-- [ RunTime:0.000278s ]
INFO: [ app_end ] --START--
INFO: Run Behavior\ShowPageTraceBehavior [ RunTime:0.000487s ]
INFO: [ app_end ] --END-- [ RunTime:0.000542s ]

[ 2015-07-16T16:24:32+08:00 ] 127.0.0.1 /Project/erp/web/index.php/Product/Category/add.html
INFO: [ app_init ] --START--
INFO: Run Behavior\BuildLiteBehavior [ RunTime:0.000016s ]
INFO: [ app_init ] --END-- [ RunTime:0.000360s ]
INFO: [ app_begin ] --START--
INFO: Run Behavior\ReadHtmlCacheBehavior [ RunTime:0.000485s ]
INFO: [ app_begin ] --END-- [ RunTime:0.000551s ]
SQL: SHOW COLUMNS FROM `category` [ RunTime:0.0040s ]
SQL: SHOW COLUMNS FROM `attribute` [ RunTime:0.0018s ]
SQL: SHOW COLUMNS FROM `category_attr` [ RunTime:0.0019s ]
SQL: SELECT * FROM `category`  [ RunTime:0.0002s ]
SQL: SELECT * FROM `category` WHERE ( name = '服装'  ) LIMIT 1   [ RunTime:0.0004s ]
SQL: INSERT INTO `category` (`name`,`pid`) VALUES ('服装','0') [ RunTime:0.0007s ]
SQL: SELECT * FROM `category` WHERE ( name = '电器'  ) LIMIT 1   [ RunTime:0.0004s ]
SQL: INSERT INTO `category` (`name`,`pid`) VALUES ('电器','0') [ RunTime:0.0004s ]
SQL: SELECT * FROM `category` WHERE ( name = '图书'  ) LIMIT 1   [ RunTime:0.0004s ]
SQL: INSERT INTO `category` (`name`,`pid`) VALUES ('图书','0') [ RunTime:0.0004s ]
SQL: SELECT * FROM `category` WHERE ( name = '家居'  ) LIMIT 1   [ RunTime:0.0004s ]
SQL: INSERT INTO `category` (`name`,`pid`) VALUES ('家居','0') [ RunTime:0.0002s ]
INFO: [ view_parse ] --START--
INFO: [ template_filter ] --START--
INFO: Run Behavior\ContentReplaceBehavior [ RunTime:0.000040s ]
INFO: [ template_filter ] --END-- [ RunTime:0.000112s ]
INFO: Run Behavior\ParseTemplateBehavior [ RunTime:0.008984s ]
INFO: [ view_parse ] --END-- [ RunTime:0.009047s ]
INFO: [ view_filter ] --START--
INFO: Run Behavior\WriteHtmlCacheBehavior [ RunTime:0.000157s ]
INFO: [ view_filter ] --END-- [ RunTime:0.000204s ]

[ 2015-07-16T16:24:34+08:00 ] 127.0.0.1 /Project/erp/web/index.php/Product/Category/index.html
INFO: [ app_init ] --START--
INFO: Run Behavior\BuildLiteBehavior [ RunTime:0.000021s ]
INFO: [ app_init ] --END-- [ RunTime:0.000449s ]
INFO: [ app_begin ] --START--
INFO: Run Behavior\ReadHtmlCacheBehavior [ RunTime:0.000642s ]
INFO: [ app_begin ] --END-- [ RunTime:0.000742s ]
SQL: SHOW COLUMNS FROM `category` [ RunTime:0.0021s ]
SQL: SHOW COLUMNS FROM `attribute` [ RunTime:0.0024s ]
SQL: SHOW COLUMNS FROM `category_attr` [ RunTime:0.0039s ]
SQL: SELECT * FROM `category`  [ RunTime:0.0003s ]
INFO: [ view_parse ] --START--
INFO: [ template_filter ] --START--
INFO: Run Behavior\ContentReplaceBehavior [ RunTime:0.000051s ]
INFO: [ template_filter ] --END-- [ RunTime:0.000145s ]
NOTIC: [8] Undefined index: id /Users/Liyn/Desktop/home/Project/erp/Application/Runtime/Cache/Product/86112a06863d9b7785599a645236f48d.php 第 49 行.
NOTIC: [8] Undefined index: id /Users/Liyn/Desktop/home/Project/erp/Application/Runtime/Cache/Product/86112a06863d9b7785599a645236f48d.php 第 49 行.
NOTIC: [8] Undefined index: id /Users/Liyn/Desktop/home/Project/erp/Application/Runtime/Cache/Product/86112a06863d9b7785599a645236f48d.php 第 49 行.
NOTIC: [8] Undefined index: id /Users/Liyn/Desktop/home/Project/erp/Application/Runtime/Cache/Product/86112a06863d9b7785599a645236f48d.php 第 49 行.
INFO: Run Behavior\ParseTemplateBehavior [ RunTime:0.010644s ]
INFO: [ view_parse ] --END-- [ RunTime:0.010727s ]
INFO: [ view_filter ] --START--
INFO: Run Behavior\WriteHtmlCacheBehavior [ RunTime:0.000414s ]
INFO: [ view_filter ] --END-- [ RunTime:0.000519s ]
INFO: [ app_end ] --START--
INFO: Run Behavior\ShowPageTraceBehavior [ RunTime:0.000953s ]
INFO: [ app_end ] --END-- [ RunTime:0.001084s ]

[ 2015-07-16T16:24:34+08:00 ] 127.0.0.1 /Project/erp/web/index.php/Product/Category/index.html
INFO: [ app_init ] --START--
INFO: Run Behavior\BuildLiteBehavior [ RunTime:0.000022s ]
INFO: [ app_init ] --END-- [ RunTime:0.000451s ]
INFO: [ app_begin ] --START--
INFO: Run Behavior\ReadHtmlCacheBehavior [ RunTime:0.000607s ]
INFO: [ app_begin ] --END-- [ RunTime:0.000704s ]
SQL: SHOW COLUMNS FROM `category` [ RunTime:0.0035s ]
SQL: SHOW COLUMNS FROM `attribute` [ RunTime:0.0022s ]
SQL: SHOW COLUMNS FROM `category_attr` [ RunTime:0.0017s ]
SQL: SELECT * FROM `category`  [ RunTime:0.0003s ]
INFO: [ view_parse ] --START--
INFO: [ template_filter ] --START--
INFO: Run Behavior\ContentReplaceBehavior [ RunTime:0.000096s ]
INFO: [ template_filter ] --END-- [ RunTime:0.000265s ]
NOTIC: [8] Undefined index: id /Users/Liyn/Desktop/home/Project/erp/Application/Runtime/Cache/Product/86112a06863d9b7785599a645236f48d.php 第 49 行.
NOTIC: [8] Undefined index: id /Users/Liyn/Desktop/home/Project/erp/Application/Runtime/Cache/Product/86112a06863d9b7785599a645236f48d.php 第 49 行.
NOTIC: [8] Undefined index: id /Users/Liyn/Desktop/home/Project/erp/Application/Runtime/Cache/Product/86112a06863d9b7785599a645236f48d.php 第 49 行.
NOTIC: [8] Undefined index: id /Users/Liyn/Desktop/home/Project/erp/Application/Runtime/Cache/Product/86112a06863d9b7785599a645236f48d.php 第 49 行.
INFO: Run Behavior\ParseTemplateBehavior [ RunTime:0.012487s ]
INFO: [ view_parse ] --END-- [ RunTime:0.012559s ]
INFO: [ view_filter ] --START--
INFO: Run Behavior\WriteHtmlCacheBehavior [ RunTime:0.000192s ]
INFO: [ view_filter ] --END-- [ RunTime:0.000241s ]
INFO: [ app_end ] --START--
INFO: Run Behavior\ShowPageTraceBehavior [ RunTime:0.000481s ]
INFO: [ app_end ] --END-- [ RunTime:0.000560s ]

[ 2015-07-16T16:51:41+08:00 ] 127.0.0.1 /Project/erp/web/index.php/Product/Product/index.html
INFO: [ app_init ] --START--
INFO: Run Behavior\BuildLiteBehavior [ RunTime:0.000016s ]
INFO: [ app_init ] --END-- [ RunTime:0.000371s ]
INFO: [ app_begin ] --START--
INFO: Run Behavior\ReadHtmlCacheBehavior [ RunTime:0.000415s ]
INFO: [ app_begin ] --END-- [ RunTime:0.000480s ]
SQL: SHOW COLUMNS FROM `product` [ RunTime:0.0020s ]
SQL: SHOW COLUMNS FROM `product_details` [ RunTime:0.0018s ]
SQL: SHOW COLUMNS FROM `category` [ RunTime:0.0019s ]
SQL: SHOW COLUMNS FROM `brand` [ RunTime:0.0046s ]
SQL: SELECT * FROM `category`  [ RunTime:0.0004s ]
SQL: SELECT `id`,`name` FROM `brand` LIMIT 1000   [ RunTime:0.0008s ]
SQL: SELECT * FROM `product` WHERE ( 1  ) LIMIT 20   [ RunTime:0.0007s ]
INFO: [ view_parse ] --START--
INFO: [ template_filter ] --START--
INFO: Run Behavior\ContentReplaceBehavior [ RunTime:0.000203s ]
INFO: [ template_filter ] --END-- [ RunTime:0.000519s ]
INFO: Run Behavior\ParseTemplateBehavior [ RunTime:0.018605s ]
INFO: [ view_parse ] --END-- [ RunTime:0.018762s ]
INFO: [ view_filter ] --START--
INFO: Run Behavior\WriteHtmlCacheBehavior [ RunTime:0.000200s ]
INFO: [ view_filter ] --END-- [ RunTime:0.000247s ]
INFO: [ app_end ] --START--
INFO: Run Behavior\ShowPageTraceBehavior [ RunTime:0.000485s ]
INFO: [ app_end ] --END-- [ RunTime:0.000541s ]

[ 2015-07-16T16:51:43+08:00 ] 127.0.0.1 /Project/erp/web/index.php/Product/Product/add.html
INFO: [ app_init ] --START--
INFO: Run Behavior\BuildLiteBehavior [ RunTime:0.000035s ]
INFO: [ app_init ] --END-- [ RunTime:0.000826s ]
INFO: [ app_begin ] --START--
INFO: Run Behavior\ReadHtmlCacheBehavior [ RunTime:0.000713s ]
INFO: [ app_begin ] --END-- [ RunTime:0.000812s ]
SQL: SHOW COLUMNS FROM `product` [ RunTime:0.0026s ]
SQL: SHOW COLUMNS FROM `product_details` [ RunTime:0.0019s ]
SQL: SHOW COLUMNS FROM `category` [ RunTime:0.0047s ]
SQL: SHOW COLUMNS FROM `brand` [ RunTime:0.0036s ]
SQL: SELECT * FROM `category`  [ RunTime:0.0005s ]
SQL: SELECT `id`,`name` FROM `brand` LIMIT 1000   [ RunTime:0.0005s ]
INFO: [ view_parse ] --START--
INFO: [ template_filter ] --START--
INFO: Run Behavior\ContentReplaceBehavior [ RunTime:0.000127s ]
INFO: [ template_filter ] --END-- [ RunTime:0.000351s ]
INFO: Run Behavior\ParseTemplateBehavior [ RunTime:0.017003s ]
INFO: [ view_parse ] --END-- [ RunTime:0.017095s ]
INFO: [ view_filter ] --START--
INFO: Run Behavior\WriteHtmlCacheBehavior [ RunTime:0.000158s ]
INFO: [ view_filter ] --END-- [ RunTime:0.000209s ]
INFO: [ app_end ] --START--
INFO: Run Behavior\ShowPageTraceBehavior [ RunTime:0.000652s ]
INFO: [ app_end ] --END-- [ RunTime:0.000742s ]

[ 2015-07-16T16:53:09+08:00 ] 127.0.0.1 /Project/erp/web/index.php/Product/Product/add.html
INFO: [ app_init ] --START--
INFO: Run Behavior\BuildLiteBehavior [ RunTime:0.000018s ]
INFO: [ app_init ] --END-- [ RunTime:0.000447s ]
INFO: [ app_begin ] --START--
INFO: Run Behavior\ReadHtmlCacheBehavior [ RunTime:0.000654s ]
INFO: [ app_begin ] --END-- [ RunTime:0.000755s ]
SQL: SHOW COLUMNS FROM `product` [ RunTime:0.0018s ]
SQL: SHOW COLUMNS FROM `product_details` [ RunTime:0.0023s ]
SQL: SHOW COLUMNS FROM `category` [ RunTime:0.0022s ]
SQL: SHOW COLUMNS FROM `brand` [ RunTime:0.0018s ]
SQL: SELECT * FROM `category`  [ RunTime:0.0002s ]
SQL: SELECT `id`,`name` FROM `brand` LIMIT 1000   [ RunTime:0.0002s ]
INFO: [ view_parse ] --START--
INFO: [ template_filter ] --START--
INFO: Run Behavior\ContentReplaceBehavior [ RunTime:0.000145s ]
INFO: [ template_filter ] --END-- [ RunTime:0.000255s ]
INFO: Run Behavior\ParseTemplateBehavior [ RunTime:0.011905s ]
INFO: [ view_parse ] --END-- [ RunTime:0.011996s ]
INFO: [ view_filter ] --START--
INFO: Run Behavior\WriteHtmlCacheBehavior [ RunTime:0.000388s ]
INFO: [ view_filter ] --END-- [ RunTime:0.000476s ]
INFO: [ app_end ] --START--
INFO: Run Behavior\ShowPageTraceBehavior [ RunTime:0.000613s ]
INFO: [ app_end ] --END-- [ RunTime:0.000693s ]

[ 2015-07-16T16:53:11+08:00 ] 127.0.0.1 /Project/erp/web/index.php/Product/Product/%7B:U(%27Product/Product/ajax_getAttr%27)%7D
INFO: [ app_init ] --START--
INFO: Run Behavior\BuildLiteBehavior [ RunTime:0.000024s ]
INFO: [ app_init ] --END-- [ RunTime:0.000431s ]
INFO: [ app_begin ] --START--
INFO: Run Behavior\ReadHtmlCacheBehavior [ RunTime:0.000628s ]
INFO: [ app_begin ] --END-- [ RunTime:0.000729s ]
SQL: SHOW COLUMNS FROM `product` [ RunTime:0.0047s ]
SQL: SHOW COLUMNS FROM `product_details` [ RunTime:0.0028s ]
SQL: SHOW COLUMNS FROM `category` [ RunTime:0.0021s ]
SQL: SHOW COLUMNS FROM `brand` [ RunTime:0.0032s ]
SQL: SELECT * FROM `category`  [ RunTime:0.0004s ]
SQL: SELECT `id`,`name` FROM `brand` LIMIT 1000   [ RunTime:0.0004s ]
ERR: 非法操作:{:U('Product

[ 2015-07-16T16:53:12+08:00 ] 127.0.0.1 /Project/erp/web/index.php/Product/Product/%7B:U(%27Product/Product/ajax_getAttr%27)%7D
INFO: [ app_init ] --START--
INFO: Run Behavior\BuildLiteBehavior [ RunTime:0.000014s ]
INFO: [ app_init ] --END-- [ RunTime:0.000314s ]
INFO: [ app_begin ] --START--
INFO: Run Behavior\ReadHtmlCacheBehavior [ RunTime:0.000416s ]
INFO: [ app_begin ] --END-- [ RunTime:0.000467s ]
SQL: SHOW COLUMNS FROM `product` [ RunTime:0.0019s ]
SQL: SHOW COLUMNS FROM `product_details` [ RunTime:0.0016s ]
SQL: SHOW COLUMNS FROM `category` [ RunTime:0.0018s ]
SQL: SHOW COLUMNS FROM `brand` [ RunTime:0.0017s ]
SQL: SELECT * FROM `category`  [ RunTime:0.0002s ]
SQL: SELECT `id`,`name` FROM `brand` LIMIT 1000   [ RunTime:0.0002s ]
ERR: 非法操作:{:U('Product

[ 2015-07-16T16:53:12+08:00 ] 127.0.0.1 /Project/erp/web/index.php/Product/Product/%7B:U(%27Product/Product/ajax_getAttr%27)%7D
INFO: [ app_init ] --START--
INFO: Run Behavior\BuildLiteBehavior [ RunTime:0.000025s ]
INFO: [ app_init ] --END-- [ RunTime:0.000579s ]
INFO: [ app_begin ] --START--
INFO: Run Behavior\ReadHtmlCacheBehavior [ RunTime:0.000755s ]
INFO: [ app_begin ] --END-- [ RunTime:0.000848s ]
SQL: SHOW COLUMNS FROM `product` [ RunTime:0.0018s ]
SQL: SHOW COLUMNS FROM `product_details` [ RunTime:0.0013s ]
SQL: SHOW COLUMNS FROM `category` [ RunTime:0.0014s ]
SQL: SHOW COLUMNS FROM `brand` [ RunTime:0.0012s ]
SQL: SELECT * FROM `category`  [ RunTime:0.0002s ]
SQL: SELECT `id`,`name` FROM `brand` LIMIT 1000   [ RunTime:0.0001s ]
ERR: 非法操作:{:U('Product

[ 2015-07-16T16:53:14+08:00 ] 127.0.0.1 /Project/erp/web/index.php/Product/Product/add.html
INFO: [ app_init ] --START--
INFO: Run Behavior\BuildLiteBehavior [ RunTime:0.000049s ]
INFO: [ app_init ] --END-- [ RunTime:0.000946s ]
INFO: [ app_begin ] --START--
INFO: Run Behavior\ReadHtmlCacheBehavior [ RunTime:0.001366s ]
INFO: [ app_begin ] --END-- [ RunTime:0.001737s ]
SQL: SHOW COLUMNS FROM `product` [ RunTime:0.0044s ]
SQL: SHOW COLUMNS FROM `product_details` [ RunTime:0.0022s ]
SQL: SHOW COLUMNS FROM `category` [ RunTime:0.0033s ]
SQL: SHOW COLUMNS FROM `brand` [ RunTime:0.0013s ]
SQL: SELECT * FROM `category`  [ RunTime:0.0002s ]
SQL: SELECT `id`,`name` FROM `brand` LIMIT 1000   [ RunTime:0.0002s ]
INFO: [ view_parse ] --START--
INFO: [ template_filter ] --START--
INFO: Run Behavior\ContentReplaceBehavior [ RunTime:0.000049s ]
INFO: [ template_filter ] --END-- [ RunTime:0.000130s ]
INFO: Run Behavior\ParseTemplateBehavior [ RunTime:0.012660s ]
INFO: [ view_parse ] --END-- [ RunTime:0.012727s ]
INFO: [ view_filter ] --START--
INFO: Run Behavior\WriteHtmlCacheBehavior [ RunTime:0.000157s ]
INFO: [ view_filter ] --END-- [ RunTime:0.000202s ]
INFO: [ app_end ] --START--
INFO: Run Behavior\ShowPageTraceBehavior [ RunTime:0.000462s ]
INFO: [ app_end ] --END-- [ RunTime:0.000520s ]

[ 2015-07-16T16:53:15+08:00 ] 127.0.0.1 /Project/erp/web/index.php/Product/Product/add.html
INFO: [ app_init ] --START--
INFO: Run Behavior\BuildLiteBehavior [ RunTime:0.000013s ]
INFO: [ app_init ] --END-- [ RunTime:0.000301s ]
INFO: [ app_begin ] --START--
INFO: Run Behavior\ReadHtmlCacheBehavior [ RunTime:0.000402s ]
INFO: [ app_begin ] --END-- [ RunTime:0.000455s ]
SQL: SHOW COLUMNS FROM `product` [ RunTime:0.0034s ]
SQL: SHOW COLUMNS FROM `product_details` [ RunTime:0.0025s ]
SQL: SHOW COLUMNS FROM `category` [ RunTime:0.0022s ]
SQL: SHOW COLUMNS FROM `brand` [ RunTime:0.0021s ]
SQL: SELECT * FROM `category`  [ RunTime:0.0002s ]
SQL: SELECT `id`,`name` FROM `brand` LIMIT 1000   [ RunTime:0.0005s ]
INFO: [ view_parse ] --START--
INFO: [ template_filter ] --START--
INFO: Run Behavior\ContentReplaceBehavior [ RunTime:0.000042s ]
INFO: [ template_filter ] --END-- [ RunTime:0.000111s ]
INFO: Run Behavior\ParseTemplateBehavior [ RunTime:0.011912s ]
INFO: [ view_parse ] --END-- [ RunTime:0.011998s ]
INFO: [ view_filter ] --START--
INFO: Run Behavior\WriteHtmlCacheBehavior [ RunTime:0.000139s ]
INFO: [ view_filter ] --END-- [ RunTime:0.000185s ]
INFO: [ app_end ] --START--
INFO: Run Behavior\ShowPageTraceBehavior [ RunTime:0.000428s ]
INFO: [ app_end ] --END-- [ RunTime:0.000478s ]

[ 2015-07-16T16:53:22+08:00 ] 127.0.0.1 /Project/erp/web/index.php/Product/Product/%7B:U(%27Product/Product/ajax_getAttr%27)%7D
INFO: [ app_init ] --START--
INFO: Run Behavior\BuildLiteBehavior [ RunTime:0.000015s ]
INFO: [ app_init ] --END-- [ RunTime:0.000320s ]
INFO: [ app_begin ] --START--
INFO: Run Behavior\ReadHtmlCacheBehavior [ RunTime:0.000414s ]
INFO: [ app_begin ] --END-- [ RunTime:0.000463s ]
SQL: SHOW COLUMNS FROM `product` [ RunTime:0.0018s ]
SQL: SHOW COLUMNS FROM `product_details` [ RunTime:0.0016s ]
SQL: SHOW COLUMNS FROM `category` [ RunTime:0.0017s ]
SQL: SHOW COLUMNS FROM `brand` [ RunTime:0.0018s ]
SQL: SELECT * FROM `category`  [ RunTime:0.0002s ]
SQL: SELECT `id`,`name` FROM `brand` LIMIT 1000   [ RunTime:0.0002s ]
ERR: 非法操作:{:U('Product

[ 2015-07-16T16:54:28+08:00 ] 127.0.0.1 /Project/erp/web/index.php/Product/Product/index.html
INFO: [ app_init ] --START--
INFO: Run Behavior\BuildLiteBehavior [ RunTime:0.000018s ]
INFO: [ app_init ] --END-- [ RunTime:0.000404s ]
INFO: [ app_begin ] --START--
INFO: Run Behavior\ReadHtmlCacheBehavior [ RunTime:0.000501s ]
INFO: [ app_begin ] --END-- [ RunTime:0.000569s ]
SQL: SHOW COLUMNS FROM `product` [ RunTime:0.0033s ]
SQL: SHOW COLUMNS FROM `product_details` [ RunTime:0.0037s ]
SQL: SHOW COLUMNS FROM `category` [ RunTime:0.0047s ]
SQL: SHOW COLUMNS FROM `brand` [ RunTime:0.0024s ]
SQL: SELECT * FROM `category`  [ RunTime:0.0004s ]
SQL: SELECT `id`,`name` FROM `brand` LIMIT 1000   [ RunTime:0.0004s ]
SQL: SELECT * FROM `product` WHERE ( 1  ) LIMIT 20   [ RunTime:0.0004s ]
INFO: [ view_parse ] --START--
INFO: [ template_filter ] --START--
INFO: Run Behavior\ContentReplaceBehavior [ RunTime:0.000054s ]
INFO: [ template_filter ] --END-- [ RunTime:0.000131s ]
INFO: Run Behavior\ParseTemplateBehavior [ RunTime:0.014373s ]
INFO: [ view_parse ] --END-- [ RunTime:0.014468s ]
INFO: [ view_filter ] --START--
INFO: Run Behavior\WriteHtmlCacheBehavior [ RunTime:0.000319s ]
INFO: [ view_filter ] --END-- [ RunTime:0.000406s ]
INFO: [ app_end ] --START--
INFO: Run Behavior\ShowPageTraceBehavior [ RunTime:0.000736s ]
INFO: [ app_end ] --END-- [ RunTime:0.000869s ]

[ 2015-07-16T16:54:29+08:00 ] 127.0.0.1 /Project/erp/web/index.php/Product/Product/add.html
INFO: [ app_init ] --START--
INFO: Run Behavior\BuildLiteBehavior [ RunTime:0.000023s ]
INFO: [ app_init ] --END-- [ RunTime:0.000565s ]
INFO: [ app_begin ] --START--
INFO: Run Behavior\ReadHtmlCacheBehavior [ RunTime:0.000786s ]
INFO: [ app_begin ] --END-- [ RunTime:0.000888s ]
SQL: SHOW COLUMNS FROM `product` [ RunTime:0.0022s ]
SQL: SHOW COLUMNS FROM `product_details` [ RunTime:0.0032s ]
SQL: SHOW COLUMNS FROM `category` [ RunTime:0.0013s ]
SQL: SHOW COLUMNS FROM `brand` [ RunTime:0.0048s ]
SQL: SELECT * FROM `category`  [ RunTime:0.0004s ]
SQL: SELECT `id`,`name` FROM `brand` LIMIT 1000   [ RunTime:0.0003s ]
INFO: [ view_parse ] --START--
INFO: [ template_filter ] --START--
INFO: Run Behavior\ContentReplaceBehavior [ RunTime:0.000040s ]
INFO: [ template_filter ] --END-- [ RunTime:0.000105s ]
INFO: Run Behavior\ParseTemplateBehavior [ RunTime:0.012459s ]
INFO: [ view_parse ] --END-- [ RunTime:0.012538s ]
INFO: [ view_filter ] --START--
INFO: Run Behavior\WriteHtmlCacheBehavior [ RunTime:0.000147s ]
INFO: [ view_filter ] --END-- [ RunTime:0.000192s ]
INFO: [ app_end ] --START--
INFO: Run Behavior\ShowPageTraceBehavior [ RunTime:0.000627s ]
INFO: [ app_end ] --END-- [ RunTime:0.000704s ]

[ 2015-07-16T16:54:32+08:00 ] 127.0.0.1 /Project/erp/web/index.php/Product/Product/ajax_getAttr.html
INFO: [ app_init ] --START--
INFO: Run Behavior\BuildLiteBehavior [ RunTime:0.000028s ]
INFO: [ app_init ] --END-- [ RunTime:0.000519s ]
INFO: [ app_begin ] --START--
INFO: Run Behavior\ReadHtmlCacheBehavior [ RunTime:0.000615s ]
INFO: [ app_begin ] --END-- [ RunTime:0.000733s ]
SQL: SHOW COLUMNS FROM `product` [ RunTime:0.0022s ]
SQL: SHOW COLUMNS FROM `product_details` [ RunTime:0.0044s ]
SQL: SHOW COLUMNS FROM `category` [ RunTime:0.0020s ]
SQL: SHOW COLUMNS FROM `brand` [ RunTime:0.0018s ]
SQL: SELECT * FROM `category`  [ RunTime:0.0002s ]
SQL: SELECT `id`,`name` FROM `brand` LIMIT 1000   [ RunTime:0.0002s ]
SQL: SHOW COLUMNS FROM `attribute` [ RunTime:0.0017s ]
ERR: SQLSTATE[42000]: Syntax error or access violation: 1103 Incorrect table name ''

[ 2015-07-16T16:56:18+08:00 ] 127.0.0.1 /Project/erp/web/index.php/Product/Product/index.html
INFO: [ app_init ] --START--
INFO: Run Behavior\BuildLiteBehavior [ RunTime:0.000037s ]
INFO: [ app_init ] --END-- [ RunTime:0.000565s ]
INFO: [ app_begin ] --START--
INFO: Run Behavior\ReadHtmlCacheBehavior [ RunTime:0.000592s ]
INFO: [ app_begin ] --END-- [ RunTime:0.000687s ]
SQL: SHOW COLUMNS FROM `product` [ RunTime:0.0023s ]
SQL: SHOW COLUMNS FROM `product_details` [ RunTime:0.0021s ]
SQL: SHOW COLUMNS FROM `category` [ RunTime:0.0028s ]
SQL: SHOW COLUMNS FROM `brand` [ RunTime:0.0023s ]
SQL: SELECT * FROM `category`  [ RunTime:0.0002s ]
SQL: SELECT `id`,`name` FROM `brand` LIMIT 1000   [ RunTime:0.0002s ]
SQL: SELECT * FROM `product` WHERE ( 1  ) LIMIT 20   [ RunTime:0.0002s ]
INFO: [ view_parse ] --START--
INFO: [ template_filter ] --START--
INFO: Run Behavior\ContentReplaceBehavior [ RunTime:0.000050s ]
INFO: [ template_filter ] --END-- [ RunTime:0.000116s ]
INFO: Run Behavior\ParseTemplateBehavior [ RunTime:0.010482s ]
INFO: [ view_parse ] --END-- [ RunTime:0.010540s ]
INFO: [ view_filter ] --START--
INFO: Run Behavior\WriteHtmlCacheBehavior [ RunTime:0.000143s ]
INFO: [ view_filter ] --END-- [ RunTime:0.000188s ]
INFO: [ app_end ] --START--
INFO: Run Behavior\ShowPageTraceBehavior [ RunTime:0.000446s ]
INFO: [ app_end ] --END-- [ RunTime:0.000495s ]

[ 2015-07-16T16:56:21+08:00 ] 127.0.0.1 /Project/erp/web/index.php/Product/Product/add.html
INFO: [ app_init ] --START--
INFO: Run Behavior\BuildLiteBehavior [ RunTime:0.000026s ]
INFO: [ app_init ] --END-- [ RunTime:0.000470s ]
INFO: [ app_begin ] --START--
INFO: Run Behavior\ReadHtmlCacheBehavior [ RunTime:0.000896s ]
INFO: [ app_begin ] --END-- [ RunTime:0.001049s ]
SQL: SHOW COLUMNS FROM `product` [ RunTime:0.0020s ]
SQL: SHOW COLUMNS FROM `product_details` [ RunTime:0.0038s ]
SQL: SHOW COLUMNS FROM `category` [ RunTime:0.0021s ]
SQL: SHOW COLUMNS FROM `brand` [ RunTime:0.0035s ]
SQL: SELECT * FROM `category`  [ RunTime:0.0003s ]
SQL: SELECT `id`,`name` FROM `brand` LIMIT 1000   [ RunTime:0.0002s ]
INFO: [ view_parse ] --START--
INFO: [ template_filter ] --START--
INFO: Run Behavior\ContentReplaceBehavior [ RunTime:0.000043s ]
INFO: [ template_filter ] --END-- [ RunTime:0.000113s ]
INFO: Run Behavior\ParseTemplateBehavior [ RunTime:0.011991s ]
INFO: [ view_parse ] --END-- [ RunTime:0.012083s ]
INFO: [ view_filter ] --START--
INFO: Run Behavior\WriteHtmlCacheBehavior [ RunTime:0.000325s ]
INFO: [ view_filter ] --END-- [ RunTime:0.000389s ]
INFO: [ app_end ] --START--
INFO: Run Behavior\ShowPageTraceBehavior [ RunTime:0.000626s ]
INFO: [ app_end ] --END-- [ RunTime:0.000705s ]

[ 2015-07-16T16:56:45+08:00 ] 127.0.0.1 /Project/erp/web/index.php/Product/Product/operate.html
INFO: [ app_init ] --START--
INFO: Run Behavior\BuildLiteBehavior [ RunTime:0.000017s ]
INFO: [ app_init ] --END-- [ RunTime:0.000360s ]
INFO: [ app_begin ] --START--
INFO: Run Behavior\ReadHtmlCacheBehavior [ RunTime:0.000522s ]
INFO: [ app_begin ] --END-- [ RunTime:0.000606s ]
SQL: SHOW COLUMNS FROM `product` [ RunTime:0.0039s ]
SQL: SHOW COLUMNS FROM `product_details` [ RunTime:0.0022s ]
SQL: SHOW COLUMNS FROM `category` [ RunTime:0.0022s ]
SQL: SHOW COLUMNS FROM `brand` [ RunTime:0.0026s ]
SQL: SELECT * FROM `category`  [ RunTime:0.0007s ]
SQL: SELECT `id`,`name` FROM `brand` LIMIT 1000   [ RunTime:0.0007s ]
SQL: SELECT * FROM `product` WHERE ( name = '测试商品ABC-1'  ) LIMIT 1   [ RunTime:0.0003s ]
SQL: INSERT INTO `product` (`name`,`goods`,`manuf_date`,`marked_price`,`brand_id`,`category_cid`) VALUES ('测试商品ABC-1','ABC','1435680000','299.000','1','1') [ RunTime:0.0002s ]
INFO: [ view_parse ] --START--
INFO: [ template_filter ] --START--
INFO: Run Behavior\ContentReplaceBehavior [ RunTime:0.000047s ]
INFO: [ template_filter ] --END-- [ RunTime:0.000143s ]
INFO: Run Behavior\ParseTemplateBehavior [ RunTime:0.006477s ]
INFO: [ view_parse ] --END-- [ RunTime:0.006558s ]
INFO: [ view_filter ] --START--
INFO: Run Behavior\WriteHtmlCacheBehavior [ RunTime:0.000209s ]
INFO: [ view_filter ] --END-- [ RunTime:0.000264s ]
INFO: [ app_end ] --START--
INFO: Run Behavior\ShowPageTraceBehavior [ RunTime:0.000575s ]
INFO: [ app_end ] --END-- [ RunTime:0.000654s ]

[ 2015-07-16T16:56:46+08:00 ] 127.0.0.1 /Project/erp/web/index.php/Product/Product/index
INFO: [ app_init ] --START--
INFO: Run Behavior\BuildLiteBehavior [ RunTime:0.000017s ]
INFO: [ app_init ] --END-- [ RunTime:0.000370s ]
INFO: [ app_begin ] --START--
INFO: Run Behavior\ReadHtmlCacheBehavior [ RunTime:0.001415s ]
INFO: [ app_begin ] --END-- [ RunTime:0.001630s ]
SQL: SHOW COLUMNS FROM `product` [ RunTime:0.0039s ]
SQL: SHOW COLUMNS FROM `product_details` [ RunTime:0.0019s ]
SQL: SHOW COLUMNS FROM `category` [ RunTime:0.0036s ]
SQL: SHOW COLUMNS FROM `brand` [ RunTime:0.0019s ]
SQL: SELECT * FROM `category`  [ RunTime:0.0002s ]
SQL: SELECT `id`,`name` FROM `brand` LIMIT 1000   [ RunTime:0.0001s ]
SQL: SELECT * FROM `product` WHERE ( 1  ) LIMIT 20   [ RunTime:0.0002s ]
SQL: SELECT `name` FROM `category` WHERE ( cid=1 ) LIMIT 1   [ RunTime:0.0001s ]
SQL: SELECT `name` FROM `brand` WHERE ( id=1 ) LIMIT 1   [ RunTime:0.0002s ]
SQL: SELECT `small` FROM `product_details` WHERE ( product_id=1 ) LIMIT 1   [ RunTime:0.0001s ]
INFO: [ view_parse ] --START--
INFO: [ template_filter ] --START--
INFO: Run Behavior\ContentReplaceBehavior [ RunTime:0.000047s ]
INFO: [ template_filter ] --END-- [ RunTime:0.000118s ]
INFO: Run Behavior\ParseTemplateBehavior [ RunTime:0.015466s ]
INFO: [ view_parse ] --END-- [ RunTime:0.015527s ]
INFO: [ view_filter ] --START--
INFO: Run Behavior\WriteHtmlCacheBehavior [ RunTime:0.000137s ]
INFO: [ view_filter ] --END-- [ RunTime:0.000183s ]
INFO: [ app_end ] --START--
INFO: Run Behavior\ShowPageTraceBehavior [ RunTime:0.000425s ]
INFO: [ app_end ] --END-- [ RunTime:0.000472s ]

[ 2015-07-16T16:57:35+08:00 ] 127.0.0.1 /Project/erp/web/index.php/Product/Product/add.html
INFO: [ app_init ] --START--
INFO: Run Behavior\BuildLiteBehavior [ RunTime:0.000014s ]
INFO: [ app_init ] --END-- [ RunTime:0.000303s ]
INFO: [ app_begin ] --START--
INFO: Run Behavior\ReadHtmlCacheBehavior [ RunTime:0.000398s ]
INFO: [ app_begin ] --END-- [ RunTime:0.000451s ]
SQL: SHOW COLUMNS FROM `product` [ RunTime:0.0044s ]
SQL: SHOW COLUMNS FROM `product_details` [ RunTime:0.0047s ]
SQL: SHOW COLUMNS FROM `category` [ RunTime:0.0020s ]
SQL: SHOW COLUMNS FROM `brand` [ RunTime:0.0039s ]
SQL: SELECT * FROM `category`  [ RunTime:0.0008s ]
SQL: SELECT `id`,`name` FROM `brand` LIMIT 1000   [ RunTime:0.0005s ]
INFO: [ view_parse ] --START--
INFO: [ template_filter ] --START--
INFO: Run Behavior\ContentReplaceBehavior [ RunTime:0.000043s ]
INFO: [ template_filter ] --END-- [ RunTime:0.000115s ]
INFO: Run Behavior\ParseTemplateBehavior [ RunTime:0.010219s ]
INFO: [ view_parse ] --END-- [ RunTime:0.010295s ]
INFO: [ view_filter ] --START--
INFO: Run Behavior\WriteHtmlCacheBehavior [ RunTime:0.000154s ]
INFO: [ view_filter ] --END-- [ RunTime:0.000200s ]
INFO: [ app_end ] --START--
INFO: Run Behavior\ShowPageTraceBehavior [ RunTime:0.000520s ]
INFO: [ app_end ] --END-- [ RunTime:0.000576s ]

[ 2015-07-16T22:06:40+08:00 ] 127.0.0.1 /Project/erp/web/index.php/Product/Product/index.html
INFO: [ app_init ] --START--
INFO: Run Behavior\BuildLiteBehavior [ RunTime:0.000017s ]
INFO: [ app_init ] --END-- [ RunTime:0.000389s ]
INFO: [ app_begin ] --START--
INFO: Run Behavior\ReadHtmlCacheBehavior [ RunTime:0.001344s ]
INFO: [ app_begin ] --END-- [ RunTime:0.001650s ]
SQL: SHOW COLUMNS FROM `product` [ RunTime:0.0032s ]
SQL: SHOW COLUMNS FROM `product_details` [ RunTime:0.0028s ]
SQL: SHOW COLUMNS FROM `category` [ RunTime:0.0027s ]
SQL: SHOW COLUMNS FROM `brand` [ RunTime:0.0041s ]
SQL: SELECT * FROM `category`  [ RunTime:0.0014s ]
SQL: SELECT `id`,`name` FROM `brand` LIMIT 1000   [ RunTime:0.0015s ]
SQL: SELECT * FROM `product` WHERE ( 1  ) LIMIT 20   [ RunTime:0.0013s ]
SQL: SELECT `name` FROM `category` WHERE ( cid=1 ) LIMIT 1   [ RunTime:0.0003s ]
SQL: SELECT `name` FROM `brand` WHERE ( id=1 ) LIMIT 1   [ RunTime:0.0002s ]
SQL: SELECT `small` FROM `product_details` WHERE ( product_id=1 ) LIMIT 1   [ RunTime:0.0001s ]
INFO: [ view_parse ] --START--
INFO: [ template_filter ] --START--
INFO: Run Behavior\ContentReplaceBehavior [ RunTime:0.000048s ]
INFO: [ template_filter ] --END-- [ RunTime:0.000119s ]
INFO: Run Behavior\ParseTemplateBehavior [ RunTime:0.017740s ]
INFO: [ view_parse ] --END-- [ RunTime:0.017870s ]
INFO: [ view_filter ] --START--
INFO: Run Behavior\WriteHtmlCacheBehavior [ RunTime:0.000270s ]
INFO: [ view_filter ] --END-- [ RunTime:0.000326s ]
INFO: [ app_end ] --START--
INFO: Run Behavior\ShowPageTraceBehavior [ RunTime:0.000587s ]
INFO: [ app_end ] --END-- [ RunTime:0.000666s ]

