[ 2015-07-28T19:12:00+08:00 ] 127.0.0.1 /Project/erp/web/index.php/Purchase/Supplier/index.html
INFO: [ app_init ] --START--
INFO: Run Behavior\BuildLiteBehavior [ RunTime:0.000009s ]
INFO: [ app_init ] --END-- [ RunTime:0.000194s ]
INFO: [ app_begin ] --START--
INFO: Run Behavior\ReadHtmlCacheBehavior [ RunTime:0.000271s ]
INFO: [ app_begin ] --END-- [ RunTime:0.000307s ]
SQL: SHOW COLUMNS FROM `supplier` [ RunTime:0.0072s ]
SQL: SHOW COLUMNS FROM `brand` [ RunTime:0.0035s ]
SQL: SELECT * FROM `supplier`  [ RunTime:0.0015s ]
SQL: SELECT `name` FROM `brand` WHERE ( id=1 ) LIMIT 1   [ RunTime:0.0017s ]
SQL: SELECT `name` FROM `brand` WHERE ( id=2 ) LIMIT 1   [ RunTime:0.0005s ]
SQL: SELECT `name` FROM `brand` WHERE ( id=1 ) LIMIT 1   [ RunTime:0.0004s ]
SQL: SELECT `name` FROM `brand` WHERE ( id=2 ) LIMIT 1   [ RunTime:0.0004s ]
SQL: SELECT `name` FROM `brand` WHERE ( id=3 ) LIMIT 1   [ RunTime:0.0004s ]
SQL: SELECT `name` FROM `brand` WHERE ( id=1 ) LIMIT 1   [ RunTime:0.0004s ]
INFO: [ view_parse ] --START--
INFO: [ template_filter ] --START--
INFO: Run Behavior\ContentReplaceBehavior [ RunTime:0.000028s ]
INFO: [ template_filter ] --END-- [ RunTime:0.000075s ]
INFO: Run Behavior\ParseTemplateBehavior [ RunTime:0.011104s ]
INFO: [ view_parse ] --END-- [ RunTime:0.011179s ]
INFO: [ view_filter ] --START--
INFO: Run Behavior\WriteHtmlCacheBehavior [ RunTime:0.000206s ]
INFO: [ view_filter ] --END-- [ RunTime:0.000239s ]
INFO: [ app_end ] --START--
INFO: Run Behavior\ShowPageTraceBehavior [ RunTime:0.000378s ]
INFO: [ app_end ] --END-- [ RunTime:0.000416s ]

