[ 2015-07-14T15:34:27+08:00 ] 127.0.0.1 /Project/erp/web/
INFO: [ app_init ] --START--
INFO: Run Behavior\BuildLiteBehavior [ RunTime:0.000023s ]
INFO: [ app_init ] --END-- [ RunTime:0.001738s ]
INFO: [ app_begin ] --START--
INFO: Run Behavior\ReadHtmlCacheBehavior [ RunTime:0.002081s ]
INFO: [ app_begin ] --END-- [ RunTime:0.002188s ]
INFO: [ view_parse ] --START--
INFO: [ template_filter ] --START--
INFO: Run Behavior\ContentReplaceBehavior [ RunTime:0.000059s ]
INFO: [ template_filter ] --END-- [ RunTime:0.000173s ]
INFO: Run Behavior\ParseTemplateBehavior [ RunTime:0.016538s ]
INFO: [ view_parse ] --END-- [ RunTime:0.016656s ]
INFO: [ view_filter ] --START--
INFO: Run Behavior\WriteHtmlCacheBehavior [ RunTime:0.000731s ]
INFO: [ view_filter ] --END-- [ RunTime:0.000854s ]
INFO: [ app_end ] --START--
INFO: Run Behavior\ShowPageTraceBehavior [ RunTime:0.002370s ]
INFO: [ app_end ] --END-- [ RunTime:0.002523s ]

[ 2015-07-14T15:34:27+08:00 ] 127.0.0.1 /Project/erp/web/index.php/Admin/Login/showCode.html
INFO: [ app_init ] --START--
INFO: Run Behavior\BuildLiteBehavior [ RunTime:0.000024s ]
INFO: [ app_init ] --END-- [ RunTime:0.000580s ]
INFO: [ app_begin ] --START--
INFO: Run Behavior\ReadHtmlCacheBehavior [ RunTime:0.000556s ]
INFO: [ app_begin ] --END-- [ RunTime:0.000689s ]
INFO: [ app_end ] --START--
INFO: Run Behavior\ShowPageTraceBehavior [ RunTime:0.000759s ]
INFO: [ app_end ] --END-- [ RunTime:0.000867s ]

[ 2015-07-14T15:34:32+08:00 ] 127.0.0.1 /Project/erp/web/index.php/Admin/Login/logIn.html
INFO: [ app_init ] --START--
INFO: Run Behavior\BuildLiteBehavior [ RunTime:0.000016s ]
INFO: [ app_init ] --END-- [ RunTime:0.000348s ]
INFO: [ app_begin ] --START--
INFO: Run Behavior\ReadHtmlCacheBehavior [ RunTime:0.000714s ]
INFO: [ app_begin ] --END-- [ RunTime:0.000872s ]
SQL: SHOW COLUMNS FROM `admin` [ RunTime:0.0031s ]
INFO: [ view_parse ] --START--
INFO: [ template_filter ] --START--
INFO: Run Behavior\ContentReplaceBehavior [ RunTime:0.000039s ]
INFO: [ template_filter ] --END-- [ RunTime:0.000110s ]
INFO: Run Behavior\ParseTemplateBehavior [ RunTime:0.007423s ]
INFO: [ view_parse ] --END-- [ RunTime:0.007495s ]
INFO: [ view_filter ] --START--
INFO: Run Behavior\WriteHtmlCacheBehavior [ RunTime:0.000153s ]
INFO: [ view_filter ] --END-- [ RunTime:0.000202s ]

[ 2015-07-14T15:34:35+08:00 ] 127.0.0.1 /Project/erp/web/index.php/Admin/Login/index.html
INFO: [ app_init ] --START--
INFO: Run Behavior\BuildLiteBehavior [ RunTime:0.000036s ]
INFO: [ app_init ] --END-- [ RunTime:0.000792s ]
INFO: [ app_begin ] --START--
INFO: Run Behavior\ReadHtmlCacheBehavior [ RunTime:0.001113s ]
INFO: [ app_begin ] --END-- [ RunTime:0.001235s ]
INFO: [ view_parse ] --START--
INFO: [ template_filter ] --START--
INFO: Run Behavior\ContentReplaceBehavior [ RunTime:0.000091s ]
INFO: [ template_filter ] --END-- [ RunTime:0.000267s ]
INFO: Run Behavior\ParseTemplateBehavior [ RunTime:0.010175s ]
INFO: [ view_parse ] --END-- [ RunTime:0.010372s ]
INFO: [ view_filter ] --START--
INFO: Run Behavior\WriteHtmlCacheBehavior [ RunTime:0.000390s ]
INFO: [ view_filter ] --END-- [ RunTime:0.000606s ]
INFO: [ app_end ] --START--
INFO: Run Behavior\ShowPageTraceBehavior [ RunTime:0.000903s ]
INFO: [ app_end ] --END-- [ RunTime:0.000998s ]

[ 2015-07-14T15:34:35+08:00 ] 127.0.0.1 /Project/erp/web/index.php/Admin/Login/showCode.html
INFO: [ app_init ] --START--
INFO: Run Behavior\BuildLiteBehavior [ RunTime:0.000041s ]
INFO: [ app_init ] --END-- [ RunTime:0.000582s ]
INFO: [ app_begin ] --START--
INFO: Run Behavior\ReadHtmlCacheBehavior [ RunTime:0.001269s ]
INFO: [ app_begin ] --END-- [ RunTime:0.001544s ]
INFO: [ app_end ] --START--
INFO: Run Behavior\ShowPageTraceBehavior [ RunTime:0.000727s ]
INFO: [ app_end ] --END-- [ RunTime:0.000825s ]

[ 2015-07-14T15:34:39+08:00 ] 127.0.0.1 /Project/erp/web/index.php/Admin/Login/logIn.html
INFO: [ app_init ] --START--
INFO: Run Behavior\BuildLiteBehavior [ RunTime:0.000022s ]
INFO: [ app_init ] --END-- [ RunTime:0.000429s ]
INFO: [ app_begin ] --START--
INFO: Run Behavior\ReadHtmlCacheBehavior [ RunTime:0.000461s ]
INFO: [ app_begin ] --END-- [ RunTime:0.000525s ]
SQL: SHOW COLUMNS FROM `admin` [ RunTime:0.0019s ]
SQL: SELECT `id`,`username`,`password`,`is_lock` FROM `admin` WHERE ( username='admin'  ) LIMIT 1   [ RunTime:0.0012s ]
SQL: UPDATE `admin` SET `last_login`='1436859279' WHERE ( id=1 ) [ RunTime:0.0004s ]

[ 2015-07-14T15:34:39+08:00 ] 127.0.0.1 /Project/erp/web/index.php/Admin/Index/index.html
INFO: [ app_init ] --START--
INFO: Run Behavior\BuildLiteBehavior [ RunTime:0.000014s ]
INFO: [ app_init ] --END-- [ RunTime:0.000340s ]
INFO: [ app_begin ] --START--
INFO: Run Behavior\ReadHtmlCacheBehavior [ RunTime:0.000418s ]
INFO: [ app_begin ] --END-- [ RunTime:0.000470s ]
INFO: [ view_parse ] --START--
INFO: [ template_filter ] --START--
INFO: Run Behavior\ContentReplaceBehavior [ RunTime:0.000040s ]
INFO: [ template_filter ] --END-- [ RunTime:0.000117s ]
INFO: Run Behavior\ParseTemplateBehavior [ RunTime:0.010808s ]
INFO: [ view_parse ] --END-- [ RunTime:0.010948s ]
INFO: [ view_filter ] --START--
INFO: Run Behavior\WriteHtmlCacheBehavior [ RunTime:0.000415s ]
INFO: [ view_filter ] --END-- [ RunTime:0.000507s ]
INFO: [ app_end ] --START--
INFO: Run Behavior\ShowPageTraceBehavior [ RunTime:0.000897s ]
INFO: [ app_end ] --END-- [ RunTime:0.001029s ]

[ 2015-07-14T15:34:46+08:00 ] 127.0.0.1 /Project/erp/web/index.php/Admin/Index/product.html
INFO: [ app_init ] --START--
INFO: Run Behavior\BuildLiteBehavior [ RunTime:0.000014s ]
INFO: [ app_init ] --END-- [ RunTime:0.000299s ]
INFO: [ app_begin ] --START--
INFO: Run Behavior\ReadHtmlCacheBehavior [ RunTime:0.000422s ]
INFO: [ app_begin ] --END-- [ RunTime:0.000474s ]
INFO: [ view_parse ] --START--
INFO: [ template_filter ] --START--
INFO: Run Behavior\ContentReplaceBehavior [ RunTime:0.000332s ]
INFO: [ template_filter ] --END-- [ RunTime:0.000940s ]
INFO: Run Behavior\ParseTemplateBehavior [ RunTime:0.009862s ]
INFO: [ view_parse ] --END-- [ RunTime:0.010018s ]
INFO: [ view_filter ] --START--
INFO: Run Behavior\WriteHtmlCacheBehavior [ RunTime:0.000681s ]
INFO: [ view_filter ] --END-- [ RunTime:0.000947s ]
INFO: [ app_end ] --START--
INFO: Run Behavior\ShowPageTraceBehavior [ RunTime:0.001421s ]
INFO: [ app_end ] --END-- [ RunTime:0.001600s ]

[ 2015-07-14T15:34:55+08:00 ] 127.0.0.1 /Project/erp/web/index.php/Admin/Index/storage.html
INFO: [ app_init ] --START--
INFO: Run Behavior\BuildLiteBehavior [ RunTime:0.000014s ]
INFO: [ app_init ] --END-- [ RunTime:0.000347s ]
INFO: [ app_begin ] --START--
INFO: Run Behavior\ReadHtmlCacheBehavior [ RunTime:0.000402s ]
INFO: [ app_begin ] --END-- [ RunTime:0.000455s ]
INFO: [ view_parse ] --START--
INFO: [ template_filter ] --START--
INFO: Run Behavior\ContentReplaceBehavior [ RunTime:0.000058s ]
INFO: [ template_filter ] --END-- [ RunTime:0.000187s ]
INFO: Run Behavior\ParseTemplateBehavior [ RunTime:0.010551s ]
INFO: [ view_parse ] --END-- [ RunTime:0.010657s ]
INFO: [ view_filter ] --START--
INFO: Run Behavior\WriteHtmlCacheBehavior [ RunTime:0.000455s ]
INFO: [ view_filter ] --END-- [ RunTime:0.000567s ]
INFO: [ app_end ] --START--
INFO: Run Behavior\ShowPageTraceBehavior [ RunTime:0.001073s ]
INFO: [ app_end ] --END-- [ RunTime:0.001210s ]

[ 2015-07-14T15:34:57+08:00 ] 127.0.0.1 /Project/erp/web/index.php/Admin/Index/storage.html
INFO: [ app_init ] --START--
INFO: Run Behavior\BuildLiteBehavior [ RunTime:0.000014s ]
INFO: [ app_init ] --END-- [ RunTime:0.000299s ]
INFO: [ app_begin ] --START--
INFO: Run Behavior\ReadHtmlCacheBehavior [ RunTime:0.000398s ]
INFO: [ app_begin ] --END-- [ RunTime:0.000450s ]
INFO: [ view_parse ] --START--
INFO: [ template_filter ] --START--
INFO: Run Behavior\ContentReplaceBehavior [ RunTime:0.000078s ]
INFO: [ template_filter ] --END-- [ RunTime:0.000196s ]
INFO: Run Behavior\ParseTemplateBehavior [ RunTime:0.005420s ]
INFO: [ view_parse ] --END-- [ RunTime:0.005481s ]
INFO: [ view_filter ] --START--
INFO: Run Behavior\WriteHtmlCacheBehavior [ RunTime:0.000152s ]
INFO: [ view_filter ] --END-- [ RunTime:0.000198s ]
INFO: [ app_end ] --START--
INFO: Run Behavior\ShowPageTraceBehavior [ RunTime:0.000499s ]
INFO: [ app_end ] --END-- [ RunTime:0.000555s ]

[ 2015-07-14T15:55:57+08:00 ] 127.0.0.1 /Project/erp/web/
INFO: [ app_init ] --START--
INFO: Run Behavior\BuildLiteBehavior [ RunTime:0.000014s ]
INFO: [ app_init ] --END-- [ RunTime:0.000309s ]
INFO: [ app_begin ] --START--
INFO: Run Behavior\ReadHtmlCacheBehavior [ RunTime:0.000427s ]
INFO: [ app_begin ] --END-- [ RunTime:0.000479s ]
INFO: [ view_parse ] --START--
INFO: [ template_filter ] --START--
INFO: Run Behavior\ContentReplaceBehavior [ RunTime:0.000057s ]
INFO: [ template_filter ] --END-- [ RunTime:0.000162s ]
INFO: Run Behavior\ParseTemplateBehavior [ RunTime:0.006201s ]
INFO: [ view_parse ] --END-- [ RunTime:0.006264s ]
INFO: [ view_filter ] --START--
INFO: Run Behavior\WriteHtmlCacheBehavior [ RunTime:0.000229s ]
INFO: [ view_filter ] --END-- [ RunTime:0.000307s ]
INFO: [ app_end ] --START--
INFO: Run Behavior\ShowPageTraceBehavior [ RunTime:0.001464s ]
INFO: [ app_end ] --END-- [ RunTime:0.001622s ]

[ 2015-07-14T15:55:57+08:00 ] 127.0.0.1 /Project/erp/web/index.php/Admin/Login/showCode.html
INFO: [ app_init ] --START--
INFO: Run Behavior\BuildLiteBehavior [ RunTime:0.000040s ]
INFO: [ app_init ] --END-- [ RunTime:0.000743s ]
INFO: [ app_begin ] --START--
INFO: Run Behavior\ReadHtmlCacheBehavior [ RunTime:0.000968s ]
INFO: [ app_begin ] --END-- [ RunTime:0.001145s ]
INFO: [ app_end ] --START--
INFO: Run Behavior\ShowPageTraceBehavior [ RunTime:0.000764s ]
INFO: [ app_end ] --END-- [ RunTime:0.000916s ]

[ 2015-07-14T15:56:01+08:00 ] 127.0.0.1 /Project/erp/web/index.php/Admin/Login/logIn.html
INFO: [ app_init ] --START--
INFO: Run Behavior\BuildLiteBehavior [ RunTime:0.000015s ]
INFO: [ app_init ] --END-- [ RunTime:0.000332s ]
INFO: [ app_begin ] --START--
INFO: Run Behavior\ReadHtmlCacheBehavior [ RunTime:0.000697s ]
INFO: [ app_begin ] --END-- [ RunTime:0.000792s ]
SQL: SHOW COLUMNS FROM `admin` [ RunTime:0.0035s ]
SQL: SELECT `id`,`username`,`password`,`is_lock` FROM `admin` WHERE ( username='admin'  ) LIMIT 1   [ RunTime:0.0003s ]
SQL: UPDATE `admin` SET `last_login`='1436860561' WHERE ( id=1 ) [ RunTime:0.0002s ]

[ 2015-07-14T15:56:01+08:00 ] 127.0.0.1 /Project/erp/web/index.php/Admin/Index/index.html
INFO: [ app_init ] --START--
INFO: Run Behavior\BuildLiteBehavior [ RunTime:0.000017s ]
INFO: [ app_init ] --END-- [ RunTime:0.000344s ]
INFO: [ app_begin ] --START--
INFO: Run Behavior\ReadHtmlCacheBehavior [ RunTime:0.000452s ]
INFO: [ app_begin ] --END-- [ RunTime:0.000513s ]
INFO: [ view_parse ] --START--
INFO: [ template_filter ] --START--
INFO: Run Behavior\ContentReplaceBehavior [ RunTime:0.000060s ]
INFO: [ template_filter ] --END-- [ RunTime:0.000177s ]
INFO: Run Behavior\ParseTemplateBehavior [ RunTime:0.007275s ]
INFO: [ view_parse ] --END-- [ RunTime:0.007342s ]
INFO: [ view_filter ] --START--
INFO: Run Behavior\WriteHtmlCacheBehavior [ RunTime:0.000167s ]
INFO: [ view_filter ] --END-- [ RunTime:0.000281s ]
INFO: [ app_end ] --START--
INFO: Run Behavior\ShowPageTraceBehavior [ RunTime:0.000971s ]
INFO: [ app_end ] --END-- [ RunTime:0.001122s ]

[ 2015-07-14T15:56:05+08:00 ] 127.0.0.1 /Project/erp/web/index.php/Admin/Index/purchase.html
INFO: [ app_init ] --START--
INFO: Run Behavior\BuildLiteBehavior [ RunTime:0.000014s ]
INFO: [ app_init ] --END-- [ RunTime:0.000365s ]
INFO: [ app_begin ] --START--
INFO: Run Behavior\ReadHtmlCacheBehavior [ RunTime:0.001027s ]
INFO: [ app_begin ] --END-- [ RunTime:0.001197s ]
INFO: [ view_parse ] --START--
INFO: [ template_filter ] --START--
INFO: Run Behavior\ContentReplaceBehavior [ RunTime:0.000092s ]
INFO: [ template_filter ] --END-- [ RunTime:0.000210s ]
INFO: Run Behavior\ParseTemplateBehavior [ RunTime:0.008863s ]
INFO: [ view_parse ] --END-- [ RunTime:0.008929s ]
INFO: [ view_filter ] --START--
INFO: Run Behavior\WriteHtmlCacheBehavior [ RunTime:0.000143s ]
INFO: [ view_filter ] --END-- [ RunTime:0.000187s ]
INFO: [ app_end ] --START--
INFO: Run Behavior\ShowPageTraceBehavior [ RunTime:0.000437s ]
INFO: [ app_end ] --END-- [ RunTime:0.000490s ]

[ 2015-07-14T15:56:15+08:00 ] 127.0.0.1 /Project/erp/web/index.php/Admin/Index/product.html
INFO: [ app_init ] --START--
INFO: Run Behavior\BuildLiteBehavior [ RunTime:0.000028s ]
INFO: [ app_init ] --END-- [ RunTime:0.000603s ]
INFO: [ app_begin ] --START--
INFO: Run Behavior\ReadHtmlCacheBehavior [ RunTime:0.000621s ]
INFO: [ app_begin ] --END-- [ RunTime:0.000708s ]
INFO: [ view_parse ] --START--
INFO: [ template_filter ] --START--
INFO: Run Behavior\ContentReplaceBehavior [ RunTime:0.000080s ]
INFO: [ template_filter ] --END-- [ RunTime:0.000246s ]
INFO: Run Behavior\ParseTemplateBehavior [ RunTime:0.010554s ]
INFO: [ view_parse ] --END-- [ RunTime:0.010815s ]
INFO: [ view_filter ] --START--
INFO: Run Behavior\WriteHtmlCacheBehavior [ RunTime:0.000424s ]
INFO: [ view_filter ] --END-- [ RunTime:0.000509s ]
INFO: [ app_end ] --START--
INFO: Run Behavior\ShowPageTraceBehavior [ RunTime:0.000519s ]
INFO: [ app_end ] --END-- [ RunTime:0.000579s ]

[ 2015-07-14T16:02:38+08:00 ] 127.0.0.1 /Project/erp/web/index.php/Admin/Index/index.html
INFO: [ app_init ] --START--
INFO: Run Behavior\BuildLiteBehavior [ RunTime:0.000013s ]
INFO: [ app_init ] --END-- [ RunTime:0.000299s ]
INFO: [ app_begin ] --START--
INFO: Run Behavior\ReadHtmlCacheBehavior [ RunTime:0.000394s ]
INFO: [ app_begin ] --END-- [ RunTime:0.000447s ]
INFO: [ view_parse ] --START--
INFO: [ template_filter ] --START--
INFO: Run Behavior\ContentReplaceBehavior [ RunTime:0.000038s ]
INFO: [ template_filter ] --END-- [ RunTime:0.000109s ]
INFO: Run Behavior\ParseTemplateBehavior [ RunTime:0.006420s ]
INFO: [ view_parse ] --END-- [ RunTime:0.006487s ]
INFO: [ view_filter ] --START--
INFO: Run Behavior\WriteHtmlCacheBehavior [ RunTime:0.000220s ]
INFO: [ view_filter ] --END-- [ RunTime:0.000270s ]
INFO: [ app_end ] --START--
INFO: Run Behavior\ShowPageTraceBehavior [ RunTime:0.000461s ]
INFO: [ app_end ] --END-- [ RunTime:0.000515s ]

[ 2015-07-14T16:02:40+08:00 ] 127.0.0.1 /Project/erp/web/index.php/Admin/Index/index.html
INFO: [ app_init ] --START--
INFO: Run Behavior\BuildLiteBehavior [ RunTime:0.000017s ]
INFO: [ app_init ] --END-- [ RunTime:0.000346s ]
INFO: [ app_begin ] --START--
INFO: Run Behavior\ReadHtmlCacheBehavior [ RunTime:0.000429s ]
INFO: [ app_begin ] --END-- [ RunTime:0.000487s ]
INFO: [ view_parse ] --START--
INFO: [ template_filter ] --START--
INFO: Run Behavior\ContentReplaceBehavior [ RunTime:0.000057s ]
INFO: [ template_filter ] --END-- [ RunTime:0.000163s ]
INFO: Run Behavior\ParseTemplateBehavior [ RunTime:0.008120s ]
INFO: [ view_parse ] --END-- [ RunTime:0.008258s ]
INFO: [ view_filter ] --START--
INFO: Run Behavior\WriteHtmlCacheBehavior [ RunTime:0.000488s ]
INFO: [ view_filter ] --END-- [ RunTime:0.000596s ]
INFO: [ app_end ] --START--
INFO: Run Behavior\ShowPageTraceBehavior [ RunTime:0.001531s ]
INFO: [ app_end ] --END-- [ RunTime:0.001795s ]

[ 2015-07-14T16:02:41+08:00 ] 127.0.0.1 /Project/erp/web/index.php/Admin/Index/product.html
INFO: [ app_init ] --START--
INFO: Run Behavior\BuildLiteBehavior [ RunTime:0.000015s ]
INFO: [ app_init ] --END-- [ RunTime:0.000316s ]
INFO: [ app_begin ] --START--
INFO: Run Behavior\ReadHtmlCacheBehavior [ RunTime:0.000408s ]
INFO: [ app_begin ] --END-- [ RunTime:0.000462s ]
INFO: [ view_parse ] --START--
INFO: [ template_filter ] --START--
INFO: Run Behavior\ContentReplaceBehavior [ RunTime:0.000052s ]
INFO: [ template_filter ] --END-- [ RunTime:0.000151s ]
INFO: Run Behavior\ParseTemplateBehavior [ RunTime:0.006865s ]
INFO: [ view_parse ] --END-- [ RunTime:0.006934s ]
INFO: [ view_filter ] --START--
INFO: Run Behavior\WriteHtmlCacheBehavior [ RunTime:0.000213s ]
INFO: [ view_filter ] --END-- [ RunTime:0.000280s ]
INFO: [ app_end ] --START--
INFO: Run Behavior\ShowPageTraceBehavior [ RunTime:0.000512s ]
INFO: [ app_end ] --END-- [ RunTime:0.000572s ]

[ 2015-07-14T17:23:05+08:00 ] 127.0.0.1 /Project/erp/web/index.php
INFO: [ app_init ] --START--
INFO: Run Behavior\BuildLiteBehavior [ RunTime:0.000028s ]
INFO: [ app_init ] --END-- [ RunTime:0.000145s ]
INFO: [ app_begin ] --START--
INFO: Run Behavior\ReadHtmlCacheBehavior [ RunTime:0.000764s ]
INFO: [ app_begin ] --END-- [ RunTime:0.000904s ]
INFO: [ view_parse ] --START--
INFO: [ template_filter ] --START--
INFO: Run Behavior\ContentReplaceBehavior [ RunTime:0.000042s ]
INFO: [ template_filter ] --END-- [ RunTime:0.000119s ]
INFO: Run Behavior\ParseTemplateBehavior [ RunTime:0.006438s ]
INFO: [ view_parse ] --END-- [ RunTime:0.006518s ]
INFO: [ view_filter ] --START--
INFO: Run Behavior\WriteHtmlCacheBehavior [ RunTime:0.000173s ]
INFO: [ view_filter ] --END-- [ RunTime:0.000224s ]
INFO: [ app_end ] --START--
INFO: Run Behavior\ShowPageTraceBehavior [ RunTime:0.000543s ]
INFO: [ app_end ] --END-- [ RunTime:0.000606s ]

[ 2015-07-14T17:23:19+08:00 ] 127.0.0.1 /Project/erp/web/
INFO: [ app_init ] --START--
INFO: Run Behavior\BuildLiteBehavior [ RunTime:0.000014s ]
INFO: [ app_init ] --END-- [ RunTime:0.000078s ]
INFO: [ app_begin ] --START--
INFO: Run Behavior\ReadHtmlCacheBehavior [ RunTime:0.000430s ]
INFO: [ app_begin ] --END-- [ RunTime:0.000484s ]
INFO: [ view_parse ] --START--
INFO: [ template_filter ] --START--
INFO: Run Behavior\ContentReplaceBehavior [ RunTime:0.000106s ]
INFO: [ template_filter ] --END-- [ RunTime:0.000305s ]
INFO: Run Behavior\ParseTemplateBehavior [ RunTime:0.007444s ]
INFO: [ view_parse ] --END-- [ RunTime:0.007606s ]
INFO: [ view_filter ] --START--
INFO: Run Behavior\WriteHtmlCacheBehavior [ RunTime:0.000586s ]
INFO: [ view_filter ] --END-- [ RunTime:0.000781s ]
INFO: [ app_end ] --START--
INFO: Run Behavior\ShowPageTraceBehavior [ RunTime:0.001368s ]
INFO: [ app_end ] --END-- [ RunTime:0.001482s ]

[ 2015-07-14T18:22:26+08:00 ] 127.0.0.1 /Project/erp/web/
INFO: [ app_init ] --START--
INFO: Run Behavior\BuildLiteBehavior [ RunTime:0.000020s ]
INFO: [ app_init ] --END-- [ RunTime:0.000154s ]
INFO: [ app_begin ] --START--
INFO: Run Behavior\ReadHtmlCacheBehavior [ RunTime:0.000742s ]
INFO: [ app_begin ] --END-- [ RunTime:0.000824s ]
INFO: [ view_parse ] --START--
INFO: [ template_filter ] --START--
INFO: Run Behavior\ContentReplaceBehavior [ RunTime:0.000062s ]
INFO: [ template_filter ] --END-- [ RunTime:0.000161s ]
INFO: Run Behavior\ParseTemplateBehavior [ RunTime:0.016687s ]
INFO: [ view_parse ] --END-- [ RunTime:0.016770s ]
INFO: [ view_filter ] --START--
INFO: Run Behavior\WriteHtmlCacheBehavior [ RunTime:0.000351s ]
INFO: [ view_filter ] --END-- [ RunTime:0.000415s ]
INFO: [ app_end ] --START--
INFO: Run Behavior\ShowPageTraceBehavior [ RunTime:0.001104s ]
INFO: [ app_end ] --END-- [ RunTime:0.001235s ]

[ 2015-07-14T18:22:26+08:00 ] 127.0.0.1 /Project/erp/web/index.php/Admin/Login/showCode.html
INFO: [ app_init ] --START--
INFO: Run Behavior\BuildLiteBehavior [ RunTime:0.000016s ]
INFO: [ app_init ] --END-- [ RunTime:0.000085s ]
INFO: [ app_begin ] --START--
INFO: Run Behavior\ReadHtmlCacheBehavior [ RunTime:0.000567s ]
INFO: [ app_begin ] --END-- [ RunTime:0.000650s ]
INFO: [ app_end ] --START--
INFO: Run Behavior\ShowPageTraceBehavior [ RunTime:0.000635s ]
INFO: [ app_end ] --END-- [ RunTime:0.000745s ]

[ 2015-07-14T18:22:31+08:00 ] 127.0.0.1 /Project/erp/web/index.php/Admin/Login/logIn.html
INFO: [ app_init ] --START--
INFO: Run Behavior\BuildLiteBehavior [ RunTime:0.000029s ]
INFO: [ app_init ] --END-- [ RunTime:0.000210s ]
INFO: [ app_begin ] --START--
INFO: Run Behavior\ReadHtmlCacheBehavior [ RunTime:0.000659s ]
INFO: [ app_begin ] --END-- [ RunTime:0.000747s ]
SQL: SHOW COLUMNS FROM `admin` [ RunTime:0.0030s ]
SQL: SELECT `id`,`username`,`password`,`is_lock` FROM `admin` WHERE ( username='ADMIN'  ) LIMIT 1   [ RunTime:0.0023s ]
SQL: UPDATE `admin` SET `last_login`='1436869351' WHERE ( id=1 ) [ RunTime:0.0015s ]

[ 2015-07-14T18:22:31+08:00 ] 127.0.0.1 /Project/erp/web/index.php/Admin/Index/index.html
INFO: [ app_init ] --START--
INFO: Run Behavior\BuildLiteBehavior [ RunTime:0.000013s ]
INFO: [ app_init ] --END-- [ RunTime:0.000068s ]
INFO: [ app_begin ] --START--
INFO: Run Behavior\ReadHtmlCacheBehavior [ RunTime:0.000399s ]
INFO: [ app_begin ] --END-- [ RunTime:0.000451s ]
INFO: [ view_parse ] --START--
INFO: [ template_filter ] --START--
INFO: Run Behavior\ContentReplaceBehavior [ RunTime:0.000047s ]
INFO: [ template_filter ] --END-- [ RunTime:0.000117s ]
INFO: Run Behavior\ParseTemplateBehavior [ RunTime:0.009489s ]
INFO: [ view_parse ] --END-- [ RunTime:0.009584s ]
INFO: [ view_filter ] --START--
INFO: Run Behavior\WriteHtmlCacheBehavior [ RunTime:0.000172s ]
INFO: [ view_filter ] --END-- [ RunTime:0.000224s ]
INFO: [ app_end ] --START--
INFO: Run Behavior\ShowPageTraceBehavior [ RunTime:0.000501s ]
INFO: [ app_end ] --END-- [ RunTime:0.000558s ]

[ 2015-07-14T18:22:34+08:00 ] 127.0.0.1 /Project/erp/web/index.php/Admin/Index/product.html
INFO: [ app_init ] --START--
INFO: Run Behavior\BuildLiteBehavior [ RunTime:0.000026s ]
INFO: [ app_init ] --END-- [ RunTime:0.000211s ]
INFO: [ app_begin ] --START--
INFO: Run Behavior\ReadHtmlCacheBehavior [ RunTime:0.001178s ]
INFO: [ app_begin ] --END-- [ RunTime:0.001371s ]
INFO: [ view_parse ] --START--
INFO: [ template_filter ] --START--
INFO: Run Behavior\ContentReplaceBehavior [ RunTime:0.000051s ]
INFO: [ template_filter ] --END-- [ RunTime:0.000130s ]
INFO: Run Behavior\ParseTemplateBehavior [ RunTime:0.010780s ]
INFO: [ view_parse ] --END-- [ RunTime:0.010871s ]
INFO: [ view_filter ] --START--
INFO: Run Behavior\WriteHtmlCacheBehavior [ RunTime:0.000206s ]
INFO: [ view_filter ] --END-- [ RunTime:0.000278s ]
INFO: [ app_end ] --START--
INFO: Run Behavior\ShowPageTraceBehavior [ RunTime:0.000535s ]
INFO: [ app_end ] --END-- [ RunTime:0.000599s ]

[ 2015-07-14T18:32:13+08:00 ] 127.0.0.1 /Project/erp/web/index.php/Admin/Index/purchase.html
INFO: [ app_init ] --START--
INFO: Run Behavior\BuildLiteBehavior [ RunTime:0.000016s ]
INFO: [ app_init ] --END-- [ RunTime:0.000095s ]
INFO: [ app_begin ] --START--
INFO: Run Behavior\ReadHtmlCacheBehavior [ RunTime:0.000455s ]
INFO: [ app_begin ] --END-- [ RunTime:0.000513s ]
INFO: [ view_parse ] --START--
INFO: [ template_filter ] --START--
INFO: Run Behavior\ContentReplaceBehavior [ RunTime:0.000040s ]
INFO: [ template_filter ] --END-- [ RunTime:0.000112s ]
INFO: Run Behavior\ParseTemplateBehavior [ RunTime:0.008015s ]
INFO: [ view_parse ] --END-- [ RunTime:0.008075s ]
INFO: [ view_filter ] --START--
INFO: Run Behavior\WriteHtmlCacheBehavior [ RunTime:0.000149s ]
INFO: [ view_filter ] --END-- [ RunTime:0.000199s ]
INFO: [ app_end ] --START--
INFO: Run Behavior\ShowPageTraceBehavior [ RunTime:0.000465s ]
INFO: [ app_end ] --END-- [ RunTime:0.000517s ]

[ 2015-07-14T18:41:35+08:00 ] 127.0.0.1 /Project/erp/web/index.php/Admin/Index/product.html
INFO: [ app_init ] --START--
INFO: Run Behavior\BuildLiteBehavior [ RunTime:0.000015s ]
INFO: [ app_init ] --END-- [ RunTime:0.000081s ]
INFO: [ app_begin ] --START--
INFO: Run Behavior\ReadHtmlCacheBehavior [ RunTime:0.000586s ]
INFO: [ app_begin ] --END-- [ RunTime:0.000758s ]
INFO: [ view_parse ] --START--
INFO: [ template_filter ] --START--
INFO: Run Behavior\ContentReplaceBehavior [ RunTime:0.000064s ]
INFO: [ template_filter ] --END-- [ RunTime:0.000192s ]
INFO: Run Behavior\ParseTemplateBehavior [ RunTime:0.008034s ]
INFO: [ view_parse ] --END-- [ RunTime:0.008172s ]
INFO: [ view_filter ] --START--
INFO: Run Behavior\WriteHtmlCacheBehavior [ RunTime:0.000385s ]
INFO: [ view_filter ] --END-- [ RunTime:0.000479s ]
INFO: [ app_end ] --START--
INFO: Run Behavior\ShowPageTraceBehavior [ RunTime:0.001133s ]
INFO: [ app_end ] --END-- [ RunTime:0.001239s ]

[ 2015-07-14T18:42:03+08:00 ] 127.0.0.1 /Project/erp/web/index.php/Admin/Index/purchase.html
INFO: [ app_init ] --START--
INFO: Run Behavior\BuildLiteBehavior [ RunTime:0.000041s ]
INFO: [ app_init ] --END-- [ RunTime:0.000214s ]
INFO: [ app_begin ] --START--
INFO: Run Behavior\ReadHtmlCacheBehavior [ RunTime:0.001232s ]
INFO: [ app_begin ] --END-- [ RunTime:0.001422s ]
INFO: [ view_parse ] --START--
INFO: [ template_filter ] --START--
INFO: Run Behavior\ContentReplaceBehavior [ RunTime:0.000042s ]
INFO: [ template_filter ] --END-- [ RunTime:0.000118s ]
INFO: Run Behavior\ParseTemplateBehavior [ RunTime:0.007605s ]
INFO: [ view_parse ] --END-- [ RunTime:0.007687s ]
INFO: [ view_filter ] --START--
INFO: Run Behavior\WriteHtmlCacheBehavior [ RunTime:0.000253s ]
INFO: [ view_filter ] --END-- [ RunTime:0.000316s ]
INFO: [ app_end ] --START--
INFO: Run Behavior\ShowPageTraceBehavior [ RunTime:0.000545s ]
INFO: [ app_end ] --END-- [ RunTime:0.000624s ]

[ 2015-07-14T18:50:54+08:00 ] 127.0.0.1 /Project/erp/web/index.php/Admin/Index/order.html
INFO: [ app_init ] --START--
INFO: Run Behavior\BuildLiteBehavior [ RunTime:0.000012s ]
INFO: [ app_init ] --END-- [ RunTime:0.000073s ]
INFO: [ app_begin ] --START--
INFO: Run Behavior\ReadHtmlCacheBehavior [ RunTime:0.001072s ]
INFO: [ app_begin ] --END-- [ RunTime:0.001296s ]
INFO: [ view_parse ] --START--
INFO: [ template_filter ] --START--
INFO: Run Behavior\ContentReplaceBehavior [ RunTime:0.000047s ]
INFO: [ template_filter ] --END-- [ RunTime:0.000139s ]
INFO: Run Behavior\ParseTemplateBehavior [ RunTime:0.009323s ]
INFO: [ view_parse ] --END-- [ RunTime:0.009511s ]
INFO: [ view_filter ] --START--
INFO: Run Behavior\WriteHtmlCacheBehavior [ RunTime:0.000227s ]
INFO: [ view_filter ] --END-- [ RunTime:0.000289s ]
INFO: [ app_end ] --START--
INFO: Run Behavior\ShowPageTraceBehavior [ RunTime:0.000435s ]
INFO: [ app_end ] --END-- [ RunTime:0.000485s ]

[ 2015-07-14T18:50:55+08:00 ] 127.0.0.1 /Project/erp/web/index.php/Admin/Index/storage.html
INFO: [ app_init ] --START--
INFO: Run Behavior\BuildLiteBehavior [ RunTime:0.000044s ]
INFO: [ app_init ] --END-- [ RunTime:0.000257s ]
INFO: [ app_begin ] --START--
INFO: Run Behavior\ReadHtmlCacheBehavior [ RunTime:0.000838s ]
INFO: [ app_begin ] --END-- [ RunTime:0.001007s ]
INFO: [ view_parse ] --START--
INFO: [ template_filter ] --START--
INFO: Run Behavior\ContentReplaceBehavior [ RunTime:0.000048s ]
INFO: [ template_filter ] --END-- [ RunTime:0.000148s ]
INFO: Run Behavior\ParseTemplateBehavior [ RunTime:0.009796s ]
INFO: [ view_parse ] --END-- [ RunTime:0.009895s ]
INFO: [ view_filter ] --START--
INFO: Run Behavior\WriteHtmlCacheBehavior [ RunTime:0.000278s ]
INFO: [ view_filter ] --END-- [ RunTime:0.000343s ]
INFO: [ app_end ] --START--
INFO: Run Behavior\ShowPageTraceBehavior [ RunTime:0.000643s ]
INFO: [ app_end ] --END-- [ RunTime:0.000715s ]

[ 2015-07-14T18:50:58+08:00 ] 127.0.0.1 /Project/erp/web/index.php/Admin/Index/order.html
INFO: [ app_init ] --START--
INFO: Run Behavior\BuildLiteBehavior [ RunTime:0.000013s ]
INFO: [ app_init ] --END-- [ RunTime:0.000076s ]
INFO: [ app_begin ] --START--
INFO: Run Behavior\ReadHtmlCacheBehavior [ RunTime:0.001035s ]
INFO: [ app_begin ] --END-- [ RunTime:0.001151s ]
INFO: [ view_parse ] --START--
INFO: [ template_filter ] --START--
INFO: Run Behavior\ContentReplaceBehavior [ RunTime:0.000035s ]
INFO: [ template_filter ] --END-- [ RunTime:0.000099s ]
INFO: Run Behavior\ParseTemplateBehavior [ RunTime:0.007549s ]
INFO: [ view_parse ] --END-- [ RunTime:0.007647s ]
INFO: [ view_filter ] --START--
INFO: Run Behavior\WriteHtmlCacheBehavior [ RunTime:0.000134s ]
INFO: [ view_filter ] --END-- [ RunTime:0.000179s ]
INFO: [ app_end ] --START--
INFO: Run Behavior\ShowPageTraceBehavior [ RunTime:0.000459s ]
INFO: [ app_end ] --END-- [ RunTime:0.000514s ]

[ 2015-07-14T18:50:59+08:00 ] 127.0.0.1 /Project/erp/web/index.php/Admin/Index/stock.html
INFO: [ app_init ] --START--
INFO: Run Behavior\BuildLiteBehavior [ RunTime:0.000054s ]
INFO: [ app_init ] --END-- [ RunTime:0.000455s ]
INFO: [ app_begin ] --START--
INFO: Run Behavior\ReadHtmlCacheBehavior [ RunTime:0.002521s ]
INFO: [ app_begin ] --END-- [ RunTime:0.002849s ]
INFO: [ view_parse ] --START--
INFO: [ template_filter ] --START--
INFO: Run Behavior\ContentReplaceBehavior [ RunTime:0.000041s ]
INFO: [ template_filter ] --END-- [ RunTime:0.000119s ]
INFO: Run Behavior\ParseTemplateBehavior [ RunTime:0.008428s ]
INFO: [ view_parse ] --END-- [ RunTime:0.008505s ]
INFO: [ view_filter ] --START--
INFO: Run Behavior\WriteHtmlCacheBehavior [ RunTime:0.000151s ]
INFO: [ view_filter ] --END-- [ RunTime:0.000209s ]
INFO: [ app_end ] --START--
INFO: Run Behavior\ShowPageTraceBehavior [ RunTime:0.000486s ]
INFO: [ app_end ] --END-- [ RunTime:0.000542s ]

[ 2015-07-14T18:51:04+08:00 ] 127.0.0.1 /Project/erp/web/index.php/Admin/Index/stock.html
INFO: [ app_init ] --START--
INFO: Run Behavior\BuildLiteBehavior [ RunTime:0.000014s ]
INFO: [ app_init ] --END-- [ RunTime:0.000082s ]
INFO: [ app_begin ] --START--
INFO: Run Behavior\ReadHtmlCacheBehavior [ RunTime:0.000682s ]
INFO: [ app_begin ] --END-- [ RunTime:0.000884s ]
INFO: [ view_parse ] --START--
INFO: [ template_filter ] --START--
INFO: Run Behavior\ContentReplaceBehavior [ RunTime:0.000035s ]
INFO: [ template_filter ] --END-- [ RunTime:0.000097s ]
INFO: Run Behavior\ParseTemplateBehavior [ RunTime:0.006574s ]
INFO: [ view_parse ] --END-- [ RunTime:0.006654s ]
INFO: [ view_filter ] --START--
INFO: Run Behavior\WriteHtmlCacheBehavior [ RunTime:0.000128s ]
INFO: [ view_filter ] --END-- [ RunTime:0.000172s ]
INFO: [ app_end ] --START--
INFO: Run Behavior\ShowPageTraceBehavior [ RunTime:0.000418s ]
INFO: [ app_end ] --END-- [ RunTime:0.000465s ]

[ 2015-07-14T18:51:07+08:00 ] 127.0.0.1 /Project/erp/web/index.php/Admin/Index/purchase.html
INFO: [ app_init ] --START--
INFO: Run Behavior\BuildLiteBehavior [ RunTime:0.000027s ]
INFO: [ app_init ] --END-- [ RunTime:0.000092s ]
INFO: [ app_begin ] --START--
INFO: Run Behavior\ReadHtmlCacheBehavior [ RunTime:0.000840s ]
INFO: [ app_begin ] --END-- [ RunTime:0.000952s ]
INFO: [ view_parse ] --START--
INFO: [ template_filter ] --START--
INFO: Run Behavior\ContentReplaceBehavior [ RunTime:0.000094s ]
INFO: [ template_filter ] --END-- [ RunTime:0.000177s ]
INFO: Run Behavior\ParseTemplateBehavior [ RunTime:0.007153s ]
INFO: [ view_parse ] --END-- [ RunTime:0.007223s ]
INFO: [ view_filter ] --START--
INFO: Run Behavior\WriteHtmlCacheBehavior [ RunTime:0.000139s ]
INFO: [ view_filter ] --END-- [ RunTime:0.000184s ]
INFO: [ app_end ] --START--
INFO: Run Behavior\ShowPageTraceBehavior [ RunTime:0.000431s ]
INFO: [ app_end ] --END-- [ RunTime:0.000490s ]

[ 2015-07-14T18:51:51+08:00 ] 127.0.0.1 /Project/erp/web/index.php/Admin/Index/purchase.html
INFO: [ app_init ] --START--
INFO: Run Behavior\BuildLiteBehavior [ RunTime:0.000014s ]
INFO: [ app_init ] --END-- [ RunTime:0.000074s ]
INFO: [ app_begin ] --START--
INFO: Run Behavior\ReadHtmlCacheBehavior [ RunTime:0.000628s ]
INFO: [ app_begin ] --END-- [ RunTime:0.000713s ]
INFO: [ view_parse ] --START--
INFO: [ template_filter ] --START--
INFO: Run Behavior\ContentReplaceBehavior [ RunTime:0.000033s ]
INFO: [ template_filter ] --END-- [ RunTime:0.000093s ]
INFO: Run Behavior\ParseTemplateBehavior [ RunTime:0.009150s ]
INFO: [ view_parse ] --END-- [ RunTime:0.009208s ]
INFO: [ view_filter ] --START--
INFO: Run Behavior\WriteHtmlCacheBehavior [ RunTime:0.000129s ]
INFO: [ view_filter ] --END-- [ RunTime:0.000174s ]
INFO: [ app_end ] --START--
INFO: Run Behavior\ShowPageTraceBehavior [ RunTime:0.000424s ]
INFO: [ app_end ] --END-- [ RunTime:0.000472s ]

[ 2015-07-14T18:51:52+08:00 ] 127.0.0.1 /Project/erp/web/index.php/Admin/Index/stock.html
INFO: [ app_init ] --START--
INFO: Run Behavior\BuildLiteBehavior [ RunTime:0.000033s ]
INFO: [ app_init ] --END-- [ RunTime:0.000169s ]
INFO: [ app_begin ] --START--
INFO: Run Behavior\ReadHtmlCacheBehavior [ RunTime:0.000859s ]
INFO: [ app_begin ] --END-- [ RunTime:0.000992s ]
INFO: [ view_parse ] --START--
INFO: [ template_filter ] --START--
INFO: Run Behavior\ContentReplaceBehavior [ RunTime:0.000034s ]
INFO: [ template_filter ] --END-- [ RunTime:0.000097s ]
INFO: Run Behavior\ParseTemplateBehavior [ RunTime:0.005867s ]
INFO: [ view_parse ] --END-- [ RunTime:0.005941s ]
INFO: [ view_filter ] --START--
INFO: Run Behavior\WriteHtmlCacheBehavior [ RunTime:0.000125s ]
INFO: [ view_filter ] --END-- [ RunTime:0.000170s ]
INFO: [ app_end ] --START--
INFO: Run Behavior\ShowPageTraceBehavior [ RunTime:0.000418s ]
INFO: [ app_end ] --END-- [ RunTime:0.000467s ]

[ 2015-07-14T18:54:14+08:00 ] 127.0.0.1 /Project/erp/web/index.php/Admin/Index/purchase.html
INFO: [ app_init ] --START--
INFO: Run Behavior\BuildLiteBehavior [ RunTime:0.000071s ]
INFO: [ app_init ] --END-- [ RunTime:0.000702s ]
INFO: [ app_begin ] --START--
INFO: Run Behavior\ReadHtmlCacheBehavior [ RunTime:0.001486s ]
INFO: [ app_begin ] --END-- [ RunTime:0.001702s ]
INFO: [ view_parse ] --START--
INFO: [ template_filter ] --START--
INFO: Run Behavior\ContentReplaceBehavior [ RunTime:0.000041s ]
INFO: [ template_filter ] --END-- [ RunTime:0.000114s ]
INFO: Run Behavior\ParseTemplateBehavior [ RunTime:0.007305s ]
INFO: [ view_parse ] --END-- [ RunTime:0.007403s ]
INFO: [ view_filter ] --START--
INFO: Run Behavior\WriteHtmlCacheBehavior [ RunTime:0.000332s ]
INFO: [ view_filter ] --END-- [ RunTime:0.000387s ]
INFO: [ app_end ] --START--
INFO: Run Behavior\ShowPageTraceBehavior [ RunTime:0.000563s ]
INFO: [ app_end ] --END-- [ RunTime:0.000647s ]

[ 2015-07-14T21:32:12+08:00 ] 127.0.0.1 /Project/erp/web/
INFO: [ app_init ] --START--
INFO: Run Behavior\BuildLiteBehavior [ RunTime:0.000022s ]
INFO: [ app_init ] --END-- [ RunTime:0.000479s ]
INFO: [ app_begin ] --START--
INFO: Run Behavior\ReadHtmlCacheBehavior [ RunTime:0.003524s ]
INFO: [ app_begin ] --END-- [ RunTime:0.003665s ]
INFO: [ view_parse ] --START--
INFO: [ template_filter ] --START--
INFO: Run Behavior\ContentReplaceBehavior [ RunTime:0.000147s ]
INFO: [ template_filter ] --END-- [ RunTime:0.000284s ]
INFO: Run Behavior\ParseTemplateBehavior [ RunTime:0.021863s ]
INFO: [ view_parse ] --END-- [ RunTime:0.021952s ]
INFO: [ view_filter ] --START--
INFO: Run Behavior\WriteHtmlCacheBehavior [ RunTime:0.001386s ]
INFO: [ view_filter ] --END-- [ RunTime:0.001462s ]
INFO: [ app_end ] --START--
INFO: Run Behavior\ShowPageTraceBehavior [ RunTime:0.001997s ]
INFO: [ app_end ] --END-- [ RunTime:0.002080s ]

[ 2015-07-14T21:32:12+08:00 ] 127.0.0.1 /Project/erp/web/index.php/Admin/Login/showCode.html
INFO: [ app_init ] --START--
INFO: Run Behavior\BuildLiteBehavior [ RunTime:0.000015s ]
INFO: [ app_init ] --END-- [ RunTime:0.000086s ]
INFO: [ app_begin ] --START--
INFO: Run Behavior\ReadHtmlCacheBehavior [ RunTime:0.000534s ]
INFO: [ app_begin ] --END-- [ RunTime:0.000605s ]
INFO: [ app_end ] --START--
INFO: Run Behavior\ShowPageTraceBehavior [ RunTime:0.000955s ]
INFO: [ app_end ] --END-- [ RunTime:0.001163s ]

[ 2015-07-14T21:32:16+08:00 ] 127.0.0.1 /Project/erp/web/index.php/Admin/Login/logIn.html
INFO: [ app_init ] --START--
INFO: Run Behavior\BuildLiteBehavior [ RunTime:0.000023s ]
INFO: [ app_init ] --END-- [ RunTime:0.000158s ]
INFO: [ app_begin ] --START--
INFO: Run Behavior\ReadHtmlCacheBehavior [ RunTime:0.000543s ]
INFO: [ app_begin ] --END-- [ RunTime:0.000636s ]
SQL: SHOW COLUMNS FROM `admin` [ RunTime:0.0029s ]
SQL: SELECT `id`,`username`,`password`,`is_lock` FROM `admin` WHERE ( username='admin'  ) LIMIT 1   [ RunTime:0.0035s ]
SQL: UPDATE `admin` SET `last_login`='1436880736' WHERE ( id=1 ) [ RunTime:0.0015s ]

[ 2015-07-14T21:32:16+08:00 ] 127.0.0.1 /Project/erp/web/index.php/Admin/Index/index.html
INFO: [ app_init ] --START--
INFO: Run Behavior\BuildLiteBehavior [ RunTime:0.000013s ]
INFO: [ app_init ] --END-- [ RunTime:0.000070s ]
INFO: [ app_begin ] --START--
INFO: Run Behavior\ReadHtmlCacheBehavior [ RunTime:0.000391s ]
INFO: [ app_begin ] --END-- [ RunTime:0.000444s ]
INFO: [ view_parse ] --START--
INFO: [ template_filter ] --START--
INFO: Run Behavior\ContentReplaceBehavior [ RunTime:0.000079s ]
INFO: [ template_filter ] --END-- [ RunTime:0.000194s ]
INFO: Run Behavior\ParseTemplateBehavior [ RunTime:0.011516s ]
INFO: [ view_parse ] --END-- [ RunTime:0.011625s ]
INFO: [ view_filter ] --START--
INFO: Run Behavior\WriteHtmlCacheBehavior [ RunTime:0.000165s ]
INFO: [ view_filter ] --END-- [ RunTime:0.000219s ]
INFO: [ app_end ] --START--
INFO: Run Behavior\ShowPageTraceBehavior [ RunTime:0.000508s ]
INFO: [ app_end ] --END-- [ RunTime:0.000567s ]

[ 2015-07-14T21:32:18+08:00 ] 127.0.0.1 /Project/erp/web/index.php/Admin/Index/admin.html
INFO: [ app_init ] --START--
INFO: Run Behavior\BuildLiteBehavior [ RunTime:0.000017s ]
INFO: [ app_init ] --END-- [ RunTime:0.000121s ]
INFO: [ app_begin ] --START--
INFO: Run Behavior\ReadHtmlCacheBehavior [ RunTime:0.000477s ]
INFO: [ app_begin ] --END-- [ RunTime:0.000544s ]
INFO: [ view_parse ] --START--
INFO: [ template_filter ] --START--
INFO: Run Behavior\ContentReplaceBehavior [ RunTime:0.000094s ]
INFO: [ template_filter ] --END-- [ RunTime:0.000239s ]
INFO: Run Behavior\ParseTemplateBehavior [ RunTime:0.011456s ]
INFO: [ view_parse ] --END-- [ RunTime:0.011561s ]
INFO: [ view_filter ] --START--
INFO: Run Behavior\WriteHtmlCacheBehavior [ RunTime:0.000200s ]
INFO: [ view_filter ] --END-- [ RunTime:0.000254s ]
INFO: [ app_end ] --START--
INFO: Run Behavior\ShowPageTraceBehavior [ RunTime:0.000485s ]
INFO: [ app_end ] --END-- [ RunTime:0.000539s ]

[ 2015-07-14T21:32:19+08:00 ] 127.0.0.1 /Project/erp/web/index.php/Admin/Product/index.html
INFO: [ app_init ] --START--
INFO: Run Behavior\BuildLiteBehavior [ RunTime:0.000015s ]
INFO: [ app_init ] --END-- [ RunTime:0.000081s ]
INFO: [ app_begin ] --START--
INFO: Run Behavior\ReadHtmlCacheBehavior [ RunTime:0.000452s ]
INFO: [ app_begin ] --END-- [ RunTime:0.000507s ]
ERR: 无法加载控制器:Product

[ 2015-07-14T21:32:20+08:00 ] 127.0.0.1 /Project/erp/web/index.php/Admin/Product/import.html
INFO: [ app_init ] --START--
INFO: Run Behavior\BuildLiteBehavior [ RunTime:0.000014s ]
INFO: [ app_init ] --END-- [ RunTime:0.000074s ]
INFO: [ app_begin ] --START--
INFO: Run Behavior\ReadHtmlCacheBehavior [ RunTime:0.000424s ]
INFO: [ app_begin ] --END-- [ RunTime:0.000480s ]
ERR: 无法加载控制器:Product

[ 2015-07-14T21:32:21+08:00 ] 127.0.0.1 /Project/erp/web/index.php/Admin/Department/index.html
INFO: [ app_init ] --START--
INFO: Run Behavior\BuildLiteBehavior [ RunTime:0.000015s ]
INFO: [ app_init ] --END-- [ RunTime:0.000096s ]
INFO: [ app_begin ] --START--
INFO: Run Behavior\ReadHtmlCacheBehavior [ RunTime:0.000692s ]
INFO: [ app_begin ] --END-- [ RunTime:0.000791s ]
SQL: SHOW COLUMNS FROM `department` [ RunTime:0.0037s ]
SQL: SELECT * FROM `department` WHERE ( 1  ) LIMIT 1000   [ RunTime:0.0008s ]
INFO: [ view_parse ] --START--
INFO: [ template_filter ] --START--
INFO: Run Behavior\ContentReplaceBehavior [ RunTime:0.000071s ]
INFO: [ template_filter ] --END-- [ RunTime:0.000199s ]
INFO: Run Behavior\ParseTemplateBehavior [ RunTime:0.018113s ]
INFO: [ view_parse ] --END-- [ RunTime:0.018194s ]
INFO: [ view_filter ] --START--
INFO: Run Behavior\WriteHtmlCacheBehavior [ RunTime:0.000167s ]
INFO: [ view_filter ] --END-- [ RunTime:0.000219s ]
INFO: [ app_end ] --START--
INFO: Run Behavior\ShowPageTraceBehavior [ RunTime:0.000484s ]
INFO: [ app_end ] --END-- [ RunTime:0.000545s ]

[ 2015-07-14T21:32:22+08:00 ] 127.0.0.1 /Project/erp/web/index.php/Admin/Role/index.html
INFO: [ app_init ] --START--
INFO: Run Behavior\BuildLiteBehavior [ RunTime:0.000012s ]
INFO: [ app_init ] --END-- [ RunTime:0.000071s ]
INFO: [ app_begin ] --START--
INFO: Run Behavior\ReadHtmlCacheBehavior [ RunTime:0.000403s ]
INFO: [ app_begin ] --END-- [ RunTime:0.000455s ]
SQL: SHOW COLUMNS FROM `role` [ RunTime:0.0035s ]
SQL: SELECT * FROM `role`  [ RunTime:0.0015s ]
SQL: SHOW COLUMNS FROM `department` [ RunTime:0.0019s ]
SQL: SELECT * FROM `department`  [ RunTime:0.0002s ]
INFO: [ view_parse ] --START--
INFO: [ template_filter ] --START--
INFO: Run Behavior\ContentReplaceBehavior [ RunTime:0.000044s ]
INFO: [ template_filter ] --END-- [ RunTime:0.000132s ]
INFO: Run Behavior\ParseTemplateBehavior [ RunTime:0.012075s ]
INFO: [ view_parse ] --END-- [ RunTime:0.012164s ]
INFO: [ view_filter ] --START--
INFO: Run Behavior\WriteHtmlCacheBehavior [ RunTime:0.000273s ]
INFO: [ view_filter ] --END-- [ RunTime:0.000337s ]
INFO: [ app_end ] --START--
INFO: Run Behavior\ShowPageTraceBehavior [ RunTime:0.000780s ]
INFO: [ app_end ] --END-- [ RunTime:0.000849s ]

[ 2015-07-14T21:32:22+08:00 ] 127.0.0.1 /Project/erp/web/index.php/Admin/Admin/index.html
INFO: [ app_init ] --START--
INFO: Run Behavior\BuildLiteBehavior [ RunTime:0.000012s ]
INFO: [ app_init ] --END-- [ RunTime:0.000071s ]
INFO: [ app_begin ] --START--
INFO: Run Behavior\ReadHtmlCacheBehavior [ RunTime:0.000416s ]
INFO: [ app_begin ] --END-- [ RunTime:0.000471s ]
SQL: SHOW COLUMNS FROM `admin` [ RunTime:0.0021s ]
SQL: SHOW COLUMNS FROM `department` [ RunTime:0.0039s ]
SQL: SHOW COLUMNS FROM `role` [ RunTime:0.0022s ]
SQL: SELECT * FROM `department`  [ RunTime:0.0009s ]
SQL: SELECT * FROM `role`  [ RunTime:0.0007s ]
SQL: SELECT `id`,`username`,`mail`,`real_name`,`phone`,`is_lock`,`last_login`,`role_id`,`department_id` FROM `admin` WHERE ( 1  ) LIMIT 20   [ RunTime:0.0003s ]
SQL: SELECT `name` FROM `role` WHERE ( id=1 ) LIMIT 1   [ RunTime:0.0002s ]
INFO: [ view_parse ] --START--
INFO: [ template_filter ] --START--
INFO: Run Behavior\ContentReplaceBehavior [ RunTime:0.000040s ]
INFO: [ template_filter ] --END-- [ RunTime:0.000102s ]
INFO: Run Behavior\ParseTemplateBehavior [ RunTime:0.012478s ]
INFO: [ view_parse ] --END-- [ RunTime:0.012541s ]
INFO: [ view_filter ] --START--
INFO: Run Behavior\WriteHtmlCacheBehavior [ RunTime:0.000142s ]
INFO: [ view_filter ] --END-- [ RunTime:0.000189s ]
INFO: [ app_end ] --START--
INFO: Run Behavior\ShowPageTraceBehavior [ RunTime:0.000443s ]
INFO: [ app_end ] --END-- [ RunTime:0.000495s ]

[ 2015-07-14T21:32:24+08:00 ] 127.0.0.1 /Project/erp/web/index.php/Admin/Brand/index.html
INFO: [ app_init ] --START--
INFO: Run Behavior\BuildLiteBehavior [ RunTime:0.000020s ]
INFO: [ app_init ] --END-- [ RunTime:0.000113s ]
INFO: [ app_begin ] --START--
INFO: Run Behavior\ReadHtmlCacheBehavior [ RunTime:0.000660s ]
INFO: [ app_begin ] --END-- [ RunTime:0.000749s ]
ERR: 无法加载控制器:Brand

[ 2015-07-14T21:32:25+08:00 ] 127.0.0.1 /Project/erp/web/index.php/Admin/Admin/index.html
INFO: [ app_init ] --START--
INFO: Run Behavior\BuildLiteBehavior [ RunTime:0.000018s ]
INFO: [ app_init ] --END-- [ RunTime:0.000098s ]
INFO: [ app_begin ] --START--
INFO: Run Behavior\ReadHtmlCacheBehavior [ RunTime:0.000996s ]
INFO: [ app_begin ] --END-- [ RunTime:0.001131s ]
SQL: SHOW COLUMNS FROM `admin` [ RunTime:0.0039s ]
SQL: SHOW COLUMNS FROM `department` [ RunTime:0.0018s ]
SQL: SHOW COLUMNS FROM `role` [ RunTime:0.0021s ]
SQL: SELECT * FROM `department`  [ RunTime:0.0003s ]
SQL: SELECT * FROM `role`  [ RunTime:0.0002s ]
SQL: SELECT `id`,`username`,`mail`,`real_name`,`phone`,`is_lock`,`last_login`,`role_id`,`department_id` FROM `admin` WHERE ( 1  ) LIMIT 20   [ RunTime:0.0006s ]
SQL: SELECT `name` FROM `role` WHERE ( id=1 ) LIMIT 1   [ RunTime:0.0004s ]
INFO: [ view_parse ] --START--
INFO: [ template_filter ] --START--
INFO: Run Behavior\ContentReplaceBehavior [ RunTime:0.000042s ]
INFO: [ template_filter ] --END-- [ RunTime:0.000113s ]
INFO: Run Behavior\ParseTemplateBehavior [ RunTime:0.014616s ]
INFO: [ view_parse ] --END-- [ RunTime:0.014687s ]
INFO: [ view_filter ] --START--
INFO: Run Behavior\WriteHtmlCacheBehavior [ RunTime:0.000160s ]
INFO: [ view_filter ] --END-- [ RunTime:0.000236s ]
INFO: [ app_end ] --START--
INFO: Run Behavior\ShowPageTraceBehavior [ RunTime:0.000743s ]
INFO: [ app_end ] --END-- [ RunTime:0.000848s ]

[ 2015-07-14T21:34:36+08:00 ] 127.0.0.1 /Project/erp/web/index.php/Admin/Index/admin.html
INFO: [ app_init ] --START--
INFO: Run Behavior\BuildLiteBehavior [ RunTime:0.000013s ]
INFO: [ app_init ] --END-- [ RunTime:0.000070s ]
INFO: [ app_begin ] --START--
INFO: Run Behavior\ReadHtmlCacheBehavior [ RunTime:0.000536s ]
INFO: [ app_begin ] --END-- [ RunTime:0.000598s ]
INFO: [ view_parse ] --START--
INFO: [ template_filter ] --START--
INFO: Run Behavior\ContentReplaceBehavior [ RunTime:0.000082s ]
INFO: [ template_filter ] --END-- [ RunTime:0.000284s ]
INFO: Run Behavior\ParseTemplateBehavior [ RunTime:0.010786s ]
INFO: [ view_parse ] --END-- [ RunTime:0.010931s ]
INFO: [ view_filter ] --START--
INFO: Run Behavior\WriteHtmlCacheBehavior [ RunTime:0.000498s ]
INFO: [ view_filter ] --END-- [ RunTime:0.000618s ]
INFO: [ app_end ] --START--
INFO: Run Behavior\ShowPageTraceBehavior [ RunTime:0.000941s ]
INFO: [ app_end ] --END-- [ RunTime:0.001077s ]

[ 2015-07-14T21:34:37+08:00 ] 127.0.0.1 /Project/erp/web/index.php/Admin/Admin/index.html
INFO: [ app_init ] --START--
INFO: Run Behavior\BuildLiteBehavior [ RunTime:0.000012s ]
INFO: [ app_init ] --END-- [ RunTime:0.000067s ]
INFO: [ app_begin ] --START--
INFO: Run Behavior\ReadHtmlCacheBehavior [ RunTime:0.000803s ]
INFO: [ app_begin ] --END-- [ RunTime:0.000921s ]
SQL: SHOW COLUMNS FROM `admin` [ RunTime:0.0019s ]
SQL: SHOW COLUMNS FROM `department` [ RunTime:0.0023s ]
SQL: SHOW COLUMNS FROM `role` [ RunTime:0.0022s ]
SQL: SELECT * FROM `department`  [ RunTime:0.0002s ]
SQL: SELECT * FROM `role`  [ RunTime:0.0002s ]
SQL: SELECT `id`,`username`,`mail`,`real_name`,`phone`,`is_lock`,`last_login`,`role_id`,`department_id` FROM `admin` WHERE ( 1  ) LIMIT 20   [ RunTime:0.0002s ]
SQL: SELECT `name` FROM `role` WHERE ( id=1 ) LIMIT 1   [ RunTime:0.0002s ]
INFO: [ view_parse ] --START--
INFO: [ template_filter ] --START--
INFO: Run Behavior\ContentReplaceBehavior [ RunTime:0.000043s ]
INFO: [ template_filter ] --END-- [ RunTime:0.000108s ]
INFO: Run Behavior\ParseTemplateBehavior [ RunTime:0.011429s ]
INFO: [ view_parse ] --END-- [ RunTime:0.011490s ]
INFO: [ view_filter ] --START--
INFO: Run Behavior\WriteHtmlCacheBehavior [ RunTime:0.000137s ]
INFO: [ view_filter ] --END-- [ RunTime:0.000183s ]
INFO: [ app_end ] --START--
INFO: Run Behavior\ShowPageTraceBehavior [ RunTime:0.000452s ]
INFO: [ app_end ] --END-- [ RunTime:0.000505s ]

[ 2015-07-14T21:34:39+08:00 ] 127.0.0.1 /Project/erp/web/index.php/Admin/Admin/index.html
INFO: [ app_init ] --START--
INFO: Run Behavior\BuildLiteBehavior [ RunTime:0.000012s ]
INFO: [ app_init ] --END-- [ RunTime:0.000066s ]
INFO: [ app_begin ] --START--
INFO: Run Behavior\ReadHtmlCacheBehavior [ RunTime:0.000394s ]
INFO: [ app_begin ] --END-- [ RunTime:0.000447s ]
SQL: SHOW COLUMNS FROM `admin` [ RunTime:0.0036s ]
SQL: SHOW COLUMNS FROM `department` [ RunTime:0.0021s ]
SQL: SHOW COLUMNS FROM `role` [ RunTime:0.0037s ]
SQL: SELECT * FROM `department`  [ RunTime:0.0002s ]
SQL: SELECT * FROM `role`  [ RunTime:0.0002s ]
SQL: SELECT `id`,`username`,`mail`,`real_name`,`phone`,`is_lock`,`last_login`,`role_id`,`department_id` FROM `admin` WHERE ( 1  ) LIMIT 20   [ RunTime:0.0002s ]
SQL: SELECT `name` FROM `role` WHERE ( id=1 ) LIMIT 1   [ RunTime:0.0006s ]
INFO: [ view_parse ] --START--
INFO: [ template_filter ] --START--
INFO: Run Behavior\ContentReplaceBehavior [ RunTime:0.000042s ]
INFO: [ template_filter ] --END-- [ RunTime:0.000109s ]
INFO: Run Behavior\ParseTemplateBehavior [ RunTime:0.013707s ]
INFO: [ view_parse ] --END-- [ RunTime:0.013789s ]
INFO: [ view_filter ] --START--
INFO: Run Behavior\WriteHtmlCacheBehavior [ RunTime:0.000287s ]
INFO: [ view_filter ] --END-- [ RunTime:0.000376s ]
INFO: [ app_end ] --START--
INFO: Run Behavior\ShowPageTraceBehavior [ RunTime:0.000834s ]
INFO: [ app_end ] --END-- [ RunTime:0.000941s ]

[ 2015-07-14T21:34:41+08:00 ] 127.0.0.1 /Project/erp/web/index.php/Admin/Admin/changeStatus/id/1.html
INFO: [ app_init ] --START--
INFO: Run Behavior\BuildLiteBehavior [ RunTime:0.000013s ]
INFO: [ app_init ] --END-- [ RunTime:0.000069s ]
INFO: [ app_begin ] --START--
INFO: Run Behavior\ReadHtmlCacheBehavior [ RunTime:0.000397s ]
INFO: [ app_begin ] --END-- [ RunTime:0.000449s ]
SQL: SHOW COLUMNS FROM `admin` [ RunTime:0.0040s ]
SQL: SHOW COLUMNS FROM `department` [ RunTime:0.0032s ]
SQL: SHOW COLUMNS FROM `role` [ RunTime:0.0041s ]
SQL: SELECT * FROM `department`  [ RunTime:0.0002s ]
SQL: SELECT * FROM `role`  [ RunTime:0.0002s ]
SQL: SELECT `is_lock` FROM `admin` WHERE ( id=1 ) LIMIT 1   [ RunTime:0.0002s ]
SQL: UPDATE `admin` SET `is_lock`='1' WHERE ( id=1 ) [ RunTime:0.0004s ]

[ 2015-07-14T21:34:41+08:00 ] 127.0.0.1 /Project/erp/web/index.php/Admin/Admin/index.html
INFO: [ app_init ] --START--
INFO: Run Behavior\BuildLiteBehavior [ RunTime:0.000014s ]
INFO: [ app_init ] --END-- [ RunTime:0.000078s ]
INFO: [ app_begin ] --START--
INFO: Run Behavior\ReadHtmlCacheBehavior [ RunTime:0.000438s ]
INFO: [ app_begin ] --END-- [ RunTime:0.000496s ]
SQL: SHOW COLUMNS FROM `admin` [ RunTime:0.0018s ]
SQL: SHOW COLUMNS FROM `department` [ RunTime:0.0044s ]
SQL: SHOW COLUMNS FROM `role` [ RunTime:0.0020s ]
SQL: SELECT * FROM `department`  [ RunTime:0.0003s ]
SQL: SELECT * FROM `role`  [ RunTime:0.0002s ]
SQL: SELECT `id`,`username`,`mail`,`real_name`,`phone`,`is_lock`,`last_login`,`role_id`,`department_id` FROM `admin` WHERE ( 1  ) LIMIT 20   [ RunTime:0.0002s ]
SQL: SELECT `name` FROM `role` WHERE ( id=1 ) LIMIT 1   [ RunTime:0.0002s ]
INFO: [ view_parse ] --START--
INFO: [ template_filter ] --START--
INFO: Run Behavior\ContentReplaceBehavior [ RunTime:0.000043s ]
INFO: [ template_filter ] --END-- [ RunTime:0.000113s ]
INFO: Run Behavior\ParseTemplateBehavior [ RunTime:0.012126s ]
INFO: [ view_parse ] --END-- [ RunTime:0.012188s ]
INFO: [ view_filter ] --START--
INFO: Run Behavior\WriteHtmlCacheBehavior [ RunTime:0.000159s ]
INFO: [ view_filter ] --END-- [ RunTime:0.000211s ]
INFO: [ app_end ] --START--
INFO: Run Behavior\ShowPageTraceBehavior [ RunTime:0.000462s ]
INFO: [ app_end ] --END-- [ RunTime:0.000516s ]

[ 2015-07-14T21:34:42+08:00 ] 127.0.0.1 /Project/erp/web/index.php/Admin/Admin/changeStatus/id/1.html
INFO: [ app_init ] --START--
INFO: Run Behavior\BuildLiteBehavior [ RunTime:0.000015s ]
INFO: [ app_init ] --END-- [ RunTime:0.000081s ]
INFO: [ app_begin ] --START--
INFO: Run Behavior\ReadHtmlCacheBehavior [ RunTime:0.000442s ]
INFO: [ app_begin ] --END-- [ RunTime:0.000520s ]
SQL: SHOW COLUMNS FROM `admin` [ RunTime:0.0020s ]
SQL: SHOW COLUMNS FROM `department` [ RunTime:0.0012s ]
SQL: SHOW COLUMNS FROM `role` [ RunTime:0.0017s ]
SQL: SELECT * FROM `department`  [ RunTime:0.0002s ]
SQL: SELECT * FROM `role`  [ RunTime:0.0002s ]
SQL: SELECT `is_lock` FROM `admin` WHERE ( id=1 ) LIMIT 1   [ RunTime:0.0002s ]
SQL: UPDATE `admin` SET `is_lock`='0' WHERE ( id=1 ) [ RunTime:0.0002s ]

[ 2015-07-14T21:34:42+08:00 ] 127.0.0.1 /Project/erp/web/index.php/Admin/Admin/index.html
INFO: [ app_init ] --START--
INFO: Run Behavior\BuildLiteBehavior [ RunTime:0.000014s ]
INFO: [ app_init ] --END-- [ RunTime:0.000077s ]
INFO: [ app_begin ] --START--
INFO: Run Behavior\ReadHtmlCacheBehavior [ RunTime:0.000416s ]
INFO: [ app_begin ] --END-- [ RunTime:0.000470s ]
SQL: SHOW COLUMNS FROM `admin` [ RunTime:0.0017s ]
SQL: SHOW COLUMNS FROM `department` [ RunTime:0.0012s ]
SQL: SHOW COLUMNS FROM `role` [ RunTime:0.0014s ]
SQL: SELECT * FROM `department`  [ RunTime:0.0002s ]
SQL: SELECT * FROM `role`  [ RunTime:0.0002s ]
SQL: SELECT `id`,`username`,`mail`,`real_name`,`phone`,`is_lock`,`last_login`,`role_id`,`department_id` FROM `admin` WHERE ( 1  ) LIMIT 20   [ RunTime:0.0002s ]
SQL: SELECT `name` FROM `role` WHERE ( id=1 ) LIMIT 1   [ RunTime:0.0002s ]
INFO: [ view_parse ] --START--
INFO: [ template_filter ] --START--
INFO: Run Behavior\ContentReplaceBehavior [ RunTime:0.000046s ]
INFO: [ template_filter ] --END-- [ RunTime:0.000120s ]
INFO: Run Behavior\ParseTemplateBehavior [ RunTime:0.015750s ]
INFO: [ view_parse ] --END-- [ RunTime:0.015845s ]
INFO: [ view_filter ] --START--
INFO: Run Behavior\WriteHtmlCacheBehavior [ RunTime:0.000164s ]
INFO: [ view_filter ] --END-- [ RunTime:0.000218s ]
INFO: [ app_end ] --START--
INFO: Run Behavior\ShowPageTraceBehavior [ RunTime:0.000490s ]
INFO: [ app_end ] --END-- [ RunTime:0.000547s ]

[ 2015-07-14T21:36:23+08:00 ] 127.0.0.1 /Project/erp/web/index.php/Admin/Admin/edit/id/1.html
INFO: [ app_init ] --START--
INFO: Run Behavior\BuildLiteBehavior [ RunTime:0.000028s ]
INFO: [ app_init ] --END-- [ RunTime:0.000192s ]
INFO: [ app_begin ] --START--
INFO: Run Behavior\ReadHtmlCacheBehavior [ RunTime:0.000703s ]
INFO: [ app_begin ] --END-- [ RunTime:0.000833s ]
SQL: SHOW COLUMNS FROM `admin` [ RunTime:0.0021s ]
SQL: SHOW COLUMNS FROM `department` [ RunTime:0.0039s ]
SQL: SHOW COLUMNS FROM `role` [ RunTime:0.0021s ]
SQL: SELECT * FROM `department`  [ RunTime:0.0005s ]
SQL: SELECT * FROM `role`  [ RunTime:0.0004s ]
SQL: SELECT `id`,`username`,`mail`,`real_name`,`phone`,`is_lock`,`last_login`,`role_id`,`department_id` FROM `admin` WHERE ( id=1 ) LIMIT 1   [ RunTime:0.0008s ]
INFO: [ view_parse ] --START--
INFO: [ template_filter ] --START--
INFO: Run Behavior\ContentReplaceBehavior [ RunTime:0.000060s ]
INFO: [ template_filter ] --END-- [ RunTime:0.000150s ]
INFO: Run Behavior\ParseTemplateBehavior [ RunTime:0.016241s ]
INFO: [ view_parse ] --END-- [ RunTime:0.016404s ]
INFO: [ view_filter ] --START--
INFO: Run Behavior\WriteHtmlCacheBehavior [ RunTime:0.000408s ]
INFO: [ view_filter ] --END-- [ RunTime:0.000527s ]
INFO: [ app_end ] --START--
INFO: Run Behavior\ShowPageTraceBehavior [ RunTime:0.000966s ]
INFO: [ app_end ] --END-- [ RunTime:0.001068s ]

[ 2015-07-14T21:36:28+08:00 ] 127.0.0.1 /Project/erp/web/index.php/Admin/Admin/index.html
INFO: [ app_init ] --START--
INFO: Run Behavior\BuildLiteBehavior [ RunTime:0.000081s ]
INFO: [ app_init ] --END-- [ RunTime:0.000358s ]
INFO: [ app_begin ] --START--
INFO: Run Behavior\ReadHtmlCacheBehavior [ RunTime:0.000522s ]
INFO: [ app_begin ] --END-- [ RunTime:0.000593s ]
SQL: SHOW COLUMNS FROM `admin` [ RunTime:0.0022s ]
SQL: SHOW COLUMNS FROM `department` [ RunTime:0.0018s ]
SQL: SHOW COLUMNS FROM `role` [ RunTime:0.0034s ]
SQL: SELECT * FROM `department`  [ RunTime:0.0003s ]
SQL: SELECT * FROM `role`  [ RunTime:0.0003s ]
SQL: SELECT `id`,`username`,`mail`,`real_name`,`phone`,`is_lock`,`last_login`,`role_id`,`department_id` FROM `admin` WHERE ( 1  ) LIMIT 20   [ RunTime:0.0005s ]
SQL: SELECT `name` FROM `role` WHERE ( id=1 ) LIMIT 1   [ RunTime:0.0006s ]
INFO: [ view_parse ] --START--
INFO: [ template_filter ] --START--
INFO: Run Behavior\ContentReplaceBehavior [ RunTime:0.000067s ]
INFO: [ template_filter ] --END-- [ RunTime:0.000198s ]
INFO: Run Behavior\ParseTemplateBehavior [ RunTime:0.013255s ]
INFO: [ view_parse ] --END-- [ RunTime:0.013416s ]
INFO: [ view_filter ] --START--
INFO: Run Behavior\WriteHtmlCacheBehavior [ RunTime:0.000242s ]
INFO: [ view_filter ] --END-- [ RunTime:0.000300s ]
INFO: [ app_end ] --START--
INFO: Run Behavior\ShowPageTraceBehavior [ RunTime:0.000570s ]
INFO: [ app_end ] --END-- [ RunTime:0.000668s ]

[ 2015-07-14T21:36:30+08:00 ] 127.0.0.1 /Project/erp/web/index.php/Admin/Index/purchase.html
INFO: [ app_init ] --START--
INFO: Run Behavior\BuildLiteBehavior [ RunTime:0.000013s ]
INFO: [ app_init ] --END-- [ RunTime:0.000069s ]
INFO: [ app_begin ] --START--
INFO: Run Behavior\ReadHtmlCacheBehavior [ RunTime:0.000388s ]
INFO: [ app_begin ] --END-- [ RunTime:0.000439s ]
INFO: [ view_parse ] --START--
INFO: [ template_filter ] --START--
INFO: Run Behavior\ContentReplaceBehavior [ RunTime:0.000037s ]
INFO: [ template_filter ] --END-- [ RunTime:0.000106s ]
INFO: Run Behavior\ParseTemplateBehavior [ RunTime:0.007241s ]
INFO: [ view_parse ] --END-- [ RunTime:0.007299s ]
INFO: [ view_filter ] --START--
INFO: Run Behavior\WriteHtmlCacheBehavior [ RunTime:0.000140s ]
INFO: [ view_filter ] --END-- [ RunTime:0.000184s ]
INFO: [ app_end ] --START--
INFO: Run Behavior\ShowPageTraceBehavior [ RunTime:0.000857s ]
INFO: [ app_end ] --END-- [ RunTime:0.000988s ]

[ 2015-07-14T21:38:08+08:00 ] 127.0.0.1 /Project/erp/web/index.php/Admin/Index/admin.html
INFO: [ app_init ] --START--
INFO: Run Behavior\BuildLiteBehavior [ RunTime:0.000017s ]
INFO: [ app_init ] --END-- [ RunTime:0.000101s ]
INFO: [ app_begin ] --START--
INFO: Run Behavior\ReadHtmlCacheBehavior [ RunTime:0.000492s ]
INFO: [ app_begin ] --END-- [ RunTime:0.000560s ]
INFO: [ view_parse ] --START--
INFO: [ template_filter ] --START--
INFO: Run Behavior\ContentReplaceBehavior [ RunTime:0.000125s ]
INFO: [ template_filter ] --END-- [ RunTime:0.000366s ]
INFO: Run Behavior\ParseTemplateBehavior [ RunTime:0.008807s ]
INFO: [ view_parse ] --END-- [ RunTime:0.008911s ]
INFO: [ view_filter ] --START--
INFO: Run Behavior\WriteHtmlCacheBehavior [ RunTime:0.000341s ]
INFO: [ view_filter ] --END-- [ RunTime:0.000419s ]
INFO: [ app_end ] --START--
INFO: Run Behavior\ShowPageTraceBehavior [ RunTime:0.000577s ]
INFO: [ app_end ] --END-- [ RunTime:0.000671s ]

[ 2015-07-14T21:38:10+08:00 ] 127.0.0.1 /Project/erp/web/index.php/Admin/Admin/index.html
INFO: [ app_init ] --START--
INFO: Run Behavior\BuildLiteBehavior [ RunTime:0.000014s ]
INFO: [ app_init ] --END-- [ RunTime:0.000080s ]
INFO: [ app_begin ] --START--
INFO: Run Behavior\ReadHtmlCacheBehavior [ RunTime:0.000517s ]
INFO: [ app_begin ] --END-- [ RunTime:0.000585s ]
SQL: SHOW COLUMNS FROM `admin` [ RunTime:0.0017s ]
SQL: SHOW COLUMNS FROM `department` [ RunTime:0.0017s ]
SQL: SHOW COLUMNS FROM `role` [ RunTime:0.0017s ]
SQL: SELECT * FROM `department`  [ RunTime:0.0002s ]
SQL: SELECT * FROM `role`  [ RunTime:0.0002s ]
SQL: SELECT `id`,`username`,`mail`,`real_name`,`phone`,`is_lock`,`last_login`,`role_id`,`department_id` FROM `admin` WHERE ( 1  ) LIMIT 20   [ RunTime:0.0002s ]
SQL: SELECT `name` FROM `role` WHERE ( id=1 ) LIMIT 1   [ RunTime:0.0002s ]
INFO: [ view_parse ] --START--
INFO: [ template_filter ] --START--
INFO: Run Behavior\ContentReplaceBehavior [ RunTime:0.000038s ]
INFO: [ template_filter ] --END-- [ RunTime:0.000099s ]
INFO: Run Behavior\ParseTemplateBehavior [ RunTime:0.011885s ]
INFO: [ view_parse ] --END-- [ RunTime:0.011950s ]
INFO: [ view_filter ] --START--
INFO: Run Behavior\WriteHtmlCacheBehavior [ RunTime:0.000141s ]
INFO: [ view_filter ] --END-- [ RunTime:0.000189s ]
INFO: [ app_end ] --START--
INFO: Run Behavior\ShowPageTraceBehavior [ RunTime:0.000486s ]
INFO: [ app_end ] --END-- [ RunTime:0.000545s ]

[ 2015-07-14T21:38:11+08:00 ] 127.0.0.1 /Project/erp/web/index.php/Admin/Admin/add.html
INFO: [ app_init ] --START--
INFO: Run Behavior\BuildLiteBehavior [ RunTime:0.000013s ]
INFO: [ app_init ] --END-- [ RunTime:0.000073s ]
INFO: [ app_begin ] --START--
INFO: Run Behavior\ReadHtmlCacheBehavior [ RunTime:0.000390s ]
INFO: [ app_begin ] --END-- [ RunTime:0.000442s ]
SQL: SHOW COLUMNS FROM `admin` [ RunTime:0.0017s ]
SQL: SHOW COLUMNS FROM `department` [ RunTime:0.0037s ]
SQL: SHOW COLUMNS FROM `role` [ RunTime:0.0018s ]
SQL: SELECT * FROM `department`  [ RunTime:0.0002s ]
SQL: SELECT * FROM `role`  [ RunTime:0.0001s ]
INFO: [ view_parse ] --START--
INFO: [ template_filter ] --START--
INFO: Run Behavior\ContentReplaceBehavior [ RunTime:0.000054s ]
INFO: [ template_filter ] --END-- [ RunTime:0.000152s ]
NOTIC: [8] Undefined variable: oldInfo /Users/Liyn/Desktop/home/Project/erp/Application/Runtime/Cache/Admin/269391216ddc79eabf67c7716b951f05.php 第 59 行.
NOTIC: [8] Undefined variable: oldInfo /Users/Liyn/Desktop/home/Project/erp/Application/Runtime/Cache/Admin/269391216ddc79eabf67c7716b951f05.php 第 63 行.
NOTIC: [8] Undefined variable: oldInfo /Users/Liyn/Desktop/home/Project/erp/Application/Runtime/Cache/Admin/269391216ddc79eabf67c7716b951f05.php 第 67 行.
INFO: Run Behavior\ParseTemplateBehavior [ RunTime:0.012737s ]
INFO: [ view_parse ] --END-- [ RunTime:0.012821s ]
INFO: [ view_filter ] --START--
INFO: Run Behavior\WriteHtmlCacheBehavior [ RunTime:0.000327s ]
INFO: [ view_filter ] --END-- [ RunTime:0.000401s ]
INFO: [ app_end ] --START--
INFO: Run Behavior\ShowPageTraceBehavior [ RunTime:0.000834s ]
INFO: [ app_end ] --END-- [ RunTime:0.000906s ]

[ 2015-07-14T21:44:17+08:00 ] 127.0.0.1 /Project/erp/web/index.php/Admin/Admin/index.html
INFO: [ app_init ] --START--
INFO: Run Behavior\BuildLiteBehavior [ RunTime:0.000019s ]
INFO: [ app_init ] --END-- [ RunTime:0.000098s ]
INFO: [ app_begin ] --START--
INFO: Run Behavior\ReadHtmlCacheBehavior [ RunTime:0.000892s ]
INFO: [ app_begin ] --END-- [ RunTime:0.001036s ]
SQL: SHOW COLUMNS FROM `admin` [ RunTime:0.0023s ]
SQL: SHOW COLUMNS FROM `department` [ RunTime:0.0018s ]
SQL: SHOW COLUMNS FROM `role` [ RunTime:0.0031s ]
SQL: SELECT * FROM `department`  [ RunTime:0.0003s ]
SQL: SELECT * FROM `role`  [ RunTime:0.0003s ]
SQL: SELECT `id`,`username`,`mail`,`real_name`,`phone`,`is_lock`,`last_login`,`role_id`,`department_id` FROM `admin` WHERE ( 1  ) LIMIT 20   [ RunTime:0.0003s ]
SQL: SELECT `name` FROM `role` WHERE ( id=1 ) LIMIT 1   [ RunTime:0.0004s ]
INFO: [ view_parse ] --START--
INFO: [ template_filter ] --START--
INFO: Run Behavior\ContentReplaceBehavior [ RunTime:0.000078s ]
INFO: [ template_filter ] --END-- [ RunTime:0.000270s ]
INFO: Run Behavior\ParseTemplateBehavior [ RunTime:0.014816s ]
INFO: [ view_parse ] --END-- [ RunTime:0.014909s ]
INFO: [ view_filter ] --START--
INFO: Run Behavior\WriteHtmlCacheBehavior [ RunTime:0.000251s ]
INFO: [ view_filter ] --END-- [ RunTime:0.000308s ]
INFO: [ app_end ] --START--
INFO: Run Behavior\ShowPageTraceBehavior [ RunTime:0.000587s ]
INFO: [ app_end ] --END-- [ RunTime:0.000671s ]

[ 2015-07-14T21:44:19+08:00 ] 127.0.0.1 /Project/erp/web/index.php/Admin/Admin/edit/id/1.html
INFO: [ app_init ] --START--
INFO: Run Behavior\BuildLiteBehavior [ RunTime:0.000023s ]
INFO: [ app_init ] --END-- [ RunTime:0.000130s ]
INFO: [ app_begin ] --START--
INFO: Run Behavior\ReadHtmlCacheBehavior [ RunTime:0.000665s ]
INFO: [ app_begin ] --END-- [ RunTime:0.000749s ]
SQL: SHOW COLUMNS FROM `admin` [ RunTime:0.0022s ]
SQL: SHOW COLUMNS FROM `department` [ RunTime:0.0018s ]
SQL: SHOW COLUMNS FROM `role` [ RunTime:0.0017s ]
SQL: SELECT * FROM `department`  [ RunTime:0.0002s ]
SQL: SELECT * FROM `role`  [ RunTime:0.0002s ]
SQL: SELECT `id`,`username`,`mail`,`real_name`,`phone`,`is_lock`,`last_login`,`role_id`,`department_id` FROM `admin` WHERE ( id=1 ) LIMIT 1   [ RunTime:0.0002s ]
INFO: [ view_parse ] --START--
INFO: [ template_filter ] --START--
INFO: Run Behavior\ContentReplaceBehavior [ RunTime:0.000043s ]
INFO: [ template_filter ] --END-- [ RunTime:0.000110s ]
INFO: Run Behavior\ParseTemplateBehavior [ RunTime:0.010618s ]
INFO: [ view_parse ] --END-- [ RunTime:0.010692s ]
INFO: [ view_filter ] --START--
INFO: Run Behavior\WriteHtmlCacheBehavior [ RunTime:0.000288s ]
INFO: [ view_filter ] --END-- [ RunTime:0.000351s ]
INFO: [ app_end ] --START--
INFO: Run Behavior\ShowPageTraceBehavior [ RunTime:0.000542s ]
INFO: [ app_end ] --END-- [ RunTime:0.000604s ]

[ 2015-07-14T21:44:24+08:00 ] 127.0.0.1 /Project/erp/web/index.php/Admin/Admin/operate.html
INFO: [ app_init ] --START--
INFO: Run Behavior\BuildLiteBehavior [ RunTime:0.000013s ]
INFO: [ app_init ] --END-- [ RunTime:0.000071s ]
INFO: [ app_begin ] --START--
INFO: Run Behavior\ReadHtmlCacheBehavior [ RunTime:0.000402s ]
INFO: [ app_begin ] --END-- [ RunTime:0.000456s ]
SQL: SHOW COLUMNS FROM `admin` [ RunTime:0.0040s ]
SQL: SHOW COLUMNS FROM `department` [ RunTime:0.0018s ]
SQL: SHOW COLUMNS FROM `role` [ RunTime:0.0019s ]
SQL: SELECT * FROM `department`  [ RunTime:0.0002s ]
SQL: SELECT * FROM `role`  [ RunTime:0.0002s ]

[ 2015-07-14T21:46:00+08:00 ] 127.0.0.1 /Project/erp/web/index.php/Admin/Admin/index.html
INFO: [ app_init ] --START--
INFO: Run Behavior\BuildLiteBehavior [ RunTime:0.000013s ]
INFO: [ app_init ] --END-- [ RunTime:0.000071s ]
INFO: [ app_begin ] --START--
INFO: Run Behavior\ReadHtmlCacheBehavior [ RunTime:0.000404s ]
INFO: [ app_begin ] --END-- [ RunTime:0.000457s ]
SQL: SHOW COLUMNS FROM `admin` [ RunTime:0.0040s ]
SQL: SHOW COLUMNS FROM `department` [ RunTime:0.0016s ]
SQL: SHOW COLUMNS FROM `role` [ RunTime:0.0017s ]
SQL: SELECT * FROM `department`  [ RunTime:0.0002s ]
SQL: SELECT * FROM `role`  [ RunTime:0.0002s ]
SQL: SELECT `id`,`username`,`mail`,`real_name`,`phone`,`is_lock`,`last_login`,`role_id`,`department_id` FROM `admin` WHERE ( 1  ) LIMIT 20   [ RunTime:0.0002s ]
SQL: SELECT `name` FROM `role` WHERE ( id=1 ) LIMIT 1   [ RunTime:0.0002s ]
INFO: [ view_parse ] --START--
INFO: [ template_filter ] --START--
INFO: Run Behavior\ContentReplaceBehavior [ RunTime:0.000046s ]
INFO: [ template_filter ] --END-- [ RunTime:0.000121s ]
INFO: Run Behavior\ParseTemplateBehavior [ RunTime:0.013396s ]
INFO: [ view_parse ] --END-- [ RunTime:0.013461s ]
INFO: [ view_filter ] --START--
INFO: Run Behavior\WriteHtmlCacheBehavior [ RunTime:0.000158s ]
INFO: [ view_filter ] --END-- [ RunTime:0.000214s ]
INFO: [ app_end ] --START--
INFO: Run Behavior\ShowPageTraceBehavior [ RunTime:0.000481s ]
INFO: [ app_end ] --END-- [ RunTime:0.000537s ]

[ 2015-07-14T21:46:01+08:00 ] 127.0.0.1 /Project/erp/web/index.php/Admin/Admin/edit/id/1.html
INFO: [ app_init ] --START--
INFO: Run Behavior\BuildLiteBehavior [ RunTime:0.000013s ]
INFO: [ app_init ] --END-- [ RunTime:0.000070s ]
INFO: [ app_begin ] --START--
INFO: Run Behavior\ReadHtmlCacheBehavior [ RunTime:0.000423s ]
INFO: [ app_begin ] --END-- [ RunTime:0.000480s ]
SQL: SHOW COLUMNS FROM `admin` [ RunTime:0.0028s ]
SQL: SHOW COLUMNS FROM `department` [ RunTime:0.0042s ]
SQL: SHOW COLUMNS FROM `role` [ RunTime:0.0017s ]
SQL: SELECT * FROM `department`  [ RunTime:0.0003s ]
SQL: SELECT * FROM `role`  [ RunTime:0.0002s ]
SQL: SELECT `id`,`username`,`mail`,`real_name`,`phone`,`is_lock`,`last_login`,`role_id`,`department_id` FROM `admin` WHERE ( id=1 ) LIMIT 1   [ RunTime:0.0002s ]
INFO: [ view_parse ] --START--
INFO: [ template_filter ] --START--
INFO: Run Behavior\ContentReplaceBehavior [ RunTime:0.000055s ]
INFO: [ template_filter ] --END-- [ RunTime:0.000146s ]
INFO: Run Behavior\ParseTemplateBehavior [ RunTime:0.010078s ]
INFO: [ view_parse ] --END-- [ RunTime:0.010156s ]
INFO: [ view_filter ] --START--
INFO: Run Behavior\WriteHtmlCacheBehavior [ RunTime:0.000186s ]
INFO: [ view_filter ] --END-- [ RunTime:0.000235s ]
INFO: [ app_end ] --START--
INFO: Run Behavior\ShowPageTraceBehavior [ RunTime:0.000525s ]
INFO: [ app_end ] --END-- [ RunTime:0.000580s ]

[ 2015-07-14T21:46:07+08:00 ] 127.0.0.1 /Project/erp/web/index.php/Admin/Admin/operate.html
INFO: [ app_init ] --START--
INFO: Run Behavior\BuildLiteBehavior [ RunTime:0.000012s ]
INFO: [ app_init ] --END-- [ RunTime:0.000067s ]
INFO: [ app_begin ] --START--
INFO: Run Behavior\ReadHtmlCacheBehavior [ RunTime:0.000387s ]
INFO: [ app_begin ] --END-- [ RunTime:0.000440s ]
SQL: SHOW COLUMNS FROM `admin` [ RunTime:0.0038s ]
SQL: SHOW COLUMNS FROM `department` [ RunTime:0.0027s ]
SQL: SHOW COLUMNS FROM `role` [ RunTime:0.0023s ]
SQL: SELECT * FROM `department`  [ RunTime:0.0003s ]
SQL: SELECT * FROM `role`  [ RunTime:0.0002s ]
SQL: SELECT `username` FROM `admin` WHERE ( id=1 ) LIMIT 1   [ RunTime:0.0002s ]

[ 2015-07-14T21:46:16+08:00 ] 127.0.0.1 /Project/erp/web/index.php/Admin/Admin/index.html
INFO: [ app_init ] --START--
INFO: Run Behavior\BuildLiteBehavior [ RunTime:0.000032s ]
INFO: [ app_init ] --END-- [ RunTime:0.000166s ]
INFO: [ app_begin ] --START--
INFO: Run Behavior\ReadHtmlCacheBehavior [ RunTime:0.001273s ]
INFO: [ app_begin ] --END-- [ RunTime:0.001494s ]
SQL: SHOW COLUMNS FROM `admin` [ RunTime:0.0036s ]
SQL: SHOW COLUMNS FROM `department` [ RunTime:0.0026s ]
SQL: SHOW COLUMNS FROM `role` [ RunTime:0.0032s ]
SQL: SELECT * FROM `department`  [ RunTime:0.0003s ]
SQL: SELECT * FROM `role`  [ RunTime:0.0002s ]
SQL: SELECT `id`,`username`,`mail`,`real_name`,`phone`,`is_lock`,`last_login`,`role_id`,`department_id` FROM `admin` WHERE ( 1  ) LIMIT 20   [ RunTime:0.0002s ]
SQL: SELECT `name` FROM `role` WHERE ( id=1 ) LIMIT 1   [ RunTime:0.0002s ]
INFO: [ view_parse ] --START--
INFO: [ template_filter ] --START--
INFO: Run Behavior\ContentReplaceBehavior [ RunTime:0.000042s ]
INFO: [ template_filter ] --END-- [ RunTime:0.000113s ]
INFO: Run Behavior\ParseTemplateBehavior [ RunTime:0.015556s ]
INFO: [ view_parse ] --END-- [ RunTime:0.015628s ]
INFO: [ view_filter ] --START--
INFO: Run Behavior\WriteHtmlCacheBehavior [ RunTime:0.000210s ]
INFO: [ view_filter ] --END-- [ RunTime:0.000296s ]
INFO: [ app_end ] --START--
INFO: Run Behavior\ShowPageTraceBehavior [ RunTime:0.000480s ]
INFO: [ app_end ] --END-- [ RunTime:0.000537s ]

[ 2015-07-14T21:46:18+08:00 ] 127.0.0.1 /Project/erp/web/index.php/Admin/Admin/edit/id/1.html
INFO: [ app_init ] --START--
INFO: Run Behavior\BuildLiteBehavior [ RunTime:0.000012s ]
INFO: [ app_init ] --END-- [ RunTime:0.000069s ]
INFO: [ app_begin ] --START--
INFO: Run Behavior\ReadHtmlCacheBehavior [ RunTime:0.000390s ]
INFO: [ app_begin ] --END-- [ RunTime:0.000442s ]
SQL: SHOW COLUMNS FROM `admin` [ RunTime:0.0018s ]
SQL: SHOW COLUMNS FROM `department` [ RunTime:0.0041s ]
SQL: SHOW COLUMNS FROM `role` [ RunTime:0.0018s ]
SQL: SELECT * FROM `department`  [ RunTime:0.0002s ]
SQL: SELECT * FROM `role`  [ RunTime:0.0002s ]
SQL: SELECT `id`,`username`,`mail`,`real_name`,`phone`,`is_lock`,`last_login`,`role_id`,`department_id` FROM `admin` WHERE ( id=1 ) LIMIT 1   [ RunTime:0.0003s ]
INFO: [ view_parse ] --START--
INFO: [ template_filter ] --START--
INFO: Run Behavior\ContentReplaceBehavior [ RunTime:0.000037s ]
INFO: [ template_filter ] --END-- [ RunTime:0.000098s ]
INFO: Run Behavior\ParseTemplateBehavior [ RunTime:0.009184s ]
INFO: [ view_parse ] --END-- [ RunTime:0.009267s ]
INFO: [ view_filter ] --START--
INFO: Run Behavior\WriteHtmlCacheBehavior [ RunTime:0.000215s ]
INFO: [ view_filter ] --END-- [ RunTime:0.000284s ]
INFO: [ app_end ] --START--
INFO: Run Behavior\ShowPageTraceBehavior [ RunTime:0.000625s ]
INFO: [ app_end ] --END-- [ RunTime:0.000707s ]

[ 2015-07-14T21:46:19+08:00 ] 127.0.0.1 /Project/erp/web/index.php/Admin/Admin/index.html
INFO: [ app_init ] --START--
INFO: Run Behavior\BuildLiteBehavior [ RunTime:0.000035s ]
INFO: [ app_init ] --END-- [ RunTime:0.000268s ]
INFO: [ app_begin ] --START--
INFO: Run Behavior\ReadHtmlCacheBehavior [ RunTime:0.000791s ]
INFO: [ app_begin ] --END-- [ RunTime:0.000878s ]
SQL: SHOW COLUMNS FROM `admin` [ RunTime:0.0024s ]
SQL: SHOW COLUMNS FROM `department` [ RunTime:0.0037s ]
SQL: SHOW COLUMNS FROM `role` [ RunTime:0.0019s ]
SQL: SELECT * FROM `department`  [ RunTime:0.0002s ]
SQL: SELECT * FROM `role`  [ RunTime:0.0002s ]
SQL: SELECT `id`,`username`,`mail`,`real_name`,`phone`,`is_lock`,`last_login`,`role_id`,`department_id` FROM `admin` WHERE ( 1  ) LIMIT 20   [ RunTime:0.0002s ]
SQL: SELECT `name` FROM `role` WHERE ( id=1 ) LIMIT 1   [ RunTime:0.0001s ]
INFO: [ view_parse ] --START--
INFO: [ template_filter ] --START--
INFO: Run Behavior\ContentReplaceBehavior [ RunTime:0.000087s ]
INFO: [ template_filter ] --END-- [ RunTime:0.000466s ]
INFO: Run Behavior\ParseTemplateBehavior [ RunTime:0.014384s ]
INFO: [ view_parse ] --END-- [ RunTime:0.014451s ]
INFO: [ view_filter ] --START--
INFO: Run Behavior\WriteHtmlCacheBehavior [ RunTime:0.000171s ]
INFO: [ view_filter ] --END-- [ RunTime:0.000220s ]
INFO: [ app_end ] --START--
INFO: Run Behavior\ShowPageTraceBehavior [ RunTime:0.000436s ]
INFO: [ app_end ] --END-- [ RunTime:0.000488s ]

[ 2015-07-14T21:46:52+08:00 ] 127.0.0.1 /Project/erp/web/index.php/Admin/Admin/edit/id/1.html
INFO: [ app_init ] --START--
INFO: Run Behavior\BuildLiteBehavior [ RunTime:0.000019s ]
INFO: [ app_init ] --END-- [ RunTime:0.000103s ]
INFO: [ app_begin ] --START--
INFO: Run Behavior\ReadHtmlCacheBehavior [ RunTime:0.000811s ]
INFO: [ app_begin ] --END-- [ RunTime:0.000927s ]
SQL: SHOW COLUMNS FROM `admin` [ RunTime:0.0020s ]
SQL: SHOW COLUMNS FROM `department` [ RunTime:0.0017s ]
SQL: SHOW COLUMNS FROM `role` [ RunTime:0.0040s ]
SQL: SELECT * FROM `department`  [ RunTime:0.0004s ]
SQL: SELECT * FROM `role`  [ RunTime:0.0003s ]
SQL: SELECT `id`,`username`,`mail`,`real_name`,`phone`,`is_lock`,`last_login`,`role_id`,`department_id` FROM `admin` WHERE ( id=1 ) LIMIT 1   [ RunTime:0.0002s ]
INFO: [ view_parse ] --START--
INFO: [ template_filter ] --START--
INFO: Run Behavior\ContentReplaceBehavior [ RunTime:0.000060s ]
INFO: [ template_filter ] --END-- [ RunTime:0.000163s ]
INFO: Run Behavior\ParseTemplateBehavior [ RunTime:0.010523s ]
INFO: [ view_parse ] --END-- [ RunTime:0.010590s ]
INFO: [ view_filter ] --START--
INFO: Run Behavior\WriteHtmlCacheBehavior [ RunTime:0.000180s ]
INFO: [ view_filter ] --END-- [ RunTime:0.000232s ]
INFO: [ app_end ] --START--
INFO: Run Behavior\ShowPageTraceBehavior [ RunTime:0.000989s ]
INFO: [ app_end ] --END-- [ RunTime:0.001143s ]

[ 2015-07-14T21:46:59+08:00 ] 127.0.0.1 /Project/erp/web/index.php/Admin/Admin/operate.html
INFO: [ app_init ] --START--
INFO: Run Behavior\BuildLiteBehavior [ RunTime:0.000018s ]
INFO: [ app_init ] --END-- [ RunTime:0.000135s ]
INFO: [ app_begin ] --START--
INFO: Run Behavior\ReadHtmlCacheBehavior [ RunTime:0.000546s ]
INFO: [ app_begin ] --END-- [ RunTime:0.000639s ]
SQL: SHOW COLUMNS FROM `admin` [ RunTime:0.0029s ]
SQL: SHOW COLUMNS FROM `department` [ RunTime:0.0036s ]
SQL: SHOW COLUMNS FROM `role` [ RunTime:0.0036s ]
SQL: SELECT * FROM `department`  [ RunTime:0.0002s ]
SQL: SELECT * FROM `role`  [ RunTime:0.0002s ]
SQL: UPDATE `admin` SET `department_id`='1',`role_id`='1',`real_name`='斯',`mail`='',`phone`='',`is_lock`='0' WHERE ( id=1 ) [ RunTime:0.0004s ]
INFO: [ view_parse ] --START--
INFO: [ template_filter ] --START--
INFO: Run Behavior\ContentReplaceBehavior [ RunTime:0.000066s ]
INFO: [ template_filter ] --END-- [ RunTime:0.000170s ]
INFO: Run Behavior\ParseTemplateBehavior [ RunTime:0.008359s ]
INFO: [ view_parse ] --END-- [ RunTime:0.008423s ]
INFO: [ view_filter ] --START--
INFO: Run Behavior\WriteHtmlCacheBehavior [ RunTime:0.000143s ]
INFO: [ view_filter ] --END-- [ RunTime:0.000188s ]
INFO: [ app_end ] --START--
INFO: Run Behavior\ShowPageTraceBehavior [ RunTime:0.000481s ]
INFO: [ app_end ] --END-- [ RunTime:0.000534s ]

[ 2015-07-14T21:47:00+08:00 ] 127.0.0.1 /Project/erp/web/index.php/Admin/Admin/index
INFO: [ app_init ] --START--
INFO: Run Behavior\BuildLiteBehavior [ RunTime:0.000014s ]
INFO: [ app_init ] --END-- [ RunTime:0.000077s ]
INFO: [ app_begin ] --START--
INFO: Run Behavior\ReadHtmlCacheBehavior [ RunTime:0.000671s ]
INFO: [ app_begin ] --END-- [ RunTime:0.000758s ]
SQL: SHOW COLUMNS FROM `admin` [ RunTime:0.0022s ]
SQL: SHOW COLUMNS FROM `department` [ RunTime:0.0028s ]
SQL: SHOW COLUMNS FROM `role` [ RunTime:0.0048s ]
SQL: SELECT * FROM `department`  [ RunTime:0.0003s ]
SQL: SELECT * FROM `role`  [ RunTime:0.0002s ]
SQL: SELECT `id`,`username`,`mail`,`real_name`,`phone`,`is_lock`,`last_login`,`role_id`,`department_id` FROM `admin` WHERE ( 1  ) LIMIT 20   [ RunTime:0.0002s ]
SQL: SELECT `name` FROM `department` WHERE ( id=1 ) LIMIT 1   [ RunTime:0.0002s ]
SQL: SELECT `name` FROM `role` WHERE ( id=1 ) LIMIT 1   [ RunTime:0.0002s ]
INFO: [ view_parse ] --START--
INFO: [ template_filter ] --START--
INFO: Run Behavior\ContentReplaceBehavior [ RunTime:0.000041s ]
INFO: [ template_filter ] --END-- [ RunTime:0.000116s ]
INFO: Run Behavior\ParseTemplateBehavior [ RunTime:0.016386s ]
INFO: [ view_parse ] --END-- [ RunTime:0.016476s ]
INFO: [ view_filter ] --START--
INFO: Run Behavior\WriteHtmlCacheBehavior [ RunTime:0.000138s ]
INFO: [ view_filter ] --END-- [ RunTime:0.000186s ]
INFO: [ app_end ] --START--
INFO: Run Behavior\ShowPageTraceBehavior [ RunTime:0.000433s ]
INFO: [ app_end ] --END-- [ RunTime:0.000487s ]

[ 2015-07-14T21:58:57+08:00 ] 127.0.0.1 /Project/erp/web/index.php/Admin/Index/purchase.html
INFO: [ app_init ] --START--
INFO: Run Behavior\BuildLiteBehavior [ RunTime:0.000041s ]
INFO: [ app_init ] --END-- [ RunTime:0.000163s ]
INFO: [ app_begin ] --START--
INFO: Run Behavior\ReadHtmlCacheBehavior [ RunTime:0.000767s ]
INFO: [ app_begin ] --END-- [ RunTime:0.000867s ]
INFO: [ view_parse ] --START--
INFO: [ template_filter ] --START--
INFO: Run Behavior\ContentReplaceBehavior [ RunTime:0.000039s ]
INFO: [ template_filter ] --END-- [ RunTime:0.000111s ]
INFO: Run Behavior\ParseTemplateBehavior [ RunTime:0.007176s ]
INFO: [ view_parse ] --END-- [ RunTime:0.007264s ]
INFO: [ view_filter ] --START--
INFO: Run Behavior\WriteHtmlCacheBehavior [ RunTime:0.000239s ]
INFO: [ view_filter ] --END-- [ RunTime:0.000292s ]
INFO: [ app_end ] --START--
INFO: Run Behavior\ShowPageTraceBehavior [ RunTime:0.000470s ]
INFO: [ app_end ] --END-- [ RunTime:0.000524s ]

[ 2015-07-14T21:59:05+08:00 ] 127.0.0.1 /Project/erp/web/index.php/Admin/Index/storage.html
INFO: [ app_init ] --START--
INFO: Run Behavior\BuildLiteBehavior [ RunTime:0.000012s ]
INFO: [ app_init ] --END-- [ RunTime:0.000068s ]
INFO: [ app_begin ] --START--
INFO: Run Behavior\ReadHtmlCacheBehavior [ RunTime:0.000388s ]
INFO: [ app_begin ] --END-- [ RunTime:0.000440s ]
INFO: [ view_parse ] --START--
INFO: [ template_filter ] --START--
INFO: Run Behavior\ContentReplaceBehavior [ RunTime:0.000036s ]
INFO: [ template_filter ] --END-- [ RunTime:0.000101s ]
INFO: Run Behavior\ParseTemplateBehavior [ RunTime:0.006592s ]
INFO: [ view_parse ] --END-- [ RunTime:0.006654s ]
INFO: [ view_filter ] --START--
INFO: Run Behavior\WriteHtmlCacheBehavior [ RunTime:0.000161s ]
INFO: [ view_filter ] --END-- [ RunTime:0.000271s ]
INFO: [ app_end ] --START--
INFO: Run Behavior\ShowPageTraceBehavior [ RunTime:0.000463s ]
INFO: [ app_end ] --END-- [ RunTime:0.000516s ]

[ 2015-07-14T21:59:09+08:00 ] 127.0.0.1 /Project/erp/web/index.php/Admin/Index/purchase.html
INFO: [ app_init ] --START--
INFO: Run Behavior\BuildLiteBehavior [ RunTime:0.000017s ]
INFO: [ app_init ] --END-- [ RunTime:0.000094s ]
INFO: [ app_begin ] --START--
INFO: Run Behavior\ReadHtmlCacheBehavior [ RunTime:0.001394s ]
INFO: [ app_begin ] --END-- [ RunTime:0.001566s ]
INFO: [ view_parse ] --START--
INFO: [ template_filter ] --START--
INFO: Run Behavior\ContentReplaceBehavior [ RunTime:0.000038s ]
INFO: [ template_filter ] --END-- [ RunTime:0.000108s ]
INFO: Run Behavior\ParseTemplateBehavior [ RunTime:0.006905s ]
INFO: [ view_parse ] --END-- [ RunTime:0.007002s ]
INFO: [ view_filter ] --START--
INFO: Run Behavior\WriteHtmlCacheBehavior [ RunTime:0.000208s ]
INFO: [ view_filter ] --END-- [ RunTime:0.000312s ]
INFO: [ app_end ] --START--
INFO: Run Behavior\ShowPageTraceBehavior [ RunTime:0.000537s ]
INFO: [ app_end ] --END-- [ RunTime:0.000608s ]

[ 2015-07-14T21:59:09+08:00 ] 127.0.0.1 /Project/erp/web/index.php/Admin/Index/purchase.html
INFO: [ app_init ] --START--
INFO: Run Behavior\BuildLiteBehavior [ RunTime:0.000014s ]
INFO: [ app_init ] --END-- [ RunTime:0.000074s ]
INFO: [ app_begin ] --START--
INFO: Run Behavior\ReadHtmlCacheBehavior [ RunTime:0.000402s ]
INFO: [ app_begin ] --END-- [ RunTime:0.000454s ]
INFO: [ view_parse ] --START--
INFO: [ template_filter ] --START--
INFO: Run Behavior\ContentReplaceBehavior [ RunTime:0.000050s ]
INFO: [ template_filter ] --END-- [ RunTime:0.000140s ]
INFO: Run Behavior\ParseTemplateBehavior [ RunTime:0.009548s ]
INFO: [ view_parse ] --END-- [ RunTime:0.009662s ]
INFO: [ view_filter ] --START--
INFO: Run Behavior\WriteHtmlCacheBehavior [ RunTime:0.000233s ]
INFO: [ view_filter ] --END-- [ RunTime:0.000302s ]
INFO: [ app_end ] --START--
INFO: Run Behavior\ShowPageTraceBehavior [ RunTime:0.001767s ]
INFO: [ app_end ] --END-- [ RunTime:0.002135s ]

[ 2015-07-14T21:59:19+08:00 ] 127.0.0.1 /Project/erp/web/index.php/Admin/Index/storage.html
INFO: [ app_init ] --START--
INFO: Run Behavior\BuildLiteBehavior [ RunTime:0.000014s ]
INFO: [ app_init ] --END-- [ RunTime:0.000074s ]
INFO: [ app_begin ] --START--
INFO: Run Behavior\ReadHtmlCacheBehavior [ RunTime:0.000518s ]
INFO: [ app_begin ] --END-- [ RunTime:0.000586s ]
INFO: [ view_parse ] --START--
INFO: [ template_filter ] --START--
INFO: Run Behavior\ContentReplaceBehavior [ RunTime:0.000055s ]
INFO: [ template_filter ] --END-- [ RunTime:0.000169s ]
INFO: Run Behavior\ParseTemplateBehavior [ RunTime:0.006960s ]
INFO: [ view_parse ] --END-- [ RunTime:0.007067s ]
INFO: [ view_filter ] --START--
INFO: Run Behavior\WriteHtmlCacheBehavior [ RunTime:0.000442s ]
INFO: [ view_filter ] --END-- [ RunTime:0.000550s ]
INFO: [ app_end ] --START--
INFO: Run Behavior\ShowPageTraceBehavior [ RunTime:0.000900s ]
INFO: [ app_end ] --END-- [ RunTime:0.001029s ]

[ 2015-07-14T21:59:57+08:00 ] 127.0.0.1 /Project/erp/web/index.php/Admin/Index/purchase.html
INFO: [ app_init ] --START--
INFO: Run Behavior\BuildLiteBehavior [ RunTime:0.000014s ]
INFO: [ app_init ] --END-- [ RunTime:0.000079s ]
INFO: [ app_begin ] --START--
INFO: Run Behavior\ReadHtmlCacheBehavior [ RunTime:0.000443s ]
INFO: [ app_begin ] --END-- [ RunTime:0.000502s ]
INFO: [ view_parse ] --START--
INFO: [ template_filter ] --START--
INFO: Run Behavior\ContentReplaceBehavior [ RunTime:0.000041s ]
INFO: [ template_filter ] --END-- [ RunTime:0.000114s ]
INFO: Run Behavior\ParseTemplateBehavior [ RunTime:0.006802s ]
INFO: [ view_parse ] --END-- [ RunTime:0.006861s ]
INFO: [ view_filter ] --START--
INFO: Run Behavior\WriteHtmlCacheBehavior [ RunTime:0.000142s ]
INFO: [ view_filter ] --END-- [ RunTime:0.000187s ]
INFO: [ app_end ] --START--
INFO: Run Behavior\ShowPageTraceBehavior [ RunTime:0.001234s ]
INFO: [ app_end ] --END-- [ RunTime:0.001485s ]

