[ 2015-07-16T14:02:25+08:00 ] 127.0.0.1 /Project/erp/web/index.php/Order/Order/index.html
INFO: [ app_init ] --START--
INFO: Run Behavior\BuildLiteBehavior [ RunTime:0.000040s ]
INFO: [ app_init ] --END-- [ RunTime:0.000200s ]
INFO: [ app_begin ] --START--
INFO: Run Behavior\ReadHtmlCacheBehavior [ RunTime:0.001370s ]
INFO: [ app_begin ] --END-- [ RunTime:0.001538s ]
INFO: [ view_parse ] --START--
INFO: [ template_filter ] --START--
INFO: Run Behavior\ContentReplaceBehavior [ RunTime:0.000050s ]
INFO: [ template_filter ] --END-- [ RunTime:0.000133s ]
NOTIC: [8] Undefined variable: cateInfo /Users/Liyn/Desktop/home/Project/erp/Application/Runtime/Cache/Order/fd6c1fbcfc8b404d0e533d1b0a2b33f7.php 第 58 行.
NOTIC: [8] Undefined variable: brandInfo /Users/Liyn/Desktop/home/Project/erp/Application/Runtime/Cache/Order/fd6c1fbcfc8b404d0e533d1b0a2b33f7.php 第 65 行.
NOTIC: [8] Undefined variable: productList /Users/Liyn/Desktop/home/Project/erp/Application/Runtime/Cache/Order/fd6c1fbcfc8b404d0e533d1b0a2b33f7.php 第 110 行.
INFO: Run Behavior\ParseTemplateBehavior [ RunTime:0.015860s ]
INFO: [ view_parse ] --END-- [ RunTime:0.015961s ]
INFO: [ view_filter ] --START--
INFO: Run Behavior\WriteHtmlCacheBehavior [ RunTime:0.000167s ]
INFO: [ view_filter ] --END-- [ RunTime:0.000215s ]
INFO: [ app_end ] --START--
INFO: Run Behavior\ShowPageTraceBehavior [ RunTime:0.000503s ]
INFO: [ app_end ] --END-- [ RunTime:0.000559s ]

[ 2015-07-16T14:02:26+08:00 ] 127.0.0.1 /Project/erp/web/index.php/Order/Order/make.html
INFO: [ app_init ] --START--
INFO: Run Behavior\BuildLiteBehavior [ RunTime:0.000015s ]
INFO: [ app_init ] --END-- [ RunTime:0.000083s ]
INFO: [ app_begin ] --START--
INFO: Run Behavior\ReadHtmlCacheBehavior [ RunTime:0.000816s ]
INFO: [ app_begin ] --END-- [ RunTime:0.000905s ]
INFO: [ view_parse ] --START--
INFO: [ template_filter ] --START--
INFO: Run Behavior\ContentReplaceBehavior [ RunTime:0.000098s ]
INFO: [ template_filter ] --END-- [ RunTime:0.000216s ]
NOTIC: [8] Undefined variable: cateInfo /Users/Liyn/Desktop/home/Project/erp/Application/Runtime/Cache/Order/5597f3145f1cf6f42f93ec9e5a39416d.php 第 53 行.
NOTIC: [8] Undefined variable: brandInfo /Users/Liyn/Desktop/home/Project/erp/Application/Runtime/Cache/Order/5597f3145f1cf6f42f93ec9e5a39416d.php 第 62 行.
NOTIC: [8] Undefined variable: brandInfo /Users/Liyn/Desktop/home/Project/erp/Application/Runtime/Cache/Order/5597f3145f1cf6f42f93ec9e5a39416d.php 第 71 行.
INFO: Run Behavior\ParseTemplateBehavior [ RunTime:0.013880s ]
INFO: [ view_parse ] --END-- [ RunTime:0.013957s ]
INFO: [ view_filter ] --START--
INFO: Run Behavior\WriteHtmlCacheBehavior [ RunTime:0.000452s ]
INFO: [ view_filter ] --END-- [ RunTime:0.000584s ]
INFO: [ app_end ] --START--
INFO: Run Behavior\ShowPageTraceBehavior [ RunTime:0.000891s ]
INFO: [ app_end ] --END-- [ RunTime:0.001008s ]

[ 2015-07-16T14:02:33+08:00 ] 127.0.0.1 /Project/erp/web/index.php/Order/Attribute/index.html
INFO: [ app_init ] --START--
INFO: Run Behavior\BuildLiteBehavior [ RunTime:0.000015s ]
INFO: [ app_init ] --END-- [ RunTime:0.000075s ]
INFO: [ app_begin ] --START--
INFO: Run Behavior\ReadHtmlCacheBehavior [ RunTime:0.000494s ]
INFO: [ app_begin ] --END-- [ RunTime:0.000554s ]
ERR: 无法加载控制器:Attribute

[ 2015-07-16T14:02:34+08:00 ] 127.0.0.1 /Project/erp/web/index.php/Order/Category/index.html
INFO: [ app_init ] --START--
INFO: Run Behavior\BuildLiteBehavior [ RunTime:0.000016s ]
INFO: [ app_init ] --END-- [ RunTime:0.000085s ]
INFO: [ app_begin ] --START--
INFO: Run Behavior\ReadHtmlCacheBehavior [ RunTime:0.000471s ]
INFO: [ app_begin ] --END-- [ RunTime:0.000530s ]
ERR: 无法加载控制器:Category

[ 2015-07-16T14:09:58+08:00 ] 127.0.0.1 /Project/erp/web/index.php/Order/Order/index.html
INFO: [ app_init ] --START--
INFO: Run Behavior\BuildLiteBehavior [ RunTime:0.000012s ]
INFO: [ app_init ] --END-- [ RunTime:0.000071s ]
INFO: [ app_begin ] --START--
INFO: Run Behavior\ReadHtmlCacheBehavior [ RunTime:0.000399s ]
INFO: [ app_begin ] --END-- [ RunTime:0.000452s ]
INFO: [ view_parse ] --START--
INFO: [ template_filter ] --START--
INFO: Run Behavior\ContentReplaceBehavior [ RunTime:0.000048s ]
INFO: [ template_filter ] --END-- [ RunTime:0.000124s ]
NOTIC: [8] Undefined variable: cateInfo /Users/Liyn/Desktop/home/Project/erp/Application/Runtime/Cache/Order/fd6c1fbcfc8b404d0e533d1b0a2b33f7.php 第 58 行.
NOTIC: [8] Undefined variable: brandInfo /Users/Liyn/Desktop/home/Project/erp/Application/Runtime/Cache/Order/fd6c1fbcfc8b404d0e533d1b0a2b33f7.php 第 65 行.
NOTIC: [8] Undefined variable: productList /Users/Liyn/Desktop/home/Project/erp/Application/Runtime/Cache/Order/fd6c1fbcfc8b404d0e533d1b0a2b33f7.php 第 110 行.
INFO: Run Behavior\ParseTemplateBehavior [ RunTime:0.016024s ]
INFO: [ view_parse ] --END-- [ RunTime:0.016082s ]
INFO: [ view_filter ] --START--
INFO: Run Behavior\WriteHtmlCacheBehavior [ RunTime:0.000163s ]
INFO: [ view_filter ] --END-- [ RunTime:0.000218s ]
INFO: [ app_end ] --START--
INFO: Run Behavior\ShowPageTraceBehavior [ RunTime:0.000525s ]
INFO: [ app_end ] --END-- [ RunTime:0.000582s ]

[ 2015-07-16T14:09:58+08:00 ] 127.0.0.1 /Project/erp/web/index.php/Order/Order/make.html
INFO: [ app_init ] --START--
INFO: Run Behavior\BuildLiteBehavior [ RunTime:0.000015s ]
INFO: [ app_init ] --END-- [ RunTime:0.000080s ]
INFO: [ app_begin ] --START--
INFO: Run Behavior\ReadHtmlCacheBehavior [ RunTime:0.000544s ]
INFO: [ app_begin ] --END-- [ RunTime:0.000623s ]
INFO: [ view_parse ] --START--
INFO: [ template_filter ] --START--
INFO: Run Behavior\ContentReplaceBehavior [ RunTime:0.000040s ]
INFO: [ template_filter ] --END-- [ RunTime:0.000114s ]
NOTIC: [8] Undefined variable: cateInfo /Users/Liyn/Desktop/home/Project/erp/Application/Runtime/Cache/Order/5597f3145f1cf6f42f93ec9e5a39416d.php 第 53 行.
NOTIC: [8] Undefined variable: brandInfo /Users/Liyn/Desktop/home/Project/erp/Application/Runtime/Cache/Order/5597f3145f1cf6f42f93ec9e5a39416d.php 第 62 行.
NOTIC: [8] Undefined variable: brandInfo /Users/Liyn/Desktop/home/Project/erp/Application/Runtime/Cache/Order/5597f3145f1cf6f42f93ec9e5a39416d.php 第 71 行.
INFO: Run Behavior\ParseTemplateBehavior [ RunTime:0.011951s ]
INFO: [ view_parse ] --END-- [ RunTime:0.012009s ]
INFO: [ view_filter ] --START--
INFO: Run Behavior\WriteHtmlCacheBehavior [ RunTime:0.000136s ]
INFO: [ view_filter ] --END-- [ RunTime:0.000182s ]
INFO: [ app_end ] --START--
INFO: Run Behavior\ShowPageTraceBehavior [ RunTime:0.000427s ]
INFO: [ app_end ] --END-- [ RunTime:0.000476s ]

[ 2015-07-16T14:09:59+08:00 ] 127.0.0.1 /Project/erp/web/index.php/Order/Attribute/index.html
INFO: [ app_init ] --START--
INFO: Run Behavior\BuildLiteBehavior [ RunTime:0.000014s ]
INFO: [ app_init ] --END-- [ RunTime:0.000075s ]
INFO: [ app_begin ] --START--
INFO: Run Behavior\ReadHtmlCacheBehavior [ RunTime:0.000431s ]
INFO: [ app_begin ] --END-- [ RunTime:0.000486s ]
ERR: 无法加载控制器:Attribute

[ 2015-07-16T14:10:00+08:00 ] 127.0.0.1 /Project/erp/web/index.php/Order/Category/index.html
INFO: [ app_init ] --START--
INFO: Run Behavior\BuildLiteBehavior [ RunTime:0.000046s ]
INFO: [ app_init ] --END-- [ RunTime:0.000129s ]
INFO: [ app_begin ] --START--
INFO: Run Behavior\ReadHtmlCacheBehavior [ RunTime:0.000637s ]
INFO: [ app_begin ] --END-- [ RunTime:0.000749s ]
ERR: 无法加载控制器:Category

[ 2015-07-16T14:10:00+08:00 ] 127.0.0.1 /Project/erp/web/index.php/Order/Attribute/index.html
INFO: [ app_init ] --START--
INFO: Run Behavior\BuildLiteBehavior [ RunTime:0.000021s ]
INFO: [ app_init ] --END-- [ RunTime:0.000109s ]
INFO: [ app_begin ] --START--
INFO: Run Behavior\ReadHtmlCacheBehavior [ RunTime:0.000685s ]
INFO: [ app_begin ] --END-- [ RunTime:0.000785s ]
ERR: 无法加载控制器:Attribute

[ 2015-07-16T14:10:02+08:00 ] 127.0.0.1 /Project/erp/web/index.php/Order/Order/index.html
INFO: [ app_init ] --START--
INFO: Run Behavior\BuildLiteBehavior [ RunTime:0.000014s ]
INFO: [ app_init ] --END-- [ RunTime:0.000082s ]
INFO: [ app_begin ] --START--
INFO: Run Behavior\ReadHtmlCacheBehavior [ RunTime:0.000436s ]
INFO: [ app_begin ] --END-- [ RunTime:0.000493s ]
INFO: [ view_parse ] --START--
INFO: [ template_filter ] --START--
INFO: Run Behavior\ContentReplaceBehavior [ RunTime:0.000059s ]
INFO: [ template_filter ] --END-- [ RunTime:0.000163s ]
NOTIC: [8] Undefined variable: cateInfo /Users/Liyn/Desktop/home/Project/erp/Application/Runtime/Cache/Order/fd6c1fbcfc8b404d0e533d1b0a2b33f7.php 第 58 行.
NOTIC: [8] Undefined variable: brandInfo /Users/Liyn/Desktop/home/Project/erp/Application/Runtime/Cache/Order/fd6c1fbcfc8b404d0e533d1b0a2b33f7.php 第 65 行.
NOTIC: [8] Undefined variable: productList /Users/Liyn/Desktop/home/Project/erp/Application/Runtime/Cache/Order/fd6c1fbcfc8b404d0e533d1b0a2b33f7.php 第 110 行.
INFO: Run Behavior\ParseTemplateBehavior [ RunTime:0.013529s ]
INFO: [ view_parse ] --END-- [ RunTime:0.013623s ]
INFO: [ view_filter ] --START--
INFO: Run Behavior\WriteHtmlCacheBehavior [ RunTime:0.000537s ]
INFO: [ view_filter ] --END-- [ RunTime:0.000669s ]
INFO: [ app_end ] --START--
INFO: Run Behavior\ShowPageTraceBehavior [ RunTime:0.000971s ]
INFO: [ app_end ] --END-- [ RunTime:0.001412s ]

[ 2015-07-16T14:10:02+08:00 ] 127.0.0.1 /Project/erp/web/index.php/Order/Order/make.html
INFO: [ app_init ] --START--
INFO: Run Behavior\BuildLiteBehavior [ RunTime:0.000016s ]
INFO: [ app_init ] --END-- [ RunTime:0.000096s ]
INFO: [ app_begin ] --START--
INFO: Run Behavior\ReadHtmlCacheBehavior [ RunTime:0.000428s ]
INFO: [ app_begin ] --END-- [ RunTime:0.000480s ]
INFO: [ view_parse ] --START--
INFO: [ template_filter ] --START--
INFO: Run Behavior\ContentReplaceBehavior [ RunTime:0.000080s ]
INFO: [ template_filter ] --END-- [ RunTime:0.000235s ]
NOTIC: [8] Undefined variable: cateInfo /Users/Liyn/Desktop/home/Project/erp/Application/Runtime/Cache/Order/5597f3145f1cf6f42f93ec9e5a39416d.php 第 53 行.
NOTIC: [8] Undefined variable: brandInfo /Users/Liyn/Desktop/home/Project/erp/Application/Runtime/Cache/Order/5597f3145f1cf6f42f93ec9e5a39416d.php 第 62 行.
NOTIC: [8] Undefined variable: brandInfo /Users/Liyn/Desktop/home/Project/erp/Application/Runtime/Cache/Order/5597f3145f1cf6f42f93ec9e5a39416d.php 第 71 行.
INFO: Run Behavior\ParseTemplateBehavior [ RunTime:0.011462s ]
INFO: [ view_parse ] --END-- [ RunTime:0.011563s ]
INFO: [ view_filter ] --START--
INFO: Run Behavior\WriteHtmlCacheBehavior [ RunTime:0.000560s ]
INFO: [ view_filter ] --END-- [ RunTime:0.000689s ]
INFO: [ app_end ] --START--
INFO: Run Behavior\ShowPageTraceBehavior [ RunTime:0.000653s ]
INFO: [ app_end ] --END-- [ RunTime:0.000741s ]

[ 2015-07-16T14:10:24+08:00 ] 127.0.0.1 /Project/erp/web/index.php/Order/Order/add.html
INFO: [ app_init ] --START--
INFO: Run Behavior\BuildLiteBehavior [ RunTime:0.000016s ]
INFO: [ app_init ] --END-- [ RunTime:0.000088s ]
INFO: [ app_begin ] --START--
INFO: Run Behavior\ReadHtmlCacheBehavior [ RunTime:0.000557s ]
INFO: [ app_begin ] --END-- [ RunTime:0.000640s ]
ERR: 非法操作:add

[ 2015-07-16T14:10:25+08:00 ] 127.0.0.1 /Project/erp/web/index.php/Order/Order/index.html
INFO: [ app_init ] --START--
INFO: Run Behavior\BuildLiteBehavior [ RunTime:0.000024s ]
INFO: [ app_init ] --END-- [ RunTime:0.000121s ]
INFO: [ app_begin ] --START--
INFO: Run Behavior\ReadHtmlCacheBehavior [ RunTime:0.000685s ]
INFO: [ app_begin ] --END-- [ RunTime:0.000847s ]
INFO: [ view_parse ] --START--
INFO: [ template_filter ] --START--
INFO: Run Behavior\ContentReplaceBehavior [ RunTime:0.000042s ]
INFO: [ template_filter ] --END-- [ RunTime:0.000108s ]
NOTIC: [8] Undefined variable: cateInfo /Users/Liyn/Desktop/home/Project/erp/Application/Runtime/Cache/Order/fd6c1fbcfc8b404d0e533d1b0a2b33f7.php 第 58 行.
NOTIC: [8] Undefined variable: brandInfo /Users/Liyn/Desktop/home/Project/erp/Application/Runtime/Cache/Order/fd6c1fbcfc8b404d0e533d1b0a2b33f7.php 第 65 行.
NOTIC: [8] Undefined variable: productList /Users/Liyn/Desktop/home/Project/erp/Application/Runtime/Cache/Order/fd6c1fbcfc8b404d0e533d1b0a2b33f7.php 第 110 行.
INFO: Run Behavior\ParseTemplateBehavior [ RunTime:0.013815s ]
INFO: [ view_parse ] --END-- [ RunTime:0.013885s ]
INFO: [ view_filter ] --START--
INFO: Run Behavior\WriteHtmlCacheBehavior [ RunTime:0.000162s ]
INFO: [ view_filter ] --END-- [ RunTime:0.000217s ]
INFO: [ app_end ] --START--
INFO: Run Behavior\ShowPageTraceBehavior [ RunTime:0.000492s ]
INFO: [ app_end ] --END-- [ RunTime:0.000547s ]

[ 2015-07-16T14:10:28+08:00 ] 127.0.0.1 /Project/erp/web/index.php/Order/Order/index.html
INFO: [ app_init ] --START--
INFO: Run Behavior\BuildLiteBehavior [ RunTime:0.000017s ]
INFO: [ app_init ] --END-- [ RunTime:0.000092s ]
INFO: [ app_begin ] --START--
INFO: Run Behavior\ReadHtmlCacheBehavior [ RunTime:0.000565s ]
INFO: [ app_begin ] --END-- [ RunTime:0.000653s ]
INFO: [ view_parse ] --START--
INFO: [ template_filter ] --START--
INFO: Run Behavior\ContentReplaceBehavior [ RunTime:0.000075s ]
INFO: [ template_filter ] --END-- [ RunTime:0.000254s ]
NOTIC: [8] Undefined variable: cateInfo /Users/Liyn/Desktop/home/Project/erp/Application/Runtime/Cache/Order/fd6c1fbcfc8b404d0e533d1b0a2b33f7.php 第 58 行.
NOTIC: [8] Undefined variable: brandInfo /Users/Liyn/Desktop/home/Project/erp/Application/Runtime/Cache/Order/fd6c1fbcfc8b404d0e533d1b0a2b33f7.php 第 65 行.
NOTIC: [8] Undefined variable: productList /Users/Liyn/Desktop/home/Project/erp/Application/Runtime/Cache/Order/fd6c1fbcfc8b404d0e533d1b0a2b33f7.php 第 110 行.
INFO: Run Behavior\ParseTemplateBehavior [ RunTime:0.014783s ]
INFO: [ view_parse ] --END-- [ RunTime:0.014870s ]
INFO: [ view_filter ] --START--
INFO: Run Behavior\WriteHtmlCacheBehavior [ RunTime:0.000336s ]
INFO: [ view_filter ] --END-- [ RunTime:0.000422s ]
INFO: [ app_end ] --START--
INFO: Run Behavior\ShowPageTraceBehavior [ RunTime:0.000694s ]
INFO: [ app_end ] --END-- [ RunTime:0.000787s ]

