[ 2015-06-13T18:05:20+08:00 ]NOTICE:  : [8] Undefined index: VERSION /Users/Liyn/Desktop/home/CMS/Application/Temp/Compile/Admin/Index/welcome_3d96a47e.php 第 38 行.
[ 2015-06-13T18:05:20+08:00 ]NOTICE:  : [8] Undefined index: SERVER /Users/Liyn/Desktop/home/CMS/Application/Temp/Compile/Admin/Index/welcome_3d96a47e.php 第 56 行.

[ 2015-06-13T18:05:22+08:00 ]NOTICE:  : [8] Undefined index: listhtml /Users/Liyn/Desktop/home/CMS/Application/Temp/Compile/Admin/Category/index_322ee706.php 第 41 行.
[ 2015-06-13T18:05:22+08:00 ]NOTICE:  : [8] Undefined index: archtml /Users/Liyn/Desktop/home/CMS/Application/Temp/Compile/Admin/Category/index_322ee706.php 第 42 行.
[ 2015-06-13T18:05:22+08:00 ]NOTICE:  : [8] Undefined index: listhtml /Users/Liyn/Desktop/home/CMS/Application/Temp/Compile/Admin/Category/index_322ee706.php 第 41 行.
[ 2015-06-13T18:05:22+08:00 ]NOTICE:  : [8] Undefined index: archtml /Users/Liyn/Desktop/home/CMS/Application/Temp/Compile/Admin/Category/index_322ee706.php 第 42 行.
[ 2015-06-13T18:05:22+08:00 ]NOTICE:  : [8] Undefined index: listhtml /Users/Liyn/Desktop/home/CMS/Application/Temp/Compile/Admin/Category/index_322ee706.php 第 41 行.
[ 2015-06-13T18:05:22+08:00 ]NOTICE:  : [8] Undefined index: archtml /Users/Liyn/Desktop/home/CMS/Application/Temp/Compile/Admin/Category/index_322ee706.php 第 42 行.
[ 2015-06-13T18:05:22+08:00 ]NOTICE:  : [8] Undefined index: listhtml /Users/Liyn/Desktop/home/CMS/Application/Temp/Compile/Admin/Category/index_322ee706.php 第 41 行.
[ 2015-06-13T18:05:22+08:00 ]NOTICE:  : [8] Undefined index: archtml /Users/Liyn/Desktop/home/CMS/Application/Temp/Compile/Admin/Category/index_322ee706.php 第 42 行.
[ 2015-06-13T18:05:22+08:00 ]NOTICE:  : [8] Undefined index: listhtml /Users/Liyn/Desktop/home/CMS/Application/Temp/Compile/Admin/Category/index_322ee706.php 第 41 行.
[ 2015-06-13T18:05:22+08:00 ]NOTICE:  : [8] Undefined index: archtml /Users/Liyn/Desktop/home/CMS/Application/Temp/Compile/Admin/Category/index_322ee706.php 第 42 行.
[ 2015-06-13T18:05:22+08:00 ]NOTICE:  : [8] Undefined index: listhtml /Users/Liyn/Desktop/home/CMS/Application/Temp/Compile/Admin/Category/index_322ee706.php 第 41 行.
[ 2015-06-13T18:05:22+08:00 ]NOTICE:  : [8] Undefined index: archtml /Users/Liyn/Desktop/home/CMS/Application/Temp/Compile/Admin/Category/index_322ee706.php 第 42 行.
[ 2015-06-13T18:05:22+08:00 ]NOTICE:  : [8] Undefined index: listhtml /Users/Liyn/Desktop/home/CMS/Application/Temp/Compile/Admin/Category/index_322ee706.php 第 41 行.
[ 2015-06-13T18:05:22+08:00 ]NOTICE:  : [8] Undefined index: archtml /Users/Liyn/Desktop/home/CMS/Application/Temp/Compile/Admin/Category/index_322ee706.php 第 42 行.
[ 2015-06-13T18:05:22+08:00 ]NOTICE:  : [8] Undefined index: listhtml /Users/Liyn/Desktop/home/CMS/Application/Temp/Compile/Admin/Category/index_322ee706.php 第 41 行.
[ 2015-06-13T18:05:22+08:00 ]NOTICE:  : [8] Undefined index: archtml /Users/Liyn/Desktop/home/CMS/Application/Temp/Compile/Admin/Category/index_322ee706.php 第 42 行.
[ 2015-06-13T18:05:22+08:00 ]NOTICE:  : [8] Undefined index: listhtml /Users/Liyn/Desktop/home/CMS/Application/Temp/Compile/Admin/Category/index_322ee706.php 第 41 行.
[ 2015-06-13T18:05:22+08:00 ]NOTICE:  : [8] Undefined index: archtml /Users/Liyn/Desktop/home/CMS/Application/Temp/Compile/Admin/Category/index_322ee706.php 第 42 行.
[ 2015-06-13T18:05:22+08:00 ]NOTICE:  : [8] Undefined index: listhtml /Users/Liyn/Desktop/home/CMS/Application/Temp/Compile/Admin/Category/index_322ee706.php 第 41 行.
[ 2015-06-13T18:05:22+08:00 ]NOTICE:  : [8] Undefined index: archtml /Users/Liyn/Desktop/home/CMS/Application/Temp/Compile/Admin/Category/index_322ee706.php 第 42 行.
[ 2015-06-13T18:05:22+08:00 ]NOTICE:  : [8] Undefined index: listhtml /Users/Liyn/Desktop/home/CMS/Application/Temp/Compile/Admin/Category/index_322ee706.php 第 41 行.
[ 2015-06-13T18:05:22+08:00 ]NOTICE:  : [8] Undefined index: archtml /Users/Liyn/Desktop/home/CMS/Application/Temp/Compile/Admin/Category/index_322ee706.php 第 42 行.
[ 2015-06-13T18:05:22+08:00 ]NOTICE:  : [8] Undefined index: listhtml /Users/Liyn/Desktop/home/CMS/Application/Temp/Compile/Admin/Category/index_322ee706.php 第 41 行.
[ 2015-06-13T18:05:22+08:00 ]NOTICE:  : [8] Undefined index: archtml /Users/Liyn/Desktop/home/CMS/Application/Temp/Compile/Admin/Category/index_322ee706.php 第 42 行.
[ 2015-06-13T18:05:22+08:00 ]NOTICE:  : [8] Undefined index: listhtml /Users/Liyn/Desktop/home/CMS/Application/Temp/Compile/Admin/Category/index_322ee706.php 第 41 行.
[ 2015-06-13T18:05:22+08:00 ]NOTICE:  : [8] Undefined index: archtml /Users/Liyn/Desktop/home/CMS/Application/Temp/Compile/Admin/Category/index_322ee706.php 第 42 行.
[ 2015-06-13T18:05:22+08:00 ]NOTICE:  : [8] Undefined index: listhtml /Users/Liyn/Desktop/home/CMS/Application/Temp/Compile/Admin/Category/index_322ee706.php 第 41 行.
[ 2015-06-13T18:05:22+08:00 ]NOTICE:  : [8] Undefined index: archtml /Users/Liyn/Desktop/home/CMS/Application/Temp/Compile/Admin/Category/index_322ee706.php 第 42 行.
[ 2015-06-13T18:05:22+08:00 ]NOTICE:  : [8] Undefined index: listhtml /Users/Liyn/Desktop/home/CMS/Application/Temp/Compile/Admin/Category/index_322ee706.php 第 41 行.
[ 2015-06-13T18:05:22+08:00 ]NOTICE:  : [8] Undefined index: archtml /Users/Liyn/Desktop/home/CMS/Application/Temp/Compile/Admin/Category/index_322ee706.php 第 42 行.
[ 2015-06-13T18:05:22+08:00 ]NOTICE:  : [8] Undefined index: listhtml /Users/Liyn/Desktop/home/CMS/Application/Temp/Compile/Admin/Category/index_322ee706.php 第 41 行.
[ 2015-06-13T18:05:22+08:00 ]NOTICE:  : [8] Undefined index: archtml /Users/Liyn/Desktop/home/CMS/Application/Temp/Compile/Admin/Category/index_322ee706.php 第 42 行.
[ 2015-06-13T18:05:22+08:00 ]NOTICE:  : [8] Undefined index: listhtml /Users/Liyn/Desktop/home/CMS/Application/Temp/Compile/Admin/Category/index_322ee706.php 第 41 行.
[ 2015-06-13T18:05:22+08:00 ]NOTICE:  : [8] Undefined index: archtml /Users/Liyn/Desktop/home/CMS/Application/Temp/Compile/Admin/Category/index_322ee706.php 第 42 行.

[ 2015-06-13T18:05:27+08:00 ]ERROR: 控制器中不存在动作Indexdsd
[ 2015-06-13T18:05:31+08:00 ]NOTICE:  : [8] Undefined index: listhtml /Users/Liyn/Desktop/home/CMS/Application/Temp/Compile/Admin/Category/index_322ee706.php 第 41 行.
[ 2015-06-13T18:05:31+08:00 ]NOTICE:  : [8] Undefined index: archtml /Users/Liyn/Desktop/home/CMS/Application/Temp/Compile/Admin/Category/index_322ee706.php 第 42 行.
[ 2015-06-13T18:05:31+08:00 ]NOTICE:  : [8] Undefined index: listhtml /Users/Liyn/Desktop/home/CMS/Application/Temp/Compile/Admin/Category/index_322ee706.php 第 41 行.
[ 2015-06-13T18:05:31+08:00 ]NOTICE:  : [8] Undefined index: archtml /Users/Liyn/Desktop/home/CMS/Application/Temp/Compile/Admin/Category/index_322ee706.php 第 42 行.
[ 2015-06-13T18:05:31+08:00 ]NOTICE:  : [8] Undefined index: listhtml /Users/Liyn/Desktop/home/CMS/Application/Temp/Compile/Admin/Category/index_322ee706.php 第 41 行.
[ 2015-06-13T18:05:31+08:00 ]NOTICE:  : [8] Undefined index: archtml /Users/Liyn/Desktop/home/CMS/Application/Temp/Compile/Admin/Category/index_322ee706.php 第 42 行.
[ 2015-06-13T18:05:31+08:00 ]NOTICE:  : [8] Undefined index: listhtml /Users/Liyn/Desktop/home/CMS/Application/Temp/Compile/Admin/Category/index_322ee706.php 第 41 行.
[ 2015-06-13T18:05:31+08:00 ]NOTICE:  : [8] Undefined index: archtml /Users/Liyn/Desktop/home/CMS/Application/Temp/Compile/Admin/Category/index_322ee706.php 第 42 行.
[ 2015-06-13T18:05:31+08:00 ]NOTICE:  : [8] Undefined index: listhtml /Users/Liyn/Desktop/home/CMS/Application/Temp/Compile/Admin/Category/index_322ee706.php 第 41 行.
[ 2015-06-13T18:05:31+08:00 ]NOTICE:  : [8] Undefined index: archtml /Users/Liyn/Desktop/home/CMS/Application/Temp/Compile/Admin/Category/index_322ee706.php 第 42 行.
[ 2015-06-13T18:05:31+08:00 ]NOTICE:  : [8] Undefined index: listhtml /Users/Liyn/Desktop/home/CMS/Application/Temp/Compile/Admin/Category/index_322ee706.php 第 41 行.
[ 2015-06-13T18:05:31+08:00 ]NOTICE:  : [8] Undefined index: archtml /Users/Liyn/Desktop/home/CMS/Application/Temp/Compile/Admin/Category/index_322ee706.php 第 42 行.
[ 2015-06-13T18:05:31+08:00 ]NOTICE:  : [8] Undefined index: listhtml /Users/Liyn/Desktop/home/CMS/Application/Temp/Compile/Admin/Category/index_322ee706.php 第 41 行.
[ 2015-06-13T18:05:31+08:00 ]NOTICE:  : [8] Undefined index: archtml /Users/Liyn/Desktop/home/CMS/Application/Temp/Compile/Admin/Category/index_322ee706.php 第 42 行.
[ 2015-06-13T18:05:31+08:00 ]NOTICE:  : [8] Undefined index: listhtml /Users/Liyn/Desktop/home/CMS/Application/Temp/Compile/Admin/Category/index_322ee706.php 第 41 行.
[ 2015-06-13T18:05:31+08:00 ]NOTICE:  : [8] Undefined index: archtml /Users/Liyn/Desktop/home/CMS/Application/Temp/Compile/Admin/Category/index_322ee706.php 第 42 行.
[ 2015-06-13T18:05:31+08:00 ]NOTICE:  : [8] Undefined index: listhtml /Users/Liyn/Desktop/home/CMS/Application/Temp/Compile/Admin/Category/index_322ee706.php 第 41 行.
[ 2015-06-13T18:05:31+08:00 ]NOTICE:  : [8] Undefined index: archtml /Users/Liyn/Desktop/home/CMS/Application/Temp/Compile/Admin/Category/index_322ee706.php 第 42 行.
[ 2015-06-13T18:05:31+08:00 ]NOTICE:  : [8] Undefined index: listhtml /Users/Liyn/Desktop/home/CMS/Application/Temp/Compile/Admin/Category/index_322ee706.php 第 41 行.
[ 2015-06-13T18:05:31+08:00 ]NOTICE:  : [8] Undefined index: archtml /Users/Liyn/Desktop/home/CMS/Application/Temp/Compile/Admin/Category/index_322ee706.php 第 42 行.
[ 2015-06-13T18:05:31+08:00 ]NOTICE:  : [8] Undefined index: listhtml /Users/Liyn/Desktop/home/CMS/Application/Temp/Compile/Admin/Category/index_322ee706.php 第 41 行.
[ 2015-06-13T18:05:31+08:00 ]NOTICE:  : [8] Undefined index: archtml /Users/Liyn/Desktop/home/CMS/Application/Temp/Compile/Admin/Category/index_322ee706.php 第 42 行.
[ 2015-06-13T18:05:31+08:00 ]NOTICE:  : [8] Undefined index: listhtml /Users/Liyn/Desktop/home/CMS/Application/Temp/Compile/Admin/Category/index_322ee706.php 第 41 行.
[ 2015-06-13T18:05:31+08:00 ]NOTICE:  : [8] Undefined index: archtml /Users/Liyn/Desktop/home/CMS/Application/Temp/Compile/Admin/Category/index_322ee706.php 第 42 行.
[ 2015-06-13T18:05:31+08:00 ]NOTICE:  : [8] Undefined index: listhtml /Users/Liyn/Desktop/home/CMS/Application/Temp/Compile/Admin/Category/index_322ee706.php 第 41 行.
[ 2015-06-13T18:05:31+08:00 ]NOTICE:  : [8] Undefined index: archtml /Users/Liyn/Desktop/home/CMS/Application/Temp/Compile/Admin/Category/index_322ee706.php 第 42 行.
[ 2015-06-13T18:05:31+08:00 ]NOTICE:  : [8] Undefined index: listhtml /Users/Liyn/Desktop/home/CMS/Application/Temp/Compile/Admin/Category/index_322ee706.php 第 41 行.
[ 2015-06-13T18:05:31+08:00 ]NOTICE:  : [8] Undefined index: archtml /Users/Liyn/Desktop/home/CMS/Application/Temp/Compile/Admin/Category/index_322ee706.php 第 42 行.
[ 2015-06-13T18:05:31+08:00 ]NOTICE:  : [8] Undefined index: listhtml /Users/Liyn/Desktop/home/CMS/Application/Temp/Compile/Admin/Category/index_322ee706.php 第 41 行.
[ 2015-06-13T18:05:31+08:00 ]NOTICE:  : [8] Undefined index: archtml /Users/Liyn/Desktop/home/CMS/Application/Temp/Compile/Admin/Category/index_322ee706.php 第 42 行.
[ 2015-06-13T18:05:31+08:00 ]NOTICE:  : [8] Undefined index: listhtml /Users/Liyn/Desktop/home/CMS/Application/Temp/Compile/Admin/Category/index_322ee706.php 第 41 行.
[ 2015-06-13T18:05:31+08:00 ]NOTICE:  : [8] Undefined index: archtml /Users/Liyn/Desktop/home/CMS/Application/Temp/Compile/Admin/Category/index_322ee706.php 第 42 行.
[ 2015-06-13T18:05:31+08:00 ]NOTICE:  : [8] Undefined index: listhtml /Users/Liyn/Desktop/home/CMS/Application/Temp/Compile/Admin/Category/index_322ee706.php 第 41 行.
[ 2015-06-13T18:05:31+08:00 ]NOTICE:  : [8] Undefined index: archtml /Users/Liyn/Desktop/home/CMS/Application/Temp/Compile/Admin/Category/index_322ee706.php 第 42 行.

[ 2015-06-13T18:05:36+08:00 ]ERROR: 控制器中不存在动作Indexdfdf
[ 2015-06-13T18:05:39+08:00 ]NOTICE:  : [8] Undefined index: listhtml /Users/Liyn/Desktop/home/CMS/Application/Temp/Compile/Admin/Category/index_322ee706.php 第 41 行.
[ 2015-06-13T18:05:39+08:00 ]NOTICE:  : [8] Undefined index: archtml /Users/Liyn/Desktop/home/CMS/Application/Temp/Compile/Admin/Category/index_322ee706.php 第 42 行.
[ 2015-06-13T18:05:39+08:00 ]NOTICE:  : [8] Undefined index: listhtml /Users/Liyn/Desktop/home/CMS/Application/Temp/Compile/Admin/Category/index_322ee706.php 第 41 行.
[ 2015-06-13T18:05:39+08:00 ]NOTICE:  : [8] Undefined index: archtml /Users/Liyn/Desktop/home/CMS/Application/Temp/Compile/Admin/Category/index_322ee706.php 第 42 行.
[ 2015-06-13T18:05:39+08:00 ]NOTICE:  : [8] Undefined index: listhtml /Users/Liyn/Desktop/home/CMS/Application/Temp/Compile/Admin/Category/index_322ee706.php 第 41 行.
[ 2015-06-13T18:05:39+08:00 ]NOTICE:  : [8] Undefined index: archtml /Users/Liyn/Desktop/home/CMS/Application/Temp/Compile/Admin/Category/index_322ee706.php 第 42 行.
[ 2015-06-13T18:05:39+08:00 ]NOTICE:  : [8] Undefined index: listhtml /Users/Liyn/Desktop/home/CMS/Application/Temp/Compile/Admin/Category/index_322ee706.php 第 41 行.
[ 2015-06-13T18:05:39+08:00 ]NOTICE:  : [8] Undefined index: archtml /Users/Liyn/Desktop/home/CMS/Application/Temp/Compile/Admin/Category/index_322ee706.php 第 42 行.
[ 2015-06-13T18:05:39+08:00 ]NOTICE:  : [8] Undefined index: listhtml /Users/Liyn/Desktop/home/CMS/Application/Temp/Compile/Admin/Category/index_322ee706.php 第 41 行.
[ 2015-06-13T18:05:39+08:00 ]NOTICE:  : [8] Undefined index: archtml /Users/Liyn/Desktop/home/CMS/Application/Temp/Compile/Admin/Category/index_322ee706.php 第 42 行.
[ 2015-06-13T18:05:39+08:00 ]NOTICE:  : [8] Undefined index: listhtml /Users/Liyn/Desktop/home/CMS/Application/Temp/Compile/Admin/Category/index_322ee706.php 第 41 行.
[ 2015-06-13T18:05:39+08:00 ]NOTICE:  : [8] Undefined index: archtml /Users/Liyn/Desktop/home/CMS/Application/Temp/Compile/Admin/Category/index_322ee706.php 第 42 行.
[ 2015-06-13T18:05:39+08:00 ]NOTICE:  : [8] Undefined index: listhtml /Users/Liyn/Desktop/home/CMS/Application/Temp/Compile/Admin/Category/index_322ee706.php 第 41 行.
[ 2015-06-13T18:05:39+08:00 ]NOTICE:  : [8] Undefined index: archtml /Users/Liyn/Desktop/home/CMS/Application/Temp/Compile/Admin/Category/index_322ee706.php 第 42 行.
[ 2015-06-13T18:05:39+08:00 ]NOTICE:  : [8] Undefined index: listhtml /Users/Liyn/Desktop/home/CMS/Application/Temp/Compile/Admin/Category/index_322ee706.php 第 41 行.
[ 2015-06-13T18:05:39+08:00 ]NOTICE:  : [8] Undefined index: archtml /Users/Liyn/Desktop/home/CMS/Application/Temp/Compile/Admin/Category/index_322ee706.php 第 42 行.
[ 2015-06-13T18:05:39+08:00 ]NOTICE:  : [8] Undefined index: listhtml /Users/Liyn/Desktop/home/CMS/Application/Temp/Compile/Admin/Category/index_322ee706.php 第 41 行.
[ 2015-06-13T18:05:39+08:00 ]NOTICE:  : [8] Undefined index: archtml /Users/Liyn/Desktop/home/CMS/Application/Temp/Compile/Admin/Category/index_322ee706.php 第 42 行.
[ 2015-06-13T18:05:39+08:00 ]NOTICE:  : [8] Undefined index: listhtml /Users/Liyn/Desktop/home/CMS/Application/Temp/Compile/Admin/Category/index_322ee706.php 第 41 行.
[ 2015-06-13T18:05:39+08:00 ]NOTICE:  : [8] Undefined index: archtml /Users/Liyn/Desktop/home/CMS/Application/Temp/Compile/Admin/Category/index_322ee706.php 第 42 行.
[ 2015-06-13T18:05:39+08:00 ]NOTICE:  : [8] Undefined index: listhtml /Users/Liyn/Desktop/home/CMS/Application/Temp/Compile/Admin/Category/index_322ee706.php 第 41 行.
[ 2015-06-13T18:05:39+08:00 ]NOTICE:  : [8] Undefined index: archtml /Users/Liyn/Desktop/home/CMS/Application/Temp/Compile/Admin/Category/index_322ee706.php 第 42 行.
[ 2015-06-13T18:05:39+08:00 ]NOTICE:  : [8] Undefined index: listhtml /Users/Liyn/Desktop/home/CMS/Application/Temp/Compile/Admin/Category/index_322ee706.php 第 41 行.
[ 2015-06-13T18:05:39+08:00 ]NOTICE:  : [8] Undefined index: archtml /Users/Liyn/Desktop/home/CMS/Application/Temp/Compile/Admin/Category/index_322ee706.php 第 42 行.
[ 2015-06-13T18:05:39+08:00 ]NOTICE:  : [8] Undefined index: listhtml /Users/Liyn/Desktop/home/CMS/Application/Temp/Compile/Admin/Category/index_322ee706.php 第 41 行.
[ 2015-06-13T18:05:39+08:00 ]NOTICE:  : [8] Undefined index: archtml /Users/Liyn/Desktop/home/CMS/Application/Temp/Compile/Admin/Category/index_322ee706.php 第 42 行.
[ 2015-06-13T18:05:39+08:00 ]NOTICE:  : [8] Undefined index: listhtml /Users/Liyn/Desktop/home/CMS/Application/Temp/Compile/Admin/Category/index_322ee706.php 第 41 行.
[ 2015-06-13T18:05:39+08:00 ]NOTICE:  : [8] Undefined index: archtml /Users/Liyn/Desktop/home/CMS/Application/Temp/Compile/Admin/Category/index_322ee706.php 第 42 行.
[ 2015-06-13T18:05:39+08:00 ]NOTICE:  : [8] Undefined index: listhtml /Users/Liyn/Desktop/home/CMS/Application/Temp/Compile/Admin/Category/index_322ee706.php 第 41 行.
[ 2015-06-13T18:05:39+08:00 ]NOTICE:  : [8] Undefined index: archtml /Users/Liyn/Desktop/home/CMS/Application/Temp/Compile/Admin/Category/index_322ee706.php 第 42 行.
[ 2015-06-13T18:05:39+08:00 ]NOTICE:  : [8] Undefined index: listhtml /Users/Liyn/Desktop/home/CMS/Application/Temp/Compile/Admin/Category/index_322ee706.php 第 41 行.
[ 2015-06-13T18:05:39+08:00 ]NOTICE:  : [8] Undefined index: archtml /Users/Liyn/Desktop/home/CMS/Application/Temp/Compile/Admin/Category/index_322ee706.php 第 42 行.
[ 2015-06-13T18:05:39+08:00 ]NOTICE:  : [8] Undefined index: listhtml /Users/Liyn/Desktop/home/CMS/Application/Temp/Compile/Admin/Category/index_322ee706.php 第 41 行.
[ 2015-06-13T18:05:39+08:00 ]NOTICE:  : [8] Undefined index: archtml /Users/Liyn/Desktop/home/CMS/Application/Temp/Compile/Admin/Category/index_322ee706.php 第 42 行.

[ 2015-06-13T18:05:55+08:00 ]NOTICE:  : [8] Undefined index: listhtml /Users/Liyn/Desktop/home/CMS/Application/Temp/Compile/Admin/Category/index_322ee706.php 第 41 行.
[ 2015-06-13T18:05:55+08:00 ]NOTICE:  : [8] Undefined index: archtml /Users/Liyn/Desktop/home/CMS/Application/Temp/Compile/Admin/Category/index_322ee706.php 第 42 行.
[ 2015-06-13T18:05:55+08:00 ]NOTICE:  : [8] Undefined index: listhtml /Users/Liyn/Desktop/home/CMS/Application/Temp/Compile/Admin/Category/index_322ee706.php 第 41 行.
[ 2015-06-13T18:05:55+08:00 ]NOTICE:  : [8] Undefined index: archtml /Users/Liyn/Desktop/home/CMS/Application/Temp/Compile/Admin/Category/index_322ee706.php 第 42 行.
[ 2015-06-13T18:05:55+08:00 ]NOTICE:  : [8] Undefined index: listhtml /Users/Liyn/Desktop/home/CMS/Application/Temp/Compile/Admin/Category/index_322ee706.php 第 41 行.
[ 2015-06-13T18:05:55+08:00 ]NOTICE:  : [8] Undefined index: archtml /Users/Liyn/Desktop/home/CMS/Application/Temp/Compile/Admin/Category/index_322ee706.php 第 42 行.
[ 2015-06-13T18:05:55+08:00 ]NOTICE:  : [8] Undefined index: listhtml /Users/Liyn/Desktop/home/CMS/Application/Temp/Compile/Admin/Category/index_322ee706.php 第 41 行.
[ 2015-06-13T18:05:55+08:00 ]NOTICE:  : [8] Undefined index: archtml /Users/Liyn/Desktop/home/CMS/Application/Temp/Compile/Admin/Category/index_322ee706.php 第 42 行.
[ 2015-06-13T18:05:55+08:00 ]NOTICE:  : [8] Undefined index: listhtml /Users/Liyn/Desktop/home/CMS/Application/Temp/Compile/Admin/Category/index_322ee706.php 第 41 行.
[ 2015-06-13T18:05:55+08:00 ]NOTICE:  : [8] Undefined index: archtml /Users/Liyn/Desktop/home/CMS/Application/Temp/Compile/Admin/Category/index_322ee706.php 第 42 行.
[ 2015-06-13T18:05:55+08:00 ]NOTICE:  : [8] Undefined index: listhtml /Users/Liyn/Desktop/home/CMS/Application/Temp/Compile/Admin/Category/index_322ee706.php 第 41 行.
[ 2015-06-13T18:05:55+08:00 ]NOTICE:  : [8] Undefined index: archtml /Users/Liyn/Desktop/home/CMS/Application/Temp/Compile/Admin/Category/index_322ee706.php 第 42 行.
[ 2015-06-13T18:05:55+08:00 ]NOTICE:  : [8] Undefined index: listhtml /Users/Liyn/Desktop/home/CMS/Application/Temp/Compile/Admin/Category/index_322ee706.php 第 41 行.
[ 2015-06-13T18:05:55+08:00 ]NOTICE:  : [8] Undefined index: archtml /Users/Liyn/Desktop/home/CMS/Application/Temp/Compile/Admin/Category/index_322ee706.php 第 42 行.
[ 2015-06-13T18:05:55+08:00 ]NOTICE:  : [8] Undefined index: listhtml /Users/Liyn/Desktop/home/CMS/Application/Temp/Compile/Admin/Category/index_322ee706.php 第 41 行.
[ 2015-06-13T18:05:55+08:00 ]NOTICE:  : [8] Undefined index: archtml /Users/Liyn/Desktop/home/CMS/Application/Temp/Compile/Admin/Category/index_322ee706.php 第 42 行.
[ 2015-06-13T18:05:55+08:00 ]NOTICE:  : [8] Undefined index: listhtml /Users/Liyn/Desktop/home/CMS/Application/Temp/Compile/Admin/Category/index_322ee706.php 第 41 行.
[ 2015-06-13T18:05:55+08:00 ]NOTICE:  : [8] Undefined index: archtml /Users/Liyn/Desktop/home/CMS/Application/Temp/Compile/Admin/Category/index_322ee706.php 第 42 行.
[ 2015-06-13T18:05:55+08:00 ]NOTICE:  : [8] Undefined index: listhtml /Users/Liyn/Desktop/home/CMS/Application/Temp/Compile/Admin/Category/index_322ee706.php 第 41 行.
[ 2015-06-13T18:05:55+08:00 ]NOTICE:  : [8] Undefined index: archtml /Users/Liyn/Desktop/home/CMS/Application/Temp/Compile/Admin/Category/index_322ee706.php 第 42 行.
[ 2015-06-13T18:05:55+08:00 ]NOTICE:  : [8] Undefined index: listhtml /Users/Liyn/Desktop/home/CMS/Application/Temp/Compile/Admin/Category/index_322ee706.php 第 41 行.
[ 2015-06-13T18:05:55+08:00 ]NOTICE:  : [8] Undefined index: archtml /Users/Liyn/Desktop/home/CMS/Application/Temp/Compile/Admin/Category/index_322ee706.php 第 42 行.
[ 2015-06-13T18:05:55+08:00 ]NOTICE:  : [8] Undefined index: listhtml /Users/Liyn/Desktop/home/CMS/Application/Temp/Compile/Admin/Category/index_322ee706.php 第 41 行.
[ 2015-06-13T18:05:55+08:00 ]NOTICE:  : [8] Undefined index: archtml /Users/Liyn/Desktop/home/CMS/Application/Temp/Compile/Admin/Category/index_322ee706.php 第 42 行.
[ 2015-06-13T18:05:55+08:00 ]NOTICE:  : [8] Undefined index: listhtml /Users/Liyn/Desktop/home/CMS/Application/Temp/Compile/Admin/Category/index_322ee706.php 第 41 行.
[ 2015-06-13T18:05:55+08:00 ]NOTICE:  : [8] Undefined index: archtml /Users/Liyn/Desktop/home/CMS/Application/Temp/Compile/Admin/Category/index_322ee706.php 第 42 行.
[ 2015-06-13T18:05:55+08:00 ]NOTICE:  : [8] Undefined index: listhtml /Users/Liyn/Desktop/home/CMS/Application/Temp/Compile/Admin/Category/index_322ee706.php 第 41 行.
[ 2015-06-13T18:05:55+08:00 ]NOTICE:  : [8] Undefined index: archtml /Users/Liyn/Desktop/home/CMS/Application/Temp/Compile/Admin/Category/index_322ee706.php 第 42 行.
[ 2015-06-13T18:05:55+08:00 ]NOTICE:  : [8] Undefined index: listhtml /Users/Liyn/Desktop/home/CMS/Application/Temp/Compile/Admin/Category/index_322ee706.php 第 41 行.
[ 2015-06-13T18:05:55+08:00 ]NOTICE:  : [8] Undefined index: archtml /Users/Liyn/Desktop/home/CMS/Application/Temp/Compile/Admin/Category/index_322ee706.php 第 42 行.
[ 2015-06-13T18:05:55+08:00 ]NOTICE:  : [8] Undefined index: listhtml /Users/Liyn/Desktop/home/CMS/Application/Temp/Compile/Admin/Category/index_322ee706.php 第 41 行.
[ 2015-06-13T18:05:55+08:00 ]NOTICE:  : [8] Undefined index: archtml /Users/Liyn/Desktop/home/CMS/Application/Temp/Compile/Admin/Category/index_322ee706.php 第 42 行.
[ 2015-06-13T18:05:55+08:00 ]NOTICE:  : [8] Undefined index: listhtml /Users/Liyn/Desktop/home/CMS/Application/Temp/Compile/Admin/Category/index_322ee706.php 第 41 行.
[ 2015-06-13T18:05:55+08:00 ]NOTICE:  : [8] Undefined index: archtml /Users/Liyn/Desktop/home/CMS/Application/Temp/Compile/Admin/Category/index_322ee706.php 第 42 行.

